
AVRASM ver. 2.1.30  D:\University\Microprocessor lab\hw5\List\hw5.asm Thu Jul 09 21:49:57 2020

                 
                 
                 ;CodeVisionAVR C Compiler V2.04.4a Advanced
                 ;(C) Copyright 1998-2009 Pavel Haiduc, HP InfoTech s.r.l.
                 ;http://www.hpinfotech.com
                 
                 ;Chip type                : ATmega32
                 ;Program type             : Application
                 ;Clock frequency          : 8.000000 MHz
                 ;Memory model             : Small
                 ;Optimize for             : Size
                 ;(s)printf features       : int, width
                 ;(s)scanf features        : int, width
                 ;External RAM size        : 0
                 ;Data Stack size          : 512 byte(s)
                 ;Heap size                : 0 byte(s)
                 ;Promote 'char' to 'int'  : Yes
                 ;'char' is unsigned       : Yes
                 ;8 bit enums              : Yes
                 ;global 'const' stored in FLASH: No
                 ;Enhanced core instructions    : On
                 ;Smart register allocation     : On
                 ;Automatic register allocation : On
                 
                 	#pragma AVRPART ADMIN PART_NAME ATmega32
                 	#pragma AVRPART MEMORY PROG_FLASH 32768
                 	#pragma AVRPART MEMORY EEPROM 1024
                 	#pragma AVRPART MEMORY INT_SRAM SIZE 2048
                 	#pragma AVRPART MEMORY INT_SRAM START_ADDR 0x60
                 
                 	.LISTMAC
                 	.EQU UDRE=0x5
                 	.EQU RXC=0x7
                 	.EQU USR=0xB
                 	.EQU UDR=0xC
                 	.EQU SPSR=0xE
                 	.EQU SPDR=0xF
                 	.EQU EERE=0x0
                 	.EQU EEWE=0x1
                 	.EQU EEMWE=0x2
                 	.EQU EECR=0x1C
                 	.EQU EEDR=0x1D
                 	.EQU EEARL=0x1E
                 	.EQU EEARH=0x1F
                 	.EQU WDTCR=0x21
                 	.EQU MCUCR=0x35
                 	.EQU GICR=0x3B
                 	.EQU SPL=0x3D
                 	.EQU SPH=0x3E
                 	.EQU SREG=0x3F
                 
                 	.DEF R0X0=R0
                 	.DEF R0X1=R1
                 	.DEF R0X2=R2
                 	.DEF R0X3=R3
                 	.DEF R0X4=R4
                 	.DEF R0X5=R5
                 	.DEF R0X6=R6
                 	.DEF R0X7=R7
                 	.DEF R0X8=R8
                 	.DEF R0X9=R9
                 	.DEF R0XA=R10
                 	.DEF R0XB=R11
                 	.DEF R0XC=R12
                 	.DEF R0XD=R13
                 	.DEF R0XE=R14
                 	.DEF R0XF=R15
                 	.DEF R0X10=R16
                 	.DEF R0X11=R17
                 	.DEF R0X12=R18
                 	.DEF R0X13=R19
                 	.DEF R0X14=R20
                 	.DEF R0X15=R21
                 	.DEF R0X16=R22
                 	.DEF R0X17=R23
                 	.DEF R0X18=R24
                 	.DEF R0X19=R25
                 	.DEF R0X1A=R26
                 	.DEF R0X1B=R27
                 	.DEF R0X1C=R28
                 	.DEF R0X1D=R29
                 	.DEF R0X1E=R30
                 	.DEF R0X1F=R31
                 
                 	.MACRO __CPD1N
                 	CPI  R30,LOW(@0)
                 	LDI  R26,HIGH(@0)
                 	CPC  R31,R26
                 	LDI  R26,BYTE3(@0)
                 	CPC  R22,R26
                 	LDI  R26,BYTE4(@0)
                 	CPC  R23,R26
                 	.ENDM
                 
                 	.MACRO __CPD2N
                 	CPI  R26,LOW(@0)
                 	LDI  R30,HIGH(@0)
                 	CPC  R27,R30
                 	LDI  R30,BYTE3(@0)
                 	CPC  R24,R30
                 	LDI  R30,BYTE4(@0)
                 	CPC  R25,R30
                 	.ENDM
                 
                 	.MACRO __CPWRR
                 	CP   R@0,R@2
                 	CPC  R@1,R@3
                 	.ENDM
                 
                 	.MACRO __CPWRN
                 	CPI  R@0,LOW(@2)
                 	LDI  R30,HIGH(@2)
                 	CPC  R@1,R30
                 	.ENDM
                 
                 	.MACRO __ADDB1MN
                 	SUBI R30,LOW(-@0-(@1))
                 	.ENDM
                 
                 	.MACRO __ADDB2MN
                 	SUBI R26,LOW(-@0-(@1))
                 	.ENDM
                 
                 	.MACRO __ADDW1MN
                 	SUBI R30,LOW(-@0-(@1))
                 	SBCI R31,HIGH(-@0-(@1))
                 	.ENDM
                 
                 	.MACRO __ADDW2MN
                 	SUBI R26,LOW(-@0-(@1))
                 	SBCI R27,HIGH(-@0-(@1))
                 	.ENDM
                 
                 	.MACRO __ADDW1FN
                 	SUBI R30,LOW(-2*@0-(@1))
                 	SBCI R31,HIGH(-2*@0-(@1))
                 	.ENDM
                 
                 	.MACRO __ADDD1FN
                 	SUBI R30,LOW(-2*@0-(@1))
                 	SBCI R31,HIGH(-2*@0-(@1))
                 	SBCI R22,BYTE3(-2*@0-(@1))
                 	.ENDM
                 
                 	.MACRO __ADDD1N
                 	SUBI R30,LOW(-@0)
                 	SBCI R31,HIGH(-@0)
                 	SBCI R22,BYTE3(-@0)
                 	SBCI R23,BYTE4(-@0)
                 	.ENDM
                 
                 	.MACRO __ADDD2N
                 	SUBI R26,LOW(-@0)
                 	SBCI R27,HIGH(-@0)
                 	SBCI R24,BYTE3(-@0)
                 	SBCI R25,BYTE4(-@0)
                 	.ENDM
                 
                 	.MACRO __SUBD1N
                 	SUBI R30,LOW(@0)
                 	SBCI R31,HIGH(@0)
                 	SBCI R22,BYTE3(@0)
                 	SBCI R23,BYTE4(@0)
                 	.ENDM
                 
                 	.MACRO __SUBD2N
                 	SUBI R26,LOW(@0)
                 	SBCI R27,HIGH(@0)
                 	SBCI R24,BYTE3(@0)
                 	SBCI R25,BYTE4(@0)
                 	.ENDM
                 
                 	.MACRO __ANDBMNN
                 	LDS  R30,@0+(@1)
                 	ANDI R30,LOW(@2)
                 	STS  @0+(@1),R30
                 	.ENDM
                 
                 	.MACRO __ANDWMNN
                 	LDS  R30,@0+(@1)
                 	ANDI R30,LOW(@2)
                 	STS  @0+(@1),R30
                 	LDS  R30,@0+(@1)+1
                 	ANDI R30,HIGH(@2)
                 	STS  @0+(@1)+1,R30
                 	.ENDM
                 
                 	.MACRO __ANDD1N
                 	ANDI R30,LOW(@0)
                 	ANDI R31,HIGH(@0)
                 	ANDI R22,BYTE3(@0)
                 	ANDI R23,BYTE4(@0)
                 	.ENDM
                 
                 	.MACRO __ANDD2N
                 	ANDI R26,LOW(@0)
                 	ANDI R27,HIGH(@0)
                 	ANDI R24,BYTE3(@0)
                 	ANDI R25,BYTE4(@0)
                 	.ENDM
                 
                 	.MACRO __ORBMNN
                 	LDS  R30,@0+(@1)
                 	ORI  R30,LOW(@2)
                 	STS  @0+(@1),R30
                 	.ENDM
                 
                 	.MACRO __ORWMNN
                 	LDS  R30,@0+(@1)
                 	ORI  R30,LOW(@2)
                 	STS  @0+(@1),R30
                 	LDS  R30,@0+(@1)+1
                 	ORI  R30,HIGH(@2)
                 	STS  @0+(@1)+1,R30
                 	.ENDM
                 
                 	.MACRO __ORD1N
                 	ORI  R30,LOW(@0)
                 	ORI  R31,HIGH(@0)
                 	ORI  R22,BYTE3(@0)
                 	ORI  R23,BYTE4(@0)
                 	.ENDM
                 
                 	.MACRO __ORD2N
                 	ORI  R26,LOW(@0)
                 	ORI  R27,HIGH(@0)
                 	ORI  R24,BYTE3(@0)
                 	ORI  R25,BYTE4(@0)
                 	.ENDM
                 
                 	.MACRO __DELAY_USB
                 	LDI  R24,LOW(@0)
                 __DELAY_USB_LOOP:
                 	DEC  R24
                 	BRNE __DELAY_USB_LOOP
                 	.ENDM
                 
                 	.MACRO __DELAY_USW
                 	LDI  R24,LOW(@0)
                 	LDI  R25,HIGH(@0)
                 __DELAY_USW_LOOP:
                 	SBIW R24,1
                 	BRNE __DELAY_USW_LOOP
                 	.ENDM
                 
                 	.MACRO __GETD1S
                 	LDD  R30,Y+@0
                 	LDD  R31,Y+@0+1
                 	LDD  R22,Y+@0+2
                 	LDD  R23,Y+@0+3
                 	.ENDM
                 
                 	.MACRO __GETD2S
                 	LDD  R26,Y+@0
                 	LDD  R27,Y+@0+1
                 	LDD  R24,Y+@0+2
                 	LDD  R25,Y+@0+3
                 	.ENDM
                 
                 	.MACRO __PUTD1S
                 	STD  Y+@0,R30
                 	STD  Y+@0+1,R31
                 	STD  Y+@0+2,R22
                 	STD  Y+@0+3,R23
                 	.ENDM
                 
                 	.MACRO __PUTD2S
                 	STD  Y+@0,R26
                 	STD  Y+@0+1,R27
                 	STD  Y+@0+2,R24
                 	STD  Y+@0+3,R25
                 	.ENDM
                 
                 	.MACRO __PUTDZ2
                 	STD  Z+@0,R26
                 	STD  Z+@0+1,R27
                 	STD  Z+@0+2,R24
                 	STD  Z+@0+3,R25
                 	.ENDM
                 
                 	.MACRO __CLRD1S
                 	STD  Y+@0,R30
                 	STD  Y+@0+1,R30
                 	STD  Y+@0+2,R30
                 	STD  Y+@0+3,R30
                 	.ENDM
                 
                 	.MACRO __POINTB1MN
                 	LDI  R30,LOW(@0+(@1))
                 	.ENDM
                 
                 	.MACRO __POINTW1MN
                 	LDI  R30,LOW(@0+(@1))
                 	LDI  R31,HIGH(@0+(@1))
                 	.ENDM
                 
                 	.MACRO __POINTD1M
                 	LDI  R30,LOW(@0)
                 	LDI  R31,HIGH(@0)
                 	LDI  R22,BYTE3(@0)
                 	LDI  R23,BYTE4(@0)
                 	.ENDM
                 
                 	.MACRO __POINTW1FN
                 	LDI  R30,LOW(2*@0+(@1))
                 	LDI  R31,HIGH(2*@0+(@1))
                 	.ENDM
                 
                 	.MACRO __POINTD1FN
                 	LDI  R30,LOW(2*@0+(@1))
                 	LDI  R31,HIGH(2*@0+(@1))
                 	LDI  R22,BYTE3(2*@0+(@1))
                 	LDI  R23,BYTE4(2*@0+(@1))
                 	.ENDM
                 
                 	.MACRO __POINTB2MN
                 	LDI  R26,LOW(@0+(@1))
                 	.ENDM
                 
                 	.MACRO __POINTW2MN
                 	LDI  R26,LOW(@0+(@1))
                 	LDI  R27,HIGH(@0+(@1))
                 	.ENDM
                 
                 	.MACRO __POINTBRM
                 	LDI  R@0,LOW(@1)
                 	.ENDM
                 
                 	.MACRO __POINTWRM
                 	LDI  R@0,LOW(@2)
                 	LDI  R@1,HIGH(@2)
                 	.ENDM
                 
                 	.MACRO __POINTBRMN
                 	LDI  R@0,LOW(@1+(@2))
                 	.ENDM
                 
                 	.MACRO __POINTWRMN
                 	LDI  R@0,LOW(@2+(@3))
                 	LDI  R@1,HIGH(@2+(@3))
                 	.ENDM
                 
                 	.MACRO __POINTWRFN
                 	LDI  R@0,LOW(@2*2+(@3))
                 	LDI  R@1,HIGH(@2*2+(@3))
                 	.ENDM
                 
                 	.MACRO __GETD1N
                 	LDI  R30,LOW(@0)
                 	LDI  R31,HIGH(@0)
                 	LDI  R22,BYTE3(@0)
                 	LDI  R23,BYTE4(@0)
                 	.ENDM
                 
                 	.MACRO __GETD2N
                 	LDI  R26,LOW(@0)
                 	LDI  R27,HIGH(@0)
                 	LDI  R24,BYTE3(@0)
                 	LDI  R25,BYTE4(@0)
                 	.ENDM
                 
                 	.MACRO __GETB1MN
                 	LDS  R30,@0+(@1)
                 	.ENDM
                 
                 	.MACRO __GETB1HMN
                 	LDS  R31,@0+(@1)
                 	.ENDM
                 
                 	.MACRO __GETW1MN
                 	LDS  R30,@0+(@1)
                 	LDS  R31,@0+(@1)+1
                 	.ENDM
                 
                 	.MACRO __GETD1MN
                 	LDS  R30,@0+(@1)
                 	LDS  R31,@0+(@1)+1
                 	LDS  R22,@0+(@1)+2
                 	LDS  R23,@0+(@1)+3
                 	.ENDM
                 
                 	.MACRO __GETBRMN
                 	LDS  R@0,@1+(@2)
                 	.ENDM
                 
                 	.MACRO __GETWRMN
                 	LDS  R@0,@2+(@3)
                 	LDS  R@1,@2+(@3)+1
                 	.ENDM
                 
                 	.MACRO __GETWRZ
                 	LDD  R@0,Z+@2
                 	LDD  R@1,Z+@2+1
                 	.ENDM
                 
                 	.MACRO __GETD2Z
                 	LDD  R26,Z+@0
                 	LDD  R27,Z+@0+1
                 	LDD  R24,Z+@0+2
                 	LDD  R25,Z+@0+3
                 	.ENDM
                 
                 	.MACRO __GETB2MN
                 	LDS  R26,@0+(@1)
                 	.ENDM
                 
                 	.MACRO __GETW2MN
                 	LDS  R26,@0+(@1)
                 	LDS  R27,@0+(@1)+1
                 	.ENDM
                 
                 	.MACRO __GETD2MN
                 	LDS  R26,@0+(@1)
                 	LDS  R27,@0+(@1)+1
                 	LDS  R24,@0+(@1)+2
                 	LDS  R25,@0+(@1)+3
                 	.ENDM
                 
                 	.MACRO __PUTB1MN
                 	STS  @0+(@1),R30
                 	.ENDM
                 
                 	.MACRO __PUTW1MN
                 	STS  @0+(@1),R30
                 	STS  @0+(@1)+1,R31
                 	.ENDM
                 
                 	.MACRO __PUTD1MN
                 	STS  @0+(@1),R30
                 	STS  @0+(@1)+1,R31
                 	STS  @0+(@1)+2,R22
                 	STS  @0+(@1)+3,R23
                 	.ENDM
                 
                 	.MACRO __PUTB1EN
                 	LDI  R26,LOW(@0+(@1))
                 	LDI  R27,HIGH(@0+(@1))
                 	CALL __EEPROMWRB
                 	.ENDM
                 
                 	.MACRO __PUTW1EN
                 	LDI  R26,LOW(@0+(@1))
                 	LDI  R27,HIGH(@0+(@1))
                 	CALL __EEPROMWRW
                 	.ENDM
                 
                 	.MACRO __PUTD1EN
                 	LDI  R26,LOW(@0+(@1))
                 	LDI  R27,HIGH(@0+(@1))
                 	CALL __EEPROMWRD
                 	.ENDM
                 
                 	.MACRO __PUTBR0MN
                 	STS  @0+(@1),R0
                 	.ENDM
                 
                 	.MACRO __PUTBMRN
                 	STS  @0+(@1),R@2
                 	.ENDM
                 
                 	.MACRO __PUTWMRN
                 	STS  @0+(@1),R@2
                 	STS  @0+(@1)+1,R@3
                 	.ENDM
                 
                 	.MACRO __PUTBZR
                 	STD  Z+@1,R@0
                 	.ENDM
                 
                 	.MACRO __PUTWZR
                 	STD  Z+@2,R@0
                 	STD  Z+@2+1,R@1
                 	.ENDM
                 
                 	.MACRO __GETW1R
                 	MOV  R30,R@0
                 	MOV  R31,R@1
                 	.ENDM
                 
                 	.MACRO __GETW2R
                 	MOV  R26,R@0
                 	MOV  R27,R@1
                 	.ENDM
                 
                 	.MACRO __GETWRN
                 	LDI  R@0,LOW(@2)
                 	LDI  R@1,HIGH(@2)
                 	.ENDM
                 
                 	.MACRO __PUTW1R
                 	MOV  R@0,R30
                 	MOV  R@1,R31
                 	.ENDM
                 
                 	.MACRO __PUTW2R
                 	MOV  R@0,R26
                 	MOV  R@1,R27
                 	.ENDM
                 
                 	.MACRO __ADDWRN
                 	SUBI R@0,LOW(-@2)
                 	SBCI R@1,HIGH(-@2)
                 	.ENDM
                 
                 	.MACRO __ADDWRR
                 	ADD  R@0,R@2
                 	ADC  R@1,R@3
                 	.ENDM
                 
                 	.MACRO __SUBWRN
                 	SUBI R@0,LOW(@2)
                 	SBCI R@1,HIGH(@2)
                 	.ENDM
                 
                 	.MACRO __SUBWRR
                 	SUB  R@0,R@2
                 	SBC  R@1,R@3
                 	.ENDM
                 
                 	.MACRO __ANDWRN
                 	ANDI R@0,LOW(@2)
                 	ANDI R@1,HIGH(@2)
                 	.ENDM
                 
                 	.MACRO __ANDWRR
                 	AND  R@0,R@2
                 	AND  R@1,R@3
                 	.ENDM
                 
                 	.MACRO __ORWRN
                 	ORI  R@0,LOW(@2)
                 	ORI  R@1,HIGH(@2)
                 	.ENDM
                 
                 	.MACRO __ORWRR
                 	OR   R@0,R@2
                 	OR   R@1,R@3
                 	.ENDM
                 
                 	.MACRO __EORWRR
                 	EOR  R@0,R@2
                 	EOR  R@1,R@3
                 	.ENDM
                 
                 	.MACRO __GETWRS
                 	LDD  R@0,Y+@2
                 	LDD  R@1,Y+@2+1
                 	.ENDM
                 
                 	.MACRO __PUTBSR
                 	STD  Y+@1,R@0
                 	.ENDM
                 
                 	.MACRO __PUTWSR
                 	STD  Y+@2,R@0
                 	STD  Y+@2+1,R@1
                 	.ENDM
                 
                 	.MACRO __MOVEWRR
                 	MOV  R@0,R@2
                 	MOV  R@1,R@3
                 	.ENDM
                 
                 	.MACRO __INWR
                 	IN   R@0,@2
                 	IN   R@1,@2+1
                 	.ENDM
                 
                 	.MACRO __OUTWR
                 	OUT  @2+1,R@1
                 	OUT  @2,R@0
                 	.ENDM
                 
                 	.MACRO __CALL1MN
                 	LDS  R30,@0+(@1)
                 	LDS  R31,@0+(@1)+1
                 	ICALL
                 	.ENDM
                 
                 	.MACRO __CALL1FN
                 	LDI  R30,LOW(2*@0+(@1))
                 	LDI  R31,HIGH(2*@0+(@1))
                 	CALL __GETW1PF
                 	ICALL
                 	.ENDM
                 
                 	.MACRO __CALL2EN
                 	LDI  R26,LOW(@0+(@1))
                 	LDI  R27,HIGH(@0+(@1))
                 	CALL __EEPROMRDW
                 	ICALL
                 	.ENDM
                 
                 	.MACRO __GETW1STACK
                 	IN   R26,SPL
                 	IN   R27,SPH
                 	ADIW R26,@0+1
                 	LD   R30,X+
                 	LD   R31,X
                 	.ENDM
                 
                 	.MACRO __GETD1STACK
                 	IN   R26,SPL
                 	IN   R27,SPH
                 	ADIW R26,@0+1
                 	LD   R30,X+
                 	LD   R31,X+
                 	LD   R22,X
                 	.ENDM
                 
                 	.MACRO __NBST
                 	BST  R@0,@1
                 	IN   R30,SREG
                 	LDI  R31,0x40
                 	EOR  R30,R31
                 	OUT  SREG,R30
                 	.ENDM
                 
                 
                 	.MACRO __PUTB1SN
                 	LDD  R26,Y+@0
                 	LDD  R27,Y+@0+1
                 	SUBI R26,LOW(-@1)
                 	SBCI R27,HIGH(-@1)
                 	ST   X,R30
                 	.ENDM
                 
                 	.MACRO __PUTW1SN
                 	LDD  R26,Y+@0
                 	LDD  R27,Y+@0+1
                 	SUBI R26,LOW(-@1)
                 	SBCI R27,HIGH(-@1)
                 	ST   X+,R30
                 	ST   X,R31
                 	.ENDM
                 
                 	.MACRO __PUTD1SN
                 	LDD  R26,Y+@0
                 	LDD  R27,Y+@0+1
                 	SUBI R26,LOW(-@1)
                 	SBCI R27,HIGH(-@1)
                 	CALL __PUTDP1
                 	.ENDM
                 
                 	.MACRO __PUTB1SNS
                 	LDD  R26,Y+@0
                 	LDD  R27,Y+@0+1
                 	ADIW R26,@1
                 	ST   X,R30
                 	.ENDM
                 
                 	.MACRO __PUTW1SNS
                 	LDD  R26,Y+@0
                 	LDD  R27,Y+@0+1
                 	ADIW R26,@1
                 	ST   X+,R30
                 	ST   X,R31
                 	.ENDM
                 
                 	.MACRO __PUTD1SNS
                 	LDD  R26,Y+@0
                 	LDD  R27,Y+@0+1
                 	ADIW R26,@1
                 	CALL __PUTDP1
                 	.ENDM
                 
                 	.MACRO __PUTB1PMN
                 	LDS  R26,@0
                 	LDS  R27,@0+1
                 	SUBI R26,LOW(-@1)
                 	SBCI R27,HIGH(-@1)
                 	ST   X,R30
                 	.ENDM
                 
                 	.MACRO __PUTW1PMN
                 	LDS  R26,@0
                 	LDS  R27,@0+1
                 	SUBI R26,LOW(-@1)
                 	SBCI R27,HIGH(-@1)
                 	ST   X+,R30
                 	ST   X,R31
                 	.ENDM
                 
                 	.MACRO __PUTD1PMN
                 	LDS  R26,@0
                 	LDS  R27,@0+1
                 	SUBI R26,LOW(-@1)
                 	SBCI R27,HIGH(-@1)
                 	CALL __PUTDP1
                 	.ENDM
                 
                 	.MACRO __PUTB1PMNS
                 	LDS  R26,@0
                 	LDS  R27,@0+1
                 	ADIW R26,@1
                 	ST   X,R30
                 	.ENDM
                 
                 	.MACRO __PUTW1PMNS
                 	LDS  R26,@0
                 	LDS  R27,@0+1
                 	ADIW R26,@1
                 	ST   X+,R30
                 	ST   X,R31
                 	.ENDM
                 
                 	.MACRO __PUTD1PMNS
                 	LDS  R26,@0
                 	LDS  R27,@0+1
                 	ADIW R26,@1
                 	CALL __PUTDP1
                 	.ENDM
                 
                 	.MACRO __PUTB1RN
                 	MOVW R26,R@0
                 	SUBI R26,LOW(-@1)
                 	SBCI R27,HIGH(-@1)
                 	ST   X,R30
                 	.ENDM
                 
                 	.MACRO __PUTW1RN
                 	MOVW R26,R@0
                 	SUBI R26,LOW(-@1)
                 	SBCI R27,HIGH(-@1)
                 	ST   X+,R30
                 	ST   X,R31
                 	.ENDM
                 
                 	.MACRO __PUTD1RN
                 	MOVW R26,R@0
                 	SUBI R26,LOW(-@1)
                 	SBCI R27,HIGH(-@1)
                 	CALL __PUTDP1
                 	.ENDM
                 
                 	.MACRO __PUTB1RNS
                 	MOVW R26,R@0
                 	ADIW R26,@1
                 	ST   X,R30
                 	.ENDM
                 
                 	.MACRO __PUTW1RNS
                 	MOVW R26,R@0
                 	ADIW R26,@1
                 	ST   X+,R30
                 	ST   X,R31
                 	.ENDM
                 
                 	.MACRO __PUTD1RNS
                 	MOVW R26,R@0
                 	ADIW R26,@1
                 	CALL __PUTDP1
                 	.ENDM
                 
                 	.MACRO __PUTB1RON
                 	MOV  R26,R@0
                 	MOV  R27,R@1
                 	SUBI R26,LOW(-@2)
                 	SBCI R27,HIGH(-@2)
                 	ST   X,R30
                 	.ENDM
                 
                 	.MACRO __PUTW1RON
                 	MOV  R26,R@0
                 	MOV  R27,R@1
                 	SUBI R26,LOW(-@2)
                 	SBCI R27,HIGH(-@2)
                 	ST   X+,R30
                 	ST   X,R31
                 	.ENDM
                 
                 	.MACRO __PUTD1RON
                 	MOV  R26,R@0
                 	MOV  R27,R@1
                 	SUBI R26,LOW(-@2)
                 	SBCI R27,HIGH(-@2)
                 	CALL __PUTDP1
                 	.ENDM
                 
                 	.MACRO __PUTB1RONS
                 	MOV  R26,R@0
                 	MOV  R27,R@1
                 	ADIW R26,@2
                 	ST   X,R30
                 	.ENDM
                 
                 	.MACRO __PUTW1RONS
                 	MOV  R26,R@0
                 	MOV  R27,R@1
                 	ADIW R26,@2
                 	ST   X+,R30
                 	ST   X,R31
                 	.ENDM
                 
                 	.MACRO __PUTD1RONS
                 	MOV  R26,R@0
                 	MOV  R27,R@1
                 	ADIW R26,@2
                 	CALL __PUTDP1
                 	.ENDM
                 
                 
                 	.MACRO __GETB1SX
                 	MOVW R30,R28
                 	SUBI R30,LOW(-@0)
                 	SBCI R31,HIGH(-@0)
                 	LD   R30,Z
                 	.ENDM
                 
                 	.MACRO __GETB1HSX
                 	MOVW R30,R28
                 	SUBI R30,LOW(-@0)
                 	SBCI R31,HIGH(-@0)
                 	LD   R31,Z
                 	.ENDM
                 
                 	.MACRO __GETW1SX
                 	MOVW R30,R28
                 	SUBI R30,LOW(-@0)
                 	SBCI R31,HIGH(-@0)
                 	LD   R0,Z+
                 	LD   R31,Z
                 	MOV  R30,R0
                 	.ENDM
                 
                 	.MACRO __GETD1SX
                 	MOVW R30,R28
                 	SUBI R30,LOW(-@0)
                 	SBCI R31,HIGH(-@0)
                 	LD   R0,Z+
                 	LD   R1,Z+
                 	LD   R22,Z+
                 	LD   R23,Z
                 	MOVW R30,R0
                 	.ENDM
                 
                 	.MACRO __GETB2SX
                 	MOVW R26,R28
                 	SUBI R26,LOW(-@0)
                 	SBCI R27,HIGH(-@0)
                 	LD   R26,X
                 	.ENDM
                 
                 	.MACRO __GETW2SX
                 	MOVW R26,R28
                 	SUBI R26,LOW(-@0)
                 	SBCI R27,HIGH(-@0)
                 	LD   R0,X+
                 	LD   R27,X
                 	MOV  R26,R0
                 	.ENDM
                 
                 	.MACRO __GETD2SX
                 	MOVW R26,R28
                 	SUBI R26,LOW(-@0)
                 	SBCI R27,HIGH(-@0)
                 	LD   R0,X+
                 	LD   R1,X+
                 	LD   R24,X+
                 	LD   R25,X
                 	MOVW R26,R0
                 	.ENDM
                 
                 	.MACRO __GETBRSX
                 	MOVW R30,R28
                 	SUBI R30,LOW(-@1)
                 	SBCI R31,HIGH(-@1)
                 	LD   R@0,Z
                 	.ENDM
                 
                 	.MACRO __GETWRSX
                 	MOVW R30,R28
                 	SUBI R30,LOW(-@2)
                 	SBCI R31,HIGH(-@2)
                 	LD   R@0,Z+
                 	LD   R@1,Z
                 	.ENDM
                 
                 	.MACRO __GETBRSX2
                 	MOVW R26,R28
                 	SUBI R26,LOW(-@1)
                 	SBCI R27,HIGH(-@1)
                 	LD   R@0,X
                 	.ENDM
                 
                 	.MACRO __GETWRSX2
                 	MOVW R26,R28
                 	SUBI R26,LOW(-@2)
                 	SBCI R27,HIGH(-@2)
                 	LD   R@0,X+
                 	LD   R@1,X
                 	.ENDM
                 
                 	.MACRO __LSLW8SX
                 	MOVW R30,R28
                 	SUBI R30,LOW(-@0)
                 	SBCI R31,HIGH(-@0)
                 	LD   R31,Z
                 	CLR  R30
                 	.ENDM
                 
                 	.MACRO __PUTB1SX
                 	MOVW R26,R28
                 	SUBI R26,LOW(-@0)
                 	SBCI R27,HIGH(-@0)
                 	ST   X,R30
                 	.ENDM
                 
                 	.MACRO __PUTW1SX
                 	MOVW R26,R28
                 	SUBI R26,LOW(-@0)
                 	SBCI R27,HIGH(-@0)
                 	ST   X+,R30
                 	ST   X,R31
                 	.ENDM
                 
                 	.MACRO __PUTD1SX
                 	MOVW R26,R28
                 	SUBI R26,LOW(-@0)
                 	SBCI R27,HIGH(-@0)
                 	ST   X+,R30
                 	ST   X+,R31
                 	ST   X+,R22
                 	ST   X,R23
                 	.ENDM
                 
                 	.MACRO __CLRW1SX
                 	MOVW R26,R28
                 	SUBI R26,LOW(-@0)
                 	SBCI R27,HIGH(-@0)
                 	ST   X+,R30
                 	ST   X,R30
                 	.ENDM
                 
                 	.MACRO __CLRD1SX
                 	MOVW R26,R28
                 	SUBI R26,LOW(-@0)
                 	SBCI R27,HIGH(-@0)
                 	ST   X+,R30
                 	ST   X+,R30
                 	ST   X+,R30
                 	ST   X,R30
                 	.ENDM
                 
                 	.MACRO __PUTB2SX
                 	MOVW R30,R28
                 	SUBI R30,LOW(-@0)
                 	SBCI R31,HIGH(-@0)
                 	ST   Z,R26
                 	.ENDM
                 
                 	.MACRO __PUTW2SX
                 	MOVW R30,R28
                 	SUBI R30,LOW(-@0)
                 	SBCI R31,HIGH(-@0)
                 	ST   Z+,R26
                 	ST   Z,R27
                 	.ENDM
                 
                 	.MACRO __PUTD2SX
                 	MOVW R30,R28
                 	SUBI R30,LOW(-@0)
                 	SBCI R31,HIGH(-@0)
                 	ST   Z+,R26
                 	ST   Z+,R27
                 	ST   Z+,R24
                 	ST   Z,R25
                 	.ENDM
                 
                 	.MACRO __PUTBSRX
                 	MOVW R30,R28
                 	SUBI R30,LOW(-@1)
                 	SBCI R31,HIGH(-@1)
                 	ST   Z,R@0
                 	.ENDM
                 
                 	.MACRO __PUTWSRX
                 	MOVW R30,R28
                 	SUBI R30,LOW(-@2)
                 	SBCI R31,HIGH(-@2)
                 	ST   Z+,R@0
                 	ST   Z,R@1
                 	.ENDM
                 
                 	.MACRO __PUTB1SNX
                 	MOVW R26,R28
                 	SUBI R26,LOW(-@0)
                 	SBCI R27,HIGH(-@0)
                 	LD   R0,X+
                 	LD   R27,X
                 	MOV  R26,R0
                 	SUBI R26,LOW(-@1)
                 	SBCI R27,HIGH(-@1)
                 	ST   X,R30
                 	.ENDM
                 
                 	.MACRO __PUTW1SNX
                 	MOVW R26,R28
                 	SUBI R26,LOW(-@0)
                 	SBCI R27,HIGH(-@0)
                 	LD   R0,X+
                 	LD   R27,X
                 	MOV  R26,R0
                 	SUBI R26,LOW(-@1)
                 	SBCI R27,HIGH(-@1)
                 	ST   X+,R30
                 	ST   X,R31
                 	.ENDM
                 
                 	.MACRO __PUTD1SNX
                 	MOVW R26,R28
                 	SUBI R26,LOW(-@0)
                 	SBCI R27,HIGH(-@0)
                 	LD   R0,X+
                 	LD   R27,X
                 	MOV  R26,R0
                 	SUBI R26,LOW(-@1)
                 	SBCI R27,HIGH(-@1)
                 	ST   X+,R30
                 	ST   X+,R31
                 	ST   X+,R22
                 	ST   X,R23
                 	.ENDM
                 
                 	.MACRO __MULBRR
                 	MULS R@0,R@1
                 	MOVW R30,R0
                 	.ENDM
                 
                 	.MACRO __MULBRRU
                 	MUL  R@0,R@1
                 	MOVW R30,R0
                 	.ENDM
                 
                 	.MACRO __MULBRR0
                 	MULS R@0,R@1
                 	.ENDM
                 
                 	.MACRO __MULBRRU0
                 	MUL  R@0,R@1
                 	.ENDM
                 
                 	.MACRO __MULBNWRU
                 	LDI  R26,@2
                 	MUL  R26,R@0
                 	MOVW R30,R0
                 	MUL  R26,R@1
                 	ADD  R31,R0
                 	.ENDM
                 
                 	.CSEG
                 	.ORG 0x00
                 
                 ;INTERRUPT VECTORS
000000 940c 0056 	JMP  __RESET
000002 940c 0000 	JMP  0x00
000004 940c 0000 	JMP  0x00
000006 940c 0000 	JMP  0x00
000008 940c 0000 	JMP  0x00
00000a 940c 0000 	JMP  0x00
00000c 940c 0000 	JMP  0x00
00000e 940c 0000 	JMP  0x00
000010 940c 0000 	JMP  0x00
000012 940c 0000 	JMP  0x00
000014 940c 0000 	JMP  0x00
000016 940c 0000 	JMP  0x00
000018 940c 0000 	JMP  0x00
00001a 940c 0000 	JMP  0x00
00001c 940c 0000 	JMP  0x00
00001e 940c 0000 	JMP  0x00
000020 940c 0000 	JMP  0x00
000022 940c 0000 	JMP  0x00
000024 940c 0000 	JMP  0x00
000026 940c 0000 	JMP  0x00
000028 940c 0000 	JMP  0x00
                 
                 _0x3:
00002a ffff
00002b ffff
00002c ffff
00002d ffff      	.DB  0xFF,0xFF,0xFF,0xFF,0xFF,0xFF,0xFF,0xFF
00002e ffff
00002f ffff
000030 ffff
000031 ffff      	.DB  0xFF,0xFF,0xFF,0xFF,0xFF,0xFF,0xFF,0xFF
000032 0307
000033 dcd9
000034 03d9
000035 ff07      	.DB  0x7,0x3,0xD9,0xDC,0xD9,0x3,0x7,0xFF
000036 0000
000037 6e6e
000038 6e6e
000039 ff11      	.DB  0x0,0x0,0x6E,0x6E,0x6E,0x6E,0x11,0xFF
00003a 81c3
00003b 7e3c
00003c 7e7e
00003d ffbd      	.DB  0xC3,0x81,0x3C,0x7E,0x7E,0x7E,0xBD,0xFF
00003e 0000
00003f 7e7e
000040 bd7e
000041 ffc3      	.DB  0x0,0x0,0x7E,0x7E,0x7E,0xBD,0xC3,0xFF
000042 0000
000043 7676
000044 7676
000045 ff7e      	.DB  0x0,0x0,0x76,0x76,0x76,0x76,0x7E,0xFF
000046 0000
000047 f6f6
000048 f6f6
000049 fffe      	.DB  0x0,0x0,0xF6,0xF6,0xF6,0xF6,0xFE,0xFF
00004a ffff
00004b ffff
00004c ffff
00004d ffff      	.DB  0xFF,0xFF,0xFF,0xFF,0xFF,0xFF,0xFF,0xFF
00004e ffff
00004f ffff
000050 ffff
D:\University\Microprocessor lab\hw5\List\hw5.asm(1086): warning: .cseg .db misalignment - padding zero byte
000051 00ff      	.DB  0xFF,0xFF,0xFF,0xFF,0xFF,0xFF,0xFF
                 
                 __GLOBAL_INI_TBL:
000052 004f      	.DW  0x4F
000053 0260      	.DW  _image_code
000054 0054      	.DW  _0x3*2
                 
                 _0xFFFFFFFF:
000055 0000      	.DW  0
                 
                 __RESET:
000056 94f8      	CLI
000057 27ee      	CLR  R30
000058 bbec      	OUT  EECR,R30
                 
                 ;INTERRUPT VECTORS ARE PLACED
                 ;AT THE START OF FLASH
000059 e0f1      	LDI  R31,1
00005a bffb      	OUT  GICR,R31
00005b bfeb      	OUT  GICR,R30
00005c bfe5      	OUT  MCUCR,R30
                 
                 ;DISABLE WATCHDOG
00005d e1f8      	LDI  R31,0x18
00005e bdf1      	OUT  WDTCR,R31
00005f bde1      	OUT  WDTCR,R30
                 
                 ;CLEAR R2-R14
000060 e08d      	LDI  R24,(14-2)+1
000061 e0a2      	LDI  R26,2
000062 27bb      	CLR  R27
                 __CLEAR_REG:
000063 93ed      	ST   X+,R30
000064 958a      	DEC  R24
000065 f7e9      	BRNE __CLEAR_REG
                 
                 ;CLEAR SRAM
000066 e080      	LDI  R24,LOW(0x800)
000067 e098      	LDI  R25,HIGH(0x800)
000068 e6a0      	LDI  R26,0x60
                 __CLEAR_SRAM:
000069 93ed      	ST   X+,R30
00006a 9701      	SBIW R24,1
00006b f7e9      	BRNE __CLEAR_SRAM
                 
                 ;GLOBAL VARIABLES INITIALIZATION
00006c eae4      	LDI  R30,LOW(__GLOBAL_INI_TBL*2)
00006d e0f0      	LDI  R31,HIGH(__GLOBAL_INI_TBL*2)
                 __GLOBAL_INI_NEXT:
00006e 9185      	LPM  R24,Z+
00006f 9195      	LPM  R25,Z+
000070 9700      	SBIW R24,0
000071 f061      	BREQ __GLOBAL_INI_END
000072 91a5      	LPM  R26,Z+
000073 91b5      	LPM  R27,Z+
000074 9005      	LPM  R0,Z+
000075 9015      	LPM  R1,Z+
000076 01bf      	MOVW R22,R30
000077 01f0      	MOVW R30,R0
                 __GLOBAL_INI_LOOP:
000078 9005      	LPM  R0,Z+
000079 920d      	ST   X+,R0
00007a 9701      	SBIW R24,1
00007b f7e1      	BRNE __GLOBAL_INI_LOOP
00007c 01fb      	MOVW R30,R22
00007d cff0      	RJMP __GLOBAL_INI_NEXT
                 __GLOBAL_INI_END:
                 
                 ;STACK POINTER INITIALIZATION
00007e e5ef      	LDI  R30,LOW(0x85F)
00007f bfed      	OUT  SPL,R30
000080 e0e8      	LDI  R30,HIGH(0x85F)
000081 bfee      	OUT  SPH,R30
                 
                 ;DATA STACK POINTER INITIALIZATION
000082 e6c0      	LDI  R28,LOW(0x260)
000083 e0d2      	LDI  R29,HIGH(0x260)
                 
000084 940c 0086 	JMP  _main
                 
                 	.ESEG
                 	.ORG 0
                 
                 	.DSEG
                 	.ORG 0x260
                 
                 	.CSEG
                 ;/*****************************************************
                 ;This program was produced by the
                 ;CodeWizardAVR V2.04.4a Advanced
                 ;Automatic Program Generator
                 ;© Copyright 1998-2009 Pavel Haiduc, HP InfoTech s.r.l.
                 ;http://www.hpinfotech.com
                 ;
                 ;Project :
                 ;Version :
                 ;Date    : 5/31/2020
                 ;Author  : Zahra Hosseini 96531226
                 ;Company :
                 ;Comments:
                 ;
                 ;
                 ;Chip type               : ATmega32
                 ;Program type            : Application
                 ;AVR Core Clock frequency: 8.000000 MHz
                 ;Memory model            : Small
                 ;External RAM size       : 0
                 ;Data Stack size         : 512
                 ;*****************************************************/
                 ;
                 ;#include <mega32.h>
                 	#ifndef __SLEEP_DEFINED__
                 	#define __SLEEP_DEFINED__
                 	.EQU __se_bit=0x80
                 	.EQU __sm_mask=0x70
                 	.EQU __sm_powerdown=0x20
                 	.EQU __sm_powersave=0x30
                 	.EQU __sm_standby=0x60
                 	.EQU __sm_ext_standby=0x70
                 	.EQU __sm_adc_noise_red=0x10
                 	.SET power_ctrl_reg=mcucr
                 	#endif
                 ;#include <delay.h>
                 ;
                 ;
                 ;const unsigned char image_code[79]=
                 ;{
                 ;    0xFF,    //    0001        # # # # # # # #
                 ;    0xFF,    //    0002        # # # # # # # #
                 ;    0xFF,    //    0003        # # # # # # # #
                 ;    0xFF,    //    0004        # # # # # # # #
                 ;    0xFF,    //    0005        # # # # # # # #
                 ;    0xFF,    //    0006        # # # # # # # #
                 ;    0xFF,    //    0007        # # # # # # # #
                 ;    0xFF,    //    0008        # # # # # # # #
                 ;    0xFF,    //    0009        # # # # # # # #
                 ;    0xFF,    //    000A        # # # # # # # #
                 ;    0xFF,    //    000B        # # # # # # # #
                 ;    0xFF,    //    000C        # # # # # # # #
                 ;    0xFF,    //    000D        # # # # # # # #
                 ;    0xFF,    //    000E        # # # # # # # #
                 ;    0xFF,    //    000F        # # # # # # # #
                 ;    0xFF,    //    0010        # # # # # # # #
                 ;    0x07,    //    0011        . . . . . # # #
                 ;    0x03,    //    0012        . . . . . . # #
                 ;    0xD9,    //    0013        # # . # # . . #
                 ;    0xDC,    //    0014        # # . # # # . .
                 ;    0xD9,    //    0015        # # . # # . . #
                 ;    0x03,    //    0016        . . . . . . # #
                 ;    0x07,    //    0017        . . . . . # # #
                 ;    0xFF,    //    0018        # # # # # # # #
                 ;    0x00,    //    0019        . . . . . . . .
                 ;    0x00,    //    001A        . . . . . . . .
                 ;    0x6E,    //    001B        . # # . # # # .
                 ;    0x6E,    //    001C        . # # . # # # .
                 ;    0x6E,    //    001D        . # # . # # # .
                 ;    0x6E,    //    001E        . # # . # # # .
                 ;    0x11,    //    001F        . . . # . . . #
                 ;    0xFF,    //    0020        # # # # # # # #
                 ;    0xC3,    //    0021        # # . . . . # #
                 ;    0x81,    //    0022        # . . . . . . #
                 ;    0x3C,    //    0023        . . # # # # . .
                 ;    0x7E,    //    0024        . # # # # # # .
                 ;    0x7E,    //    0025        . # # # # # # .
                 ;    0x7E,    //    0026        . # # # # # # .
                 ;    0xBD,    //    0027        # . # # # # . #
                 ;    0xFF,    //    0028        # # # # # # # #
                 ;    0x00,    //    0029        . . . . . . . .
                 ;    0x00,    //    002A        . . . . . . . .
                 ;    0x7E,    //    002B        . # # # # # # .
                 ;    0x7E,    //    002C        . # # # # # # .
                 ;    0x7E,    //    002D        . # # # # # # .
                 ;    0xBD,    //    002E        # . # # # # . #
                 ;    0xC3,    //    002F        # # . . . . # #
                 ;    0xFF,    //    0030        # # # # # # # #
                 ;    0x00,    //    0031        . . . . . . . .
                 ;    0x00,    //    0032        . . . . . . . .
                 ;    0x76,    //    0033        . # # # . # # .
                 ;    0x76,    //    0034        . # # # . # # .
                 ;    0x76,    //    0035        . # # # . # # .
                 ;    0x76,    //    0036        . # # # . # # .
                 ;    0x7E,    //    0037        . # # # # # # .
                 ;    0xFF,    //    0038        # # # # # # # #
                 ;    0x00,    //    0039        . . . . . . . .
                 ;    0x00,    //    003A        . . . . . . . .
                 ;    0xF6,    //    003B        # # # # . # # .
                 ;    0xF6,    //    003C        # # # # . # # .
                 ;    0xF6,    //    003D        # # # # . # # .
                 ;    0xF6,    //    003E        # # # # . # # .
                 ;    0xFE,    //    003F        # # # # # # # .
                 ;    0xFF,    //    0040        # # # # # # # #
                 ;    0xFF,    //    0041        # # # # # # # #
                 ;    0xFF,    //    0042        # # # # # # # #
                 ;    0xFF,    //    0043        # # # # # # # #
                 ;    0xFF,    //    0044        # # # # # # # #
                 ;    0xFF,    //    0045        # # # # # # # #
                 ;    0xFF,    //    0046        # # # # # # # #
                 ;    0xFF,    //    0047        # # # # # # # #
                 ;    0xFF,    //    0048        # # # # # # # #
                 ;    0xFF,    //    0049        # # # # # # # #
                 ;    0xFF,    //    004A        # # # # # # # #
                 ;    0xFF,    //    004B        # # # # # # # #
                 ;    0xFF,    //    004C        # # # # # # # #
                 ;    0xFF,    //    004D        # # # # # # # #
                 ;    0xFF,    //    004E        # # # # # # # #
                 ;    0xFF     //    004F        # # # # # # # #
                 ;};
                 
                 	.DSEG
                 ;void main(void)
                 ; 0000 006F {
                 
                 	.CSEG
                 _main:
                 ; 0000 0070 // Declare your local variables here
                 ; 0000 0071   unsigned char Col,Scan,Refresh,Index,S;
                 ; 0000 0072 
                 ; 0000 0073 PORTA=0x00;
                 ;	Col -> R17
                 ;	Scan -> R16
                 ;	Refresh -> R19
                 ;	Index -> R18
                 ;	S -> R21
000086 e0e0      	LDI  R30,LOW(0)
000087 bbeb      	OUT  0x1B,R30
                 ; 0000 0074 DDRA=0x00;
000088 bbea      	OUT  0x1A,R30
                 ; 0000 0075 
                 ; 0000 0076 PORTB=0x00;
000089 bbe8      	OUT  0x18,R30
                 ; 0000 0077 DDRB=0xFF;
00008a efef      	LDI  R30,LOW(255)
00008b bbe7      	OUT  0x17,R30
                 ; 0000 0078 
                 ; 0000 0079 PORTC=0x00;
00008c e0e0      	LDI  R30,LOW(0)
00008d bbe5      	OUT  0x15,R30
                 ; 0000 007A DDRC=0xFF;
00008e efef      	LDI  R30,LOW(255)
00008f bbe4      	OUT  0x14,R30
                 ; 0000 007B 
                 ; 0000 007C PORTD=0x00;
000090 e0e0      	LDI  R30,LOW(0)
000091 bbe2      	OUT  0x12,R30
                 ; 0000 007D DDRD=0xFF;
000092 efef      	LDI  R30,LOW(255)
000093 bbe1      	OUT  0x11,R30
                 ; 0000 007E 
                 ; 0000 007F TCCR0=0x00;
000094 e0e0      	LDI  R30,LOW(0)
000095 bfe3      	OUT  0x33,R30
                 ; 0000 0080 TCNT0=0x00;
000096 bfe2      	OUT  0x32,R30
                 ; 0000 0081 OCR0=0x00;
000097 bfec      	OUT  0x3C,R30
                 ; 0000 0082 
                 ; 0000 0083 
                 ; 0000 0084 TCCR1A=0x00;
000098 bdef      	OUT  0x2F,R30
                 ; 0000 0085 TCCR1B=0x00;
000099 bdee      	OUT  0x2E,R30
                 ; 0000 0086 TCNT1H=0x00;
00009a bded      	OUT  0x2D,R30
                 ; 0000 0087 TCNT1L=0x00;
00009b bdec      	OUT  0x2C,R30
                 ; 0000 0088 ICR1H=0x00;
00009c bde7      	OUT  0x27,R30
                 ; 0000 0089 ICR1L=0x00;
00009d bde6      	OUT  0x26,R30
                 ; 0000 008A OCR1AH=0x00;
00009e bdeb      	OUT  0x2B,R30
                 ; 0000 008B OCR1AL=0x00;
00009f bdea      	OUT  0x2A,R30
                 ; 0000 008C OCR1BH=0x00;
0000a0 bde9      	OUT  0x29,R30
                 ; 0000 008D OCR1BL=0x00;
0000a1 bde8      	OUT  0x28,R30
                 ; 0000 008E 
                 ; 0000 008F ASSR=0x00;
0000a2 bde2      	OUT  0x22,R30
                 ; 0000 0090 TCCR2=0x00;
0000a3 bde5      	OUT  0x25,R30
                 ; 0000 0091 TCNT2=0x00;
0000a4 bde4      	OUT  0x24,R30
                 ; 0000 0092 OCR2=0x00;
0000a5 bde3      	OUT  0x23,R30
                 ; 0000 0093 
                 ; 0000 0094 // External Interrupt(s) initialization
                 ; 0000 0095 // INT0: Off
                 ; 0000 0096 // INT1: Off
                 ; 0000 0097 // INT2: Off
                 ; 0000 0098 MCUCR=0x00;
0000a6 bfe5      	OUT  0x35,R30
                 ; 0000 0099 MCUCSR=0x00;
0000a7 bfe4      	OUT  0x34,R30
                 ; 0000 009A 
                 ; 0000 009B // Timer(s)/Counter(s) Interrupt(s) initialization
                 ; 0000 009C TIMSK=0x00;
0000a8 bfe9      	OUT  0x39,R30
                 ; 0000 009D 
                 ; 0000 009E // Analog Comparator initialization
                 ; 0000 009F // Analog Comparator: Off
                 ; 0000 00A0 // Analog Comparator Input Capture by Timer/Counter 1: Off
                 ; 0000 00A1 ACSR=0x80;
0000a9 e8e0      	LDI  R30,LOW(128)
0000aa b9e8      	OUT  0x8,R30
                 ; 0000 00A2 SFIOR=0x00;
0000ab e0e0      	LDI  R30,LOW(0)
0000ac bfe0      	OUT  0x30,R30
                 ; 0000 00A3 while (1)
                 _0x4:
                 ; 0000 00A4       {
                 ; 0000 00A5       // Place your code here
                 ; 0000 00A6 
                 ; 0000 00A7            for(S=8;S<72;S++)
0000ad e058      	LDI  R21,LOW(8)
                 _0x8:
0000ae 3458      	CPI  R21,72
0000af f580      	BRSH _0x9
                 ; 0000 00A8         {
                 ; 0000 00A9           for(Refresh=0;Refresh<5;Refresh++)
0000b0 e030      	LDI  R19,LOW(0)
                 _0xB:
0000b1 3035      	CPI  R19,5
0000b2 f558      	BRSH _0xC
                 ; 0000 00AA           {
                 ; 0000 00AB           Scan=0b00000001;
0000b3 e001      	LDI  R16,LOW(1)
                 ; 0000 00AC           for(Col=0;Col<8;Col++)
0000b4 e010      	LDI  R17,LOW(0)
                 _0xE:
0000b5 3018      	CPI  R17,8
0000b6 f528      	BRSH _0xF
                 ; 0000 00AD           {
                 ; 0000 00AE 
                 ; 0000 00AF 
                 ; 0000 00B0           Index=Col+S;
0000b7 2fe5      	MOV  R30,R21
0000b8 0fe1      	ADD  R30,R17
0000b9 2f2e      	MOV  R18,R30
                 ; 0000 00B1           PORTB=Scan;
0000ba bb08      	OUT  0x18,R16
                 ; 0000 00B2           PORTC=image_code[Index] ;
0000bb 2fe2      	MOV  R30,R18
0000bc e0f0      	LDI  R31,0
0000bd 5ae0      	SUBI R30,LOW(-_image_code)
0000be 4ffd      	SBCI R31,HIGH(-_image_code)
0000bf 81e0      	LD   R30,Z
0000c0 bbe5      	OUT  0x15,R30
                 ; 0000 00B3               delay_ms(4);
0000c1 e0e4      	LDI  R30,LOW(4)
0000c2 e0f0      	LDI  R31,HIGH(4)
0000c3 93fa      	ST   -Y,R31
0000c4 93ea      	ST   -Y,R30
0000c5 940e 00e2 	CALL _delay_ms
                 ; 0000 00B4           PORTB=0x00;
0000c7 e0e0      	LDI  R30,LOW(0)
0000c8 bbe8      	OUT  0x18,R30
                 ; 0000 00B5           PORTD=Scan;
0000c9 bb02      	OUT  0x12,R16
                 ; 0000 00B6           PORTC=image_code[Index-8] ;
0000ca 2fe2      	MOV  R30,R18
0000cb e0f0      	LDI  R31,0
0000cc 9738      	SBIW R30,8
0000cd 5ae0      	SUBI R30,LOW(-_image_code)
0000ce 4ffd      	SBCI R31,HIGH(-_image_code)
0000cf 81e0      	LD   R30,Z
0000d0 bbe5      	OUT  0x15,R30
                 ; 0000 00B7           delay_ms(2);
0000d1 e0e2      	LDI  R30,LOW(2)
0000d2 e0f0      	LDI  R31,HIGH(2)
0000d3 93fa      	ST   -Y,R31
0000d4 93ea      	ST   -Y,R30
0000d5 940e 00e2 	CALL _delay_ms
                 ; 0000 00B8 
                 ; 0000 00B9            PORTD=0x00;
0000d7 e0e0      	LDI  R30,LOW(0)
0000d8 bbe2      	OUT  0x12,R30
                 ; 0000 00BA          Scan=Scan<<1;
0000d9 0f00      	LSL  R16
                 ; 0000 00BB          }
0000da 5f1f      	SUBI R17,-1
0000db cfd9      	RJMP _0xE
                 _0xF:
                 ; 0000 00BC 
                 ; 0000 00BD 
                 ; 0000 00BE 
                 ; 0000 00BF           }
0000dc 5f3f      	SUBI R19,-1
0000dd cfd3      	RJMP _0xB
                 _0xC:
                 ; 0000 00C0           }
0000de 5f5f      	SUBI R21,-1
0000df cfce      	RJMP _0x8
                 _0x9:
                 ; 0000 00C1 
                 ; 0000 00C2 
                 ; 0000 00C3 
                 ; 0000 00C4 
                 ; 0000 00C5 
                 ; 0000 00C6       };
0000e0 cfcc      	RJMP _0x4
                 ; 0000 00C7 }
                 _0x10:
0000e1 cfff      	RJMP _0x10
                 
                 	.DSEG
                 _image_code:
000260           	.BYTE 0x4F
                 
                 	.CSEG
                 
                 	.CSEG
                 _delay_ms:
0000e2 91e9      	ld   r30,y+
0000e3 91f9      	ld   r31,y+
0000e4 9630      	adiw r30,0
0000e5 f039      	breq __delay_ms1
                 __delay_ms0:
                +
0000e6 ed80     +LDI R24 , LOW ( 0x7D0 )
0000e7 e097     +LDI R25 , HIGH ( 0x7D0 )
                +__DELAY_USW_LOOP :
0000e8 9701     +SBIW R24 , 1
0000e9 f7f1     +BRNE __DELAY_USW_LOOP
                 	__DELAY_USW 0x7D0
0000ea 95a8      	wdr
0000eb 9731      	sbiw r30,1
0000ec f7c9      	brne __delay_ms0
                 __delay_ms1:
0000ed 9508      	ret
                 
                 ;END OF CODE MARKER
                 __END_OF_CODE:


RESOURCE USE INFORMATION
------------------------

Notice:
The register and instruction counts are symbol table hit counts,
and hence implicitly used resources are not counted, eg, the
'lpm' instruction without operands implicitly uses r0 and z,
none of which are counted.

x,y,z are separate entities in the symbol table and are
counted separately from r26..r31 here.

.dseg memory usage only counts static data declared with .byte

ATmega32 register use summary:
r0 :   4 r1 :   1 r2 :   0 r3 :   0 r4 :   0 r5 :   0 r6 :   0 r7 :   0 
r8 :   0 r9 :   0 r10:   0 r11:   0 r12:   0 r13:   0 r14:   0 r15:   0 
r16:   4 r17:   4 r18:   3 r19:   3 r20:   0 r21:   4 r22:   2 r23:   0 
r24:   9 r25:   3 r26:   3 r27:   2 r28:   1 r29:   1 r30:  77 r31:  14 
x  :   3 y  :   6 z  :   9 
Registers used: 19 out of 35 (54.3%)

ATmega32 instruction use summary:
.lds  :   0 .lds.l:   0 .sts  :   0 .sts.l:   0 adc   :   0 add   :   1 
adiw  :   1 and   :   0 andi  :   0 asr   :   0 bclr  :   0 bld   :   0 
brbc  :   0 brbs  :   0 brcc  :   0 brcs  :   0 break :   0 breq  :   2 
brge  :   0 brhc  :   0 brhs  :   0 brid  :   0 brie  :   0 brlo  :   0 
brlt  :   0 brmi  :   0 brne  :   5 brpl  :   0 brsh  :   3 brtc  :   0 
brts  :   0 brvc  :   0 brvs  :   0 bset  :   0 bst   :   0 call  :   2 
cbi   :   0 cbr   :   0 clc   :   0 clh   :   0 cli   :   1 cln   :   0 
clr   :   2 cls   :   0 clt   :   0 clv   :   0 clz   :   0 com   :   0 
cp    :   0 cpc   :   0 cpi   :   3 cpse  :   0 dec   :   1 des   :   0 
eor   :   0 fmul  :   0 fmuls :   0 fmulsu:   0 icall :   0 ijmp  :   0 
in    :   0 inc   :   0 jmp   :  22 ld    :   4 ldd   :   0 ldi   :  36 
lds   :   0 lpm   :   7 lsl   :   1 lsr   :   0 mov   :   4 movw  :   3 
mul   :   0 muls  :   0 mulsu :   0 neg   :   0 nop   :   0 or    :   0 
ori   :   0 out   :  44 pop   :   0 push  :   0 rcall :   0 ret   :   1 
reti  :   0 rjmp  :   6 rol   :   0 ror   :   0 sbc   :   0 sbci  :   2 
sbi   :   0 sbic  :   0 sbis  :   0 sbiw  :   6 sbr   :   0 sbrc  :   0 
sbrs  :   0 sec   :   0 seh   :   0 sei   :   0 sen   :   0 ser   :   0 
ses   :   0 set   :   0 sev   :   0 sez   :   0 sleep :   0 spm   :   0 
st    :   7 std   :   0 sts   :   0 sub   :   0 subi  :   5 swap  :   0 
tst   :   0 wdr   :   1 
Instructions used: 25 out of 116 (21.6%)

ATmega32 memory use summary [bytes]:
Segment   Begin    End      Code   Data   Used    Size   Use%
---------------------------------------------------------------
[.cseg] 0x000000 0x0001dc    388     88    476   32768   1.5%
[.dseg] 0x000060 0x0002af      0     79     79    2048   3.9%
[.eseg] 0x000000 0x000000      0      0      0    1024   0.0%

Assembly complete, 0 errors, 1 warnings
