Active-HDL 13.0.375.8320 2025-04-30 16:05:35

Elaboration top modules:
Architecture                  Behavioral(digital_timer_tb)


----------------------------------------------------------------------------------------------------------------
Entity           | Architecture | Library              | Info | Compiler Version          | Compilation Options
----------------------------------------------------------------------------------------------------------------
digital_timer_tb | Behavioral   | Digital_Timer_Design |      | 13.0.375.8320 (Windows64) | -O3
digital_timer    | Behavioral   | Digital_Timer_Design |      | 13.0.375.8320 (Windows64) | -O3
----------------------------------------------------------------------------------------------------------------

----------------------------------------------------------------------------------------------------------------
VHDL Package                    | Library              | Info | Compiler Version          | Compilation Options
----------------------------------------------------------------------------------------------------------------
standard                        | std                  |      |                           | <unavailable>
TEXTIO                          | std                  |      | 13.0.375.8320 (Windows64) |  -2019
std_logic_1164                  | ieee                 |      | 13.0.375.8320 (Windows64) |  -2008
NUMERIC_STD                     | ieee                 |      | 13.0.375.8320 (Windows64) |  -2008
----------------------------------------------------------------------------------------------------------------

----------------------------------------------------------------------------------------------------------------
Library                         | Comment
----------------------------------------------------------------------------------------------------------------
Digital_Timer_Design            | None
ieee                            | Standard IEEE packages library
std                             | Standard VHDL library
----------------------------------------------------------------------------------------------------------------


Simulation Options: asim -O5 +access +r +m+digital_timer_tb digital_timer_tb Behavioral

