
AVRASM ver. 2.1.30  D:\University\Microprocessor lab\New folder\Debug\List\lab7.asm Fri Jul 10 12:40:17 2020

D:\University\Microprocessor lab\New folder\Debug\List\lab7.asm(1088): warning: Register r4 already defined by the .DEF directive
D:\University\Microprocessor lab\New folder\Debug\List\lab7.asm(1089): warning: Register r5 already defined by the .DEF directive
D:\University\Microprocessor lab\New folder\Debug\List\lab7.asm(1090): warning: Register r7 already defined by the .DEF directive
D:\University\Microprocessor lab\New folder\Debug\List\lab7.asm(1091): warning: Register r6 already defined by the .DEF directive
D:\University\Microprocessor lab\New folder\Debug\List\lab7.asm(1092): warning: Register r9 already defined by the .DEF directive
                 
                 
                 ;CodeVisionAVR C Compiler V3.12 Advanced
                 ;(C) Copyright 1998-2014 Pavel Haiduc, HP InfoTech s.r.l.
                 ;http://www.hpinfotech.com
                 
                 ;Build configuration    : Debug
                 ;Chip type              : ATmega32
                 ;Program type           : Application
                 ;Clock frequency        : 8.000000 MHz
                 ;Memory model           : Small
                 ;Optimize for           : Size
                 ;(s)printf features     : int, width
                 ;(s)scanf features      : int, width
                 ;External RAM size      : 0
                 ;Data Stack size        : 512 byte(s)
                 ;Heap size              : 0 byte(s)
                 ;Promote 'char' to 'int': Yes
                 ;'char' is unsigned     : Yes
                 ;8 bit enums            : Yes
                 ;Global 'const' stored in FLASH: Yes
                 ;Enhanced function parameter passing: Yes
                 ;Enhanced core instructions: On
                 ;Automatic register allocation for global variables: On
                 ;Smart register allocation: On
                 
                 	#define _MODEL_SMALL_
                 
                 	#pragma AVRPART ADMIN PART_NAME ATmega32
                 	#pragma AVRPART MEMORY PROG_FLASH 32768
                 	#pragma AVRPART MEMORY EEPROM 1024
                 	#pragma AVRPART MEMORY INT_SRAM SIZE 2048
                 	#pragma AVRPART MEMORY INT_SRAM START_ADDR 0x60
                 
                 	#define CALL_SUPPORTED 1
                 
                 	.LISTMAC
                 	.EQU UDRE=0x5
                 	.EQU RXC=0x7
                 	.EQU USR=0xB
                 	.EQU UDR=0xC
                 	.EQU SPSR=0xE
                 	.EQU SPDR=0xF
                 	.EQU EERE=0x0
                 	.EQU EEWE=0x1
                 	.EQU EEMWE=0x2
                 	.EQU EECR=0x1C
                 	.EQU EEDR=0x1D
                 	.EQU EEARL=0x1E
                 	.EQU EEARH=0x1F
                 	.EQU WDTCR=0x21
                 	.EQU MCUCR=0x35
                 	.EQU GICR=0x3B
                 	.EQU SPL=0x3D
                 	.EQU SPH=0x3E
                 	.EQU SREG=0x3F
                 
                 	.DEF R0X0=R0
                 	.DEF R0X1=R1
                 	.DEF R0X2=R2
                 	.DEF R0X3=R3
                 	.DEF R0X4=R4
                 	.DEF R0X5=R5
                 	.DEF R0X6=R6
                 	.DEF R0X7=R7
                 	.DEF R0X8=R8
                 	.DEF R0X9=R9
                 	.DEF R0XA=R10
                 	.DEF R0XB=R11
                 	.DEF R0XC=R12
                 	.DEF R0XD=R13
                 	.DEF R0XE=R14
                 	.DEF R0XF=R15
                 	.DEF R0X10=R16
                 	.DEF R0X11=R17
                 	.DEF R0X12=R18
                 	.DEF R0X13=R19
                 	.DEF R0X14=R20
                 	.DEF R0X15=R21
                 	.DEF R0X16=R22
                 	.DEF R0X17=R23
                 	.DEF R0X18=R24
                 	.DEF R0X19=R25
                 	.DEF R0X1A=R26
                 	.DEF R0X1B=R27
                 	.DEF R0X1C=R28
                 	.DEF R0X1D=R29
                 	.DEF R0X1E=R30
                 	.DEF R0X1F=R31
                 
                 	.EQU __SRAM_START=0x0060
                 	.EQU __SRAM_END=0x085F
                 	.EQU __DSTACK_SIZE=0x0200
                 	.EQU __HEAP_SIZE=0x0000
                 	.EQU __CLEAR_SRAM_SIZE=__SRAM_END-__SRAM_START+1
                 
                 	.MACRO __CPD1N
                 	CPI  R30,LOW(@0)
                 	LDI  R26,HIGH(@0)
                 	CPC  R31,R26
                 	LDI  R26,BYTE3(@0)
                 	CPC  R22,R26
                 	LDI  R26,BYTE4(@0)
                 	CPC  R23,R26
                 	.ENDM
                 
                 	.MACRO __CPD2N
                 	CPI  R26,LOW(@0)
                 	LDI  R30,HIGH(@0)
                 	CPC  R27,R30
                 	LDI  R30,BYTE3(@0)
                 	CPC  R24,R30
                 	LDI  R30,BYTE4(@0)
                 	CPC  R25,R30
                 	.ENDM
                 
                 	.MACRO __CPWRR
                 	CP   R@0,R@2
                 	CPC  R@1,R@3
                 	.ENDM
                 
                 	.MACRO __CPWRN
                 	CPI  R@0,LOW(@2)
                 	LDI  R30,HIGH(@2)
                 	CPC  R@1,R30
                 	.ENDM
                 
                 	.MACRO __ADDB1MN
                 	SUBI R30,LOW(-@0-(@1))
                 	.ENDM
                 
                 	.MACRO __ADDB2MN
                 	SUBI R26,LOW(-@0-(@1))
                 	.ENDM
                 
                 	.MACRO __ADDW1MN
                 	SUBI R30,LOW(-@0-(@1))
                 	SBCI R31,HIGH(-@0-(@1))
                 	.ENDM
                 
                 	.MACRO __ADDW2MN
                 	SUBI R26,LOW(-@0-(@1))
                 	SBCI R27,HIGH(-@0-(@1))
                 	.ENDM
                 
                 	.MACRO __ADDW1FN
                 	SUBI R30,LOW(-2*@0-(@1))
                 	SBCI R31,HIGH(-2*@0-(@1))
                 	.ENDM
                 
                 	.MACRO __ADDD1FN
                 	SUBI R30,LOW(-2*@0-(@1))
                 	SBCI R31,HIGH(-2*@0-(@1))
                 	SBCI R22,BYTE3(-2*@0-(@1))
                 	.ENDM
                 
                 	.MACRO __ADDD1N
                 	SUBI R30,LOW(-@0)
                 	SBCI R31,HIGH(-@0)
                 	SBCI R22,BYTE3(-@0)
                 	SBCI R23,BYTE4(-@0)
                 	.ENDM
                 
                 	.MACRO __ADDD2N
                 	SUBI R26,LOW(-@0)
                 	SBCI R27,HIGH(-@0)
                 	SBCI R24,BYTE3(-@0)
                 	SBCI R25,BYTE4(-@0)
                 	.ENDM
                 
                 	.MACRO __SUBD1N
                 	SUBI R30,LOW(@0)
                 	SBCI R31,HIGH(@0)
                 	SBCI R22,BYTE3(@0)
                 	SBCI R23,BYTE4(@0)
                 	.ENDM
                 
                 	.MACRO __SUBD2N
                 	SUBI R26,LOW(@0)
                 	SBCI R27,HIGH(@0)
                 	SBCI R24,BYTE3(@0)
                 	SBCI R25,BYTE4(@0)
                 	.ENDM
                 
                 	.MACRO __ANDBMNN
                 	LDS  R30,@0+(@1)
                 	ANDI R30,LOW(@2)
                 	STS  @0+(@1),R30
                 	.ENDM
                 
                 	.MACRO __ANDWMNN
                 	LDS  R30,@0+(@1)
                 	ANDI R30,LOW(@2)
                 	STS  @0+(@1),R30
                 	LDS  R30,@0+(@1)+1
                 	ANDI R30,HIGH(@2)
                 	STS  @0+(@1)+1,R30
                 	.ENDM
                 
                 	.MACRO __ANDD1N
                 	ANDI R30,LOW(@0)
                 	ANDI R31,HIGH(@0)
                 	ANDI R22,BYTE3(@0)
                 	ANDI R23,BYTE4(@0)
                 	.ENDM
                 
                 	.MACRO __ANDD2N
                 	ANDI R26,LOW(@0)
                 	ANDI R27,HIGH(@0)
                 	ANDI R24,BYTE3(@0)
                 	ANDI R25,BYTE4(@0)
                 	.ENDM
                 
                 	.MACRO __ORBMNN
                 	LDS  R30,@0+(@1)
                 	ORI  R30,LOW(@2)
                 	STS  @0+(@1),R30
                 	.ENDM
                 
                 	.MACRO __ORWMNN
                 	LDS  R30,@0+(@1)
                 	ORI  R30,LOW(@2)
                 	STS  @0+(@1),R30
                 	LDS  R30,@0+(@1)+1
                 	ORI  R30,HIGH(@2)
                 	STS  @0+(@1)+1,R30
                 	.ENDM
                 
                 	.MACRO __ORD1N
                 	ORI  R30,LOW(@0)
                 	ORI  R31,HIGH(@0)
                 	ORI  R22,BYTE3(@0)
                 	ORI  R23,BYTE4(@0)
                 	.ENDM
                 
                 	.MACRO __ORD2N
                 	ORI  R26,LOW(@0)
                 	ORI  R27,HIGH(@0)
                 	ORI  R24,BYTE3(@0)
                 	ORI  R25,BYTE4(@0)
                 	.ENDM
                 
                 	.MACRO __DELAY_USB
                 	LDI  R24,LOW(@0)
                 __DELAY_USB_LOOP:
                 	DEC  R24
                 	BRNE __DELAY_USB_LOOP
                 	.ENDM
                 
                 	.MACRO __DELAY_USW
                 	LDI  R24,LOW(@0)
                 	LDI  R25,HIGH(@0)
                 __DELAY_USW_LOOP:
                 	SBIW R24,1
                 	BRNE __DELAY_USW_LOOP
                 	.ENDM
                 
                 	.MACRO __GETD1S
                 	LDD  R30,Y+@0
                 	LDD  R31,Y+@0+1
                 	LDD  R22,Y+@0+2
                 	LDD  R23,Y+@0+3
                 	.ENDM
                 
                 	.MACRO __GETD2S
                 	LDD  R26,Y+@0
                 	LDD  R27,Y+@0+1
                 	LDD  R24,Y+@0+2
                 	LDD  R25,Y+@0+3
                 	.ENDM
                 
                 	.MACRO __PUTD1S
                 	STD  Y+@0,R30
                 	STD  Y+@0+1,R31
                 	STD  Y+@0+2,R22
                 	STD  Y+@0+3,R23
                 	.ENDM
                 
                 	.MACRO __PUTD2S
                 	STD  Y+@0,R26
                 	STD  Y+@0+1,R27
                 	STD  Y+@0+2,R24
                 	STD  Y+@0+3,R25
                 	.ENDM
                 
                 	.MACRO __PUTDZ2
                 	STD  Z+@0,R26
                 	STD  Z+@0+1,R27
                 	STD  Z+@0+2,R24
                 	STD  Z+@0+3,R25
                 	.ENDM
                 
                 	.MACRO __CLRD1S
                 	STD  Y+@0,R30
                 	STD  Y+@0+1,R30
                 	STD  Y+@0+2,R30
                 	STD  Y+@0+3,R30
                 	.ENDM
                 
                 	.MACRO __POINTB1MN
                 	LDI  R30,LOW(@0+(@1))
                 	.ENDM
                 
                 	.MACRO __POINTW1MN
                 	LDI  R30,LOW(@0+(@1))
                 	LDI  R31,HIGH(@0+(@1))
                 	.ENDM
                 
                 	.MACRO __POINTD1M
                 	LDI  R30,LOW(@0)
                 	LDI  R31,HIGH(@0)
                 	LDI  R22,BYTE3(@0)
                 	LDI  R23,BYTE4(@0)
                 	.ENDM
                 
                 	.MACRO __POINTW1FN
                 	LDI  R30,LOW(2*@0+(@1))
                 	LDI  R31,HIGH(2*@0+(@1))
                 	.ENDM
                 
                 	.MACRO __POINTD1FN
                 	LDI  R30,LOW(2*@0+(@1))
                 	LDI  R31,HIGH(2*@0+(@1))
                 	LDI  R22,BYTE3(2*@0+(@1))
                 	LDI  R23,BYTE4(2*@0+(@1))
                 	.ENDM
                 
                 	.MACRO __POINTB2MN
                 	LDI  R26,LOW(@0+(@1))
                 	.ENDM
                 
                 	.MACRO __POINTW2MN
                 	LDI  R26,LOW(@0+(@1))
                 	LDI  R27,HIGH(@0+(@1))
                 	.ENDM
                 
                 	.MACRO __POINTW2FN
                 	LDI  R26,LOW(2*@0+(@1))
                 	LDI  R27,HIGH(2*@0+(@1))
                 	.ENDM
                 
                 	.MACRO __POINTD2FN
                 	LDI  R26,LOW(2*@0+(@1))
                 	LDI  R27,HIGH(2*@0+(@1))
                 	LDI  R24,BYTE3(2*@0+(@1))
                 	LDI  R25,BYTE4(2*@0+(@1))
                 	.ENDM
                 
                 	.MACRO __POINTBRM
                 	LDI  R@0,LOW(@1)
                 	.ENDM
                 
                 	.MACRO __POINTWRM
                 	LDI  R@0,LOW(@2)
                 	LDI  R@1,HIGH(@2)
                 	.ENDM
                 
                 	.MACRO __POINTBRMN
                 	LDI  R@0,LOW(@1+(@2))
                 	.ENDM
                 
                 	.MACRO __POINTWRMN
                 	LDI  R@0,LOW(@2+(@3))
                 	LDI  R@1,HIGH(@2+(@3))
                 	.ENDM
                 
                 	.MACRO __POINTWRFN
                 	LDI  R@0,LOW(@2*2+(@3))
                 	LDI  R@1,HIGH(@2*2+(@3))
                 	.ENDM
                 
                 	.MACRO __GETD1N
                 	LDI  R30,LOW(@0)
                 	LDI  R31,HIGH(@0)
                 	LDI  R22,BYTE3(@0)
                 	LDI  R23,BYTE4(@0)
                 	.ENDM
                 
                 	.MACRO __GETD2N
                 	LDI  R26,LOW(@0)
                 	LDI  R27,HIGH(@0)
                 	LDI  R24,BYTE3(@0)
                 	LDI  R25,BYTE4(@0)
                 	.ENDM
                 
                 	.MACRO __GETB1MN
                 	LDS  R30,@0+(@1)
                 	.ENDM
                 
                 	.MACRO __GETB1HMN
                 	LDS  R31,@0+(@1)
                 	.ENDM
                 
                 	.MACRO __GETW1MN
                 	LDS  R30,@0+(@1)
                 	LDS  R31,@0+(@1)+1
                 	.ENDM
                 
                 	.MACRO __GETD1MN
                 	LDS  R30,@0+(@1)
                 	LDS  R31,@0+(@1)+1
                 	LDS  R22,@0+(@1)+2
                 	LDS  R23,@0+(@1)+3
                 	.ENDM
                 
                 	.MACRO __GETBRMN
                 	LDS  R@0,@1+(@2)
                 	.ENDM
                 
                 	.MACRO __GETWRMN
                 	LDS  R@0,@2+(@3)
                 	LDS  R@1,@2+(@3)+1
                 	.ENDM
                 
                 	.MACRO __GETWRZ
                 	LDD  R@0,Z+@2
                 	LDD  R@1,Z+@2+1
                 	.ENDM
                 
                 	.MACRO __GETD2Z
                 	LDD  R26,Z+@0
                 	LDD  R27,Z+@0+1
                 	LDD  R24,Z+@0+2
                 	LDD  R25,Z+@0+3
                 	.ENDM
                 
                 	.MACRO __GETB2MN
                 	LDS  R26,@0+(@1)
                 	.ENDM
                 
                 	.MACRO __GETW2MN
                 	LDS  R26,@0+(@1)
                 	LDS  R27,@0+(@1)+1
                 	.ENDM
                 
                 	.MACRO __GETD2MN
                 	LDS  R26,@0+(@1)
                 	LDS  R27,@0+(@1)+1
                 	LDS  R24,@0+(@1)+2
                 	LDS  R25,@0+(@1)+3
                 	.ENDM
                 
                 	.MACRO __PUTB1MN
                 	STS  @0+(@1),R30
                 	.ENDM
                 
                 	.MACRO __PUTW1MN
                 	STS  @0+(@1),R30
                 	STS  @0+(@1)+1,R31
                 	.ENDM
                 
                 	.MACRO __PUTD1MN
                 	STS  @0+(@1),R30
                 	STS  @0+(@1)+1,R31
                 	STS  @0+(@1)+2,R22
                 	STS  @0+(@1)+3,R23
                 	.ENDM
                 
                 	.MACRO __PUTB1EN
                 	LDI  R26,LOW(@0+(@1))
                 	LDI  R27,HIGH(@0+(@1))
                 	CALL __EEPROMWRB
                 	.ENDM
                 
                 	.MACRO __PUTW1EN
                 	LDI  R26,LOW(@0+(@1))
                 	LDI  R27,HIGH(@0+(@1))
                 	CALL __EEPROMWRW
                 	.ENDM
                 
                 	.MACRO __PUTD1EN
                 	LDI  R26,LOW(@0+(@1))
                 	LDI  R27,HIGH(@0+(@1))
                 	CALL __EEPROMWRD
                 	.ENDM
                 
                 	.MACRO __PUTBR0MN
                 	STS  @0+(@1),R0
                 	.ENDM
                 
                 	.MACRO __PUTBMRN
                 	STS  @0+(@1),R@2
                 	.ENDM
                 
                 	.MACRO __PUTWMRN
                 	STS  @0+(@1),R@2
                 	STS  @0+(@1)+1,R@3
                 	.ENDM
                 
                 	.MACRO __PUTBZR
                 	STD  Z+@1,R@0
                 	.ENDM
                 
                 	.MACRO __PUTWZR
                 	STD  Z+@2,R@0
                 	STD  Z+@2+1,R@1
                 	.ENDM
                 
                 	.MACRO __GETW1R
                 	MOV  R30,R@0
                 	MOV  R31,R@1
                 	.ENDM
                 
                 	.MACRO __GETW2R
                 	MOV  R26,R@0
                 	MOV  R27,R@1
                 	.ENDM
                 
                 	.MACRO __GETWRN
                 	LDI  R@0,LOW(@2)
                 	LDI  R@1,HIGH(@2)
                 	.ENDM
                 
                 	.MACRO __PUTW1R
                 	MOV  R@0,R30
                 	MOV  R@1,R31
                 	.ENDM
                 
                 	.MACRO __PUTW2R
                 	MOV  R@0,R26
                 	MOV  R@1,R27
                 	.ENDM
                 
                 	.MACRO __ADDWRN
                 	SUBI R@0,LOW(-@2)
                 	SBCI R@1,HIGH(-@2)
                 	.ENDM
                 
                 	.MACRO __ADDWRR
                 	ADD  R@0,R@2
                 	ADC  R@1,R@3
                 	.ENDM
                 
                 	.MACRO __SUBWRN
                 	SUBI R@0,LOW(@2)
                 	SBCI R@1,HIGH(@2)
                 	.ENDM
                 
                 	.MACRO __SUBWRR
                 	SUB  R@0,R@2
                 	SBC  R@1,R@3
                 	.ENDM
                 
                 	.MACRO __ANDWRN
                 	ANDI R@0,LOW(@2)
                 	ANDI R@1,HIGH(@2)
                 	.ENDM
                 
                 	.MACRO __ANDWRR
                 	AND  R@0,R@2
                 	AND  R@1,R@3
                 	.ENDM
                 
                 	.MACRO __ORWRN
                 	ORI  R@0,LOW(@2)
                 	ORI  R@1,HIGH(@2)
                 	.ENDM
                 
                 	.MACRO __ORWRR
                 	OR   R@0,R@2
                 	OR   R@1,R@3
                 	.ENDM
                 
                 	.MACRO __EORWRR
                 	EOR  R@0,R@2
                 	EOR  R@1,R@3
                 	.ENDM
                 
                 	.MACRO __GETWRS
                 	LDD  R@0,Y+@2
                 	LDD  R@1,Y+@2+1
                 	.ENDM
                 
                 	.MACRO __PUTBSR
                 	STD  Y+@1,R@0
                 	.ENDM
                 
                 	.MACRO __PUTWSR
                 	STD  Y+@2,R@0
                 	STD  Y+@2+1,R@1
                 	.ENDM
                 
                 	.MACRO __MOVEWRR
                 	MOV  R@0,R@2
                 	MOV  R@1,R@3
                 	.ENDM
                 
                 	.MACRO __INWR
                 	IN   R@0,@2
                 	IN   R@1,@2+1
                 	.ENDM
                 
                 	.MACRO __OUTWR
                 	OUT  @2+1,R@1
                 	OUT  @2,R@0
                 	.ENDM
                 
                 	.MACRO __CALL1MN
                 	LDS  R30,@0+(@1)
                 	LDS  R31,@0+(@1)+1
                 	ICALL
                 	.ENDM
                 
                 	.MACRO __CALL1FN
                 	LDI  R30,LOW(2*@0+(@1))
                 	LDI  R31,HIGH(2*@0+(@1))
                 	CALL __GETW1PF
                 	ICALL
                 	.ENDM
                 
                 	.MACRO __CALL2EN
                 	PUSH R26
                 	PUSH R27
                 	LDI  R26,LOW(@0+(@1))
                 	LDI  R27,HIGH(@0+(@1))
                 	CALL __EEPROMRDW
                 	POP  R27
                 	POP  R26
                 	ICALL
                 	.ENDM
                 
                 	.MACRO __CALL2EX
                 	SUBI R26,LOW(-@0)
                 	SBCI R27,HIGH(-@0)
                 	CALL __EEPROMRDD
                 	ICALL
                 	.ENDM
                 
                 	.MACRO __GETW1STACK
                 	IN   R30,SPL
                 	IN   R31,SPH
                 	ADIW R30,@0+1
                 	LD   R0,Z+
                 	LD   R31,Z
                 	MOV  R30,R0
                 	.ENDM
                 
                 	.MACRO __GETD1STACK
                 	IN   R30,SPL
                 	IN   R31,SPH
                 	ADIW R30,@0+1
                 	LD   R0,Z+
                 	LD   R1,Z+
                 	LD   R22,Z
                 	MOVW R30,R0
                 	.ENDM
                 
                 	.MACRO __NBST
                 	BST  R@0,@1
                 	IN   R30,SREG
                 	LDI  R31,0x40
                 	EOR  R30,R31
                 	OUT  SREG,R30
                 	.ENDM
                 
                 
                 	.MACRO __PUTB1SN
                 	LDD  R26,Y+@0
                 	LDD  R27,Y+@0+1
                 	SUBI R26,LOW(-@1)
                 	SBCI R27,HIGH(-@1)
                 	ST   X,R30
                 	.ENDM
                 
                 	.MACRO __PUTW1SN
                 	LDD  R26,Y+@0
                 	LDD  R27,Y+@0+1
                 	SUBI R26,LOW(-@1)
                 	SBCI R27,HIGH(-@1)
                 	ST   X+,R30
                 	ST   X,R31
                 	.ENDM
                 
                 	.MACRO __PUTD1SN
                 	LDD  R26,Y+@0
                 	LDD  R27,Y+@0+1
                 	SUBI R26,LOW(-@1)
                 	SBCI R27,HIGH(-@1)
                 	CALL __PUTDP1
                 	.ENDM
                 
                 	.MACRO __PUTB1SNS
                 	LDD  R26,Y+@0
                 	LDD  R27,Y+@0+1
                 	ADIW R26,@1
                 	ST   X,R30
                 	.ENDM
                 
                 	.MACRO __PUTW1SNS
                 	LDD  R26,Y+@0
                 	LDD  R27,Y+@0+1
                 	ADIW R26,@1
                 	ST   X+,R30
                 	ST   X,R31
                 	.ENDM
                 
                 	.MACRO __PUTD1SNS
                 	LDD  R26,Y+@0
                 	LDD  R27,Y+@0+1
                 	ADIW R26,@1
                 	CALL __PUTDP1
                 	.ENDM
                 
                 	.MACRO __PUTB1PMN
                 	LDS  R26,@0
                 	LDS  R27,@0+1
                 	SUBI R26,LOW(-@1)
                 	SBCI R27,HIGH(-@1)
                 	ST   X,R30
                 	.ENDM
                 
                 	.MACRO __PUTW1PMN
                 	LDS  R26,@0
                 	LDS  R27,@0+1
                 	SUBI R26,LOW(-@1)
                 	SBCI R27,HIGH(-@1)
                 	ST   X+,R30
                 	ST   X,R31
                 	.ENDM
                 
                 	.MACRO __PUTD1PMN
                 	LDS  R26,@0
                 	LDS  R27,@0+1
                 	SUBI R26,LOW(-@1)
                 	SBCI R27,HIGH(-@1)
                 	CALL __PUTDP1
                 	.ENDM
                 
                 	.MACRO __PUTB1PMNS
                 	LDS  R26,@0
                 	LDS  R27,@0+1
                 	ADIW R26,@1
                 	ST   X,R30
                 	.ENDM
                 
                 	.MACRO __PUTW1PMNS
                 	LDS  R26,@0
                 	LDS  R27,@0+1
                 	ADIW R26,@1
                 	ST   X+,R30
                 	ST   X,R31
                 	.ENDM
                 
                 	.MACRO __PUTD1PMNS
                 	LDS  R26,@0
                 	LDS  R27,@0+1
                 	ADIW R26,@1
                 	CALL __PUTDP1
                 	.ENDM
                 
                 	.MACRO __PUTB1RN
                 	MOVW R26,R@0
                 	SUBI R26,LOW(-@1)
                 	SBCI R27,HIGH(-@1)
                 	ST   X,R30
                 	.ENDM
                 
                 	.MACRO __PUTW1RN
                 	MOVW R26,R@0
                 	SUBI R26,LOW(-@1)
                 	SBCI R27,HIGH(-@1)
                 	ST   X+,R30
                 	ST   X,R31
                 	.ENDM
                 
                 	.MACRO __PUTD1RN
                 	MOVW R26,R@0
                 	SUBI R26,LOW(-@1)
                 	SBCI R27,HIGH(-@1)
                 	CALL __PUTDP1
                 	.ENDM
                 
                 	.MACRO __PUTB1RNS
                 	MOVW R26,R@0
                 	ADIW R26,@1
                 	ST   X,R30
                 	.ENDM
                 
                 	.MACRO __PUTW1RNS
                 	MOVW R26,R@0
                 	ADIW R26,@1
                 	ST   X+,R30
                 	ST   X,R31
                 	.ENDM
                 
                 	.MACRO __PUTD1RNS
                 	MOVW R26,R@0
                 	ADIW R26,@1
                 	CALL __PUTDP1
                 	.ENDM
                 
                 	.MACRO __PUTB1RON
                 	MOV  R26,R@0
                 	MOV  R27,R@1
                 	SUBI R26,LOW(-@2)
                 	SBCI R27,HIGH(-@2)
                 	ST   X,R30
                 	.ENDM
                 
                 	.MACRO __PUTW1RON
                 	MOV  R26,R@0
                 	MOV  R27,R@1
                 	SUBI R26,LOW(-@2)
                 	SBCI R27,HIGH(-@2)
                 	ST   X+,R30
                 	ST   X,R31
                 	.ENDM
                 
                 	.MACRO __PUTD1RON
                 	MOV  R26,R@0
                 	MOV  R27,R@1
                 	SUBI R26,LOW(-@2)
                 	SBCI R27,HIGH(-@2)
                 	CALL __PUTDP1
                 	.ENDM
                 
                 	.MACRO __PUTB1RONS
                 	MOV  R26,R@0
                 	MOV  R27,R@1
                 	ADIW R26,@2
                 	ST   X,R30
                 	.ENDM
                 
                 	.MACRO __PUTW1RONS
                 	MOV  R26,R@0
                 	MOV  R27,R@1
                 	ADIW R26,@2
                 	ST   X+,R30
                 	ST   X,R31
                 	.ENDM
                 
                 	.MACRO __PUTD1RONS
                 	MOV  R26,R@0
                 	MOV  R27,R@1
                 	ADIW R26,@2
                 	CALL __PUTDP1
                 	.ENDM
                 
                 
                 	.MACRO __GETB1SX
                 	MOVW R30,R28
                 	SUBI R30,LOW(-@0)
                 	SBCI R31,HIGH(-@0)
                 	LD   R30,Z
                 	.ENDM
                 
                 	.MACRO __GETB1HSX
                 	MOVW R30,R28
                 	SUBI R30,LOW(-@0)
                 	SBCI R31,HIGH(-@0)
                 	LD   R31,Z
                 	.ENDM
                 
                 	.MACRO __GETW1SX
                 	MOVW R30,R28
                 	SUBI R30,LOW(-@0)
                 	SBCI R31,HIGH(-@0)
                 	LD   R0,Z+
                 	LD   R31,Z
                 	MOV  R30,R0
                 	.ENDM
                 
                 	.MACRO __GETD1SX
                 	MOVW R30,R28
                 	SUBI R30,LOW(-@0)
                 	SBCI R31,HIGH(-@0)
                 	LD   R0,Z+
                 	LD   R1,Z+
                 	LD   R22,Z+
                 	LD   R23,Z
                 	MOVW R30,R0
                 	.ENDM
                 
                 	.MACRO __GETB2SX
                 	MOVW R26,R28
                 	SUBI R26,LOW(-@0)
                 	SBCI R27,HIGH(-@0)
                 	LD   R26,X
                 	.ENDM
                 
                 	.MACRO __GETW2SX
                 	MOVW R26,R28
                 	SUBI R26,LOW(-@0)
                 	SBCI R27,HIGH(-@0)
                 	LD   R0,X+
                 	LD   R27,X
                 	MOV  R26,R0
                 	.ENDM
                 
                 	.MACRO __GETD2SX
                 	MOVW R26,R28
                 	SUBI R26,LOW(-@0)
                 	SBCI R27,HIGH(-@0)
                 	LD   R0,X+
                 	LD   R1,X+
                 	LD   R24,X+
                 	LD   R25,X
                 	MOVW R26,R0
                 	.ENDM
                 
                 	.MACRO __GETBRSX
                 	MOVW R30,R28
                 	SUBI R30,LOW(-@1)
                 	SBCI R31,HIGH(-@1)
                 	LD   R@0,Z
                 	.ENDM
                 
                 	.MACRO __GETWRSX
                 	MOVW R30,R28
                 	SUBI R30,LOW(-@2)
                 	SBCI R31,HIGH(-@2)
                 	LD   R@0,Z+
                 	LD   R@1,Z
                 	.ENDM
                 
                 	.MACRO __GETBRSX2
                 	MOVW R26,R28
                 	SUBI R26,LOW(-@1)
                 	SBCI R27,HIGH(-@1)
                 	LD   R@0,X
                 	.ENDM
                 
                 	.MACRO __GETWRSX2
                 	MOVW R26,R28
                 	SUBI R26,LOW(-@2)
                 	SBCI R27,HIGH(-@2)
                 	LD   R@0,X+
                 	LD   R@1,X
                 	.ENDM
                 
                 	.MACRO __LSLW8SX
                 	MOVW R30,R28
                 	SUBI R30,LOW(-@0)
                 	SBCI R31,HIGH(-@0)
                 	LD   R31,Z
                 	CLR  R30
                 	.ENDM
                 
                 	.MACRO __PUTB1SX
                 	MOVW R26,R28
                 	SUBI R26,LOW(-@0)
                 	SBCI R27,HIGH(-@0)
                 	ST   X,R30
                 	.ENDM
                 
                 	.MACRO __PUTW1SX
                 	MOVW R26,R28
                 	SUBI R26,LOW(-@0)
                 	SBCI R27,HIGH(-@0)
                 	ST   X+,R30
                 	ST   X,R31
                 	.ENDM
                 
                 	.MACRO __PUTD1SX
                 	MOVW R26,R28
                 	SUBI R26,LOW(-@0)
                 	SBCI R27,HIGH(-@0)
                 	ST   X+,R30
                 	ST   X+,R31
                 	ST   X+,R22
                 	ST   X,R23
                 	.ENDM
                 
                 	.MACRO __CLRW1SX
                 	MOVW R26,R28
                 	SUBI R26,LOW(-@0)
                 	SBCI R27,HIGH(-@0)
                 	ST   X+,R30
                 	ST   X,R30
                 	.ENDM
                 
                 	.MACRO __CLRD1SX
                 	MOVW R26,R28
                 	SUBI R26,LOW(-@0)
                 	SBCI R27,HIGH(-@0)
                 	ST   X+,R30
                 	ST   X+,R30
                 	ST   X+,R30
                 	ST   X,R30
                 	.ENDM
                 
                 	.MACRO __PUTB2SX
                 	MOVW R30,R28
                 	SUBI R30,LOW(-@0)
                 	SBCI R31,HIGH(-@0)
                 	ST   Z,R26
                 	.ENDM
                 
                 	.MACRO __PUTW2SX
                 	MOVW R30,R28
                 	SUBI R30,LOW(-@0)
                 	SBCI R31,HIGH(-@0)
                 	ST   Z+,R26
                 	ST   Z,R27
                 	.ENDM
                 
                 	.MACRO __PUTD2SX
                 	MOVW R30,R28
                 	SUBI R30,LOW(-@0)
                 	SBCI R31,HIGH(-@0)
                 	ST   Z+,R26
                 	ST   Z+,R27
                 	ST   Z+,R24
                 	ST   Z,R25
                 	.ENDM
                 
                 	.MACRO __PUTBSRX
                 	MOVW R30,R28
                 	SUBI R30,LOW(-@1)
                 	SBCI R31,HIGH(-@1)
                 	ST   Z,R@0
                 	.ENDM
                 
                 	.MACRO __PUTWSRX
                 	MOVW R30,R28
                 	SUBI R30,LOW(-@2)
                 	SBCI R31,HIGH(-@2)
                 	ST   Z+,R@0
                 	ST   Z,R@1
                 	.ENDM
                 
                 	.MACRO __PUTB1SNX
                 	MOVW R26,R28
                 	SUBI R26,LOW(-@0)
                 	SBCI R27,HIGH(-@0)
                 	LD   R0,X+
                 	LD   R27,X
                 	MOV  R26,R0
                 	SUBI R26,LOW(-@1)
                 	SBCI R27,HIGH(-@1)
                 	ST   X,R30
                 	.ENDM
                 
                 	.MACRO __PUTW1SNX
                 	MOVW R26,R28
                 	SUBI R26,LOW(-@0)
                 	SBCI R27,HIGH(-@0)
                 	LD   R0,X+
                 	LD   R27,X
                 	MOV  R26,R0
                 	SUBI R26,LOW(-@1)
                 	SBCI R27,HIGH(-@1)
                 	ST   X+,R30
                 	ST   X,R31
                 	.ENDM
                 
                 	.MACRO __PUTD1SNX
                 	MOVW R26,R28
                 	SUBI R26,LOW(-@0)
                 	SBCI R27,HIGH(-@0)
                 	LD   R0,X+
                 	LD   R27,X
                 	MOV  R26,R0
                 	SUBI R26,LOW(-@1)
                 	SBCI R27,HIGH(-@1)
                 	ST   X+,R30
                 	ST   X+,R31
                 	ST   X+,R22
                 	ST   X,R23
                 	.ENDM
                 
                 	.MACRO __MULBRR
                 	MULS R@0,R@1
                 	MOVW R30,R0
                 	.ENDM
                 
                 	.MACRO __MULBRRU
                 	MUL  R@0,R@1
                 	MOVW R30,R0
                 	.ENDM
                 
                 	.MACRO __MULBRR0
                 	MULS R@0,R@1
                 	.ENDM
                 
                 	.MACRO __MULBRRU0
                 	MUL  R@0,R@1
                 	.ENDM
                 
                 	.MACRO __MULBNWRU
                 	LDI  R26,@2
                 	MUL  R26,R@0
                 	MOVW R30,R0
                 	MUL  R26,R@1
                 	ADD  R31,R0
                 	.ENDM
                 
                 ;NAME DEFINITIONS FOR GLOBAL VARIABLES ALLOCATED TO REGISTERS
                 	.DEF _temp=R4
                 	.DEF _temp_msb=R5
                 	.DEF __lcd_x=R7
                 	.DEF __lcd_y=R6
                 	.DEF __lcd_maxx=R9
                 
                 	.CSEG
                 	.ORG 0x00
                 
                 ;START OF CODE MARKER
                 __START_OF_CODE:
                 
                 ;INTERRUPT VECTORS
000000 940c 0051 	JMP  __RESET
000002 940c 0000 	JMP  0x00
000004 940c 0000 	JMP  0x00
000006 940c 0000 	JMP  0x00
000008 940c 0000 	JMP  0x00
00000a 940c 0000 	JMP  0x00
00000c 940c 0000 	JMP  0x00
00000e 940c 0000 	JMP  0x00
000010 940c 0000 	JMP  0x00
000012 940c 0000 	JMP  0x00
000014 940c 0000 	JMP  0x00
000016 940c 0000 	JMP  0x00
000018 940c 0000 	JMP  0x00
00001a 940c 0000 	JMP  0x00
00001c 940c 0000 	JMP  0x00
00001e 940c 0000 	JMP  0x00
000020 940c 0000 	JMP  0x00
000022 940c 0000 	JMP  0x00
000024 940c 0000 	JMP  0x00
000026 940c 0000 	JMP  0x00
000028 940c 0000 	JMP  0x00
                 
                 _tbl10_G100:
00002a 2710
00002b 03e8
00002c 0064
00002d 000a      	.DB  0x10,0x27,0xE8,0x3,0x64,0x0,0xA,0x0
00002e 0001      	.DB  0x1,0x0
                 _tbl16_G100:
00002f 1000
000030 0100
000031 0010
000032 0001      	.DB  0x0,0x10,0x0,0x1,0x10,0x0,0x1,0x0
                 
                 ;GLOBAL REGISTER VARIABLES INITIALIZATION
                 __REG_VARS:
000033 0000      	.DB  0x0,0x0
                 
                 _0x0:
000034 4d4c
000035 3533
000036 5320
000037 6e65      	.DB  0x4C,0x4D,0x33,0x35,0x20,0x53,0x65,0x6E
000038 6f73
000039 0072
00003a 6425
00003b 5400      	.DB  0x73,0x6F,0x72,0x0,0x25,0x64,0x0,0x54
00003c 6d65
00003d 3a70
00003e 4300
D:\University\Microprocessor lab\New folder\Debug\List\lab7.asm(1136): warning: .cseg .db misalignment - padding zero byte
00003f 0000      	.DB  0x65,0x6D,0x70,0x3A,0x0,0x43,0x0
                 _0x2020003:
000040 c080      	.DB  0x80,0xC0
                 
                 __GLOBAL_INI_TBL:
000041 0002      	.DW  0x02
000042 0004      	.DW  0x04
000043 0066      	.DW  __REG_VARS*2
                 
000044 000c      	.DW  0x0C
000045 0260      	.DW  _0x9
000046 0068      	.DW  _0x0*2
                 
000047 0006      	.DW  0x06
000048 026c      	.DW  _0x9+12
000049 0077      	.DW  _0x0*2+15
                 
00004a 0002      	.DW  0x02
00004b 0272      	.DW  _0x9+18
00004c 007d      	.DW  _0x0*2+21
                 
00004d 0002      	.DW  0x02
00004e 027e      	.DW  __base_y_G101
00004f 0080      	.DW  _0x2020003*2
                 
                 _0xFFFFFFFF:
000050 0000      	.DW  0
                 
                 #define __GLOBAL_INI_TBL_PRESENT 1
                 
                 __RESET:
000051 94f8      	CLI
000052 27ee      	CLR  R30
000053 bbec      	OUT  EECR,R30
                 
                 ;INTERRUPT VECTORS ARE PLACED
                 ;AT THE START OF FLASH
000054 e0f1      	LDI  R31,1
000055 bffb      	OUT  GICR,R31
000056 bfeb      	OUT  GICR,R30
000057 bfe5      	OUT  MCUCR,R30
                 
                 ;CLEAR R2-R14
000058 e08d      	LDI  R24,(14-2)+1
000059 e0a2      	LDI  R26,2
00005a 27bb      	CLR  R27
                 __CLEAR_REG:
00005b 93ed      	ST   X+,R30
00005c 958a      	DEC  R24
00005d f7e9      	BRNE __CLEAR_REG
                 
                 ;CLEAR SRAM
00005e e080      	LDI  R24,LOW(__CLEAR_SRAM_SIZE)
00005f e098      	LDI  R25,HIGH(__CLEAR_SRAM_SIZE)
000060 e6a0      	LDI  R26,__SRAM_START
                 __CLEAR_SRAM:
000061 93ed      	ST   X+,R30
000062 9701      	SBIW R24,1
000063 f7e9      	BRNE __CLEAR_SRAM
                 
                 ;GLOBAL VARIABLES INITIALIZATION
000064 e8e2      	LDI  R30,LOW(__GLOBAL_INI_TBL*2)
000065 e0f0      	LDI  R31,HIGH(__GLOBAL_INI_TBL*2)
                 __GLOBAL_INI_NEXT:
000066 9185      	LPM  R24,Z+
000067 9195      	LPM  R25,Z+
000068 9700      	SBIW R24,0
000069 f061      	BREQ __GLOBAL_INI_END
00006a 91a5      	LPM  R26,Z+
00006b 91b5      	LPM  R27,Z+
00006c 9005      	LPM  R0,Z+
00006d 9015      	LPM  R1,Z+
00006e 01bf      	MOVW R22,R30
00006f 01f0      	MOVW R30,R0
                 __GLOBAL_INI_LOOP:
000070 9005      	LPM  R0,Z+
000071 920d      	ST   X+,R0
000072 9701      	SBIW R24,1
000073 f7e1      	BRNE __GLOBAL_INI_LOOP
000074 01fb      	MOVW R30,R22
000075 cff0      	RJMP __GLOBAL_INI_NEXT
                 __GLOBAL_INI_END:
                 
                 ;HARDWARE STACK POINTER INITIALIZATION
000076 e5ef      	LDI  R30,LOW(__SRAM_END-__HEAP_SIZE)
000077 bfed      	OUT  SPL,R30
000078 e0e8      	LDI  R30,HIGH(__SRAM_END-__HEAP_SIZE)
000079 bfee      	OUT  SPH,R30
                 
                 ;DATA STACK POINTER INITIALIZATION
00007a e6c0      	LDI  R28,LOW(__SRAM_START+__DSTACK_SIZE)
00007b e0d2      	LDI  R29,HIGH(__SRAM_START+__DSTACK_SIZE)
                 
00007c 940c 008d 	JMP  _main
                 
                 	.ESEG
                 	.ORG 0
                 
                 	.DSEG
                 	.ORG 0x260
                 
                 	.CSEG
                 ;/*******************************************************
                 ;This program was created by the
                 ;CodeWizardAVR V3.12 Advanced
                 ;Automatic Program Generator
                 ;© Copyright 1998-2014 Pavel Haiduc, HP InfoTech s.r.l.
                 ;http://www.hpinfotech.com
                 ;
                 ;Project :
                 ;Version :
                 ;Date    : 6/13/2020
                 ;Author  :  Zahra Hosseini  96531226
                 ;Company :
                 ;Comments:
                 ;
                 ;
                 ;Chip type               : ATmega32
                 ;Program type            : Application
                 ;AVR Core Clock frequency: 8.000000 MHz
                 ;Memory model            : Small
                 ;External RAM size       : 0
                 ;Data Stack size         : 512
                 ;*******************************************************/
                 ;
                 ;#include <mega32.h>
                 	#ifndef __SLEEP_DEFINED__
                 	#define __SLEEP_DEFINED__
                 	.EQU __se_bit=0x80
                 	.EQU __sm_mask=0x70
                 	.EQU __sm_powerdown=0x20
                 	.EQU __sm_powersave=0x30
                 	.EQU __sm_standby=0x60
                 	.EQU __sm_ext_standby=0x70
                 	.EQU __sm_adc_noise_red=0x10
                 	.SET power_ctrl_reg=mcucr
                 	#endif
                 ;#include <stdio.h>
                 ;#include <delay.h>
                 ;
                 ;// Alphanumeric LCD functions
                 ;#include <alcd.h>
                 ;
                 ;char output[10];
                 ;int temp=0;
                 ;// Declare your global variables here
                 ;
                 ;// Voltage Reference: AVCC pin
                 ;#define ADC_VREF_TYPE ((0<<REFS1) | (1<<REFS0) | (0<<ADLAR))
                 ;
                 ;// Read the AD conversion result
                 ;unsigned int read_adc(unsigned char adc_input)
                 ; 0000 0028 {
                 
                 	.CSEG
                 _read_adc:
                 ; .FSTART _read_adc
                 ; 0000 0029 ADMUX=adc_input | ADC_VREF_TYPE;
00007e 93aa      	ST   -Y,R26
                 ;	adc_input -> Y+0
00007f 81e8      	LD   R30,Y
000080 64e0      	ORI  R30,0x40
000081 b9e7      	OUT  0x7,R30
                 ; 0000 002A // Delay needed for the stabilization of the ADC input voltage
                 ; 0000 002B delay_us(10);
                +
000082 e18b     +LDI R24 , LOW ( 27 )
                +__DELAY_USB_LOOP :
000083 958a     +DEC R24
000084 f7f1     +BRNE __DELAY_USB_LOOP
                 	__DELAY_USB 27
                 ; 0000 002C // Start the AD conversion
                 ; 0000 002D ADCSRA|=(1<<ADSC);
000085 9a36      	SBI  0x6,6
                 ; 0000 002E // Wait for the AD conversion to complete
                 ; 0000 002F while ((ADCSRA & (1<<ADIF))==0);
                 _0x3:
000086 9b34      	SBIS 0x6,4
000087 cffe      	RJMP _0x3
                 ; 0000 0030 ADCSRA|=(1<<ADIF);
000088 9a34      	SBI  0x6,4
                 ; 0000 0031 return ADCW;
000089 b1e4      	IN   R30,0x4
00008a b1f5      	IN   R31,0x4+1
00008b 940c 0338 	JMP  _0x2080001
                 ; 0000 0032 }
                 ; .FEND
                 ;
                 ;void main(void)
                 ; 0000 0035 {
                 _main:
                 ; .FSTART _main
                 ; 0000 0036 // Declare your local variables here
                 ; 0000 0037 
                 ; 0000 0038 // Input/Output Ports initialization
                 ; 0000 0039 // Port A initialization
                 ; 0000 003A // Function: Bit7=In Bit6=In Bit5=In Bit4=In Bit3=In Bit2=In Bit1=In Bit0=In
                 ; 0000 003B DDRA=(0<<DDA7) | (0<<DDA6) | (0<<DDA5) | (0<<DDA4) | (0<<DDA3) | (0<<DDA2) | (0<<DDA1) | (0<<DDA0);
00008d e0e0      	LDI  R30,LOW(0)
00008e bbea      	OUT  0x1A,R30
                 ; 0000 003C // State: Bit7=T Bit6=T Bit5=T Bit4=T Bit3=T Bit2=T Bit1=T Bit0=T
                 ; 0000 003D PORTA=(0<<PORTA7) | (0<<PORTA6) | (0<<PORTA5) | (0<<PORTA4) | (0<<PORTA3) | (0<<PORTA2) | (0<<PORTA1) | (0<<PORTA0);
00008f bbeb      	OUT  0x1B,R30
                 ; 0000 003E 
                 ; 0000 003F // Port B initialization
                 ; 0000 0040 // Function: Bit7=In Bit6=In Bit5=In Bit4=In Bit3=In Bit2=In Bit1=In Bit0=In
                 ; 0000 0041 DDRB=(0<<DDB7) | (0<<DDB6) | (0<<DDB5) | (0<<DDB4) | (0<<DDB3) | (0<<DDB2) | (0<<DDB1) | (0<<DDB0);
000090 bbe7      	OUT  0x17,R30
                 ; 0000 0042 // State: Bit7=T Bit6=T Bit5=T Bit4=T Bit3=T Bit2=T Bit1=T Bit0=T
                 ; 0000 0043 PORTB=(0<<PORTB7) | (0<<PORTB6) | (0<<PORTB5) | (0<<PORTB4) | (0<<PORTB3) | (0<<PORTB2) | (0<<PORTB1) | (0<<PORTB0);
000091 bbe8      	OUT  0x18,R30
                 ; 0000 0044 
                 ; 0000 0045 // Port C initialization
                 ; 0000 0046 // Function: Bit7=In Bit6=In Bit5=In Bit4=In Bit3=In Bit2=In Bit1=In Bit0=In
                 ; 0000 0047 DDRC=(0<<DDC7) | (0<<DDC6) | (0<<DDC5) | (0<<DDC4) | (0<<DDC3) | (0<<DDC2) | (0<<DDC1) | (0<<DDC0);
000092 bbe4      	OUT  0x14,R30
                 ; 0000 0048 // State: Bit7=T Bit6=T Bit5=T Bit4=T Bit3=T Bit2=T Bit1=T Bit0=T
                 ; 0000 0049 PORTC=(0<<PORTC7) | (0<<PORTC6) | (0<<PORTC5) | (0<<PORTC4) | (0<<PORTC3) | (0<<PORTC2) | (0<<PORTC1) | (0<<PORTC0);
000093 bbe5      	OUT  0x15,R30
                 ; 0000 004A 
                 ; 0000 004B // Port D initialization
                 ; 0000 004C // Function: Bit7=In Bit6=In Bit5=In Bit4=In Bit3=In Bit2=In Bit1=In Bit0=In
                 ; 0000 004D DDRD=(0<<DDD7) | (0<<DDD6) | (0<<DDD5) | (0<<DDD4) | (0<<DDD3) | (0<<DDD2) | (0<<DDD1) | (0<<DDD0);
000094 bbe1      	OUT  0x11,R30
                 ; 0000 004E // State: Bit7=T Bit6=T Bit5=T Bit4=T Bit3=T Bit2=T Bit1=T Bit0=T
                 ; 0000 004F PORTD=(0<<PORTD7) | (0<<PORTD6) | (0<<PORTD5) | (0<<PORTD4) | (0<<PORTD3) | (0<<PORTD2) | (0<<PORTD1) | (0<<PORTD0);
000095 bbe2      	OUT  0x12,R30
                 ; 0000 0050 
                 ; 0000 0051 // Timer/Counter 0 initialization
                 ; 0000 0052 // Clock source: System Clock
                 ; 0000 0053 // Clock value: Timer 0 Stopped
                 ; 0000 0054 // Mode: Normal top=0xFF
                 ; 0000 0055 // OC0 output: Disconnected
                 ; 0000 0056 TCCR0=(0<<WGM00) | (0<<COM01) | (0<<COM00) | (0<<WGM01) | (0<<CS02) | (0<<CS01) | (0<<CS00);
000096 bfe3      	OUT  0x33,R30
                 ; 0000 0057 TCNT0=0x00;
000097 bfe2      	OUT  0x32,R30
                 ; 0000 0058 OCR0=0x00;
000098 bfec      	OUT  0x3C,R30
                 ; 0000 0059 
                 ; 0000 005A // Timer/Counter 1 initialization
                 ; 0000 005B // Clock source: System Clock
                 ; 0000 005C // Clock value: Timer1 Stopped
                 ; 0000 005D // Mode: Normal top=0xFFFF
                 ; 0000 005E // OC1A output: Disconnected
                 ; 0000 005F // OC1B output: Disconnected
                 ; 0000 0060 // Noise Canceler: Off
                 ; 0000 0061 // Input Capture on Falling Edge
                 ; 0000 0062 // Timer1 Overflow Interrupt: Off
                 ; 0000 0063 // Input Capture Interrupt: Off
                 ; 0000 0064 // Compare A Match Interrupt: Off
                 ; 0000 0065 // Compare B Match Interrupt: Off
                 ; 0000 0066 TCCR1A=(0<<COM1A1) | (0<<COM1A0) | (0<<COM1B1) | (0<<COM1B0) | (0<<WGM11) | (0<<WGM10);
000099 bdef      	OUT  0x2F,R30
                 ; 0000 0067 TCCR1B=(0<<ICNC1) | (0<<ICES1) | (0<<WGM13) | (0<<WGM12) | (0<<CS12) | (0<<CS11) | (0<<CS10);
00009a bdee      	OUT  0x2E,R30
                 ; 0000 0068 TCNT1H=0x00;
00009b bded      	OUT  0x2D,R30
                 ; 0000 0069 TCNT1L=0x00;
00009c bdec      	OUT  0x2C,R30
                 ; 0000 006A ICR1H=0x00;
00009d bde7      	OUT  0x27,R30
                 ; 0000 006B ICR1L=0x00;
00009e bde6      	OUT  0x26,R30
                 ; 0000 006C OCR1AH=0x00;
00009f bdeb      	OUT  0x2B,R30
                 ; 0000 006D OCR1AL=0x00;
0000a0 bdea      	OUT  0x2A,R30
                 ; 0000 006E OCR1BH=0x00;
0000a1 bde9      	OUT  0x29,R30
                 ; 0000 006F OCR1BL=0x00;
0000a2 bde8      	OUT  0x28,R30
                 ; 0000 0070 
                 ; 0000 0071 // Timer/Counter 2 initialization
                 ; 0000 0072 // Clock source: System Clock
                 ; 0000 0073 // Clock value: Timer2 Stopped
                 ; 0000 0074 // Mode: Normal top=0xFF
                 ; 0000 0075 // OC2 output: Disconnected
                 ; 0000 0076 ASSR=0<<AS2;
0000a3 bde2      	OUT  0x22,R30
                 ; 0000 0077 TCCR2=(0<<PWM2) | (0<<COM21) | (0<<COM20) | (0<<CTC2) | (0<<CS22) | (0<<CS21) | (0<<CS20);
0000a4 bde5      	OUT  0x25,R30
                 ; 0000 0078 TCNT2=0x00;
0000a5 bde4      	OUT  0x24,R30
                 ; 0000 0079 OCR2=0x00;
0000a6 bde3      	OUT  0x23,R30
                 ; 0000 007A 
                 ; 0000 007B // Timer(s)/Counter(s) Interrupt(s) initialization
                 ; 0000 007C TIMSK=(0<<OCIE2) | (0<<TOIE2) | (0<<TICIE1) | (0<<OCIE1A) | (0<<OCIE1B) | (0<<TOIE1) | (0<<OCIE0) | (0<<TOIE0);
0000a7 bfe9      	OUT  0x39,R30
                 ; 0000 007D 
                 ; 0000 007E // External Interrupt(s) initialization
                 ; 0000 007F // INT0: Off
                 ; 0000 0080 // INT1: Off
                 ; 0000 0081 // INT2: Off
                 ; 0000 0082 MCUCR=(0<<ISC11) | (0<<ISC10) | (0<<ISC01) | (0<<ISC00);
0000a8 bfe5      	OUT  0x35,R30
                 ; 0000 0083 MCUCSR=(0<<ISC2);
0000a9 bfe4      	OUT  0x34,R30
                 ; 0000 0084 
                 ; 0000 0085 // USART initialization
                 ; 0000 0086 // USART disabled
                 ; 0000 0087 UCSRB=(0<<RXCIE) | (0<<TXCIE) | (0<<UDRIE) | (0<<RXEN) | (0<<TXEN) | (0<<UCSZ2) | (0<<RXB8) | (0<<TXB8);
0000aa b9ea      	OUT  0xA,R30
                 ; 0000 0088 
                 ; 0000 0089 // Analog Comparator initialization
                 ; 0000 008A // Analog Comparator: Off
                 ; 0000 008B // The Analog Comparator's positive input is
                 ; 0000 008C // connected to the AIN0 pin
                 ; 0000 008D // The Analog Comparator's negative input is
                 ; 0000 008E // connected to the AIN1 pin
                 ; 0000 008F ACSR=(1<<ACD) | (0<<ACBG) | (0<<ACO) | (0<<ACI) | (0<<ACIE) | (0<<ACIC) | (0<<ACIS1) | (0<<ACIS0);
0000ab e8e0      	LDI  R30,LOW(128)
0000ac b9e8      	OUT  0x8,R30
                 ; 0000 0090 
                 ; 0000 0091 // ADC initialization
                 ; 0000 0092 // ADC Clock frequency: 250.000 kHz
                 ; 0000 0093 // ADC Voltage Reference: AVCC pin
                 ; 0000 0094 // ADC Auto Trigger Source: ADC Stopped
                 ; 0000 0095 ADMUX=ADC_VREF_TYPE;
0000ad e4e0      	LDI  R30,LOW(64)
0000ae b9e7      	OUT  0x7,R30
                 ; 0000 0096 ADCSRA=(1<<ADEN) | (0<<ADSC) | (0<<ADATE) | (0<<ADIF) | (0<<ADIE) | (1<<ADPS2) | (0<<ADPS1) | (1<<ADPS0);
0000af e8e5      	LDI  R30,LOW(133)
0000b0 b9e6      	OUT  0x6,R30
                 ; 0000 0097 SFIOR=(0<<ADTS2) | (0<<ADTS1) | (0<<ADTS0);
0000b1 e0e0      	LDI  R30,LOW(0)
0000b2 bfe0      	OUT  0x30,R30
                 ; 0000 0098 
                 ; 0000 0099 // SPI initialization
                 ; 0000 009A // SPI disabled
                 ; 0000 009B SPCR=(0<<SPIE) | (0<<SPE) | (0<<DORD) | (0<<MSTR) | (0<<CPOL) | (0<<CPHA) | (0<<SPR1) | (0<<SPR0);
0000b3 b9ed      	OUT  0xD,R30
                 ; 0000 009C 
                 ; 0000 009D // TWI initialization
                 ; 0000 009E // TWI disabled
                 ; 0000 009F TWCR=(0<<TWEA) | (0<<TWSTA) | (0<<TWSTO) | (0<<TWEN) | (0<<TWIE);
0000b4 bfe6      	OUT  0x36,R30
                 ; 0000 00A0 
                 ; 0000 00A1 // Alphanumeric LCD initialization
                 ; 0000 00A2 // Connections are specified in the
                 ; 0000 00A3 // Project|Configure|C Compiler|Libraries|Alphanumeric LCD menu:
                 ; 0000 00A4 // RS - PORTC Bit 0
                 ; 0000 00A5 // RD - PORTC Bit 1
                 ; 0000 00A6 // EN - PORTC Bit 2
                 ; 0000 00A7 // D4 - PORTC Bit 4
                 ; 0000 00A8 // D5 - PORTC Bit 5
                 ; 0000 00A9 // D6 - PORTC Bit 6
                 ; 0000 00AA // D7 - PORTC Bit 7
                 ; 0000 00AB // Characters/line: 16
                 ; 0000 00AC lcd_init(16);
0000b5 e1a0      	LDI  R26,LOW(16)
0000b6 940e 030c 	CALL _lcd_init
                 ; 0000 00AD 
                 ; 0000 00AE while (1)
                 _0x6:
                 ; 0000 00AF       {
                 ; 0000 00B0          lcd_clear();
0000b8 940e 02da 	CALL _lcd_clear
                 ; 0000 00B1 
                 ; 0000 00B2          lcd_gotoxy(3,0);
0000ba e0e3      	LDI  R30,LOW(3)
0000bb 93ea      	ST   -Y,R30
0000bc e0a0      	LDI  R26,LOW(0)
0000bd 940e 02cd 	CALL _lcd_gotoxy
                 ; 0000 00B3          lcd_puts("LM35 Sensor");
                +
0000bf e6a0     +LDI R26 , LOW ( _0x9 + ( 0 ) )
0000c0 e0b2     +LDI R27 , HIGH ( _0x9 + ( 0 ) )
                 	__POINTW2MN _0x9,0
0000c1 940e 02fb 	CALL _lcd_puts
                 ; 0000 00B4 
                 ; 0000 00B5          temp = read_adc(0);
0000c3 e0a0      	LDI  R26,LOW(0)
0000c4 dfb9      	RCALL _read_adc
0000c5 012f      	MOVW R4,R30
                 ; 0000 00B6          temp = (int)(temp * 0.488);
0000c6 940e 048d 	CALL __CWD1
0000c8 940e 0401 	CALL __CDF1
                +
0000ca e2a3     +LDI R26 , LOW ( 0x3EF9DB23 )
0000cb edbb     +LDI R27 , HIGH ( 0x3EF9DB23 )
0000cc ef89     +LDI R24 , BYTE3 ( 0x3EF9DB23 )
0000cd e39e     +LDI R25 , BYTE4 ( 0x3EF9DB23 )
                 	__GETD2N 0x3EF9DB23
0000ce 940e 042f 	CALL __MULF12
0000d0 940e 03ca 	CALL __CFD1
0000d2 012f      	MOVW R4,R30
                 ; 0000 00B7          sprintf(output, "%d", temp);
0000d3 e7e4      	LDI  R30,LOW(_output)
0000d4 e0f2      	LDI  R31,HIGH(_output)
0000d5 93fa      	ST   -Y,R31
0000d6 93ea      	ST   -Y,R30
                +
0000d7 e7e4     +LDI R30 , LOW ( 2 * _0x0 + ( 12 ) )
0000d8 e0f0     +LDI R31 , HIGH ( 2 * _0x0 + ( 12 ) )
                 	__POINTW1FN _0x0,12
0000d9 93fa      	ST   -Y,R31
0000da 93ea      	ST   -Y,R30
0000db 01f2      	MOVW R30,R4
0000dc 940e 048d 	CALL __CWD1
0000de 940e 049a 	CALL __PUTPARD1
0000e0 e084      	LDI  R24,4
0000e1 940e 0279 	CALL _sprintf
0000e3 9628      	ADIW R28,8
                 ; 0000 00B8          lcd_gotoxy(9,1);
0000e4 e0e9      	LDI  R30,LOW(9)
0000e5 940e 0353 	CALL SUBOPT_0x0
                 ; 0000 00B9          lcd_puts(output);
0000e7 e7a4      	LDI  R26,LOW(_output)
0000e8 e0b2      	LDI  R27,HIGH(_output)
0000e9 940e 02fb 	CALL _lcd_puts
                 ; 0000 00BA 
                 ; 0000 00BB          lcd_gotoxy(3,1);
0000eb e0e3      	LDI  R30,LOW(3)
0000ec 940e 0353 	CALL SUBOPT_0x0
                 ; 0000 00BC          lcd_puts("Temp:");
                +
0000ee e6ac     +LDI R26 , LOW ( _0x9 + ( 12 ) )
0000ef e0b2     +LDI R27 , HIGH ( _0x9 + ( 12 ) )
                 	__POINTW2MN _0x9,12
0000f0 940e 02fb 	CALL _lcd_puts
                 ; 0000 00BD          lcd_gotoxy(12,1);
0000f2 e0ec      	LDI  R30,LOW(12)
0000f3 940e 0353 	CALL SUBOPT_0x0
                 ; 0000 00BE          lcd_putchar(223);
0000f5 edaf      	LDI  R26,LOW(223)
0000f6 940e 02e6 	CALL _lcd_putchar
                 ; 0000 00BF          lcd_gotoxy(13,1);
0000f8 e0ed      	LDI  R30,LOW(13)
0000f9 940e 0353 	CALL SUBOPT_0x0
                 ; 0000 00C0          lcd_puts("C");
                +
0000fb e7a2     +LDI R26 , LOW ( _0x9 + ( 18 ) )
0000fc e0b2     +LDI R27 , HIGH ( _0x9 + ( 18 ) )
                 	__POINTW2MN _0x9,18
0000fd 940e 02fb 	CALL _lcd_puts
                 ; 0000 00C1 
                 ; 0000 00C2          delay_ms(500);
0000ff efa4      	LDI  R26,LOW(500)
000100 e0b1      	LDI  R27,HIGH(500)
000101 940e 0391 	CALL _delay_ms
                 ; 0000 00C3       }
000103 cfb4      	RJMP _0x6
                 ; 0000 00C4 }
                 _0xA:
000104 cfff      	RJMP _0xA
                 ; .FEND
                 
                 	.DSEG
                 _0x9:
000260           	.BYTE 0x14
                 	#ifndef __SLEEP_DEFINED__
                 	#endif
                 
                 	.CSEG
                 _put_buff_G100:
                 ; .FSTART _put_buff_G100
000105 93ba      	ST   -Y,R27
000106 93aa      	ST   -Y,R26
000107 931a      	ST   -Y,R17
000108 930a      	ST   -Y,R16
000109 81aa      	LDD  R26,Y+2
00010a 81bb      	LDD  R27,Y+2+1
00010b 9612      	ADIW R26,2
00010c 940e 0492 	CALL __GETW1P
00010e 9730      	SBIW R30,0
00010f f159      	BREQ _0x2000010
000110 81aa      	LDD  R26,Y+2
000111 81bb      	LDD  R27,Y+2+1
000112 9614      	ADIW R26,4
000113 940e 0492 	CALL __GETW1P
000115 018f      	MOVW R16,R30
000116 9730      	SBIW R30,0
000117 f061      	BREQ _0x2000012
                +
000118 3002     +CPI R16 , LOW ( 2 )
000119 e0e0     +LDI R30 , HIGH ( 2 )
00011a 071e     +CPC R17 , R30
                 	__CPWRN 16,17,2
00011b f098      	BRLO _0x2000013
00011c 01f8      	MOVW R30,R16
00011d 9731      	SBIW R30,1
00011e 018f      	MOVW R16,R30
                +
00011f 81aa     +LDD R26 , Y + 2
000120 81bb     +LDD R27 , Y + 2 + 1
000121 9614     +ADIW R26 , 4
000122 93ed     +ST X + , R30
000123 93fc     +ST X , R31
                 	__PUTW1SNS 2,4
                 _0x2000012:
000124 81aa      	LDD  R26,Y+2
000125 81bb      	LDD  R27,Y+2+1
000126 9612      	ADIW R26,2
000127 91ed      	LD   R30,X+
000128 91fd      	LD   R31,X+
000129 9631      	ADIW R30,1
00012a 93fe      	ST   -X,R31
00012b 93ee      	ST   -X,R30
00012c 9731      	SBIW R30,1
00012d 81ac      	LDD  R26,Y+4
00012e 83a0      	STD  Z+0,R26
                 _0x2000013:
00012f 81aa      	LDD  R26,Y+2
000130 81bb      	LDD  R27,Y+2+1
000131 940e 0492 	CALL __GETW1P
000133 23ff      	TST  R31
000134 f02a      	BRMI _0x2000014
000135 91ed      	LD   R30,X+
000136 91fd      	LD   R31,X+
000137 9631      	ADIW R30,1
000138 93fe      	ST   -X,R31
000139 93ee      	ST   -X,R30
                 _0x2000014:
00013a c006      	RJMP _0x2000015
                 _0x2000010:
00013b 81aa      	LDD  R26,Y+2
00013c 81bb      	LDD  R27,Y+2+1
00013d efef      	LDI  R30,LOW(65535)
00013e efff      	LDI  R31,HIGH(65535)
00013f 93ed      	ST   X+,R30
000140 93fc      	ST   X,R31
                 _0x2000015:
000141 8119      	LDD  R17,Y+1
000142 8108      	LDD  R16,Y+0
000143 9625      	ADIW R28,5
000144 9508      	RET
                 ; .FEND
                 __print_G100:
                 ; .FSTART __print_G100
000145 93ba      	ST   -Y,R27
000146 93aa      	ST   -Y,R26
000147 9726      	SBIW R28,6
000148 940e 049f 	CALL __SAVELOCR6
00014a e010      	LDI  R17,0
00014b 85ac      	LDD  R26,Y+12
00014c 85bd      	LDD  R27,Y+12+1
00014d e0e0      	LDI  R30,LOW(0)
00014e e0f0      	LDI  R31,HIGH(0)
00014f 93ed      	ST   X+,R30
000150 93fc      	ST   X,R31
                 _0x2000016:
000151 89ea      	LDD  R30,Y+18
000152 89fb      	LDD  R31,Y+18+1
000153 9631      	ADIW R30,1
000154 8bea      	STD  Y+18,R30
000155 8bfb      	STD  Y+18+1,R31
000156 9731      	SBIW R30,1
000157 91e4      	LPM  R30,Z
000158 2f2e      	MOV  R18,R30
000159 30e0      	CPI  R30,0
00015a f409      	BRNE PC+2
00015b c115      	RJMP _0x2000018
00015c 2fe1      	MOV  R30,R17
00015d 30e0      	CPI  R30,0
00015e f439      	BRNE _0x200001C
00015f 3225      	CPI  R18,37
000160 f411      	BRNE _0x200001D
000161 e011      	LDI  R17,LOW(1)
000162 c002      	RJMP _0x200001E
                 _0x200001D:
000163 940e 0357 	CALL SUBOPT_0x1
                 _0x200001E:
000165 c10a      	RJMP _0x200001B
                 _0x200001C:
000166 30e1      	CPI  R30,LOW(0x1)
000167 f4a9      	BRNE _0x200001F
000168 3225      	CPI  R18,37
000169 f419      	BRNE _0x2000020
00016a 940e 0357 	CALL SUBOPT_0x1
00016c c102      	RJMP _0x20000CC
                 _0x2000020:
00016d e012      	LDI  R17,LOW(2)
00016e e040      	LDI  R20,LOW(0)
00016f e000      	LDI  R16,LOW(0)
000170 322d      	CPI  R18,45
000171 f411      	BRNE _0x2000021
000172 e001      	LDI  R16,LOW(1)
000173 c0fc      	RJMP _0x200001B
                 _0x2000021:
000174 322b      	CPI  R18,43
000175 f411      	BRNE _0x2000022
000176 e24b      	LDI  R20,LOW(43)
000177 c0f8      	RJMP _0x200001B
                 _0x2000022:
000178 3220      	CPI  R18,32
000179 f411      	BRNE _0x2000023
00017a e240      	LDI  R20,LOW(32)
00017b c0f4      	RJMP _0x200001B
                 _0x2000023:
00017c c002      	RJMP _0x2000024
                 _0x200001F:
00017d 30e2      	CPI  R30,LOW(0x2)
00017e f439      	BRNE _0x2000025
                 _0x2000024:
00017f e050      	LDI  R21,LOW(0)
000180 e013      	LDI  R17,LOW(3)
000181 3320      	CPI  R18,48
000182 f411      	BRNE _0x2000026
000183 6800      	ORI  R16,LOW(128)
000184 c0eb      	RJMP _0x200001B
                 _0x2000026:
000185 c003      	RJMP _0x2000027
                 _0x2000025:
000186 30e3      	CPI  R30,LOW(0x3)
000187 f009      	BREQ PC+2
000188 c0e7      	RJMP _0x200001B
                 _0x2000027:
000189 3320      	CPI  R18,48
00018a f010      	BRLO _0x200002A
00018b 332a      	CPI  R18,58
00018c f008      	BRLO _0x200002B
                 _0x200002A:
00018d c007      	RJMP _0x2000029
                 _0x200002B:
00018e e0aa      	LDI  R26,LOW(10)
00018f 9f5a      	MUL  R21,R26
000190 2d50      	MOV  R21,R0
000191 2fe2      	MOV  R30,R18
000192 53e0      	SUBI R30,LOW(48)
000193 0f5e      	ADD  R21,R30
000194 c0db      	RJMP _0x200001B
                 _0x2000029:
000195 2fe2      	MOV  R30,R18
000196 36e3      	CPI  R30,LOW(0x63)
000197 f449      	BRNE _0x200002F
000198 940e 035e 	CALL SUBOPT_0x2
00019a 89e8      	LDD  R30,Y+16
00019b 89f9      	LDD  R31,Y+16+1
00019c 81a4      	LDD  R26,Z+4
00019d 93aa      	ST   -Y,R26
00019e 940e 0364 	CALL SUBOPT_0x3
0001a0 c0ce      	RJMP _0x2000030
                 _0x200002F:
0001a1 37e3      	CPI  R30,LOW(0x73)
0001a2 f441      	BRNE _0x2000032
0001a3 940e 035e 	CALL SUBOPT_0x2
0001a5 940e 036a 	CALL SUBOPT_0x4
0001a7 940e 033a 	CALL _strlen
0001a9 2f1e      	MOV  R17,R30
0001aa c00a      	RJMP _0x2000033
                 _0x2000032:
0001ab 37e0      	CPI  R30,LOW(0x70)
0001ac f461      	BRNE _0x2000035
0001ad 940e 035e 	CALL SUBOPT_0x2
0001af 940e 036a 	CALL SUBOPT_0x4
0001b1 940e 0346 	CALL _strlenf
0001b3 2f1e      	MOV  R17,R30
0001b4 6008      	ORI  R16,LOW(8)
                 _0x2000033:
0001b5 6002      	ORI  R16,LOW(2)
0001b6 770f      	ANDI R16,LOW(127)
0001b7 e030      	LDI  R19,LOW(0)
0001b8 c034      	RJMP _0x2000036
                 _0x2000035:
0001b9 36e4      	CPI  R30,LOW(0x64)
0001ba f011      	BREQ _0x2000039
0001bb 36e9      	CPI  R30,LOW(0x69)
0001bc f411      	BRNE _0x200003A
                 _0x2000039:
0001bd 6004      	ORI  R16,LOW(4)
0001be c002      	RJMP _0x200003B
                 _0x200003A:
0001bf 37e5      	CPI  R30,LOW(0x75)
0001c0 f431      	BRNE _0x200003C
                 _0x200003B:
0001c1 e5e4      	LDI  R30,LOW(_tbl10_G100*2)
0001c2 e0f0      	LDI  R31,HIGH(_tbl10_G100*2)
0001c3 83ee      	STD  Y+6,R30
0001c4 83ff      	STD  Y+6+1,R31
0001c5 e015      	LDI  R17,LOW(5)
0001c6 c00c      	RJMP _0x200003D
                 _0x200003C:
0001c7 35e8      	CPI  R30,LOW(0x58)
0001c8 f411      	BRNE _0x200003F
0001c9 6008      	ORI  R16,LOW(8)
0001ca c003      	RJMP _0x2000040
                 _0x200003F:
0001cb 37e8      	CPI  R30,LOW(0x78)
0001cc f009      	BREQ PC+2
0001cd c0a1      	RJMP _0x2000071
                 _0x2000040:
0001ce e5ee      	LDI  R30,LOW(_tbl16_G100*2)
0001cf e0f0      	LDI  R31,HIGH(_tbl16_G100*2)
0001d0 83ee      	STD  Y+6,R30
0001d1 83ff      	STD  Y+6+1,R31
0001d2 e014      	LDI  R17,LOW(4)
                 _0x200003D:
0001d3 ff02      	SBRS R16,2
0001d4 c014      	RJMP _0x2000042
0001d5 940e 035e 	CALL SUBOPT_0x2
0001d7 940e 0374 	CALL SUBOPT_0x5
0001d9 85ab      	LDD  R26,Y+11
0001da 23aa      	TST  R26
0001db f43a      	BRPL _0x2000043
0001dc 85ea      	LDD  R30,Y+10
0001dd 85fb      	LDD  R31,Y+10+1
0001de 940e 0481 	CALL __ANEGW1
0001e0 87ea      	STD  Y+10,R30
0001e1 87fb      	STD  Y+10+1,R31
0001e2 e24d      	LDI  R20,LOW(45)
                 _0x2000043:
0001e3 3040      	CPI  R20,0
0001e4 f011      	BREQ _0x2000044
0001e5 5f1f      	SUBI R17,-LOW(1)
0001e6 c001      	RJMP _0x2000045
                 _0x2000044:
0001e7 7f0b      	ANDI R16,LOW(251)
                 _0x2000045:
0001e8 c004      	RJMP _0x2000046
                 _0x2000042:
0001e9 940e 035e 	CALL SUBOPT_0x2
0001eb 940e 0374 	CALL SUBOPT_0x5
                 _0x2000046:
                 _0x2000036:
0001ed fd00      	SBRC R16,0
0001ee c011      	RJMP _0x2000047
                 _0x2000048:
0001ef 1715      	CP   R17,R21
0001f0 f478      	BRSH _0x200004A
0001f1 ff07      	SBRS R16,7
0001f2 c008      	RJMP _0x200004B
0001f3 ff02      	SBRS R16,2
0001f4 c004      	RJMP _0x200004C
0001f5 7f0b      	ANDI R16,LOW(251)
0001f6 2f24      	MOV  R18,R20
0001f7 5011      	SUBI R17,LOW(1)
0001f8 c001      	RJMP _0x200004D
                 _0x200004C:
0001f9 e320      	LDI  R18,LOW(48)
                 _0x200004D:
0001fa c001      	RJMP _0x200004E
                 _0x200004B:
0001fb e220      	LDI  R18,LOW(32)
                 _0x200004E:
0001fc 940e 0357 	CALL SUBOPT_0x1
0001fe 5051      	SUBI R21,LOW(1)
0001ff cfef      	RJMP _0x2000048
                 _0x200004A:
                 _0x2000047:
000200 2f31      	MOV  R19,R17
000201 ff01      	SBRS R16,1
000202 c017      	RJMP _0x200004F
                 _0x2000050:
000203 3030      	CPI  R19,0
000204 f0a1      	BREQ _0x2000052
000205 ff03      	SBRS R16,3
000206 c006      	RJMP _0x2000053
000207 81ee      	LDD  R30,Y+6
000208 81ff      	LDD  R31,Y+6+1
000209 9125      	LPM  R18,Z+
00020a 83ee      	STD  Y+6,R30
00020b 83ff      	STD  Y+6+1,R31
00020c c005      	RJMP _0x2000054
                 _0x2000053:
00020d 81ae      	LDD  R26,Y+6
00020e 81bf      	LDD  R27,Y+6+1
00020f 912d      	LD   R18,X+
000210 83ae      	STD  Y+6,R26
000211 83bf      	STD  Y+6+1,R27
                 _0x2000054:
000212 940e 0357 	CALL SUBOPT_0x1
000214 3050      	CPI  R21,0
000215 f009      	BREQ _0x2000055
000216 5051      	SUBI R21,LOW(1)
                 _0x2000055:
000217 5031      	SUBI R19,LOW(1)
000218 cfea      	RJMP _0x2000050
                 _0x2000052:
000219 c04b      	RJMP _0x2000056
                 _0x200004F:
                 _0x2000058:
00021a e320      	LDI  R18,LOW(48)
00021b 81ee      	LDD  R30,Y+6
00021c 81ff      	LDD  R31,Y+6+1
00021d 940e 0496 	CALL __GETW1PF
00021f 87e8      	STD  Y+8,R30
000220 87f9      	STD  Y+8+1,R31
000221 81ee      	LDD  R30,Y+6
000222 81ff      	LDD  R31,Y+6+1
000223 9632      	ADIW R30,2
000224 83ee      	STD  Y+6,R30
000225 83ff      	STD  Y+6+1,R31
                 _0x200005A:
000226 85e8      	LDD  R30,Y+8
000227 85f9      	LDD  R31,Y+8+1
000228 85aa      	LDD  R26,Y+10
000229 85bb      	LDD  R27,Y+10+1
00022a 17ae      	CP   R26,R30
00022b 07bf      	CPC  R27,R31
00022c f050      	BRLO _0x200005C
00022d 5f2f      	SUBI R18,-LOW(1)
00022e 85a8      	LDD  R26,Y+8
00022f 85b9      	LDD  R27,Y+8+1
000230 85ea      	LDD  R30,Y+10
000231 85fb      	LDD  R31,Y+10+1
000232 1bea      	SUB  R30,R26
000233 0bfb      	SBC  R31,R27
000234 87ea      	STD  Y+10,R30
000235 87fb      	STD  Y+10+1,R31
000236 cfef      	RJMP _0x200005A
                 _0x200005C:
000237 332a      	CPI  R18,58
000238 f028      	BRLO _0x200005D
000239 ff03      	SBRS R16,3
00023a c002      	RJMP _0x200005E
00023b 5f29      	SUBI R18,-LOW(7)
00023c c001      	RJMP _0x200005F
                 _0x200005E:
00023d 5d29      	SUBI R18,-LOW(39)
                 _0x200005F:
                 _0x200005D:
00023e fd04      	SBRC R16,4
00023f c01a      	RJMP _0x2000061
000240 3321      	CPI  R18,49
000241 f420      	BRSH _0x2000063
000242 85a8      	LDD  R26,Y+8
000243 85b9      	LDD  R27,Y+8+1
000244 9711      	SBIW R26,1
000245 f409      	BRNE _0x2000062
                 _0x2000063:
000246 c009      	RJMP _0x20000CD
                 _0x2000062:
000247 1753      	CP   R21,R19
000248 f010      	BRLO _0x2000067
000249 ff00      	SBRS R16,0
00024a c001      	RJMP _0x2000068
                 _0x2000067:
00024b c013      	RJMP _0x2000066
                 _0x2000068:
00024c e220      	LDI  R18,LOW(32)
00024d ff07      	SBRS R16,7
00024e c00b      	RJMP _0x2000069
00024f e320      	LDI  R18,LOW(48)
                 _0x20000CD:
000250 6100      	ORI  R16,LOW(16)
000251 ff02      	SBRS R16,2
000252 c007      	RJMP _0x200006A
000253 7f0b      	ANDI R16,LOW(251)
000254 934a      	ST   -Y,R20
000255 940e 0364 	CALL SUBOPT_0x3
000257 3050      	CPI  R21,0
000258 f009      	BREQ _0x200006B
000259 5051      	SUBI R21,LOW(1)
                 _0x200006B:
                 _0x200006A:
                 _0x2000069:
                 _0x2000061:
00025a 940e 0357 	CALL SUBOPT_0x1
00025c 3050      	CPI  R21,0
00025d f009      	BREQ _0x200006C
00025e 5051      	SUBI R21,LOW(1)
                 _0x200006C:
                 _0x2000066:
00025f 5031      	SUBI R19,LOW(1)
000260 85a8      	LDD  R26,Y+8
000261 85b9      	LDD  R27,Y+8+1
000262 9712      	SBIW R26,2
000263 f008      	BRLO _0x2000059
000264 cfb5      	RJMP _0x2000058
                 _0x2000059:
                 _0x2000056:
000265 ff00      	SBRS R16,0
000266 c008      	RJMP _0x200006D
                 _0x200006E:
000267 3050      	CPI  R21,0
000268 f031      	BREQ _0x2000070
000269 5051      	SUBI R21,LOW(1)
00026a e2e0      	LDI  R30,LOW(32)
00026b 93ea      	ST   -Y,R30
00026c 940e 0364 	CALL SUBOPT_0x3
00026e cff8      	RJMP _0x200006E
                 _0x2000070:
                 _0x200006D:
                 _0x2000071:
                 _0x2000030:
                 _0x20000CC:
00026f e010      	LDI  R17,LOW(0)
                 _0x200001B:
000270 cee0      	RJMP _0x2000016
                 _0x2000018:
000271 85ac      	LDD  R26,Y+12
000272 85bd      	LDD  R27,Y+12+1
000273 940e 0492 	CALL __GETW1P
000275 940e 04a6 	CALL __LOADLOCR6
000277 9664      	ADIW R28,20
000278 9508      	RET
                 ; .FEND
                 _sprintf:
                 ; .FSTART _sprintf
000279 92ff      	PUSH R15
00027a 2ef8      	MOV  R15,R24
00027b 9726      	SBIW R28,6
00027c 940e 04a1 	CALL __SAVELOCR4
00027e 940e 037c 	CALL SUBOPT_0x6
000280 9730      	SBIW R30,0
000281 f419      	BRNE _0x2000072
000282 efef      	LDI  R30,LOW(65535)
000283 efff      	LDI  R31,HIGH(65535)
000284 c023      	RJMP _0x2080002
                 _0x2000072:
000285 01de      	MOVW R26,R28
000286 9616      	ADIW R26,6
000287 940e 047d 	CALL __ADDW2R15
000289 018d      	MOVW R16,R26
00028a 940e 037c 	CALL SUBOPT_0x6
00028c 83ee      	STD  Y+6,R30
00028d 83ff      	STD  Y+6+1,R31
00028e e0e0      	LDI  R30,LOW(0)
00028f 87e8      	STD  Y+8,R30
000290 87e9      	STD  Y+8+1,R30
000291 01de      	MOVW R26,R28
000292 961a      	ADIW R26,10
000293 940e 047d 	CALL __ADDW2R15
000295 940e 0492 	CALL __GETW1P
000297 93fa      	ST   -Y,R31
000298 93ea      	ST   -Y,R30
000299 931a      	ST   -Y,R17
00029a 930a      	ST   -Y,R16
00029b e0e5      	LDI  R30,LOW(_put_buff_G100)
00029c e0f1      	LDI  R31,HIGH(_put_buff_G100)
00029d 93fa      	ST   -Y,R31
00029e 93ea      	ST   -Y,R30
00029f 01de      	MOVW R26,R28
0002a0 961a      	ADIW R26,10
0002a1 dea3      	RCALL __print_G100
0002a2 019f      	MOVW R18,R30
0002a3 81ae      	LDD  R26,Y+6
0002a4 81bf      	LDD  R27,Y+6+1
0002a5 e0e0      	LDI  R30,LOW(0)
0002a6 93ec      	ST   X,R30
0002a7 01f9      	MOVW R30,R18
                 _0x2080002:
0002a8 940e 04a8 	CALL __LOADLOCR4
0002aa 962a      	ADIW R28,10
0002ab 90ff      	POP  R15
0002ac 9508      	RET
                 ; .FEND
                 	#ifndef __SLEEP_DEFINED__
                 	#endif
                 
                 	.DSEG
                 
                 	.CSEG
                 __lcd_write_nibble_G101:
                 ; .FSTART __lcd_write_nibble_G101
0002ad 93aa      	ST   -Y,R26
0002ae b3e5      	IN   R30,0x15
0002af 70ef      	ANDI R30,LOW(0xF)
0002b0 2fae      	MOV  R26,R30
0002b1 81e8      	LD   R30,Y
0002b2 7fe0      	ANDI R30,LOW(0xF0)
0002b3 2bea      	OR   R30,R26
0002b4 bbe5      	OUT  0x15,R30
                +
0002b5 e08d     +LDI R24 , LOW ( 13 )
                +__DELAY_USB_LOOP :
0002b6 958a     +DEC R24
0002b7 f7f1     +BRNE __DELAY_USB_LOOP
                 	__DELAY_USB 13
0002b8 9aaa      	SBI  0x15,2
                +
0002b9 e08d     +LDI R24 , LOW ( 13 )
                +__DELAY_USB_LOOP :
0002ba 958a     +DEC R24
0002bb f7f1     +BRNE __DELAY_USB_LOOP
                 	__DELAY_USB 13
0002bc 98aa      	CBI  0x15,2
                +
0002bd e08d     +LDI R24 , LOW ( 13 )
                +__DELAY_USB_LOOP :
0002be 958a     +DEC R24
0002bf f7f1     +BRNE __DELAY_USB_LOOP
                 	__DELAY_USB 13
0002c0 c077      	RJMP _0x2080001
                 ; .FEND
                 __lcd_write_data:
                 ; .FSTART __lcd_write_data
0002c1 93aa      	ST   -Y,R26
0002c2 81a8      	LD   R26,Y
0002c3 dfe9      	RCALL __lcd_write_nibble_G101
0002c4 81e8          ld    r30,y
0002c5 95e2          swap  r30
0002c6 83e8          st    y,r30
0002c7 81a8      	LD   R26,Y
0002c8 dfe4      	RCALL __lcd_write_nibble_G101
                +
0002c9 e885     +LDI R24 , LOW ( 133 )
                +__DELAY_USB_LOOP :
0002ca 958a     +DEC R24
0002cb f7f1     +BRNE __DELAY_USB_LOOP
                 	__DELAY_USB 133
0002cc c06b      	RJMP _0x2080001
                 ; .FEND
                 _lcd_gotoxy:
                 ; .FSTART _lcd_gotoxy
0002cd 93aa      	ST   -Y,R26
0002ce 81e8      	LD   R30,Y
0002cf e0f0      	LDI  R31,0
0002d0 58e2      	SUBI R30,LOW(-__base_y_G101)
0002d1 4ffd      	SBCI R31,HIGH(-__base_y_G101)
0002d2 81e0      	LD   R30,Z
0002d3 81a9      	LDD  R26,Y+1
0002d4 0fae      	ADD  R26,R30
0002d5 dfeb      	RCALL __lcd_write_data
0002d6 8079      	LDD  R7,Y+1
0002d7 8068      	LDD  R6,Y+0
0002d8 9622      	ADIW R28,2
0002d9 9508      	RET
                 ; .FEND
                 _lcd_clear:
                 ; .FSTART _lcd_clear
0002da e0a2      	LDI  R26,LOW(2)
0002db 940e 0383 	CALL SUBOPT_0x7
0002dd e0ac      	LDI  R26,LOW(12)
0002de dfe2      	RCALL __lcd_write_data
0002df e0a1      	LDI  R26,LOW(1)
0002e0 940e 0383 	CALL SUBOPT_0x7
0002e2 e0e0      	LDI  R30,LOW(0)
0002e3 2e6e      	MOV  R6,R30
0002e4 2e7e      	MOV  R7,R30
0002e5 9508      	RET
                 ; .FEND
                 _lcd_putchar:
                 ; .FSTART _lcd_putchar
0002e6 93aa      	ST   -Y,R26
0002e7 81a8      	LD   R26,Y
0002e8 30aa      	CPI  R26,LOW(0xA)
0002e9 f011      	BREQ _0x2020005
0002ea 1479      	CP   R7,R9
0002eb f048      	BRLO _0x2020004
                 _0x2020005:
0002ec e0e0      	LDI  R30,LOW(0)
0002ed 93ea      	ST   -Y,R30
0002ee 9463      	INC  R6
0002ef 2da6      	MOV  R26,R6
0002f0 dfdc      	RCALL _lcd_gotoxy
0002f1 81a8      	LD   R26,Y
0002f2 30aa      	CPI  R26,LOW(0xA)
0002f3 f409      	BRNE _0x2020007
0002f4 c043      	RJMP _0x2080001
                 _0x2020007:
                 _0x2020004:
0002f5 9473      	INC  R7
0002f6 9aa8      	SBI  0x15,0
0002f7 81a8      	LD   R26,Y
0002f8 dfc8      	RCALL __lcd_write_data
0002f9 98a8      	CBI  0x15,0
0002fa c03d      	RJMP _0x2080001
                 ; .FEND
                 _lcd_puts:
                 ; .FSTART _lcd_puts
0002fb 93ba      	ST   -Y,R27
0002fc 93aa      	ST   -Y,R26
0002fd 931a      	ST   -Y,R17
                 _0x2020008:
0002fe 81a9      	LDD  R26,Y+1
0002ff 81ba      	LDD  R27,Y+1+1
000300 91ed      	LD   R30,X+
000301 83a9      	STD  Y+1,R26
000302 83ba      	STD  Y+1+1,R27
000303 2f1e      	MOV  R17,R30
000304 30e0      	CPI  R30,0
000305 f019      	BREQ _0x202000A
000306 2fa1      	MOV  R26,R17
000307 dfde      	RCALL _lcd_putchar
000308 cff5      	RJMP _0x2020008
                 _0x202000A:
000309 8118      	LDD  R17,Y+0
00030a 9623      	ADIW R28,3
00030b 9508      	RET
                 ; .FEND
                 _lcd_init:
                 ; .FSTART _lcd_init
00030c 93aa      	ST   -Y,R26
00030d b3e4      	IN   R30,0x14
00030e 6fe0      	ORI  R30,LOW(0xF0)
00030f bbe4      	OUT  0x14,R30
000310 9aa2      	SBI  0x14,2
000311 9aa0      	SBI  0x14,0
000312 9aa1      	SBI  0x14,1
000313 98aa      	CBI  0x15,2
000314 98a8      	CBI  0x15,0
000315 98a9      	CBI  0x15,1
000316 8098      	LDD  R9,Y+0
000317 81e8      	LD   R30,Y
000318 58e0      	SUBI R30,-LOW(128)
                +
000319 93e0 0280+STS __base_y_G101 + ( 2 ) , R30
                 	__PUTB1MN __base_y_G101,2
00031b 81e8      	LD   R30,Y
00031c 54e0      	SUBI R30,-LOW(192)
                +
00031d 93e0 0281+STS __base_y_G101 + ( 3 ) , R30
                 	__PUTB1MN __base_y_G101,3
00031f e1a4      	LDI  R26,LOW(20)
000320 e0b0      	LDI  R27,0
000321 940e 0391 	CALL _delay_ms
000323 940e 0389 	CALL SUBOPT_0x8
000325 940e 0389 	CALL SUBOPT_0x8
000327 940e 0389 	CALL SUBOPT_0x8
000329 e2a0      	LDI  R26,LOW(32)
00032a df82      	RCALL __lcd_write_nibble_G101
                +
00032b ec88     +LDI R24 , LOW ( 200 )
00032c e090     +LDI R25 , HIGH ( 200 )
                +__DELAY_USW_LOOP :
00032d 9701     +SBIW R24 , 1
00032e f7f1     +BRNE __DELAY_USW_LOOP
                 	__DELAY_USW 200
00032f e2a8      	LDI  R26,LOW(40)
000330 df90      	RCALL __lcd_write_data
000331 e0a4      	LDI  R26,LOW(4)
000332 df8e      	RCALL __lcd_write_data
000333 e8a5      	LDI  R26,LOW(133)
000334 df8c      	RCALL __lcd_write_data
000335 e0a6      	LDI  R26,LOW(6)
000336 df8a      	RCALL __lcd_write_data
000337 dfa2      	RCALL _lcd_clear
                 _0x2080001:
000338 9621      	ADIW R28,1
000339 9508      	RET
                 ; .FEND
                 
                 	.CSEG
                 
                 	.CSEG
                 _strlen:
                 ; .FSTART _strlen
00033a 93ba      	ST   -Y,R27
00033b 93aa      	ST   -Y,R26
00033c 91a9          ld   r26,y+
00033d 91b9          ld   r27,y+
00033e 27ee          clr  r30
00033f 27ff          clr  r31
                 strlen0:
000340 916d          ld   r22,x+
000341 2366          tst  r22
000342 f011          breq strlen1
000343 9631          adiw r30,1
000344 cffb          rjmp strlen0
                 strlen1:
000345 9508          ret
                 ; .FEND
                 _strlenf:
                 ; .FSTART _strlenf
000346 93ba      	ST   -Y,R27
000347 93aa      	ST   -Y,R26
000348 27aa          clr  r26
000349 27bb          clr  r27
00034a 91e9          ld   r30,y+
00034b 91f9          ld   r31,y+
                 strlenf0:
00034c 9005      	lpm  r0,z+
00034d 2000          tst  r0
00034e f011          breq strlenf1
00034f 9611          adiw r26,1
000350 cffb          rjmp strlenf0
                 strlenf1:
000351 01fd          movw r30,r26
000352 9508          ret
                 ; .FEND
                 
                 	.DSEG
                 _output:
000274           	.BYTE 0xA
                 __base_y_G101:
00027e           	.BYTE 0x4
                 
                 	.CSEG
                 ;OPTIMIZER ADDED SUBROUTINE, CALLED 4 TIMES, CODE SIZE REDUCTION:3 WORDS
                 SUBOPT_0x0:
000353 93ea      	ST   -Y,R30
000354 e0a1      	LDI  R26,LOW(1)
000355 940c 02cd 	JMP  _lcd_gotoxy
                 
                 ;OPTIMIZER ADDED SUBROUTINE, CALLED 5 TIMES, CODE SIZE REDUCTION:13 WORDS
                 SUBOPT_0x1:
000357 932a      	ST   -Y,R18
000358 85ad      	LDD  R26,Y+13
000359 85be      	LDD  R27,Y+13+1
00035a 85ef      	LDD  R30,Y+15
00035b 89f8      	LDD  R31,Y+15+1
00035c 9509      	ICALL
00035d 9508      	RET
                 
                 ;OPTIMIZER ADDED SUBROUTINE, CALLED 5 TIMES, CODE SIZE REDUCTION:9 WORDS
                 SUBOPT_0x2:
00035e 89e8      	LDD  R30,Y+16
00035f 89f9      	LDD  R31,Y+16+1
000360 9734      	SBIW R30,4
000361 8be8      	STD  Y+16,R30
000362 8bf9      	STD  Y+16+1,R31
000363 9508      	RET
                 
                 ;OPTIMIZER ADDED SUBROUTINE, CALLED 3 TIMES, CODE SIZE REDUCTION:3 WORDS
                 SUBOPT_0x3:
000364 85ad      	LDD  R26,Y+13
000365 85be      	LDD  R27,Y+13+1
000366 85ef      	LDD  R30,Y+15
000367 89f8      	LDD  R31,Y+15+1
000368 9509      	ICALL
000369 9508      	RET
                 
                 ;OPTIMIZER ADDED SUBROUTINE, CALLED 2 TIMES, CODE SIZE REDUCTION:4 WORDS
                 SUBOPT_0x4:
00036a 89a8      	LDD  R26,Y+16
00036b 89b9      	LDD  R27,Y+16+1
00036c 9614      	ADIW R26,4
00036d 940e 0492 	CALL __GETW1P
00036f 83ee      	STD  Y+6,R30
000370 83ff      	STD  Y+6+1,R31
000371 81ae      	LDD  R26,Y+6
000372 81bf      	LDD  R27,Y+6+1
000373 9508      	RET
                 
                 ;OPTIMIZER ADDED SUBROUTINE, CALLED 2 TIMES, CODE SIZE REDUCTION:2 WORDS
                 SUBOPT_0x5:
000374 89a8      	LDD  R26,Y+16
000375 89b9      	LDD  R27,Y+16+1
000376 9614      	ADIW R26,4
000377 940e 0492 	CALL __GETW1P
000379 87ea      	STD  Y+10,R30
00037a 87fb      	STD  Y+10+1,R31
00037b 9508      	RET
                 
                 ;OPTIMIZER ADDED SUBROUTINE, CALLED 2 TIMES, CODE SIZE REDUCTION:1 WORDS
                 SUBOPT_0x6:
00037c 01de      	MOVW R26,R28
00037d 961c      	ADIW R26,12
00037e 940e 047d 	CALL __ADDW2R15
000380 940e 0492 	CALL __GETW1P
000382 9508      	RET
                 
                 ;OPTIMIZER ADDED SUBROUTINE, CALLED 2 TIMES, CODE SIZE REDUCTION:1 WORDS
                 SUBOPT_0x7:
000383 940e 02c1 	CALL __lcd_write_data
000385 e0a3      	LDI  R26,LOW(3)
000386 e0b0      	LDI  R27,0
000387 940c 0391 	JMP  _delay_ms
                 
                 ;OPTIMIZER ADDED SUBROUTINE, CALLED 3 TIMES, CODE SIZE REDUCTION:7 WORDS
                 SUBOPT_0x8:
000389 e3a0      	LDI  R26,LOW(48)
00038a 940e 02ad 	CALL __lcd_write_nibble_G101
                +
00038c ec88     +LDI R24 , LOW ( 200 )
00038d e090     +LDI R25 , HIGH ( 200 )
                +__DELAY_USW_LOOP :
00038e 9701     +SBIW R24 , 1
00038f f7f1     +BRNE __DELAY_USW_LOOP
                 	__DELAY_USW 200
000390 9508      	RET
                 
                 
                 	.CSEG
                 _delay_ms:
000391 9610      	adiw r26,0
000392 f039      	breq __delay_ms1
                 __delay_ms0:
                +
000393 ed80     +LDI R24 , LOW ( 0x7D0 )
000394 e097     +LDI R25 , HIGH ( 0x7D0 )
                +__DELAY_USW_LOOP :
000395 9701     +SBIW R24 , 1
000396 f7f1     +BRNE __DELAY_USW_LOOP
                 	__DELAY_USW 0x7D0
000397 95a8      	wdr
000398 9711      	sbiw r26,1
000399 f7c9      	brne __delay_ms0
                 __delay_ms1:
00039a 9508      	ret
                 
                 __ROUND_REPACK:
00039b 2355      	TST  R21
00039c f442      	BRPL __REPACK
00039d 3850      	CPI  R21,0x80
00039e f411      	BRNE __ROUND_REPACK0
00039f ffe0      	SBRS R30,0
0003a0 c004      	RJMP __REPACK
                 __ROUND_REPACK0:
0003a1 9631      	ADIW R30,1
0003a2 1f69      	ADC  R22,R25
0003a3 1f79      	ADC  R23,R25
0003a4 f06b      	BRVS __REPACK1
                 
                 __REPACK:
0003a5 e850      	LDI  R21,0x80
0003a6 2757      	EOR  R21,R23
0003a7 f411      	BRNE __REPACK0
0003a8 935f      	PUSH R21
0003a9 c073      	RJMP __ZERORES
                 __REPACK0:
0003aa 3f5f      	CPI  R21,0xFF
0003ab f031      	BREQ __REPACK1
0003ac 0f66      	LSL  R22
0003ad 0c00      	LSL  R0
0003ae 9557      	ROR  R21
0003af 9567      	ROR  R22
0003b0 2f75      	MOV  R23,R21
0003b1 9508      	RET
                 __REPACK1:
0003b2 935f      	PUSH R21
0003b3 2000      	TST  R0
0003b4 f00a      	BRMI __REPACK2
0003b5 c073      	RJMP __MAXRES
                 __REPACK2:
0003b6 c06c      	RJMP __MINRES
                 
                 __UNPACK:
0003b7 e850      	LDI  R21,0x80
0003b8 2e19      	MOV  R1,R25
0003b9 2215      	AND  R1,R21
0003ba 0f88      	LSL  R24
0003bb 1f99      	ROL  R25
0003bc 2795      	EOR  R25,R21
0003bd 0f55      	LSL  R21
0003be 9587      	ROR  R24
                 
                 __UNPACK1:
0003bf e850      	LDI  R21,0x80
0003c0 2e07      	MOV  R0,R23
0003c1 2205      	AND  R0,R21
0003c2 0f66      	LSL  R22
0003c3 1f77      	ROL  R23
0003c4 2775      	EOR  R23,R21
0003c5 0f55      	LSL  R21
0003c6 9567      	ROR  R22
0003c7 9508      	RET
                 
                 __CFD1U:
0003c8 9468      	SET
0003c9 c001      	RJMP __CFD1U0
                 __CFD1:
0003ca 94e8      	CLT
                 __CFD1U0:
0003cb 935f      	PUSH R21
0003cc dff2      	RCALL __UNPACK1
0003cd 3870      	CPI  R23,0x80
0003ce f018      	BRLO __CFD10
0003cf 3f7f      	CPI  R23,0xFF
0003d0 f408      	BRCC __CFD10
0003d1 c04b      	RJMP __ZERORES
                 __CFD10:
0003d2 e156      	LDI  R21,22
0003d3 1b57      	SUB  R21,R23
0003d4 f4aa      	BRPL __CFD11
0003d5 9551      	NEG  R21
0003d6 3058      	CPI  R21,8
0003d7 f40e      	BRTC __CFD19
0003d8 3059      	CPI  R21,9
                 __CFD19:
0003d9 f030      	BRLO __CFD17
0003da efef      	SER  R30
0003db efff      	SER  R31
0003dc ef6f      	SER  R22
0003dd e77f      	LDI  R23,0x7F
0003de f977      	BLD  R23,7
0003df c01a      	RJMP __CFD15
                 __CFD17:
0003e0 2777      	CLR  R23
0003e1 2355      	TST  R21
0003e2 f0b9      	BREQ __CFD15
                 __CFD18:
0003e3 0fee      	LSL  R30
0003e4 1fff      	ROL  R31
0003e5 1f66      	ROL  R22
0003e6 1f77      	ROL  R23
0003e7 955a      	DEC  R21
0003e8 f7d1      	BRNE __CFD18
0003e9 c010      	RJMP __CFD15
                 __CFD11:
0003ea 2777      	CLR  R23
                 __CFD12:
0003eb 3058      	CPI  R21,8
0003ec f028      	BRLO __CFD13
0003ed 2fef      	MOV  R30,R31
0003ee 2ff6      	MOV  R31,R22
0003ef 2f67      	MOV  R22,R23
0003f0 5058      	SUBI R21,8
0003f1 cff9      	RJMP __CFD12
                 __CFD13:
0003f2 2355      	TST  R21
0003f3 f031      	BREQ __CFD15
                 __CFD14:
0003f4 9576      	LSR  R23
0003f5 9567      	ROR  R22
0003f6 95f7      	ROR  R31
0003f7 95e7      	ROR  R30
0003f8 955a      	DEC  R21
0003f9 f7d1      	BRNE __CFD14
                 __CFD15:
0003fa 2000      	TST  R0
0003fb f40a      	BRPL __CFD16
0003fc d088      	RCALL __ANEGD1
                 __CFD16:
0003fd 915f      	POP  R21
0003fe 9508      	RET
                 
                 __CDF1U:
0003ff 9468      	SET
000400 c001      	RJMP __CDF1U0
                 __CDF1:
000401 94e8      	CLT
                 __CDF1U0:
000402 9730      	SBIW R30,0
000403 4060      	SBCI R22,0
000404 4070      	SBCI R23,0
000405 f0b1      	BREQ __CDF10
000406 2400      	CLR  R0
000407 f026      	BRTS __CDF11
000408 2377      	TST  R23
000409 f412      	BRPL __CDF11
00040a 9400      	COM  R0
00040b d079      	RCALL __ANEGD1
                 __CDF11:
00040c 2e17      	MOV  R1,R23
00040d e17e      	LDI  R23,30
00040e 2011      	TST  R1
                 __CDF12:
00040f f032      	BRMI __CDF13
000410 957a      	DEC  R23
000411 0fee      	LSL  R30
000412 1fff      	ROL  R31
000413 1f66      	ROL  R22
000414 1c11      	ROL  R1
000415 cff9      	RJMP __CDF12
                 __CDF13:
000416 2fef      	MOV  R30,R31
000417 2ff6      	MOV  R31,R22
000418 2d61      	MOV  R22,R1
000419 935f      	PUSH R21
00041a df8a      	RCALL __REPACK
00041b 915f      	POP  R21
                 __CDF10:
00041c 9508      	RET
                 
                 __ZERORES:
00041d 27ee      	CLR  R30
00041e 27ff      	CLR  R31
00041f 2766      	CLR  R22
000420 2777      	CLR  R23
000421 915f      	POP  R21
000422 9508      	RET
                 
                 __MINRES:
000423 efef      	SER  R30
000424 efff      	SER  R31
000425 e76f      	LDI  R22,0x7F
000426 ef7f      	SER  R23
000427 915f      	POP  R21
000428 9508      	RET
                 
                 __MAXRES:
000429 efef      	SER  R30
00042a efff      	SER  R31
00042b e76f      	LDI  R22,0x7F
00042c e77f      	LDI  R23,0x7F
00042d 915f      	POP  R21
00042e 9508      	RET
                 
                 __MULF12:
00042f 935f      	PUSH R21
000430 df86      	RCALL __UNPACK
000431 3870      	CPI  R23,0x80
000432 f351      	BREQ __ZERORES
000433 3890      	CPI  R25,0x80
000434 f341      	BREQ __ZERORES
000435 2401      	EOR  R0,R1
000436 9408      	SEC
000437 1f79      	ADC  R23,R25
000438 f423      	BRVC __MULF124
000439 f31c      	BRLT __ZERORES
                 __MULF125:
00043a 2000      	TST  R0
00043b f33a      	BRMI __MINRES
00043c cfec      	RJMP __MAXRES
                 __MULF124:
00043d 920f      	PUSH R0
00043e 931f      	PUSH R17
00043f 932f      	PUSH R18
000440 933f      	PUSH R19
000441 934f      	PUSH R20
000442 2711      	CLR  R17
000443 2722      	CLR  R18
000444 2799      	CLR  R25
000445 9f68      	MUL  R22,R24
000446 01a0      	MOVW R20,R0
000447 9f8f      	MUL  R24,R31
000448 2d30      	MOV  R19,R0
000449 0d41      	ADD  R20,R1
00044a 1f59      	ADC  R21,R25
00044b 9f6b      	MUL  R22,R27
00044c 0d30      	ADD  R19,R0
00044d 1d41      	ADC  R20,R1
00044e 1f59      	ADC  R21,R25
00044f 9f8e      	MUL  R24,R30
000450 d027      	RCALL __MULF126
000451 9fbf      	MUL  R27,R31
000452 d025      	RCALL __MULF126
000453 9f6a      	MUL  R22,R26
000454 d023      	RCALL __MULF126
000455 9fbe      	MUL  R27,R30
000456 d01d      	RCALL __MULF127
000457 9faf      	MUL  R26,R31
000458 d01b      	RCALL __MULF127
000459 9fae      	MUL  R26,R30
00045a 0d11      	ADD  R17,R1
00045b 1f29      	ADC  R18,R25
00045c 1f39      	ADC  R19,R25
00045d 1f49      	ADC  R20,R25
00045e 1f59      	ADC  R21,R25
00045f 2fe3      	MOV  R30,R19
000460 2ff4      	MOV  R31,R20
000461 2f65      	MOV  R22,R21
000462 2f52      	MOV  R21,R18
000463 914f      	POP  R20
000464 913f      	POP  R19
000465 912f      	POP  R18
000466 911f      	POP  R17
000467 900f      	POP  R0
000468 2366      	TST  R22
000469 f02a      	BRMI __MULF122
00046a 0f55      	LSL  R21
00046b 1fee      	ROL  R30
00046c 1fff      	ROL  R31
00046d 1f66      	ROL  R22
00046e c002      	RJMP __MULF123
                 __MULF122:
00046f 9573      	INC  R23
000470 f24b      	BRVS __MULF125
                 __MULF123:
000471 df29      	RCALL __ROUND_REPACK
000472 915f      	POP  R21
000473 9508      	RET
                 
                 __MULF127:
000474 0d10      	ADD  R17,R0
000475 1d21      	ADC  R18,R1
000476 1f39      	ADC  R19,R25
000477 c002      	RJMP __MULF128
                 __MULF126:
000478 0d20      	ADD  R18,R0
000479 1d31      	ADC  R19,R1
                 __MULF128:
00047a 1f49      	ADC  R20,R25
00047b 1f59      	ADC  R21,R25
00047c 9508      	RET
                 
                 __ADDW2R15:
00047d 2400      	CLR  R0
00047e 0daf      	ADD  R26,R15
00047f 1db0      	ADC  R27,R0
000480 9508      	RET
                 
                 __ANEGW1:
000481 95f1      	NEG  R31
000482 95e1      	NEG  R30
000483 40f0      	SBCI R31,0
000484 9508      	RET
                 
                 __ANEGD1:
000485 95f0      	COM  R31
000486 9560      	COM  R22
000487 9570      	COM  R23
000488 95e1      	NEG  R30
000489 4fff      	SBCI R31,-1
00048a 4f6f      	SBCI R22,-1
00048b 4f7f      	SBCI R23,-1
00048c 9508      	RET
                 
                 __CWD1:
00048d 2f6f      	MOV  R22,R31
00048e 0f66      	ADD  R22,R22
00048f 0b66      	SBC  R22,R22
000490 2f76      	MOV  R23,R22
000491 9508      	RET
                 
                 __GETW1P:
000492 91ed      	LD   R30,X+
000493 91fc      	LD   R31,X
000494 9711      	SBIW R26,1
000495 9508      	RET
                 
                 __GETW1PF:
000496 9005      	LPM  R0,Z+
000497 91f4      	LPM  R31,Z
000498 2de0      	MOV  R30,R0
000499 9508      	RET
                 
                 __PUTPARD1:
00049a 937a      	ST   -Y,R23
00049b 936a      	ST   -Y,R22
00049c 93fa      	ST   -Y,R31
00049d 93ea      	ST   -Y,R30
00049e 9508      	RET
                 
                 __SAVELOCR6:
00049f 935a      	ST   -Y,R21
                 __SAVELOCR5:
0004a0 934a      	ST   -Y,R20
                 __SAVELOCR4:
0004a1 933a      	ST   -Y,R19
                 __SAVELOCR3:
0004a2 932a      	ST   -Y,R18
                 __SAVELOCR2:
0004a3 931a      	ST   -Y,R17
0004a4 930a      	ST   -Y,R16
0004a5 9508      	RET
                 
                 __LOADLOCR6:
0004a6 815d      	LDD  R21,Y+5
                 __LOADLOCR5:
0004a7 814c      	LDD  R20,Y+4
                 __LOADLOCR4:
0004a8 813b      	LDD  R19,Y+3
                 __LOADLOCR3:
0004a9 812a      	LDD  R18,Y+2
                 __LOADLOCR2:
0004aa 8119      	LDD  R17,Y+1
0004ab 8108      	LD   R16,Y
0004ac 9508      	RET
                 
                 ;END OF CODE MARKER
                 __END_OF_CODE:


RESOURCE USE INFORMATION
------------------------

Notice:
The register and instruction counts are symbol table hit counts,
and hence implicitly used resources are not counted, eg, the
'lpm' instruction without operands implicitly uses r0 and z,
none of which are counted.

x,y,z are separate entities in the symbol table and are
counted separately from r26..r31 here.

.dseg memory usage only counts static data declared with .byte

ATmega32 register use summary:
r0 :  27 r1 :  13 r2 :   0 r3 :   0 r4 :   3 r5 :   0 r6 :   4 r7 :   4 
r8 :   0 r9 :   2 r10:   0 r11:   0 r12:   0 r13:   0 r14:   0 r15:   4 
r16:  34 r17:  29 r18:  36 r19:  16 r20:  17 r21:  61 r22:  36 r23:  31 
r24:  31 r25:  23 r26: 109 r27:  45 r28:  14 r29:   1 r30: 216 r31:  77 
x  :  23 y  : 169 z  :  15 
Registers used: 26 out of 35 (74.3%)

ATmega32 instruction use summary:
.lds  :   0 .lds.l:   0 .sts  :   0 .sts.l:   0 adc   :  16 add   :   9 
adiw  :  25 and   :   2 andi  :   6 asr   :   0 bclr  :   0 bld   :   1 
brbc  :   0 brbs  :   0 brcc  :   1 brcs  :   0 break :   0 breq  :  23 
brge  :   0 brhc  :   0 brhs  :   0 brid  :   0 brie  :   0 brlo  :  11 
brlt  :   1 brmi  :   5 brne  :  35 brpl  :   5 brsh  :   2 brtc  :   1 
brts  :   1 brvc  :   1 brvs  :   2 bset  :   0 bst   :   0 call  :  66 
cbi   :   5 cbr   :   0 clc   :   0 clh   :   0 cli   :   1 cln   :   0 
clr   :  17 cls   :   0 clt   :   2 clv   :   0 clz   :   0 com   :   4 
cp    :   4 cpc   :   2 cpi   :  42 cpse  :   0 dec   :   9 des   :   0 
eor   :   4 fmul  :   0 fmuls :   0 fmulsu:   0 icall :   2 ijmp  :   0 
in    :   4 inc   :   3 jmp   :  25 ld    :  26 ldd   :  77 ldi   : 119 
lds   :   0 lpm   :  14 lsl   :   9 lsr   :   1 mov   :  34 movw  :  18 
mul   :  10 muls  :   0 mulsu :   0 neg   :   4 nop   :   0 or    :   1 
ori   :   8 out   :  44 pop   :  12 push  :  11 rcall :  26 ret   :  35 
reti  :   0 rjmp  :  74 rol   :  11 ror   :   7 sbc   :   2 sbci  :   7 
sbi   :   7 sbic  :   0 sbis  :   1 sbiw  :  20 sbr   :   0 sbrc  :   2 
sbrs  :  11 sec   :   1 seh   :   0 sei   :   0 sen   :   0 ser   :   8 
ses   :   0 set   :   2 sev   :   0 sez   :   0 sleep :   0 spm   :   0 
st    :  61 std   :  31 sts   :   2 sub   :   2 subi  :  17 swap  :   1 
tst   :  13 wdr   :   1 
Instructions used: 71 out of 116 (61.2%)

ATmega32 memory use summary [bytes]:
Segment   Begin    End      Code   Data   Used    Size   Use%
---------------------------------------------------------------
[.cseg] 0x000000 0x00095a   2316     78   2394   32768   7.3%
[.dseg] 0x000060 0x000282      0     34     34    2048   1.7%
[.eseg] 0x000000 0x000000      0      0      0    1024   0.0%

Assembly complete, 0 errors, 6 warnings
