
AVRASM ver. 2.1.30  D:\University documents\Term 6\AZ Rizpar\AZ_7\Debug\List\az7.asm Tue Apr 16 23:35:44 2024

D:\University documents\Term 6\AZ Rizpar\AZ_7\Debug\List\az7.asm(1088): warning: Register r4 already defined by the .DEF directive
D:\University documents\Term 6\AZ Rizpar\AZ_7\Debug\List\az7.asm(1089): warning: Register r5 already defined by the .DEF directive
D:\University documents\Term 6\AZ Rizpar\AZ_7\Debug\List\az7.asm(1090): warning: Register r7 already defined by the .DEF directive
D:\University documents\Term 6\AZ Rizpar\AZ_7\Debug\List\az7.asm(1091): warning: Register r6 already defined by the .DEF directive
D:\University documents\Term 6\AZ Rizpar\AZ_7\Debug\List\az7.asm(1092): warning: Register r9 already defined by the .DEF directive
                 
                 
                 ;CodeVisionAVR C Compiler V3.12 Advanced
                 ;(C) Copyright 1998-2014 Pavel Haiduc, HP InfoTech s.r.l.
                 ;http://www.hpinfotech.com
                 
                 ;Build configuration    : Debug
                 ;Chip type              : ATmega32
                 ;Program type           : Application
                 ;Clock frequency        : 8.000000 MHz
                 ;Memory model           : Small
                 ;Optimize for           : Size
                 ;(s)printf features     : int, width
                 ;(s)scanf features      : int, width
                 ;External RAM size      : 0
                 ;Data Stack size        : 512 byte(s)
                 ;Heap size              : 0 byte(s)
                 ;Promote 'char' to 'int': Yes
                 ;'char' is unsigned     : Yes
                 ;8 bit enums            : Yes
                 ;Global 'const' stored in FLASH: Yes
                 ;Enhanced function parameter passing: Yes
                 ;Enhanced core instructions: On
                 ;Automatic register allocation for global variables: On
                 ;Smart register allocation: On
                 
                 	#define _MODEL_SMALL_
                 
                 	#pragma AVRPART ADMIN PART_NAME ATmega32
                 	#pragma AVRPART MEMORY PROG_FLASH 32768
                 	#pragma AVRPART MEMORY EEPROM 1024
                 	#pragma AVRPART MEMORY INT_SRAM SIZE 2048
                 	#pragma AVRPART MEMORY INT_SRAM START_ADDR 0x60
                 
                 	#define CALL_SUPPORTED 1
                 
                 	.LISTMAC
                 	.EQU UDRE=0x5
                 	.EQU RXC=0x7
                 	.EQU USR=0xB
                 	.EQU UDR=0xC
                 	.EQU SPSR=0xE
                 	.EQU SPDR=0xF
                 	.EQU EERE=0x0
                 	.EQU EEWE=0x1
                 	.EQU EEMWE=0x2
                 	.EQU EECR=0x1C
                 	.EQU EEDR=0x1D
                 	.EQU EEARL=0x1E
                 	.EQU EEARH=0x1F
                 	.EQU WDTCR=0x21
                 	.EQU MCUCR=0x35
                 	.EQU GICR=0x3B
                 	.EQU SPL=0x3D
                 	.EQU SPH=0x3E
                 	.EQU SREG=0x3F
                 
                 	.DEF R0X0=R0
                 	.DEF R0X1=R1
                 	.DEF R0X2=R2
                 	.DEF R0X3=R3
                 	.DEF R0X4=R4
                 	.DEF R0X5=R5
                 	.DEF R0X6=R6
                 	.DEF R0X7=R7
                 	.DEF R0X8=R8
                 	.DEF R0X9=R9
                 	.DEF R0XA=R10
                 	.DEF R0XB=R11
                 	.DEF R0XC=R12
                 	.DEF R0XD=R13
                 	.DEF R0XE=R14
                 	.DEF R0XF=R15
                 	.DEF R0X10=R16
                 	.DEF R0X11=R17
                 	.DEF R0X12=R18
                 	.DEF R0X13=R19
                 	.DEF R0X14=R20
                 	.DEF R0X15=R21
                 	.DEF R0X16=R22
                 	.DEF R0X17=R23
                 	.DEF R0X18=R24
                 	.DEF R0X19=R25
                 	.DEF R0X1A=R26
                 	.DEF R0X1B=R27
                 	.DEF R0X1C=R28
                 	.DEF R0X1D=R29
                 	.DEF R0X1E=R30
                 	.DEF R0X1F=R31
                 
                 	.EQU __SRAM_START=0x0060
                 	.EQU __SRAM_END=0x085F
                 	.EQU __DSTACK_SIZE=0x0200
                 	.EQU __HEAP_SIZE=0x0000
                 	.EQU __CLEAR_SRAM_SIZE=__SRAM_END-__SRAM_START+1
                 
                 	.MACRO __CPD1N
                 	CPI  R30,LOW(@0)
                 	LDI  R26,HIGH(@0)
                 	CPC  R31,R26
                 	LDI  R26,BYTE3(@0)
                 	CPC  R22,R26
                 	LDI  R26,BYTE4(@0)
                 	CPC  R23,R26
                 	.ENDM
                 
                 	.MACRO __CPD2N
                 	CPI  R26,LOW(@0)
                 	LDI  R30,HIGH(@0)
                 	CPC  R27,R30
                 	LDI  R30,BYTE3(@0)
                 	CPC  R24,R30
                 	LDI  R30,BYTE4(@0)
                 	CPC  R25,R30
                 	.ENDM
                 
                 	.MACRO __CPWRR
                 	CP   R@0,R@2
                 	CPC  R@1,R@3
                 	.ENDM
                 
                 	.MACRO __CPWRN
                 	CPI  R@0,LOW(@2)
                 	LDI  R30,HIGH(@2)
                 	CPC  R@1,R30
                 	.ENDM
                 
                 	.MACRO __ADDB1MN
                 	SUBI R30,LOW(-@0-(@1))
                 	.ENDM
                 
                 	.MACRO __ADDB2MN
                 	SUBI R26,LOW(-@0-(@1))
                 	.ENDM
                 
                 	.MACRO __ADDW1MN
                 	SUBI R30,LOW(-@0-(@1))
                 	SBCI R31,HIGH(-@0-(@1))
                 	.ENDM
                 
                 	.MACRO __ADDW2MN
                 	SUBI R26,LOW(-@0-(@1))
                 	SBCI R27,HIGH(-@0-(@1))
                 	.ENDM
                 
                 	.MACRO __ADDW1FN
                 	SUBI R30,LOW(-2*@0-(@1))
                 	SBCI R31,HIGH(-2*@0-(@1))
                 	.ENDM
                 
                 	.MACRO __ADDD1FN
                 	SUBI R30,LOW(-2*@0-(@1))
                 	SBCI R31,HIGH(-2*@0-(@1))
                 	SBCI R22,BYTE3(-2*@0-(@1))
                 	.ENDM
                 
                 	.MACRO __ADDD1N
                 	SUBI R30,LOW(-@0)
                 	SBCI R31,HIGH(-@0)
                 	SBCI R22,BYTE3(-@0)
                 	SBCI R23,BYTE4(-@0)
                 	.ENDM
                 
                 	.MACRO __ADDD2N
                 	SUBI R26,LOW(-@0)
                 	SBCI R27,HIGH(-@0)
                 	SBCI R24,BYTE3(-@0)
                 	SBCI R25,BYTE4(-@0)
                 	.ENDM
                 
                 	.MACRO __SUBD1N
                 	SUBI R30,LOW(@0)
                 	SBCI R31,HIGH(@0)
                 	SBCI R22,BYTE3(@0)
                 	SBCI R23,BYTE4(@0)
                 	.ENDM
                 
                 	.MACRO __SUBD2N
                 	SUBI R26,LOW(@0)
                 	SBCI R27,HIGH(@0)
                 	SBCI R24,BYTE3(@0)
                 	SBCI R25,BYTE4(@0)
                 	.ENDM
                 
                 	.MACRO __ANDBMNN
                 	LDS  R30,@0+(@1)
                 	ANDI R30,LOW(@2)
                 	STS  @0+(@1),R30
                 	.ENDM
                 
                 	.MACRO __ANDWMNN
                 	LDS  R30,@0+(@1)
                 	ANDI R30,LOW(@2)
                 	STS  @0+(@1),R30
                 	LDS  R30,@0+(@1)+1
                 	ANDI R30,HIGH(@2)
                 	STS  @0+(@1)+1,R30
                 	.ENDM
                 
                 	.MACRO __ANDD1N
                 	ANDI R30,LOW(@0)
                 	ANDI R31,HIGH(@0)
                 	ANDI R22,BYTE3(@0)
                 	ANDI R23,BYTE4(@0)
                 	.ENDM
                 
                 	.MACRO __ANDD2N
                 	ANDI R26,LOW(@0)
                 	ANDI R27,HIGH(@0)
                 	ANDI R24,BYTE3(@0)
                 	ANDI R25,BYTE4(@0)
                 	.ENDM
                 
                 	.MACRO __ORBMNN
                 	LDS  R30,@0+(@1)
                 	ORI  R30,LOW(@2)
                 	STS  @0+(@1),R30
                 	.ENDM
                 
                 	.MACRO __ORWMNN
                 	LDS  R30,@0+(@1)
                 	ORI  R30,LOW(@2)
                 	STS  @0+(@1),R30
                 	LDS  R30,@0+(@1)+1
                 	ORI  R30,HIGH(@2)
                 	STS  @0+(@1)+1,R30
                 	.ENDM
                 
                 	.MACRO __ORD1N
                 	ORI  R30,LOW(@0)
                 	ORI  R31,HIGH(@0)
                 	ORI  R22,BYTE3(@0)
                 	ORI  R23,BYTE4(@0)
                 	.ENDM
                 
                 	.MACRO __ORD2N
                 	ORI  R26,LOW(@0)
                 	ORI  R27,HIGH(@0)
                 	ORI  R24,BYTE3(@0)
                 	ORI  R25,BYTE4(@0)
                 	.ENDM
                 
                 	.MACRO __DELAY_USB
                 	LDI  R24,LOW(@0)
                 __DELAY_USB_LOOP:
                 	DEC  R24
                 	BRNE __DELAY_USB_LOOP
                 	.ENDM
                 
                 	.MACRO __DELAY_USW
                 	LDI  R24,LOW(@0)
                 	LDI  R25,HIGH(@0)
                 __DELAY_USW_LOOP:
                 	SBIW R24,1
                 	BRNE __DELAY_USW_LOOP
                 	.ENDM
                 
                 	.MACRO __GETD1S
                 	LDD  R30,Y+@0
                 	LDD  R31,Y+@0+1
                 	LDD  R22,Y+@0+2
                 	LDD  R23,Y+@0+3
                 	.ENDM
                 
                 	.MACRO __GETD2S
                 	LDD  R26,Y+@0
                 	LDD  R27,Y+@0+1
                 	LDD  R24,Y+@0+2
                 	LDD  R25,Y+@0+3
                 	.ENDM
                 
                 	.MACRO __PUTD1S
                 	STD  Y+@0,R30
                 	STD  Y+@0+1,R31
                 	STD  Y+@0+2,R22
                 	STD  Y+@0+3,R23
                 	.ENDM
                 
                 	.MACRO __PUTD2S
                 	STD  Y+@0,R26
                 	STD  Y+@0+1,R27
                 	STD  Y+@0+2,R24
                 	STD  Y+@0+3,R25
                 	.ENDM
                 
                 	.MACRO __PUTDZ2
                 	STD  Z+@0,R26
                 	STD  Z+@0+1,R27
                 	STD  Z+@0+2,R24
                 	STD  Z+@0+3,R25
                 	.ENDM
                 
                 	.MACRO __CLRD1S
                 	STD  Y+@0,R30
                 	STD  Y+@0+1,R30
                 	STD  Y+@0+2,R30
                 	STD  Y+@0+3,R30
                 	.ENDM
                 
                 	.MACRO __POINTB1MN
                 	LDI  R30,LOW(@0+(@1))
                 	.ENDM
                 
                 	.MACRO __POINTW1MN
                 	LDI  R30,LOW(@0+(@1))
                 	LDI  R31,HIGH(@0+(@1))
                 	.ENDM
                 
                 	.MACRO __POINTD1M
                 	LDI  R30,LOW(@0)
                 	LDI  R31,HIGH(@0)
                 	LDI  R22,BYTE3(@0)
                 	LDI  R23,BYTE4(@0)
                 	.ENDM
                 
                 	.MACRO __POINTW1FN
                 	LDI  R30,LOW(2*@0+(@1))
                 	LDI  R31,HIGH(2*@0+(@1))
                 	.ENDM
                 
                 	.MACRO __POINTD1FN
                 	LDI  R30,LOW(2*@0+(@1))
                 	LDI  R31,HIGH(2*@0+(@1))
                 	LDI  R22,BYTE3(2*@0+(@1))
                 	LDI  R23,BYTE4(2*@0+(@1))
                 	.ENDM
                 
                 	.MACRO __POINTB2MN
                 	LDI  R26,LOW(@0+(@1))
                 	.ENDM
                 
                 	.MACRO __POINTW2MN
                 	LDI  R26,LOW(@0+(@1))
                 	LDI  R27,HIGH(@0+(@1))
                 	.ENDM
                 
                 	.MACRO __POINTW2FN
                 	LDI  R26,LOW(2*@0+(@1))
                 	LDI  R27,HIGH(2*@0+(@1))
                 	.ENDM
                 
                 	.MACRO __POINTD2FN
                 	LDI  R26,LOW(2*@0+(@1))
                 	LDI  R27,HIGH(2*@0+(@1))
                 	LDI  R24,BYTE3(2*@0+(@1))
                 	LDI  R25,BYTE4(2*@0+(@1))
                 	.ENDM
                 
                 	.MACRO __POINTBRM
                 	LDI  R@0,LOW(@1)
                 	.ENDM
                 
                 	.MACRO __POINTWRM
                 	LDI  R@0,LOW(@2)
                 	LDI  R@1,HIGH(@2)
                 	.ENDM
                 
                 	.MACRO __POINTBRMN
                 	LDI  R@0,LOW(@1+(@2))
                 	.ENDM
                 
                 	.MACRO __POINTWRMN
                 	LDI  R@0,LOW(@2+(@3))
                 	LDI  R@1,HIGH(@2+(@3))
                 	.ENDM
                 
                 	.MACRO __POINTWRFN
                 	LDI  R@0,LOW(@2*2+(@3))
                 	LDI  R@1,HIGH(@2*2+(@3))
                 	.ENDM
                 
                 	.MACRO __GETD1N
                 	LDI  R30,LOW(@0)
                 	LDI  R31,HIGH(@0)
                 	LDI  R22,BYTE3(@0)
                 	LDI  R23,BYTE4(@0)
                 	.ENDM
                 
                 	.MACRO __GETD2N
                 	LDI  R26,LOW(@0)
                 	LDI  R27,HIGH(@0)
                 	LDI  R24,BYTE3(@0)
                 	LDI  R25,BYTE4(@0)
                 	.ENDM
                 
                 	.MACRO __GETB1MN
                 	LDS  R30,@0+(@1)
                 	.ENDM
                 
                 	.MACRO __GETB1HMN
                 	LDS  R31,@0+(@1)
                 	.ENDM
                 
                 	.MACRO __GETW1MN
                 	LDS  R30,@0+(@1)
                 	LDS  R31,@0+(@1)+1
                 	.ENDM
                 
                 	.MACRO __GETD1MN
                 	LDS  R30,@0+(@1)
                 	LDS  R31,@0+(@1)+1
                 	LDS  R22,@0+(@1)+2
                 	LDS  R23,@0+(@1)+3
                 	.ENDM
                 
                 	.MACRO __GETBRMN
                 	LDS  R@0,@1+(@2)
                 	.ENDM
                 
                 	.MACRO __GETWRMN
                 	LDS  R@0,@2+(@3)
                 	LDS  R@1,@2+(@3)+1
                 	.ENDM
                 
                 	.MACRO __GETWRZ
                 	LDD  R@0,Z+@2
                 	LDD  R@1,Z+@2+1
                 	.ENDM
                 
                 	.MACRO __GETD2Z
                 	LDD  R26,Z+@0
                 	LDD  R27,Z+@0+1
                 	LDD  R24,Z+@0+2
                 	LDD  R25,Z+@0+3
                 	.ENDM
                 
                 	.MACRO __GETB2MN
                 	LDS  R26,@0+(@1)
                 	.ENDM
                 
                 	.MACRO __GETW2MN
                 	LDS  R26,@0+(@1)
                 	LDS  R27,@0+(@1)+1
                 	.ENDM
                 
                 	.MACRO __GETD2MN
                 	LDS  R26,@0+(@1)
                 	LDS  R27,@0+(@1)+1
                 	LDS  R24,@0+(@1)+2
                 	LDS  R25,@0+(@1)+3
                 	.ENDM
                 
                 	.MACRO __PUTB1MN
                 	STS  @0+(@1),R30
                 	.ENDM
                 
                 	.MACRO __PUTW1MN
                 	STS  @0+(@1),R30
                 	STS  @0+(@1)+1,R31
                 	.ENDM
                 
                 	.MACRO __PUTD1MN
                 	STS  @0+(@1),R30
                 	STS  @0+(@1)+1,R31
                 	STS  @0+(@1)+2,R22
                 	STS  @0+(@1)+3,R23
                 	.ENDM
                 
                 	.MACRO __PUTB1EN
                 	LDI  R26,LOW(@0+(@1))
                 	LDI  R27,HIGH(@0+(@1))
                 	CALL __EEPROMWRB
                 	.ENDM
                 
                 	.MACRO __PUTW1EN
                 	LDI  R26,LOW(@0+(@1))
                 	LDI  R27,HIGH(@0+(@1))
                 	CALL __EEPROMWRW
                 	.ENDM
                 
                 	.MACRO __PUTD1EN
                 	LDI  R26,LOW(@0+(@1))
                 	LDI  R27,HIGH(@0+(@1))
                 	CALL __EEPROMWRD
                 	.ENDM
                 
                 	.MACRO __PUTBR0MN
                 	STS  @0+(@1),R0
                 	.ENDM
                 
                 	.MACRO __PUTBMRN
                 	STS  @0+(@1),R@2
                 	.ENDM
                 
                 	.MACRO __PUTWMRN
                 	STS  @0+(@1),R@2
                 	STS  @0+(@1)+1,R@3
                 	.ENDM
                 
                 	.MACRO __PUTBZR
                 	STD  Z+@1,R@0
                 	.ENDM
                 
                 	.MACRO __PUTWZR
                 	STD  Z+@2,R@0
                 	STD  Z+@2+1,R@1
                 	.ENDM
                 
                 	.MACRO __GETW1R
                 	MOV  R30,R@0
                 	MOV  R31,R@1
                 	.ENDM
                 
                 	.MACRO __GETW2R
                 	MOV  R26,R@0
                 	MOV  R27,R@1
                 	.ENDM
                 
                 	.MACRO __GETWRN
                 	LDI  R@0,LOW(@2)
                 	LDI  R@1,HIGH(@2)
                 	.ENDM
                 
                 	.MACRO __PUTW1R
                 	MOV  R@0,R30
                 	MOV  R@1,R31
                 	.ENDM
                 
                 	.MACRO __PUTW2R
                 	MOV  R@0,R26
                 	MOV  R@1,R27
                 	.ENDM
                 
                 	.MACRO __ADDWRN
                 	SUBI R@0,LOW(-@2)
                 	SBCI R@1,HIGH(-@2)
                 	.ENDM
                 
                 	.MACRO __ADDWRR
                 	ADD  R@0,R@2
                 	ADC  R@1,R@3
                 	.ENDM
                 
                 	.MACRO __SUBWRN
                 	SUBI R@0,LOW(@2)
                 	SBCI R@1,HIGH(@2)
                 	.ENDM
                 
                 	.MACRO __SUBWRR
                 	SUB  R@0,R@2
                 	SBC  R@1,R@3
                 	.ENDM
                 
                 	.MACRO __ANDWRN
                 	ANDI R@0,LOW(@2)
                 	ANDI R@1,HIGH(@2)
                 	.ENDM
                 
                 	.MACRO __ANDWRR
                 	AND  R@0,R@2
                 	AND  R@1,R@3
                 	.ENDM
                 
                 	.MACRO __ORWRN
                 	ORI  R@0,LOW(@2)
                 	ORI  R@1,HIGH(@2)
                 	.ENDM
                 
                 	.MACRO __ORWRR
                 	OR   R@0,R@2
                 	OR   R@1,R@3
                 	.ENDM
                 
                 	.MACRO __EORWRR
                 	EOR  R@0,R@2
                 	EOR  R@1,R@3
                 	.ENDM
                 
                 	.MACRO __GETWRS
                 	LDD  R@0,Y+@2
                 	LDD  R@1,Y+@2+1
                 	.ENDM
                 
                 	.MACRO __PUTBSR
                 	STD  Y+@1,R@0
                 	.ENDM
                 
                 	.MACRO __PUTWSR
                 	STD  Y+@2,R@0
                 	STD  Y+@2+1,R@1
                 	.ENDM
                 
                 	.MACRO __MOVEWRR
                 	MOV  R@0,R@2
                 	MOV  R@1,R@3
                 	.ENDM
                 
                 	.MACRO __INWR
                 	IN   R@0,@2
                 	IN   R@1,@2+1
                 	.ENDM
                 
                 	.MACRO __OUTWR
                 	OUT  @2+1,R@1
                 	OUT  @2,R@0
                 	.ENDM
                 
                 	.MACRO __CALL1MN
                 	LDS  R30,@0+(@1)
                 	LDS  R31,@0+(@1)+1
                 	ICALL
                 	.ENDM
                 
                 	.MACRO __CALL1FN
                 	LDI  R30,LOW(2*@0+(@1))
                 	LDI  R31,HIGH(2*@0+(@1))
                 	CALL __GETW1PF
                 	ICALL
                 	.ENDM
                 
                 	.MACRO __CALL2EN
                 	PUSH R26
                 	PUSH R27
                 	LDI  R26,LOW(@0+(@1))
                 	LDI  R27,HIGH(@0+(@1))
                 	CALL __EEPROMRDW
                 	POP  R27
                 	POP  R26
                 	ICALL
                 	.ENDM
                 
                 	.MACRO __CALL2EX
                 	SUBI R26,LOW(-@0)
                 	SBCI R27,HIGH(-@0)
                 	CALL __EEPROMRDD
                 	ICALL
                 	.ENDM
                 
                 	.MACRO __GETW1STACK
                 	IN   R30,SPL
                 	IN   R31,SPH
                 	ADIW R30,@0+1
                 	LD   R0,Z+
                 	LD   R31,Z
                 	MOV  R30,R0
                 	.ENDM
                 
                 	.MACRO __GETD1STACK
                 	IN   R30,SPL
                 	IN   R31,SPH
                 	ADIW R30,@0+1
                 	LD   R0,Z+
                 	LD   R1,Z+
                 	LD   R22,Z
                 	MOVW R30,R0
                 	.ENDM
                 
                 	.MACRO __NBST
                 	BST  R@0,@1
                 	IN   R30,SREG
                 	LDI  R31,0x40
                 	EOR  R30,R31
                 	OUT  SREG,R30
                 	.ENDM
                 
                 
                 	.MACRO __PUTB1SN
                 	LDD  R26,Y+@0
                 	LDD  R27,Y+@0+1
                 	SUBI R26,LOW(-@1)
                 	SBCI R27,HIGH(-@1)
                 	ST   X,R30
                 	.ENDM
                 
                 	.MACRO __PUTW1SN
                 	LDD  R26,Y+@0
                 	LDD  R27,Y+@0+1
                 	SUBI R26,LOW(-@1)
                 	SBCI R27,HIGH(-@1)
                 	ST   X+,R30
                 	ST   X,R31
                 	.ENDM
                 
                 	.MACRO __PUTD1SN
                 	LDD  R26,Y+@0
                 	LDD  R27,Y+@0+1
                 	SUBI R26,LOW(-@1)
                 	SBCI R27,HIGH(-@1)
                 	CALL __PUTDP1
                 	.ENDM
                 
                 	.MACRO __PUTB1SNS
                 	LDD  R26,Y+@0
                 	LDD  R27,Y+@0+1
                 	ADIW R26,@1
                 	ST   X,R30
                 	.ENDM
                 
                 	.MACRO __PUTW1SNS
                 	LDD  R26,Y+@0
                 	LDD  R27,Y+@0+1
                 	ADIW R26,@1
                 	ST   X+,R30
                 	ST   X,R31
                 	.ENDM
                 
                 	.MACRO __PUTD1SNS
                 	LDD  R26,Y+@0
                 	LDD  R27,Y+@0+1
                 	ADIW R26,@1
                 	CALL __PUTDP1
                 	.ENDM
                 
                 	.MACRO __PUTB1PMN
                 	LDS  R26,@0
                 	LDS  R27,@0+1
                 	SUBI R26,LOW(-@1)
                 	SBCI R27,HIGH(-@1)
                 	ST   X,R30
                 	.ENDM
                 
                 	.MACRO __PUTW1PMN
                 	LDS  R26,@0
                 	LDS  R27,@0+1
                 	SUBI R26,LOW(-@1)
                 	SBCI R27,HIGH(-@1)
                 	ST   X+,R30
                 	ST   X,R31
                 	.ENDM
                 
                 	.MACRO __PUTD1PMN
                 	LDS  R26,@0
                 	LDS  R27,@0+1
                 	SUBI R26,LOW(-@1)
                 	SBCI R27,HIGH(-@1)
                 	CALL __PUTDP1
                 	.ENDM
                 
                 	.MACRO __PUTB1PMNS
                 	LDS  R26,@0
                 	LDS  R27,@0+1
                 	ADIW R26,@1
                 	ST   X,R30
                 	.ENDM
                 
                 	.MACRO __PUTW1PMNS
                 	LDS  R26,@0
                 	LDS  R27,@0+1
                 	ADIW R26,@1
                 	ST   X+,R30
                 	ST   X,R31
                 	.ENDM
                 
                 	.MACRO __PUTD1PMNS
                 	LDS  R26,@0
                 	LDS  R27,@0+1
                 	ADIW R26,@1
                 	CALL __PUTDP1
                 	.ENDM
                 
                 	.MACRO __PUTB1RN
                 	MOVW R26,R@0
                 	SUBI R26,LOW(-@1)
                 	SBCI R27,HIGH(-@1)
                 	ST   X,R30
                 	.ENDM
                 
                 	.MACRO __PUTW1RN
                 	MOVW R26,R@0
                 	SUBI R26,LOW(-@1)
                 	SBCI R27,HIGH(-@1)
                 	ST   X+,R30
                 	ST   X,R31
                 	.ENDM
                 
                 	.MACRO __PUTD1RN
                 	MOVW R26,R@0
                 	SUBI R26,LOW(-@1)
                 	SBCI R27,HIGH(-@1)
                 	CALL __PUTDP1
                 	.ENDM
                 
                 	.MACRO __PUTB1RNS
                 	MOVW R26,R@0
                 	ADIW R26,@1
                 	ST   X,R30
                 	.ENDM
                 
                 	.MACRO __PUTW1RNS
                 	MOVW R26,R@0
                 	ADIW R26,@1
                 	ST   X+,R30
                 	ST   X,R31
                 	.ENDM
                 
                 	.MACRO __PUTD1RNS
                 	MOVW R26,R@0
                 	ADIW R26,@1
                 	CALL __PUTDP1
                 	.ENDM
                 
                 	.MACRO __PUTB1RON
                 	MOV  R26,R@0
                 	MOV  R27,R@1
                 	SUBI R26,LOW(-@2)
                 	SBCI R27,HIGH(-@2)
                 	ST   X,R30
                 	.ENDM
                 
                 	.MACRO __PUTW1RON
                 	MOV  R26,R@0
                 	MOV  R27,R@1
                 	SUBI R26,LOW(-@2)
                 	SBCI R27,HIGH(-@2)
                 	ST   X+,R30
                 	ST   X,R31
                 	.ENDM
                 
                 	.MACRO __PUTD1RON
                 	MOV  R26,R@0
                 	MOV  R27,R@1
                 	SUBI R26,LOW(-@2)
                 	SBCI R27,HIGH(-@2)
                 	CALL __PUTDP1
                 	.ENDM
                 
                 	.MACRO __PUTB1RONS
                 	MOV  R26,R@0
                 	MOV  R27,R@1
                 	ADIW R26,@2
                 	ST   X,R30
                 	.ENDM
                 
                 	.MACRO __PUTW1RONS
                 	MOV  R26,R@0
                 	MOV  R27,R@1
                 	ADIW R26,@2
                 	ST   X+,R30
                 	ST   X,R31
                 	.ENDM
                 
                 	.MACRO __PUTD1RONS
                 	MOV  R26,R@0
                 	MOV  R27,R@1
                 	ADIW R26,@2
                 	CALL __PUTDP1
                 	.ENDM
                 
                 
                 	.MACRO __GETB1SX
                 	MOVW R30,R28
                 	SUBI R30,LOW(-@0)
                 	SBCI R31,HIGH(-@0)
                 	LD   R30,Z
                 	.ENDM
                 
                 	.MACRO __GETB1HSX
                 	MOVW R30,R28
                 	SUBI R30,LOW(-@0)
                 	SBCI R31,HIGH(-@0)
                 	LD   R31,Z
                 	.ENDM
                 
                 	.MACRO __GETW1SX
                 	MOVW R30,R28
                 	SUBI R30,LOW(-@0)
                 	SBCI R31,HIGH(-@0)
                 	LD   R0,Z+
                 	LD   R31,Z
                 	MOV  R30,R0
                 	.ENDM
                 
                 	.MACRO __GETD1SX
                 	MOVW R30,R28
                 	SUBI R30,LOW(-@0)
                 	SBCI R31,HIGH(-@0)
                 	LD   R0,Z+
                 	LD   R1,Z+
                 	LD   R22,Z+
                 	LD   R23,Z
                 	MOVW R30,R0
                 	.ENDM
                 
                 	.MACRO __GETB2SX
                 	MOVW R26,R28
                 	SUBI R26,LOW(-@0)
                 	SBCI R27,HIGH(-@0)
                 	LD   R26,X
                 	.ENDM
                 
                 	.MACRO __GETW2SX
                 	MOVW R26,R28
                 	SUBI R26,LOW(-@0)
                 	SBCI R27,HIGH(-@0)
                 	LD   R0,X+
                 	LD   R27,X
                 	MOV  R26,R0
                 	.ENDM
                 
                 	.MACRO __GETD2SX
                 	MOVW R26,R28
                 	SUBI R26,LOW(-@0)
                 	SBCI R27,HIGH(-@0)
                 	LD   R0,X+
                 	LD   R1,X+
                 	LD   R24,X+
                 	LD   R25,X
                 	MOVW R26,R0
                 	.ENDM
                 
                 	.MACRO __GETBRSX
                 	MOVW R30,R28
                 	SUBI R30,LOW(-@1)
                 	SBCI R31,HIGH(-@1)
                 	LD   R@0,Z
                 	.ENDM
                 
                 	.MACRO __GETWRSX
                 	MOVW R30,R28
                 	SUBI R30,LOW(-@2)
                 	SBCI R31,HIGH(-@2)
                 	LD   R@0,Z+
                 	LD   R@1,Z
                 	.ENDM
                 
                 	.MACRO __GETBRSX2
                 	MOVW R26,R28
                 	SUBI R26,LOW(-@1)
                 	SBCI R27,HIGH(-@1)
                 	LD   R@0,X
                 	.ENDM
                 
                 	.MACRO __GETWRSX2
                 	MOVW R26,R28
                 	SUBI R26,LOW(-@2)
                 	SBCI R27,HIGH(-@2)
                 	LD   R@0,X+
                 	LD   R@1,X
                 	.ENDM
                 
                 	.MACRO __LSLW8SX
                 	MOVW R30,R28
                 	SUBI R30,LOW(-@0)
                 	SBCI R31,HIGH(-@0)
                 	LD   R31,Z
                 	CLR  R30
                 	.ENDM
                 
                 	.MACRO __PUTB1SX
                 	MOVW R26,R28
                 	SUBI R26,LOW(-@0)
                 	SBCI R27,HIGH(-@0)
                 	ST   X,R30
                 	.ENDM
                 
                 	.MACRO __PUTW1SX
                 	MOVW R26,R28
                 	SUBI R26,LOW(-@0)
                 	SBCI R27,HIGH(-@0)
                 	ST   X+,R30
                 	ST   X,R31
                 	.ENDM
                 
                 	.MACRO __PUTD1SX
                 	MOVW R26,R28
                 	SUBI R26,LOW(-@0)
                 	SBCI R27,HIGH(-@0)
                 	ST   X+,R30
                 	ST   X+,R31
                 	ST   X+,R22
                 	ST   X,R23
                 	.ENDM
                 
                 	.MACRO __CLRW1SX
                 	MOVW R26,R28
                 	SUBI R26,LOW(-@0)
                 	SBCI R27,HIGH(-@0)
                 	ST   X+,R30
                 	ST   X,R30
                 	.ENDM
                 
                 	.MACRO __CLRD1SX
                 	MOVW R26,R28
                 	SUBI R26,LOW(-@0)
                 	SBCI R27,HIGH(-@0)
                 	ST   X+,R30
                 	ST   X+,R30
                 	ST   X+,R30
                 	ST   X,R30
                 	.ENDM
                 
                 	.MACRO __PUTB2SX
                 	MOVW R30,R28
                 	SUBI R30,LOW(-@0)
                 	SBCI R31,HIGH(-@0)
                 	ST   Z,R26
                 	.ENDM
                 
                 	.MACRO __PUTW2SX
                 	MOVW R30,R28
                 	SUBI R30,LOW(-@0)
                 	SBCI R31,HIGH(-@0)
                 	ST   Z+,R26
                 	ST   Z,R27
                 	.ENDM
                 
                 	.MACRO __PUTD2SX
                 	MOVW R30,R28
                 	SUBI R30,LOW(-@0)
                 	SBCI R31,HIGH(-@0)
                 	ST   Z+,R26
                 	ST   Z+,R27
                 	ST   Z+,R24
                 	ST   Z,R25
                 	.ENDM
                 
                 	.MACRO __PUTBSRX
                 	MOVW R30,R28
                 	SUBI R30,LOW(-@1)
                 	SBCI R31,HIGH(-@1)
                 	ST   Z,R@0
                 	.ENDM
                 
                 	.MACRO __PUTWSRX
                 	MOVW R30,R28
                 	SUBI R30,LOW(-@2)
                 	SBCI R31,HIGH(-@2)
                 	ST   Z+,R@0
                 	ST   Z,R@1
                 	.ENDM
                 
                 	.MACRO __PUTB1SNX
                 	MOVW R26,R28
                 	SUBI R26,LOW(-@0)
                 	SBCI R27,HIGH(-@0)
                 	LD   R0,X+
                 	LD   R27,X
                 	MOV  R26,R0
                 	SUBI R26,LOW(-@1)
                 	SBCI R27,HIGH(-@1)
                 	ST   X,R30
                 	.ENDM
                 
                 	.MACRO __PUTW1SNX
                 	MOVW R26,R28
                 	SUBI R26,LOW(-@0)
                 	SBCI R27,HIGH(-@0)
                 	LD   R0,X+
                 	LD   R27,X
                 	MOV  R26,R0
                 	SUBI R26,LOW(-@1)
                 	SBCI R27,HIGH(-@1)
                 	ST   X+,R30
                 	ST   X,R31
                 	.ENDM
                 
                 	.MACRO __PUTD1SNX
                 	MOVW R26,R28
                 	SUBI R26,LOW(-@0)
                 	SBCI R27,HIGH(-@0)
                 	LD   R0,X+
                 	LD   R27,X
                 	MOV  R26,R0
                 	SUBI R26,LOW(-@1)
                 	SBCI R27,HIGH(-@1)
                 	ST   X+,R30
                 	ST   X+,R31
                 	ST   X+,R22
                 	ST   X,R23
                 	.ENDM
                 
                 	.MACRO __MULBRR
                 	MULS R@0,R@1
                 	MOVW R30,R0
                 	.ENDM
                 
                 	.MACRO __MULBRRU
                 	MUL  R@0,R@1
                 	MOVW R30,R0
                 	.ENDM
                 
                 	.MACRO __MULBRR0
                 	MULS R@0,R@1
                 	.ENDM
                 
                 	.MACRO __MULBRRU0
                 	MUL  R@0,R@1
                 	.ENDM
                 
                 	.MACRO __MULBNWRU
                 	LDI  R26,@2
                 	MUL  R26,R@0
                 	MOVW R30,R0
                 	MUL  R26,R@1
                 	ADD  R31,R0
                 	.ENDM
                 
                 ;NAME DEFINITIONS FOR GLOBAL VARIABLES ALLOCATED TO REGISTERS
                 	.DEF _temp=R4
                 	.DEF _temp_msb=R5
                 	.DEF __lcd_x=R7
                 	.DEF __lcd_y=R6
                 	.DEF __lcd_maxx=R9
                 
                 	.CSEG
                 	.ORG 0x00
                 
                 ;START OF CODE MARKER
                 __START_OF_CODE:
                 
                 ;INTERRUPT VECTORS
000000 940c 0041 	JMP  __RESET
000002 940c 0000 	JMP  0x00
000004 940c 0000 	JMP  0x00
000006 940c 0000 	JMP  0x00
000008 940c 0000 	JMP  0x00
00000a 940c 0000 	JMP  0x00
00000c 940c 0000 	JMP  0x00
00000e 940c 0000 	JMP  0x00
000010 940c 0000 	JMP  0x00
000012 940c 0000 	JMP  0x00
000014 940c 0000 	JMP  0x00
000016 940c 0000 	JMP  0x00
000018 940c 0000 	JMP  0x00
00001a 940c 0000 	JMP  0x00
00001c 940c 0000 	JMP  0x00
00001e 940c 0000 	JMP  0x00
000020 940c 0000 	JMP  0x00
000022 940c 0000 	JMP  0x00
000024 940c 0000 	JMP  0x00
000026 940c 0000 	JMP  0x00
000028 940c 0000 	JMP  0x00
                 
                 _0x0:
00002a 4554
00002b 504d
00002c 5245
00002d 5441      	.DB  0x54,0x45,0x4D,0x50,0x45,0x52,0x41,0x54
00002e 5255
00002f 0045      	.DB  0x55,0x52,0x45,0x0
                 _0x2000060:
D:\University documents\Term 6\AZ Rizpar\AZ_7\Debug\List\az7.asm(1127): warning: .cseg .db misalignment - padding zero byte
000030 0001      	.DB  0x1
                 _0x2000000:
000031 4e2d
000032 4e41
000033 4900
000034 464e      	.DB  0x2D,0x4E,0x41,0x4E,0x0,0x49,0x4E,0x46
D:\University documents\Term 6\AZ Rizpar\AZ_7\Debug\List\az7.asm(1130): warning: .cseg .db misalignment - padding zero byte
000035 0000      	.DB  0x0
                 _0x2020003:
000036 c080      	.DB  0x80,0xC0
                 
                 __GLOBAL_INI_TBL:
000037 000c      	.DW  0x0C
000038 0260      	.DW  _0x6
000039 0054      	.DW  _0x0*2
                 
00003a 0001      	.DW  0x01
00003b 0271      	.DW  __seed_G100
00003c 0060      	.DW  _0x2000060*2
                 
00003d 0002      	.DW  0x02
00003e 0275      	.DW  __base_y_G101
00003f 006c      	.DW  _0x2020003*2
                 
                 _0xFFFFFFFF:
000040 0000      	.DW  0
                 
                 #define __GLOBAL_INI_TBL_PRESENT 1
                 
                 __RESET:
000041 94f8      	CLI
000042 27ee      	CLR  R30
000043 bbec      	OUT  EECR,R30
                 
                 ;INTERRUPT VECTORS ARE PLACED
                 ;AT THE START OF FLASH
000044 e0f1      	LDI  R31,1
000045 bffb      	OUT  GICR,R31
000046 bfeb      	OUT  GICR,R30
000047 bfe5      	OUT  MCUCR,R30
                 
                 ;CLEAR R2-R14
000048 e08d      	LDI  R24,(14-2)+1
000049 e0a2      	LDI  R26,2
00004a 27bb      	CLR  R27
                 __CLEAR_REG:
00004b 93ed      	ST   X+,R30
00004c 958a      	DEC  R24
00004d f7e9      	BRNE __CLEAR_REG
                 
                 ;CLEAR SRAM
00004e e080      	LDI  R24,LOW(__CLEAR_SRAM_SIZE)
00004f e098      	LDI  R25,HIGH(__CLEAR_SRAM_SIZE)
000050 e6a0      	LDI  R26,__SRAM_START
                 __CLEAR_SRAM:
000051 93ed      	ST   X+,R30
000052 9701      	SBIW R24,1
000053 f7e9      	BRNE __CLEAR_SRAM
                 
                 ;GLOBAL VARIABLES INITIALIZATION
000054 e6ee      	LDI  R30,LOW(__GLOBAL_INI_TBL*2)
000055 e0f0      	LDI  R31,HIGH(__GLOBAL_INI_TBL*2)
                 __GLOBAL_INI_NEXT:
000056 9185      	LPM  R24,Z+
000057 9195      	LPM  R25,Z+
000058 9700      	SBIW R24,0
000059 f061      	BREQ __GLOBAL_INI_END
00005a 91a5      	LPM  R26,Z+
00005b 91b5      	LPM  R27,Z+
00005c 9005      	LPM  R0,Z+
00005d 9015      	LPM  R1,Z+
00005e 01bf      	MOVW R22,R30
00005f 01f0      	MOVW R30,R0
                 __GLOBAL_INI_LOOP:
000060 9005      	LPM  R0,Z+
000061 920d      	ST   X+,R0
000062 9701      	SBIW R24,1
000063 f7e1      	BRNE __GLOBAL_INI_LOOP
000064 01fb      	MOVW R30,R22
000065 cff0      	RJMP __GLOBAL_INI_NEXT
                 __GLOBAL_INI_END:
                 
                 ;HARDWARE STACK POINTER INITIALIZATION
000066 e5ef      	LDI  R30,LOW(__SRAM_END-__HEAP_SIZE)
000067 bfed      	OUT  SPL,R30
000068 e0e8      	LDI  R30,HIGH(__SRAM_END-__HEAP_SIZE)
000069 bfee      	OUT  SPH,R30
                 
                 ;DATA STACK POINTER INITIALIZATION
00006a e6c0      	LDI  R28,LOW(__SRAM_START+__DSTACK_SIZE)
00006b e0d2      	LDI  R29,HIGH(__SRAM_START+__DSTACK_SIZE)
                 
00006c 940c 007d 	JMP  _main
                 
                 	.ESEG
                 	.ORG 0
                 
                 	.DSEG
                 	.ORG 0x260
                 
                 	.CSEG
                 ;/*******************************************************
                 ;This program was created by the
                 ;CodeWizardAVR V3.12 Advanced
                 ;Automatic Program Generator
                 ;© Copyright 1998-2014 Pavel Haiduc, HP InfoTech s.r.l.
                 ;http://www.hpinfotech.com
                 ;
                 ;Project :
                 ;Version :
                 ;Date    : 4/16/2024
                 ;Author  :
                 ;Company :
                 ;Comments:
                 ;
                 ;
                 ;Chip type               : ATmega32
                 ;Program type            : Application
                 ;AVR Core Clock frequency: 8.000000 MHz
                 ;Memory model            : Small
                 ;External RAM size       : 0
                 ;Data Stack size         : 512
                 ;*******************************************************/
                 ;
                 ;#include <mega32.h>
                 	#ifndef __SLEEP_DEFINED__
                 	#define __SLEEP_DEFINED__
                 	.EQU __se_bit=0x80
                 	.EQU __sm_mask=0x70
                 	.EQU __sm_powerdown=0x20
                 	.EQU __sm_powersave=0x30
                 	.EQU __sm_standby=0x60
                 	.EQU __sm_ext_standby=0x70
                 	.EQU __sm_adc_noise_red=0x10
                 	.SET power_ctrl_reg=mcucr
                 	#endif
                 ;#include <stdlib.h>
                 ;#include <delay.h>
                 ;
                 ;// Alphanumeric LCD functions
                 ;#include <alcd.h>
                 ;
                 ;// Declare your global variables here
                 ;
                 ;// Voltage Reference: AREF pin
                 ;#define ADC_VREF_TYPE 0x40
                 ;
                 ;int temp;
                 ;char show_arr[5];
                 ;
                 ;unsigned int read_adc(unsigned char adc_input) {
                 ; 0000 0027 unsigned int read_adc(unsigned char adc_input) {
                 
                 	.CSEG
                 _read_adc:
                 ; .FSTART _read_adc
                 ; 0000 0028     ADMUX=adc_input | (ADC_VREF_TYPE & 0xff);
00006e 93aa      	ST   -Y,R26
                 ;	adc_input -> Y+0
00006f 81e8      	LD   R30,Y
000070 64e0      	ORI  R30,0x40
000071 b9e7      	OUT  0x7,R30
                 ; 0000 0029 
                 ; 0000 002A     // Delay needed for the stabilization of the ADC input voltage
                 ; 0000 002B     delay_us(10);
                +
000072 e18b     +LDI R24 , LOW ( 27 )
                +__DELAY_USB_LOOP :
000073 958a     +DEC R24
000074 f7f1     +BRNE __DELAY_USB_LOOP
                 	__DELAY_USB 27
                 ; 0000 002C 
                 ; 0000 002D     ADCSRA|=0x40;
000075 9a36      	SBI  0x6,6
                 ; 0000 002E     while ((ADCSRA & 0x10)==0);
                 _0x3:
000076 9b34      	SBIS 0x6,4
000077 cffe      	RJMP _0x3
                 ; 0000 002F     ADCSRA|=0x10;
000078 9a34      	SBI  0x6,4
                 ; 0000 0030     return ADCW;
000079 b1e4      	IN   R30,0x4
00007a b1f5      	IN   R31,0x4+1
00007b 940c 0235 	JMP  _0x20A0002
                 ; 0000 0031 }
                 ; .FEND
                 ;
                 ;void main(void)
                 ; 0000 0034 {
                 _main:
                 ; .FSTART _main
                 ; 0000 0035 // Declare your local variables here
                 ; 0000 0036 
                 ; 0000 0037 // Input/Output Ports initialization
                 ; 0000 0038 // Port A initialization
                 ; 0000 0039 // Function: Bit7=In Bit6=In Bit5=In Bit4=In Bit3=In Bit2=In Bit1=In Bit0=In
                 ; 0000 003A DDRA=(0<<DDA7) | (0<<DDA6) | (0<<DDA5) | (0<<DDA4) | (0<<DDA3) | (0<<DDA2) | (0<<DDA1) | (0<<DDA0);
00007d e0e0      	LDI  R30,LOW(0)
00007e bbea      	OUT  0x1A,R30
                 ; 0000 003B // State: Bit7=T Bit6=T Bit5=T Bit4=T Bit3=T Bit2=T Bit1=T Bit0=T
                 ; 0000 003C PORTA=(0<<PORTA7) | (0<<PORTA6) | (0<<PORTA5) | (0<<PORTA4) | (0<<PORTA3) | (0<<PORTA2) | (0<<PORTA1) | (0<<PORTA0);
00007f bbeb      	OUT  0x1B,R30
                 ; 0000 003D 
                 ; 0000 003E // Port B initialization
                 ; 0000 003F // Function: Bit7=In Bit6=In Bit5=In Bit4=In Bit3=In Bit2=In Bit1=In Bit0=In
                 ; 0000 0040 DDRB=(0<<DDB7) | (0<<DDB6) | (0<<DDB5) | (0<<DDB4) | (0<<DDB3) | (0<<DDB2) | (0<<DDB1) | (0<<DDB0);
000080 bbe7      	OUT  0x17,R30
                 ; 0000 0041 // State: Bit7=T Bit6=T Bit5=T Bit4=T Bit3=T Bit2=T Bit1=T Bit0=T
                 ; 0000 0042 PORTB=(0<<PORTB7) | (0<<PORTB6) | (0<<PORTB5) | (0<<PORTB4) | (0<<PORTB3) | (0<<PORTB2) | (0<<PORTB1) | (0<<PORTB0);
000081 bbe8      	OUT  0x18,R30
                 ; 0000 0043 
                 ; 0000 0044 // Port C initialization
                 ; 0000 0045 // Function: Bit7=In Bit6=In Bit5=In Bit4=In Bit3=In Bit2=In Bit1=In Bit0=In
                 ; 0000 0046 DDRC=(0<<DDC7) | (0<<DDC6) | (0<<DDC5) | (0<<DDC4) | (0<<DDC3) | (0<<DDC2) | (0<<DDC1) | (0<<DDC0);
000082 bbe4      	OUT  0x14,R30
                 ; 0000 0047 // State: Bit7=T Bit6=T Bit5=T Bit4=T Bit3=T Bit2=T Bit1=T Bit0=T
                 ; 0000 0048 PORTC=(0<<PORTC7) | (0<<PORTC6) | (0<<PORTC5) | (0<<PORTC4) | (0<<PORTC3) | (0<<PORTC2) | (0<<PORTC1) | (0<<PORTC0);
000083 bbe5      	OUT  0x15,R30
                 ; 0000 0049 
                 ; 0000 004A // Port D initialization
                 ; 0000 004B // Function: Bit7=In Bit6=In Bit5=In Bit4=In Bit3=In Bit2=In Bit1=In Bit0=In
                 ; 0000 004C DDRD=(0<<DDD7) | (0<<DDD6) | (0<<DDD5) | (0<<DDD4) | (0<<DDD3) | (0<<DDD2) | (0<<DDD1) | (0<<DDD0);
000084 bbe1      	OUT  0x11,R30
                 ; 0000 004D // State: Bit7=T Bit6=T Bit5=T Bit4=T Bit3=T Bit2=T Bit1=T Bit0=T
                 ; 0000 004E PORTD=(0<<PORTD7) | (0<<PORTD6) | (0<<PORTD5) | (0<<PORTD4) | (0<<PORTD3) | (0<<PORTD2) | (0<<PORTD1) | (0<<PORTD0);
000085 bbe2      	OUT  0x12,R30
                 ; 0000 004F 
                 ; 0000 0050 // Timer/Counter 0 initialization
                 ; 0000 0051 // Clock source: System Clock
                 ; 0000 0052 // Clock value: Timer 0 Stopped
                 ; 0000 0053 // Mode: Normal top=0xFF
                 ; 0000 0054 // OC0 output: Disconnected
                 ; 0000 0055 TCCR0=(0<<WGM00) | (0<<COM01) | (0<<COM00) | (0<<WGM01) | (0<<CS02) | (0<<CS01) | (0<<CS00);
000086 bfe3      	OUT  0x33,R30
                 ; 0000 0056 TCNT0=0x00;
000087 bfe2      	OUT  0x32,R30
                 ; 0000 0057 OCR0=0x00;
000088 bfec      	OUT  0x3C,R30
                 ; 0000 0058 
                 ; 0000 0059 // Timer/Counter 1 initialization
                 ; 0000 005A // Clock source: System Clock
                 ; 0000 005B // Clock value: Timer1 Stopped
                 ; 0000 005C // Mode: Normal top=0xFFFF
                 ; 0000 005D // OC1A output: Disconnected
                 ; 0000 005E // OC1B output: Disconnected
                 ; 0000 005F // Noise Canceler: Off
                 ; 0000 0060 // Input Capture on Falling Edge
                 ; 0000 0061 // Timer1 Overflow Interrupt: Off
                 ; 0000 0062 // Input Capture Interrupt: Off
                 ; 0000 0063 // Compare A Match Interrupt: Off
                 ; 0000 0064 // Compare B Match Interrupt: Off
                 ; 0000 0065 TCCR1A=(0<<COM1A1) | (0<<COM1A0) | (0<<COM1B1) | (0<<COM1B0) | (0<<WGM11) | (0<<WGM10);
000089 bdef      	OUT  0x2F,R30
                 ; 0000 0066 TCCR1B=(0<<ICNC1) | (0<<ICES1) | (0<<WGM13) | (0<<WGM12) | (0<<CS12) | (0<<CS11) | (0<<CS10);
00008a bdee      	OUT  0x2E,R30
                 ; 0000 0067 TCNT1H=0x00;
00008b bded      	OUT  0x2D,R30
                 ; 0000 0068 TCNT1L=0x00;
00008c bdec      	OUT  0x2C,R30
                 ; 0000 0069 ICR1H=0x00;
00008d bde7      	OUT  0x27,R30
                 ; 0000 006A ICR1L=0x00;
00008e bde6      	OUT  0x26,R30
                 ; 0000 006B OCR1AH=0x00;
00008f bdeb      	OUT  0x2B,R30
                 ; 0000 006C OCR1AL=0x00;
000090 bdea      	OUT  0x2A,R30
                 ; 0000 006D OCR1BH=0x00;
000091 bde9      	OUT  0x29,R30
                 ; 0000 006E OCR1BL=0x00;
000092 bde8      	OUT  0x28,R30
                 ; 0000 006F 
                 ; 0000 0070 // Timer/Counter 2 initialization
                 ; 0000 0071 // Clock source: System Clock
                 ; 0000 0072 // Clock value: Timer2 Stopped
                 ; 0000 0073 // Mode: Normal top=0xFF
                 ; 0000 0074 // OC2 output: Disconnected
                 ; 0000 0075 ASSR=0<<AS2;
000093 bde2      	OUT  0x22,R30
                 ; 0000 0076 TCCR2=(0<<PWM2) | (0<<COM21) | (0<<COM20) | (0<<CTC2) | (0<<CS22) | (0<<CS21) | (0<<CS20);
000094 bde5      	OUT  0x25,R30
                 ; 0000 0077 TCNT2=0x00;
000095 bde4      	OUT  0x24,R30
                 ; 0000 0078 OCR2=0x00;
000096 bde3      	OUT  0x23,R30
                 ; 0000 0079 
                 ; 0000 007A // Timer(s)/Counter(s) Interrupt(s) initialization
                 ; 0000 007B TIMSK=(0<<OCIE2) | (0<<TOIE2) | (0<<TICIE1) | (0<<OCIE1A) | (0<<OCIE1B) | (0<<TOIE1) | (0<<OCIE0) | (0<<TOIE0);
000097 bfe9      	OUT  0x39,R30
                 ; 0000 007C 
                 ; 0000 007D // External Interrupt(s) initialization
                 ; 0000 007E // INT0: Off
                 ; 0000 007F // INT1: Off
                 ; 0000 0080 // INT2: Off
                 ; 0000 0081 MCUCR=(0<<ISC11) | (0<<ISC10) | (0<<ISC01) | (0<<ISC00);
000098 bfe5      	OUT  0x35,R30
                 ; 0000 0082 MCUCSR=(0<<ISC2);
000099 bfe4      	OUT  0x34,R30
                 ; 0000 0083 
                 ; 0000 0084 // USART initialization
                 ; 0000 0085 // USART disabled
                 ; 0000 0086 UCSRB=(0<<RXCIE) | (0<<TXCIE) | (0<<UDRIE) | (0<<RXEN) | (0<<TXEN) | (0<<UCSZ2) | (0<<RXB8) | (0<<TXB8);
00009a b9ea      	OUT  0xA,R30
                 ; 0000 0087 
                 ; 0000 0088 // Analog Comparator initialization
                 ; 0000 0089 // Analog Comparator: Off
                 ; 0000 008A // The Analog Comparator's positive input is
                 ; 0000 008B // connected to the AIN0 pin
                 ; 0000 008C // The Analog Comparator's negative input is
                 ; 0000 008D // connected to the AIN1 pin
                 ; 0000 008E ACSR=(1<<ACD) | (0<<ACBG) | (0<<ACO) | (0<<ACI) | (0<<ACIE) | (0<<ACIC) | (0<<ACIS1) | (0<<ACIS0);
00009b e8e0      	LDI  R30,LOW(128)
00009c b9e8      	OUT  0x8,R30
                 ; 0000 008F 
                 ; 0000 0090 // ADC initialization
                 ; 0000 0091 // ADC Clock frequency: 1000.000 kHz
                 ; 0000 0092 // ADC Voltage Reference: AREF pin
                 ; 0000 0093 // ADC Auto Trigger Source: ADC Stopped
                 ; 0000 0094 ADMUX=ADC_VREF_TYPE;
00009d e4e0      	LDI  R30,LOW(64)
00009e b9e7      	OUT  0x7,R30
                 ; 0000 0095 ADCSRA=(1<<ADEN) | (0<<ADSC) | (0<<ADATE) | (0<<ADIF) | (0<<ADIE) | (0<<ADPS2) | (1<<ADPS1) | (1<<ADPS0);
00009f e8e3      	LDI  R30,LOW(131)
0000a0 b9e6      	OUT  0x6,R30
                 ; 0000 0096 SFIOR=(0<<ADTS2) | (0<<ADTS1) | (0<<ADTS0);
0000a1 e0e0      	LDI  R30,LOW(0)
0000a2 bfe0      	OUT  0x30,R30
                 ; 0000 0097 
                 ; 0000 0098 // SPI initialization
                 ; 0000 0099 // SPI disabled
                 ; 0000 009A SPCR=(0<<SPIE) | (0<<SPE) | (0<<DORD) | (0<<MSTR) | (0<<CPOL) | (0<<CPHA) | (0<<SPR1) | (0<<SPR0);
0000a3 b9ed      	OUT  0xD,R30
                 ; 0000 009B 
                 ; 0000 009C // TWI initialization
                 ; 0000 009D // TWI disabled
                 ; 0000 009E TWCR=(0<<TWEA) | (0<<TWSTA) | (0<<TWSTO) | (0<<TWEN) | (0<<TWIE);
0000a4 bfe6      	OUT  0x36,R30
                 ; 0000 009F 
                 ; 0000 00A0 // Alphanumeric LCD initialization
                 ; 0000 00A1 // Connections are specified in the
                 ; 0000 00A2 // Project|Configure|C Compiler|Libraries|Alphanumeric LCD menu:
                 ; 0000 00A3 // RS - PORTC Bit 0
                 ; 0000 00A4 // RD - PORTC Bit 1
                 ; 0000 00A5 // EN - PORTC Bit 2
                 ; 0000 00A6 // D4 - PORTC Bit 4
                 ; 0000 00A7 // D5 - PORTC Bit 5
                 ; 0000 00A8 // D6 - PORTC Bit 6
                 ; 0000 00A9 // D7 - PORTC Bit 7
                 ; 0000 00AA // Characters/line: 16
                 ; 0000 00AB     lcd_init(16);
0000a5 e1a0      	LDI  R26,LOW(16)
0000a6 940e 0209 	CALL _lcd_init
                 ; 0000 00AC     lcd_clear();
0000a8 940e 01d7 	CALL _lcd_clear
                 ; 0000 00AD     lcd_gotoxy(2,0);
0000aa e0e2      	LDI  R30,LOW(2)
0000ab 93ea      	ST   -Y,R30
0000ac e0a0      	LDI  R26,LOW(0)
0000ad 940e 01ca 	CALL _lcd_gotoxy
                 ; 0000 00AE     lcd_puts("TEMPERATURE");
                +
0000af e6a0     +LDI R26 , LOW ( _0x6 + ( 0 ) )
0000b0 e0b2     +LDI R27 , HIGH ( _0x6 + ( 0 ) )
                 	__POINTW2MN _0x6,0
0000b1 940e 01f8 	CALL _lcd_puts
                 ; 0000 00AF 
                 ; 0000 00B0 while (1)
                 _0x7:
                 ; 0000 00B1       {
                 ; 0000 00B2       // Place your code here
                 ; 0000 00B3          temp = read_adc(0);
0000b3 e0a0      	LDI  R26,LOW(0)
0000b4 dfb9      	RCALL _read_adc
0000b5 012f      	MOVW R4,R30
                 ; 0000 00B4          temp = (temp * 4.8898) ;
0000b6 940e 028c 	CALL SUBOPT_0x0
                +
0000b8 e3ae     +LDI R26 , LOW ( 0x409C793E )
0000b9 e7b9     +LDI R27 , HIGH ( 0x409C793E )
0000ba e98c     +LDI R24 , BYTE3 ( 0x409C793E )
0000bb e490     +LDI R25 , BYTE4 ( 0x409C793E )
                 	__GETD2N 0x409C793E
0000bc 940e 03db 	CALL __MULF12
0000be 940e 031a 	CALL __CFD1
0000c0 012f      	MOVW R4,R30
                 ; 0000 00B5          temp = temp/10  ;
0000c1 01d2      	MOVW R26,R4
0000c2 e0ea      	LDI  R30,LOW(10)
0000c3 e0f0      	LDI  R31,HIGH(10)
0000c4 940e 04b2 	CALL __DIVW21
0000c6 012f      	MOVW R4,R30
                 ; 0000 00B6          lcd_gotoxy(5,1);
0000c7 e0e5      	LDI  R30,LOW(5)
0000c8 93ea      	ST   -Y,R30
0000c9 e0a1      	LDI  R26,LOW(1)
0000ca 940e 01ca 	CALL _lcd_gotoxy
                 ; 0000 00B7          ftoa(temp,2,show_arr);
0000cc 01f2      	MOVW R30,R4
0000cd 940e 028c 	CALL SUBOPT_0x0
0000cf 940e 04d4 	CALL __PUTPARD1
0000d1 e0e2      	LDI  R30,LOW(2)
0000d2 93ea      	ST   -Y,R30
0000d3 e6ac      	LDI  R26,LOW(_show_arr)
0000d4 e0b2      	LDI  R27,HIGH(_show_arr)
0000d5 940e 00e1 	CALL _ftoa
                 ; 0000 00B8          lcd_puts(show_arr);
0000d7 e6ac      	LDI  R26,LOW(_show_arr)
0000d8 e0b2      	LDI  R27,HIGH(_show_arr)
0000d9 940e 01f8 	CALL _lcd_puts
                 ; 0000 00B9          delay_ms(1000);
0000db eea8      	LDI  R26,LOW(1000)
0000dc e0b3      	LDI  R27,HIGH(1000)
0000dd 940e 02db 	CALL _delay_ms
                 ; 0000 00BA       }
0000df cfd3      	RJMP _0x7
                 ; 0000 00BB }
                 _0xA:
0000e0 cfff      	RJMP _0xA
                 ; .FEND
                 
                 	.DSEG
                 _0x6:
000260           	.BYTE 0xC
                 
                 	.CSEG
                 _ftoa:
                 ; .FSTART _ftoa
0000e1 93ba      	ST   -Y,R27
0000e2 93aa      	ST   -Y,R26
0000e3 9724      	SBIW R28,4
0000e4 e0e0      	LDI  R30,LOW(0)
0000e5 83e8      	ST   Y,R30
0000e6 83e9      	STD  Y+1,R30
0000e7 83ea      	STD  Y+2,R30
0000e8 e3ef      	LDI  R30,LOW(63)
0000e9 83eb      	STD  Y+3,R30
0000ea 931a      	ST   -Y,R17
0000eb 930a      	ST   -Y,R16
0000ec 85eb      	LDD  R30,Y+11
0000ed 85fc      	LDD  R31,Y+11+1
0000ee 3fef      	CPI  R30,LOW(0xFFFF)
0000ef efaf      	LDI  R26,HIGH(0xFFFF)
0000f0 07fa      	CPC  R31,R26
0000f1 f439      	BRNE _0x200000D
0000f2 940e 0291 	CALL SUBOPT_0x1
                +
0000f4 e6a2     +LDI R26 , LOW ( 2 * _0x2000000 + ( 0 ) )
0000f5 e0b0     +LDI R27 , HIGH ( 2 * _0x2000000 + ( 0 ) )
                 	__POINTW2FN _0x2000000,0
0000f6 940e 027f 	CALL _strcpyf
0000f8 c0ad      	RJMP _0x20A0004
                 _0x200000D:
0000f9 3fef      	CPI  R30,LOW(0x7FFF)
0000fa e7af      	LDI  R26,HIGH(0x7FFF)
0000fb 07fa      	CPC  R31,R26
0000fc f439      	BRNE _0x200000C
0000fd 940e 0291 	CALL SUBOPT_0x1
                +
0000ff e6a3     +LDI R26 , LOW ( 2 * _0x2000000 + ( 1 ) )
000100 e0b0     +LDI R27 , HIGH ( 2 * _0x2000000 + ( 1 ) )
                 	__POINTW2FN _0x2000000,1
000101 940e 027f 	CALL _strcpyf
000103 c0a2      	RJMP _0x20A0004
                 _0x200000C:
000104 85ac      	LDD  R26,Y+12
000105 23aa      	TST  R26
000106 f462      	BRPL _0x200000F
                +
000107 85e9     +LDD R30 , Y + 9
000108 85fa     +LDD R31 , Y + 9 + 1
000109 856b     +LDD R22 , Y + 9 + 2
00010a 857c     +LDD R23 , Y + 9 + 3
                 	__GETD1S 9
00010b 940e 02e5 	CALL __ANEGF1
00010d 940e 0296 	CALL SUBOPT_0x2
00010f 940e 029b 	CALL SUBOPT_0x3
000111 e2ed      	LDI  R30,LOW(45)
000112 93ec      	ST   X,R30
                 _0x200000F:
000113 85a8      	LDD  R26,Y+8
000114 30a7      	CPI  R26,LOW(0x7)
000115 f010      	BRLO _0x2000010
000116 e0e6      	LDI  R30,LOW(6)
000117 87e8      	STD  Y+8,R30
                 _0x2000010:
000118 8518      	LDD  R17,Y+8
                 _0x2000011:
000119 2fe1      	MOV  R30,R17
00011a 5011      	SUBI R17,1
00011b 30e0      	CPI  R30,0
00011c f039      	BREQ _0x2000013
00011d 940e 02a2 	CALL SUBOPT_0x4
00011f 940e 02a7 	CALL SUBOPT_0x5
000121 940e 02ae 	CALL SUBOPT_0x6
000123 cff5      	RJMP _0x2000011
                 _0x2000013:
000124 940e 02b3 	CALL SUBOPT_0x7
000126 940e 038b 	CALL __ADDF12
000128 940e 0296 	CALL SUBOPT_0x2
00012a e010      	LDI  R17,LOW(0)
                +
00012b e0e0     +LDI R30 , LOW ( 0x3F800000 )
00012c e0f0     +LDI R31 , HIGH ( 0x3F800000 )
00012d e860     +LDI R22 , BYTE3 ( 0x3F800000 )
00012e e37f     +LDI R23 , BYTE4 ( 0x3F800000 )
                 	__GETD1N 0x3F800000
00012f 940e 02ae 	CALL SUBOPT_0x6
                 _0x2000014:
000131 940e 02b3 	CALL SUBOPT_0x7
000133 940e 046e 	CALL __CMPF12
000135 f088      	BRLO _0x2000016
000136 940e 02a2 	CALL SUBOPT_0x4
000138 940e 02bc 	CALL SUBOPT_0x8
00013a 940e 02ae 	CALL SUBOPT_0x6
00013c 5f1f      	SUBI R17,-LOW(1)
00013d 3217      	CPI  R17,39
00013e f038      	BRLO _0x2000017
00013f 940e 0291 	CALL SUBOPT_0x1
                +
000141 e6a7     +LDI R26 , LOW ( 2 * _0x2000000 + ( 5 ) )
000142 e0b0     +LDI R27 , HIGH ( 2 * _0x2000000 + ( 5 ) )
                 	__POINTW2FN _0x2000000,5
000143 940e 027f 	CALL _strcpyf
000145 c060      	RJMP _0x20A0004
                 _0x2000017:
000146 cfea      	RJMP _0x2000014
                 _0x2000016:
000147 3010      	CPI  R17,0
000148 f429      	BRNE _0x2000018
000149 940e 029b 	CALL SUBOPT_0x3
00014b e3e0      	LDI  R30,LOW(48)
00014c 93ec      	ST   X,R30
00014d c02d      	RJMP _0x2000019
                 _0x2000018:
                 _0x200001A:
00014e 2fe1      	MOV  R30,R17
00014f 5011      	SUBI R17,1
000150 30e0      	CPI  R30,0
000151 f149      	BREQ _0x200001C
000152 940e 02a2 	CALL SUBOPT_0x4
000154 940e 02a7 	CALL SUBOPT_0x5
                +
000156 e0a0     +LDI R26 , LOW ( 0x3F000000 )
000157 e0b0     +LDI R27 , HIGH ( 0x3F000000 )
000158 e080     +LDI R24 , BYTE3 ( 0x3F000000 )
000159 e39f     +LDI R25 , BYTE4 ( 0x3F000000 )
                 	__GETD2N 0x3F000000
00015a 940e 038b 	CALL __ADDF12
00015c 01df      	MOVW R26,R30
00015d 01cb      	MOVW R24,R22
00015e 940e 0268 	CALL _floor
000160 940e 02ae 	CALL SUBOPT_0x6
000162 940e 02b3 	CALL SUBOPT_0x7
000164 940e 0429 	CALL __DIVF21
000166 940e 0318 	CALL __CFD1U
000168 2f0e      	MOV  R16,R30
000169 940e 029b 	CALL SUBOPT_0x3
00016b 2fe0      	MOV  R30,R16
00016c 5de0      	SUBI R30,-LOW(48)
00016d 93ec      	ST   X,R30
00016e 2fe0      	MOV  R30,R16
00016f e0f0      	LDI  R31,0
000170 940e 02a2 	CALL SUBOPT_0x4
000172 940e 028c 	CALL SUBOPT_0x0
000174 940e 03db 	CALL __MULF12
000176 940e 02c3 	CALL SUBOPT_0x9
000178 940e 02c8 	CALL SUBOPT_0xA
00017a cfd3      	RJMP _0x200001A
                 _0x200001C:
                 _0x2000019:
00017b 85e8      	LDD  R30,Y+8
00017c 30e0      	CPI  R30,0
00017d f121      	BREQ _0x20A0003
00017e 940e 029b 	CALL SUBOPT_0x3
000180 e2ee      	LDI  R30,LOW(46)
000181 93ec      	ST   X,R30
                 _0x200001E:
000182 85e8      	LDD  R30,Y+8
000183 50e1      	SUBI R30,LOW(1)
000184 87e8      	STD  Y+8,R30
000185 5fef      	SUBI R30,-LOW(1)
000186 f0d9      	BREQ _0x2000020
000187 940e 02c3 	CALL SUBOPT_0x9
000189 940e 02bc 	CALL SUBOPT_0x8
00018b 940e 0296 	CALL SUBOPT_0x2
                +
00018d 85e9     +LDD R30 , Y + 9
00018e 85fa     +LDD R31 , Y + 9 + 1
00018f 856b     +LDD R22 , Y + 9 + 2
000190 857c     +LDD R23 , Y + 9 + 3
                 	__GETD1S 9
000191 940e 0318 	CALL __CFD1U
000193 2f0e      	MOV  R16,R30
000194 940e 029b 	CALL SUBOPT_0x3
000196 2fe0      	MOV  R30,R16
000197 5de0      	SUBI R30,-LOW(48)
000198 93ec      	ST   X,R30
000199 2fe0      	MOV  R30,R16
00019a e0f0      	LDI  R31,0
00019b 940e 02c3 	CALL SUBOPT_0x9
00019d 940e 028c 	CALL SUBOPT_0x0
00019f 940e 02c8 	CALL SUBOPT_0xA
0001a1 cfe0      	RJMP _0x200001E
                 _0x2000020:
                 _0x20A0003:
0001a2 81ae      	LDD  R26,Y+6
0001a3 81bf      	LDD  R27,Y+6+1
0001a4 e0e0      	LDI  R30,LOW(0)
0001a5 93ec      	ST   X,R30
                 _0x20A0004:
0001a6 8119      	LDD  R17,Y+1
0001a7 8108      	LDD  R16,Y+0
0001a8 962d      	ADIW R28,13
0001a9 9508      	RET
                 ; .FEND
                 
                 	.DSEG
                 
                 	.CSEG
                 	#ifndef __SLEEP_DEFINED__
                 	#endif
                 
                 	.DSEG
                 
                 	.CSEG
                 __lcd_write_nibble_G101:
                 ; .FSTART __lcd_write_nibble_G101
0001aa 93aa      	ST   -Y,R26
0001ab b3e5      	IN   R30,0x15
0001ac 70ef      	ANDI R30,LOW(0xF)
0001ad 2fae      	MOV  R26,R30
0001ae 81e8      	LD   R30,Y
0001af 7fe0      	ANDI R30,LOW(0xF0)
0001b0 2bea      	OR   R30,R26
0001b1 bbe5      	OUT  0x15,R30
                +
0001b2 e08d     +LDI R24 , LOW ( 13 )
                +__DELAY_USB_LOOP :
0001b3 958a     +DEC R24
0001b4 f7f1     +BRNE __DELAY_USB_LOOP
                 	__DELAY_USB 13
0001b5 9aaa      	SBI  0x15,2
                +
0001b6 e08d     +LDI R24 , LOW ( 13 )
                +__DELAY_USB_LOOP :
0001b7 958a     +DEC R24
0001b8 f7f1     +BRNE __DELAY_USB_LOOP
                 	__DELAY_USB 13
0001b9 98aa      	CBI  0x15,2
                +
0001ba e08d     +LDI R24 , LOW ( 13 )
                +__DELAY_USB_LOOP :
0001bb 958a     +DEC R24
0001bc f7f1     +BRNE __DELAY_USB_LOOP
                 	__DELAY_USB 13
0001bd c077      	RJMP _0x20A0002
                 ; .FEND
                 __lcd_write_data:
                 ; .FSTART __lcd_write_data
0001be 93aa      	ST   -Y,R26
0001bf 81a8      	LD   R26,Y
0001c0 dfe9      	RCALL __lcd_write_nibble_G101
0001c1 81e8          ld    r30,y
0001c2 95e2          swap  r30
0001c3 83e8          st    y,r30
0001c4 81a8      	LD   R26,Y
0001c5 dfe4      	RCALL __lcd_write_nibble_G101
                +
0001c6 e885     +LDI R24 , LOW ( 133 )
                +__DELAY_USB_LOOP :
0001c7 958a     +DEC R24
0001c8 f7f1     +BRNE __DELAY_USB_LOOP
                 	__DELAY_USB 133
0001c9 c06b      	RJMP _0x20A0002
                 ; .FEND
                 _lcd_gotoxy:
                 ; .FSTART _lcd_gotoxy
0001ca 93aa      	ST   -Y,R26
0001cb 81e8      	LD   R30,Y
0001cc e0f0      	LDI  R31,0
0001cd 58eb      	SUBI R30,LOW(-__base_y_G101)
0001ce 4ffd      	SBCI R31,HIGH(-__base_y_G101)
0001cf 81e0      	LD   R30,Z
0001d0 81a9      	LDD  R26,Y+1
0001d1 0fae      	ADD  R26,R30
0001d2 dfeb      	RCALL __lcd_write_data
0001d3 8079      	LDD  R7,Y+1
0001d4 8068      	LDD  R6,Y+0
0001d5 9622      	ADIW R28,2
0001d6 9508      	RET
                 ; .FEND
                 _lcd_clear:
                 ; .FSTART _lcd_clear
0001d7 e0a2      	LDI  R26,LOW(2)
0001d8 940e 02cd 	CALL SUBOPT_0xB
0001da e0ac      	LDI  R26,LOW(12)
0001db dfe2      	RCALL __lcd_write_data
0001dc e0a1      	LDI  R26,LOW(1)
0001dd 940e 02cd 	CALL SUBOPT_0xB
0001df e0e0      	LDI  R30,LOW(0)
0001e0 2e6e      	MOV  R6,R30
0001e1 2e7e      	MOV  R7,R30
0001e2 9508      	RET
                 ; .FEND
                 _lcd_putchar:
                 ; .FSTART _lcd_putchar
0001e3 93aa      	ST   -Y,R26
0001e4 81a8      	LD   R26,Y
0001e5 30aa      	CPI  R26,LOW(0xA)
0001e6 f011      	BREQ _0x2020005
0001e7 1479      	CP   R7,R9
0001e8 f048      	BRLO _0x2020004
                 _0x2020005:
0001e9 e0e0      	LDI  R30,LOW(0)
0001ea 93ea      	ST   -Y,R30
0001eb 9463      	INC  R6
0001ec 2da6      	MOV  R26,R6
0001ed dfdc      	RCALL _lcd_gotoxy
0001ee 81a8      	LD   R26,Y
0001ef 30aa      	CPI  R26,LOW(0xA)
0001f0 f409      	BRNE _0x2020007
0001f1 c043      	RJMP _0x20A0002
                 _0x2020007:
                 _0x2020004:
0001f2 9473      	INC  R7
0001f3 9aa8      	SBI  0x15,0
0001f4 81a8      	LD   R26,Y
0001f5 dfc8      	RCALL __lcd_write_data
0001f6 98a8      	CBI  0x15,0
0001f7 c03d      	RJMP _0x20A0002
                 ; .FEND
                 _lcd_puts:
                 ; .FSTART _lcd_puts
0001f8 93ba      	ST   -Y,R27
0001f9 93aa      	ST   -Y,R26
0001fa 931a      	ST   -Y,R17
                 _0x2020008:
0001fb 81a9      	LDD  R26,Y+1
0001fc 81ba      	LDD  R27,Y+1+1
0001fd 91ed      	LD   R30,X+
0001fe 83a9      	STD  Y+1,R26
0001ff 83ba      	STD  Y+1+1,R27
000200 2f1e      	MOV  R17,R30
000201 30e0      	CPI  R30,0
000202 f019      	BREQ _0x202000A
000203 2fa1      	MOV  R26,R17
000204 dfde      	RCALL _lcd_putchar
000205 cff5      	RJMP _0x2020008
                 _0x202000A:
000206 8118      	LDD  R17,Y+0
000207 9623      	ADIW R28,3
000208 9508      	RET
                 ; .FEND
                 _lcd_init:
                 ; .FSTART _lcd_init
000209 93aa      	ST   -Y,R26
00020a b3e4      	IN   R30,0x14
00020b 6fe0      	ORI  R30,LOW(0xF0)
00020c bbe4      	OUT  0x14,R30
00020d 9aa2      	SBI  0x14,2
00020e 9aa0      	SBI  0x14,0
00020f 9aa1      	SBI  0x14,1
000210 98aa      	CBI  0x15,2
000211 98a8      	CBI  0x15,0
000212 98a9      	CBI  0x15,1
000213 8098      	LDD  R9,Y+0
000214 81e8      	LD   R30,Y
000215 58e0      	SUBI R30,-LOW(128)
                +
000216 93e0 0277+STS __base_y_G101 + ( 2 ) , R30
                 	__PUTB1MN __base_y_G101,2
000218 81e8      	LD   R30,Y
000219 54e0      	SUBI R30,-LOW(192)
                +
00021a 93e0 0278+STS __base_y_G101 + ( 3 ) , R30
                 	__PUTB1MN __base_y_G101,3
00021c e1a4      	LDI  R26,LOW(20)
00021d e0b0      	LDI  R27,0
00021e 940e 02db 	CALL _delay_ms
000220 940e 02d3 	CALL SUBOPT_0xC
000222 940e 02d3 	CALL SUBOPT_0xC
000224 940e 02d3 	CALL SUBOPT_0xC
000226 e2a0      	LDI  R26,LOW(32)
000227 df82      	RCALL __lcd_write_nibble_G101
                +
000228 ec88     +LDI R24 , LOW ( 200 )
000229 e090     +LDI R25 , HIGH ( 200 )
                +__DELAY_USW_LOOP :
00022a 9701     +SBIW R24 , 1
00022b f7f1     +BRNE __DELAY_USW_LOOP
                 	__DELAY_USW 200
00022c e2a8      	LDI  R26,LOW(40)
00022d df90      	RCALL __lcd_write_data
00022e e0a4      	LDI  R26,LOW(4)
00022f df8e      	RCALL __lcd_write_data
000230 e8a5      	LDI  R26,LOW(133)
000231 df8c      	RCALL __lcd_write_data
000232 e0a6      	LDI  R26,LOW(6)
000233 df8a      	RCALL __lcd_write_data
000234 dfa2      	RCALL _lcd_clear
                 _0x20A0002:
000235 9621      	ADIW R28,1
000236 9508      	RET
                 ; .FEND
                 
                 	.CSEG
                 
                 	.CSEG
                 _ftrunc:
                 ; .FSTART _ftrunc
000237 940e 04d9 	CALL __PUTPARD2
000239 817b         ldd  r23,y+3
00023a 816a         ldd  r22,y+2
00023b 81f9         ldd  r31,y+1
00023c 81e8         ld   r30,y
00023d fb77         bst  r23,7
00023e 0f77         lsl  r23
00023f fd67         sbrc r22,7
000240 6071         sbr  r23,1
000241 2f97         mov  r25,r23
000242 579e         subi r25,0x7e
000243 f081         breq __ftrunc0
000244 f078         brcs __ftrunc0
000245 3198         cpi  r25,24
000246 f490         brsh __ftrunc1
000247 27aa         clr  r26
000248 27bb         clr  r27
000249 2788         clr  r24
                 __ftrunc2:
00024a 9408         sec
00024b 9587         ror  r24
00024c 95b7         ror  r27
00024d 95a7         ror  r26
00024e 959a         dec  r25
00024f f7d1         brne __ftrunc2
000250 23ea         and  r30,r26
000251 23fb         and  r31,r27
000252 2368         and  r22,r24
000253 c005         rjmp __ftrunc1
                 __ftrunc0:
000254 94e8         clt
000255 2777         clr  r23
000256 27ee         clr  r30
000257 27ff         clr  r31
000258 2766         clr  r22
                 __ftrunc1:
000259 776f         cbr  r22,0x80
00025a 9576         lsr  r23
00025b f408         brcc __ftrunc3
00025c 6860         sbr  r22,0x80
                 __ftrunc3:
00025d f977         bld  r23,7
00025e 91a9         ld   r26,y+
00025f 91b9         ld   r27,y+
000260 9189         ld   r24,y+
000261 9199         ld   r25,y+
000262 17ea         cp   r30,r26
000263 07fb         cpc  r31,r27
000264 0768         cpc  r22,r24
000265 0779         cpc  r23,r25
000266 fb97         bst  r25,7
000267 9508         ret
                 ; .FEND
                 _floor:
                 ; .FSTART _floor
000268 940e 04d9 	CALL __PUTPARD2
00026a 940e 04ca 	CALL __GETD2S0
00026c 940e 0237 	CALL _ftrunc
00026e 940e 04cf 	CALL __PUTD1S0
000270 f419          brne __floor1
                 __floor0:
000271 940e 04c5 	CALL __GETD1S0
000273 c009      	RJMP _0x20A0001
                 __floor1:
000274 f7e6          brtc __floor0
000275 940e 04c5 	CALL __GETD1S0
                +
000277 e0a0     +LDI R26 , LOW ( 0x3F800000 )
000278 e0b0     +LDI R27 , HIGH ( 0x3F800000 )
000279 e880     +LDI R24 , BYTE3 ( 0x3F800000 )
00027a e39f     +LDI R25 , BYTE4 ( 0x3F800000 )
                 	__GETD2N 0x3F800000
00027b 940e 0384 	CALL __SUBF12
                 _0x20A0001:
00027d 9624      	ADIW R28,4
00027e 9508      	RET
                 ; .FEND
                 
                 	.CSEG
                 _strcpyf:
                 ; .FSTART _strcpyf
00027f 93ba      	ST   -Y,R27
000280 93aa      	ST   -Y,R26
000281 91e9          ld   r30,y+
000282 91f9          ld   r31,y+
000283 91a9          ld   r26,y+
000284 91b9          ld   r27,y+
000285 01cd          movw r24,r26
                 strcpyf0:
000286 9005      	lpm  r0,z+
000287 920d          st   x+,r0
000288 2000          tst  r0
000289 f7e1          brne strcpyf0
00028a 01fc          movw r30,r24
00028b 9508          ret
                 ; .FEND
                 
                 	.DSEG
                 _show_arr:
00026c           	.BYTE 0x5
                 __seed_G100:
000271           	.BYTE 0x4
                 __base_y_G101:
000275           	.BYTE 0x4
                 
                 	.CSEG
                 ;OPTIMIZER ADDED SUBROUTINE, CALLED 4 TIMES, CODE SIZE REDUCTION:3 WORDS
                 SUBOPT_0x0:
00028c 940e 049a 	CALL __CWD1
00028e 940e 0351 	CALL __CDF1
000290 9508      	RET
                 
                 ;OPTIMIZER ADDED SUBROUTINE, CALLED 3 TIMES, CODE SIZE REDUCTION:1 WORDS
                 SUBOPT_0x1:
000291 81ee      	LDD  R30,Y+6
000292 81ff      	LDD  R31,Y+6+1
000293 93fa      	ST   -Y,R31
000294 93ea      	ST   -Y,R30
000295 9508      	RET
                 
                 ;OPTIMIZER ADDED SUBROUTINE, CALLED 5 TIMES, CODE SIZE REDUCTION:5 WORDS
                 SUBOPT_0x2:
                +
000296 87e9     +STD Y + 9 , R30
000297 87fa     +STD Y + 9 + 1 , R31
000298 876b     +STD Y + 9 + 2 , R22
000299 877c     +STD Y + 9 + 3 , R23
                 	__PUTD1S 9
00029a 9508      	RET
                 
                 ;OPTIMIZER ADDED SUBROUTINE, CALLED 5 TIMES, CODE SIZE REDUCTION:13 WORDS
                 SUBOPT_0x3:
00029b 81ae      	LDD  R26,Y+6
00029c 81bf      	LDD  R27,Y+6+1
00029d 9611      	ADIW R26,1
00029e 83ae      	STD  Y+6,R26
00029f 83bf      	STD  Y+6+1,R27
0002a0 9711      	SBIW R26,1
0002a1 9508      	RET
                 
                 ;OPTIMIZER ADDED SUBROUTINE, CALLED 4 TIMES, CODE SIZE REDUCTION:3 WORDS
                 SUBOPT_0x4:
                +
0002a2 81aa     +LDD R26 , Y + 2
0002a3 81bb     +LDD R27 , Y + 2 + 1
0002a4 818c     +LDD R24 , Y + 2 + 2
0002a5 819d     +LDD R25 , Y + 2 + 3
                 	__GETD2S 2
0002a6 9508      	RET
                 
                 ;OPTIMIZER ADDED SUBROUTINE, CALLED 2 TIMES, CODE SIZE REDUCTION:1 WORDS
                 SUBOPT_0x5:
                +
0002a7 eced     +LDI R30 , LOW ( 0x3DCCCCCD )
0002a8 ecfc     +LDI R31 , HIGH ( 0x3DCCCCCD )
0002a9 ec6c     +LDI R22 , BYTE3 ( 0x3DCCCCCD )
0002aa e37d     +LDI R23 , BYTE4 ( 0x3DCCCCCD )
                 	__GETD1N 0x3DCCCCCD
0002ab 940e 03db 	CALL __MULF12
0002ad 9508      	RET
                 
                 ;OPTIMIZER ADDED SUBROUTINE, CALLED 4 TIMES, CODE SIZE REDUCTION:3 WORDS
                 SUBOPT_0x6:
                +
0002ae 83ea     +STD Y + 2 , R30
0002af 83fb     +STD Y + 2 + 1 , R31
0002b0 836c     +STD Y + 2 + 2 , R22
0002b1 837d     +STD Y + 2 + 3 , R23
                 	__PUTD1S 2
0002b2 9508      	RET
                 
                 ;OPTIMIZER ADDED SUBROUTINE, CALLED 3 TIMES, CODE SIZE REDUCTION:9 WORDS
                 SUBOPT_0x7:
                +
0002b3 81ea     +LDD R30 , Y + 2
0002b4 81fb     +LDD R31 , Y + 2 + 1
0002b5 816c     +LDD R22 , Y + 2 + 2
0002b6 817d     +LDD R23 , Y + 2 + 3
                 	__GETD1S 2
                +
0002b7 85a9     +LDD R26 , Y + 9
0002b8 85ba     +LDD R27 , Y + 9 + 1
0002b9 858b     +LDD R24 , Y + 9 + 2
0002ba 859c     +LDD R25 , Y + 9 + 3
                 	__GETD2S 9
0002bb 9508      	RET
                 
                 ;OPTIMIZER ADDED SUBROUTINE, CALLED 2 TIMES, CODE SIZE REDUCTION:1 WORDS
                 SUBOPT_0x8:
                +
0002bc e0e0     +LDI R30 , LOW ( 0x41200000 )
0002bd e0f0     +LDI R31 , HIGH ( 0x41200000 )
0002be e260     +LDI R22 , BYTE3 ( 0x41200000 )
0002bf e471     +LDI R23 , BYTE4 ( 0x41200000 )
                 	__GETD1N 0x41200000
0002c0 940e 03db 	CALL __MULF12
0002c2 9508      	RET
                 
                 ;OPTIMIZER ADDED SUBROUTINE, CALLED 3 TIMES, CODE SIZE REDUCTION:1 WORDS
                 SUBOPT_0x9:
                +
0002c3 85a9     +LDD R26 , Y + 9
0002c4 85ba     +LDD R27 , Y + 9 + 1
0002c5 858b     +LDD R24 , Y + 9 + 2
0002c6 859c     +LDD R25 , Y + 9 + 3
                 	__GETD2S 9
0002c7 9508      	RET
                 
                 ;OPTIMIZER ADDED SUBROUTINE, CALLED 2 TIMES, CODE SIZE REDUCTION:1 WORDS
                 SUBOPT_0xA:
0002c8 940e 04de 	CALL __SWAPD12
0002ca 940e 0384 	CALL __SUBF12
0002cc cfc9      	RJMP SUBOPT_0x2
                 
                 ;OPTIMIZER ADDED SUBROUTINE, CALLED 2 TIMES, CODE SIZE REDUCTION:1 WORDS
                 SUBOPT_0xB:
0002cd 940e 01be 	CALL __lcd_write_data
0002cf e0a3      	LDI  R26,LOW(3)
0002d0 e0b0      	LDI  R27,0
0002d1 940c 02db 	JMP  _delay_ms
                 
                 ;OPTIMIZER ADDED SUBROUTINE, CALLED 3 TIMES, CODE SIZE REDUCTION:7 WORDS
                 SUBOPT_0xC:
0002d3 e3a0      	LDI  R26,LOW(48)
0002d4 940e 01aa 	CALL __lcd_write_nibble_G101
                +
0002d6 ec88     +LDI R24 , LOW ( 200 )
0002d7 e090     +LDI R25 , HIGH ( 200 )
                +__DELAY_USW_LOOP :
0002d8 9701     +SBIW R24 , 1
0002d9 f7f1     +BRNE __DELAY_USW_LOOP
                 	__DELAY_USW 200
0002da 9508      	RET
                 
                 
                 	.CSEG
                 _delay_ms:
0002db 9610      	adiw r26,0
0002dc f039      	breq __delay_ms1
                 __delay_ms0:
                +
0002dd ed80     +LDI R24 , LOW ( 0x7D0 )
0002de e097     +LDI R25 , HIGH ( 0x7D0 )
                +__DELAY_USW_LOOP :
0002df 9701     +SBIW R24 , 1
0002e0 f7f1     +BRNE __DELAY_USW_LOOP
                 	__DELAY_USW 0x7D0
0002e1 95a8      	wdr
0002e2 9711      	sbiw r26,1
0002e3 f7c9      	brne __delay_ms0
                 __delay_ms1:
0002e4 9508      	ret
                 
                 __ANEGF1:
0002e5 9730      	SBIW R30,0
0002e6 4060      	SBCI R22,0
0002e7 4070      	SBCI R23,0
0002e8 f009      	BREQ __ANEGF10
0002e9 5870      	SUBI R23,0x80
                 __ANEGF10:
0002ea 9508      	RET
                 
                 __ROUND_REPACK:
0002eb 2355      	TST  R21
0002ec f442      	BRPL __REPACK
0002ed 3850      	CPI  R21,0x80
0002ee f411      	BRNE __ROUND_REPACK0
0002ef ffe0      	SBRS R30,0
0002f0 c004      	RJMP __REPACK
                 __ROUND_REPACK0:
0002f1 9631      	ADIW R30,1
0002f2 1f69      	ADC  R22,R25
0002f3 1f79      	ADC  R23,R25
0002f4 f06b      	BRVS __REPACK1
                 
                 __REPACK:
0002f5 e850      	LDI  R21,0x80
0002f6 2757      	EOR  R21,R23
0002f7 f411      	BRNE __REPACK0
0002f8 935f      	PUSH R21
0002f9 c0cf      	RJMP __ZERORES
                 __REPACK0:
0002fa 3f5f      	CPI  R21,0xFF
0002fb f031      	BREQ __REPACK1
0002fc 0f66      	LSL  R22
0002fd 0c00      	LSL  R0
0002fe 9557      	ROR  R21
0002ff 9567      	ROR  R22
000300 2f75      	MOV  R23,R21
000301 9508      	RET
                 __REPACK1:
000302 935f      	PUSH R21
000303 2000      	TST  R0
000304 f00a      	BRMI __REPACK2
000305 c0cf      	RJMP __MAXRES
                 __REPACK2:
000306 c0c8      	RJMP __MINRES
                 
                 __UNPACK:
000307 e850      	LDI  R21,0x80
000308 2e19      	MOV  R1,R25
000309 2215      	AND  R1,R21
00030a 0f88      	LSL  R24
00030b 1f99      	ROL  R25
00030c 2795      	EOR  R25,R21
00030d 0f55      	LSL  R21
00030e 9587      	ROR  R24
                 
                 __UNPACK1:
00030f e850      	LDI  R21,0x80
000310 2e07      	MOV  R0,R23
000311 2205      	AND  R0,R21
000312 0f66      	LSL  R22
000313 1f77      	ROL  R23
000314 2775      	EOR  R23,R21
000315 0f55      	LSL  R21
000316 9567      	ROR  R22
000317 9508      	RET
                 
                 __CFD1U:
000318 9468      	SET
000319 c001      	RJMP __CFD1U0
                 __CFD1:
00031a 94e8      	CLT
                 __CFD1U0:
00031b 935f      	PUSH R21
00031c dff2      	RCALL __UNPACK1
00031d 3870      	CPI  R23,0x80
00031e f018      	BRLO __CFD10
00031f 3f7f      	CPI  R23,0xFF
000320 f408      	BRCC __CFD10
000321 c0a7      	RJMP __ZERORES
                 __CFD10:
000322 e156      	LDI  R21,22
000323 1b57      	SUB  R21,R23
000324 f4aa      	BRPL __CFD11
000325 9551      	NEG  R21
000326 3058      	CPI  R21,8
000327 f40e      	BRTC __CFD19
000328 3059      	CPI  R21,9
                 __CFD19:
000329 f030      	BRLO __CFD17
00032a efef      	SER  R30
00032b efff      	SER  R31
00032c ef6f      	SER  R22
00032d e77f      	LDI  R23,0x7F
00032e f977      	BLD  R23,7
00032f c01a      	RJMP __CFD15
                 __CFD17:
000330 2777      	CLR  R23
000331 2355      	TST  R21
000332 f0b9      	BREQ __CFD15
                 __CFD18:
000333 0fee      	LSL  R30
000334 1fff      	ROL  R31
000335 1f66      	ROL  R22
000336 1f77      	ROL  R23
000337 955a      	DEC  R21
000338 f7d1      	BRNE __CFD18
000339 c010      	RJMP __CFD15
                 __CFD11:
00033a 2777      	CLR  R23
                 __CFD12:
00033b 3058      	CPI  R21,8
00033c f028      	BRLO __CFD13
00033d 2fef      	MOV  R30,R31
00033e 2ff6      	MOV  R31,R22
00033f 2f67      	MOV  R22,R23
000340 5058      	SUBI R21,8
000341 cff9      	RJMP __CFD12
                 __CFD13:
000342 2355      	TST  R21
000343 f031      	BREQ __CFD15
                 __CFD14:
000344 9576      	LSR  R23
000345 9567      	ROR  R22
000346 95f7      	ROR  R31
000347 95e7      	ROR  R30
000348 955a      	DEC  R21
000349 f7d1      	BRNE __CFD14
                 __CFD15:
00034a 2000      	TST  R0
00034b f40a      	BRPL __CFD16
00034c d145      	RCALL __ANEGD1
                 __CFD16:
00034d 915f      	POP  R21
00034e 9508      	RET
                 
                 __CDF1U:
00034f 9468      	SET
000350 c001      	RJMP __CDF1U0
                 __CDF1:
000351 94e8      	CLT
                 __CDF1U0:
000352 9730      	SBIW R30,0
000353 4060      	SBCI R22,0
000354 4070      	SBCI R23,0
000355 f0b1      	BREQ __CDF10
000356 2400      	CLR  R0
000357 f026      	BRTS __CDF11
000358 2377      	TST  R23
000359 f412      	BRPL __CDF11
00035a 9400      	COM  R0
00035b d136      	RCALL __ANEGD1
                 __CDF11:
00035c 2e17      	MOV  R1,R23
00035d e17e      	LDI  R23,30
00035e 2011      	TST  R1
                 __CDF12:
00035f f032      	BRMI __CDF13
000360 957a      	DEC  R23
000361 0fee      	LSL  R30
000362 1fff      	ROL  R31
000363 1f66      	ROL  R22
000364 1c11      	ROL  R1
000365 cff9      	RJMP __CDF12
                 __CDF13:
000366 2fef      	MOV  R30,R31
000367 2ff6      	MOV  R31,R22
000368 2d61      	MOV  R22,R1
000369 935f      	PUSH R21
00036a df8a      	RCALL __REPACK
00036b 915f      	POP  R21
                 __CDF10:
00036c 9508      	RET
                 
                 __SWAPACC:
00036d 934f      	PUSH R20
00036e 01af      	MOVW R20,R30
00036f 01fd      	MOVW R30,R26
000370 01da      	MOVW R26,R20
000371 01ab      	MOVW R20,R22
000372 01bc      	MOVW R22,R24
000373 01ca      	MOVW R24,R20
000374 2d40      	MOV  R20,R0
000375 2c01      	MOV  R0,R1
000376 2e14      	MOV  R1,R20
000377 914f      	POP  R20
000378 9508      	RET
                 
                 __UADD12:
000379 0fea      	ADD  R30,R26
00037a 1ffb      	ADC  R31,R27
00037b 1f68      	ADC  R22,R24
00037c 9508      	RET
                 
                 __NEGMAN1:
00037d 95e0      	COM  R30
00037e 95f0      	COM  R31
00037f 9560      	COM  R22
000380 5fef      	SUBI R30,-1
000381 4fff      	SBCI R31,-1
000382 4f6f      	SBCI R22,-1
000383 9508      	RET
                 
                 __SUBF12:
000384 935f      	PUSH R21
000385 df81      	RCALL __UNPACK
000386 3890      	CPI  R25,0x80
000387 f171      	BREQ __ADDF129
000388 e850      	LDI  R21,0x80
000389 2615      	EOR  R1,R21
                 
00038a c004      	RJMP __ADDF120
                 
                 __ADDF12:
00038b 935f      	PUSH R21
00038c df7a      	RCALL __UNPACK
00038d 3890      	CPI  R25,0x80
00038e f139      	BREQ __ADDF129
                 
                 __ADDF120:
00038f 3870      	CPI  R23,0x80
000390 f121      	BREQ __ADDF128
                 __ADDF121:
000391 2f57      	MOV  R21,R23
000392 1b59      	SUB  R21,R25
000393 f12b      	BRVS __ADDF1211
000394 f412      	BRPL __ADDF122
000395 dfd7      	RCALL __SWAPACC
000396 cffa      	RJMP __ADDF121
                 __ADDF122:
000397 3158      	CPI  R21,24
000398 f018      	BRLO __ADDF123
000399 27aa      	CLR  R26
00039a 27bb      	CLR  R27
00039b 2788      	CLR  R24
                 __ADDF123:
00039c 3058      	CPI  R21,8
00039d f028      	BRLO __ADDF124
00039e 2fab      	MOV  R26,R27
00039f 2fb8      	MOV  R27,R24
0003a0 2788      	CLR  R24
0003a1 5058      	SUBI R21,8
0003a2 cff9      	RJMP __ADDF123
                 __ADDF124:
0003a3 2355      	TST  R21
0003a4 f029      	BREQ __ADDF126
                 __ADDF125:
0003a5 9586      	LSR  R24
0003a6 95b7      	ROR  R27
0003a7 95a7      	ROR  R26
0003a8 955a      	DEC  R21
0003a9 f7d9      	BRNE __ADDF125
                 __ADDF126:
0003aa 2d50      	MOV  R21,R0
0003ab 2551      	EOR  R21,R1
0003ac f072      	BRMI __ADDF127
0003ad dfcb      	RCALL __UADD12
0003ae f438      	BRCC __ADDF129
0003af 9567      	ROR  R22
0003b0 95f7      	ROR  R31
0003b1 95e7      	ROR  R30
0003b2 9573      	INC  R23
0003b3 f413      	BRVC __ADDF129
0003b4 c020      	RJMP __MAXRES
                 __ADDF128:
0003b5 dfb7      	RCALL __SWAPACC
                 __ADDF129:
0003b6 df3e      	RCALL __REPACK
0003b7 915f      	POP  R21
0003b8 9508      	RET
                 __ADDF1211:
0003b9 f7d8      	BRCC __ADDF128
0003ba cffb      	RJMP __ADDF129
                 __ADDF127:
0003bb 1bea      	SUB  R30,R26
0003bc 0bfb      	SBC  R31,R27
0003bd 0b68      	SBC  R22,R24
0003be f051      	BREQ __ZERORES
0003bf f410      	BRCC __ADDF1210
0003c0 9400      	COM  R0
0003c1 dfbb      	RCALL __NEGMAN1
                 __ADDF1210:
0003c2 2366      	TST  R22
0003c3 f392      	BRMI __ADDF129
0003c4 0fee      	LSL  R30
0003c5 1fff      	ROL  R31
0003c6 1f66      	ROL  R22
0003c7 957a      	DEC  R23
0003c8 f7cb      	BRVC __ADDF1210
                 
                 __ZERORES:
0003c9 27ee      	CLR  R30
0003ca 27ff      	CLR  R31
0003cb 2766      	CLR  R22
0003cc 2777      	CLR  R23
0003cd 915f      	POP  R21
0003ce 9508      	RET
                 
                 __MINRES:
0003cf efef      	SER  R30
0003d0 efff      	SER  R31
0003d1 e76f      	LDI  R22,0x7F
0003d2 ef7f      	SER  R23
0003d3 915f      	POP  R21
0003d4 9508      	RET
                 
                 __MAXRES:
0003d5 efef      	SER  R30
0003d6 efff      	SER  R31
0003d7 e76f      	LDI  R22,0x7F
0003d8 e77f      	LDI  R23,0x7F
0003d9 915f      	POP  R21
0003da 9508      	RET
                 
                 __MULF12:
0003db 935f      	PUSH R21
0003dc df2a      	RCALL __UNPACK
0003dd 3870      	CPI  R23,0x80
0003de f351      	BREQ __ZERORES
0003df 3890      	CPI  R25,0x80
0003e0 f341      	BREQ __ZERORES
0003e1 2401      	EOR  R0,R1
0003e2 9408      	SEC
0003e3 1f79      	ADC  R23,R25
0003e4 f423      	BRVC __MULF124
0003e5 f31c      	BRLT __ZERORES
                 __MULF125:
0003e6 2000      	TST  R0
0003e7 f33a      	BRMI __MINRES
0003e8 cfec      	RJMP __MAXRES
                 __MULF124:
0003e9 920f      	PUSH R0
0003ea 931f      	PUSH R17
0003eb 932f      	PUSH R18
0003ec 933f      	PUSH R19
0003ed 934f      	PUSH R20
0003ee 2711      	CLR  R17
0003ef 2722      	CLR  R18
0003f0 2799      	CLR  R25
0003f1 9f68      	MUL  R22,R24
0003f2 01a0      	MOVW R20,R0
0003f3 9f8f      	MUL  R24,R31
0003f4 2d30      	MOV  R19,R0
0003f5 0d41      	ADD  R20,R1
0003f6 1f59      	ADC  R21,R25
0003f7 9f6b      	MUL  R22,R27
0003f8 0d30      	ADD  R19,R0
0003f9 1d41      	ADC  R20,R1
0003fa 1f59      	ADC  R21,R25
0003fb 9f8e      	MUL  R24,R30
0003fc d027      	RCALL __MULF126
0003fd 9fbf      	MUL  R27,R31
0003fe d025      	RCALL __MULF126
0003ff 9f6a      	MUL  R22,R26
000400 d023      	RCALL __MULF126
000401 9fbe      	MUL  R27,R30
000402 d01d      	RCALL __MULF127
000403 9faf      	MUL  R26,R31
000404 d01b      	RCALL __MULF127
000405 9fae      	MUL  R26,R30
000406 0d11      	ADD  R17,R1
000407 1f29      	ADC  R18,R25
000408 1f39      	ADC  R19,R25
000409 1f49      	ADC  R20,R25
00040a 1f59      	ADC  R21,R25
00040b 2fe3      	MOV  R30,R19
00040c 2ff4      	MOV  R31,R20
00040d 2f65      	MOV  R22,R21
00040e 2f52      	MOV  R21,R18
00040f 914f      	POP  R20
000410 913f      	POP  R19
000411 912f      	POP  R18
000412 911f      	POP  R17
000413 900f      	POP  R0
000414 2366      	TST  R22
000415 f02a      	BRMI __MULF122
000416 0f55      	LSL  R21
000417 1fee      	ROL  R30
000418 1fff      	ROL  R31
000419 1f66      	ROL  R22
00041a c002      	RJMP __MULF123
                 __MULF122:
00041b 9573      	INC  R23
00041c f24b      	BRVS __MULF125
                 __MULF123:
00041d decd      	RCALL __ROUND_REPACK
00041e 915f      	POP  R21
00041f 9508      	RET
                 
                 __MULF127:
000420 0d10      	ADD  R17,R0
000421 1d21      	ADC  R18,R1
000422 1f39      	ADC  R19,R25
000423 c002      	RJMP __MULF128
                 __MULF126:
000424 0d20      	ADD  R18,R0
000425 1d31      	ADC  R19,R1
                 __MULF128:
000426 1f49      	ADC  R20,R25
000427 1f59      	ADC  R21,R25
000428 9508      	RET
                 
                 __DIVF21:
000429 935f      	PUSH R21
00042a dedc      	RCALL __UNPACK
00042b 3870      	CPI  R23,0x80
00042c f421      	BRNE __DIVF210
00042d 2011      	TST  R1
                 __DIVF211:
00042e f40a      	BRPL __DIVF219
00042f cf9f      	RJMP __MINRES
                 __DIVF219:
000430 cfa4      	RJMP __MAXRES
                 __DIVF210:
000431 3890      	CPI  R25,0x80
000432 f409      	BRNE __DIVF218
                 __DIVF217:
000433 cf95      	RJMP __ZERORES
                 __DIVF218:
000434 2401      	EOR  R0,R1
000435 9408      	SEC
000436 0b97      	SBC  R25,R23
000437 f41b      	BRVC __DIVF216
000438 f3d4      	BRLT __DIVF217
000439 2000      	TST  R0
00043a cff3      	RJMP __DIVF211
                 __DIVF216:
00043b 2f79      	MOV  R23,R25
00043c 931f      	PUSH R17
00043d 932f      	PUSH R18
00043e 933f      	PUSH R19
00043f 934f      	PUSH R20
000440 2411      	CLR  R1
000441 2711      	CLR  R17
000442 2722      	CLR  R18
000443 2733      	CLR  R19
000444 2744      	CLR  R20
000445 2755      	CLR  R21
000446 e290      	LDI  R25,32
                 __DIVF212:
000447 17ae      	CP   R26,R30
000448 07bf      	CPC  R27,R31
000449 0786      	CPC  R24,R22
00044a 0741      	CPC  R20,R17
00044b f030      	BRLO __DIVF213
00044c 1bae      	SUB  R26,R30
00044d 0bbf      	SBC  R27,R31
00044e 0b86      	SBC  R24,R22
00044f 0b41      	SBC  R20,R17
000450 9408      	SEC
000451 c001      	RJMP __DIVF214
                 __DIVF213:
000452 9488      	CLC
                 __DIVF214:
000453 1f55      	ROL  R21
000454 1f22      	ROL  R18
000455 1f33      	ROL  R19
000456 1c11      	ROL  R1
000457 1faa      	ROL  R26
000458 1fbb      	ROL  R27
000459 1f88      	ROL  R24
00045a 1f44      	ROL  R20
00045b 959a      	DEC  R25
00045c f751      	BRNE __DIVF212
00045d 01f9      	MOVW R30,R18
00045e 2d61      	MOV  R22,R1
00045f 914f      	POP  R20
000460 913f      	POP  R19
000461 912f      	POP  R18
000462 911f      	POP  R17
000463 2366      	TST  R22
000464 f032      	BRMI __DIVF215
000465 0f55      	LSL  R21
000466 1fee      	ROL  R30
000467 1fff      	ROL  R31
000468 1f66      	ROL  R22
000469 957a      	DEC  R23
00046a f243      	BRVS __DIVF217
                 __DIVF215:
00046b de7f      	RCALL __ROUND_REPACK
00046c 915f      	POP  R21
00046d 9508      	RET
                 
                 __CMPF12:
00046e 2399      	TST  R25
00046f f09a      	BRMI __CMPF120
000470 2377      	TST  R23
000471 f042      	BRMI __CMPF121
000472 1797      	CP   R25,R23
000473 f048      	BRLO __CMPF122
000474 f429      	BRNE __CMPF121
000475 17ae      	CP   R26,R30
000476 07bf      	CPC  R27,R31
000477 0786      	CPC  R24,R22
000478 f020      	BRLO __CMPF122
000479 f031      	BREQ __CMPF123
                 __CMPF121:
00047a 9498      	CLZ
00047b 9488      	CLC
00047c 9508      	RET
                 __CMPF122:
00047d 9498      	CLZ
00047e 9408      	SEC
00047f 9508      	RET
                 __CMPF123:
000480 9418      	SEZ
000481 9488      	CLC
000482 9508      	RET
                 __CMPF120:
000483 2377      	TST  R23
000484 f7c2      	BRPL __CMPF122
000485 1797      	CP   R25,R23
000486 f398      	BRLO __CMPF121
000487 f7a9      	BRNE __CMPF122
000488 17ea      	CP   R30,R26
000489 07fb      	CPC  R31,R27
00048a 0768      	CPC  R22,R24
00048b f388      	BRLO __CMPF122
00048c f399      	BREQ __CMPF123
00048d cfec      	RJMP __CMPF121
                 
                 __ANEGW1:
00048e 95f1      	NEG  R31
00048f 95e1      	NEG  R30
000490 40f0      	SBCI R31,0
000491 9508      	RET
                 
                 __ANEGD1:
000492 95f0      	COM  R31
000493 9560      	COM  R22
000494 9570      	COM  R23
000495 95e1      	NEG  R30
000496 4fff      	SBCI R31,-1
000497 4f6f      	SBCI R22,-1
000498 4f7f      	SBCI R23,-1
000499 9508      	RET
                 
                 __CWD1:
00049a 2f6f      	MOV  R22,R31
00049b 0f66      	ADD  R22,R22
00049c 0b66      	SBC  R22,R22
00049d 2f76      	MOV  R23,R22
00049e 9508      	RET
                 
                 __DIVW21U:
00049f 2400      	CLR  R0
0004a0 2411      	CLR  R1
0004a1 e190      	LDI  R25,16
                 __DIVW21U1:
0004a2 0faa      	LSL  R26
0004a3 1fbb      	ROL  R27
0004a4 1c00      	ROL  R0
0004a5 1c11      	ROL  R1
0004a6 1a0e      	SUB  R0,R30
0004a7 0a1f      	SBC  R1,R31
0004a8 f418      	BRCC __DIVW21U2
0004a9 0e0e      	ADD  R0,R30
0004aa 1e1f      	ADC  R1,R31
0004ab c001      	RJMP __DIVW21U3
                 __DIVW21U2:
0004ac 60a1      	SBR  R26,1
                 __DIVW21U3:
0004ad 959a      	DEC  R25
0004ae f799      	BRNE __DIVW21U1
0004af 01fd      	MOVW R30,R26
0004b0 01d0      	MOVW R26,R0
0004b1 9508      	RET
                 
                 __DIVW21:
0004b2 d004      	RCALL __CHKSIGNW
0004b3 dfeb      	RCALL __DIVW21U
0004b4 f40e      	BRTC __DIVW211
0004b5 dfd8      	RCALL __ANEGW1
                 __DIVW211:
0004b6 9508      	RET
                 
                 __CHKSIGNW:
0004b7 94e8      	CLT
0004b8 fff7      	SBRS R31,7
0004b9 c002      	RJMP __CHKSW1
0004ba dfd3      	RCALL __ANEGW1
0004bb 9468      	SET
                 __CHKSW1:
0004bc ffb7      	SBRS R27,7
0004bd c006      	RJMP __CHKSW2
0004be 95a0      	COM  R26
0004bf 95b0      	COM  R27
0004c0 9611      	ADIW R26,1
0004c1 f800      	BLD  R0,0
0004c2 9403      	INC  R0
0004c3 fa00      	BST  R0,0
                 __CHKSW2:
0004c4 9508      	RET
                 
                 __GETD1S0:
0004c5 81e8      	LD   R30,Y
0004c6 81f9      	LDD  R31,Y+1
0004c7 816a      	LDD  R22,Y+2
0004c8 817b      	LDD  R23,Y+3
0004c9 9508      	RET
                 
                 __GETD2S0:
0004ca 81a8      	LD   R26,Y
0004cb 81b9      	LDD  R27,Y+1
0004cc 818a      	LDD  R24,Y+2
0004cd 819b      	LDD  R25,Y+3
0004ce 9508      	RET
                 
                 __PUTD1S0:
0004cf 83e8      	ST   Y,R30
0004d0 83f9      	STD  Y+1,R31
0004d1 836a      	STD  Y+2,R22
0004d2 837b      	STD  Y+3,R23
0004d3 9508      	RET
                 
                 __PUTPARD1:
0004d4 937a      	ST   -Y,R23
0004d5 936a      	ST   -Y,R22
0004d6 93fa      	ST   -Y,R31
0004d7 93ea      	ST   -Y,R30
0004d8 9508      	RET
                 
                 __PUTPARD2:
0004d9 939a      	ST   -Y,R25
0004da 938a      	ST   -Y,R24
0004db 93ba      	ST   -Y,R27
0004dc 93aa      	ST   -Y,R26
0004dd 9508      	RET
                 
                 __SWAPD12:
0004de 2e18      	MOV  R1,R24
0004df 2f86      	MOV  R24,R22
0004e0 2d61      	MOV  R22,R1
0004e1 2e19      	MOV  R1,R25
0004e2 2f97      	MOV  R25,R23
0004e3 2d71      	MOV  R23,R1
                 
                 __SWAPW12:
0004e4 2e1b      	MOV  R1,R27
0004e5 2fbf      	MOV  R27,R31
0004e6 2df1      	MOV  R31,R1
                 
                 __SWAPB12:
0004e7 2e1a      	MOV  R1,R26
0004e8 2fae      	MOV  R26,R30
0004e9 2de1      	MOV  R30,R1
0004ea 9508      	RET
                 
                 ;END OF CODE MARKER
                 __END_OF_CODE:


RESOURCE USE INFORMATION
------------------------

Notice:
The register and instruction counts are symbol table hit counts,
and hence implicitly used resources are not counted, eg, the
'lpm' instruction without operands implicitly uses r0 and z,
none of which are counted.

x,y,z are separate entities in the symbol table and are
counted separately from r26..r31 here.

.dseg memory usage only counts static data declared with .byte

ATmega32 register use summary:
r0 :  37 r1 :  34 r2 :   0 r3 :   0 r4 :   5 r5 :   0 r6 :   4 r7 :   4 
r8 :   0 r9 :   2 r10:   0 r11:   0 r12:   0 r13:   0 r14:   0 r15:   0 
r16:   8 r17:  25 r18:  12 r19:  12 r20:  22 r21:  63 r22:  71 r23:  66 
r24:  59 r25:  52 r26: 104 r27:  52 r28:   7 r29:   1 r30: 198 r31:  67 
x  :  11 y  : 129 z  :   9 
Registers used: 25 out of 35 (71.4%)

ATmega32 instruction use summary:
.lds  :   0 .lds.l:   0 .sts  :   0 .sts.l:   0 adc   :  18 add   :   9 
adiw  :   9 and   :   5 andi  :   2 asr   :   0 bclr  :   0 bld   :   3 
brbc  :   0 brbs  :   0 brcc  :   6 brcs  :   1 break :   0 breq  :  23 
brge  :   0 brhc  :   0 brhs  :   0 brid  :   0 brie  :   0 brlo  :  14 
brlt  :   2 brmi  :   9 brne  :  30 brpl  :   8 brsh  :   1 brtc  :   3 
brts  :   1 brvc  :   4 brvs  :   4 bset  :   0 bst   :   3 call  :  81 
cbi   :   5 cbr   :   1 clc   :   3 clh   :   0 cli   :   1 cln   :   0 
clr   :  31 cls   :   0 clt   :   4 clv   :   0 clz   :   2 com   :  10 
cp    :   7 cpc   :  12 cpi   :  28 cpse  :   0 dec   :  15 des   :   0 
eor   :   7 fmul  :   0 fmuls :   0 fmulsu:   0 icall :   0 ijmp  :   0 
in    :   4 inc   :   5 jmp   :  24 ld    :  24 ldd   :  55 ldi   : 115 
lds   :   0 lpm   :   8 lsl   :  13 lsr   :   3 mov   :  53 movw  :  22 
mul   :   9 muls  :   0 mulsu :   0 neg   :   4 nop   :   0 or    :   1 
ori   :   2 out   :  44 pop   :  18 push  :  18 rcall :  38 ret   :  50 
reti  :   0 rjmp  :  48 rol   :  27 ror   :  15 sbc   :   8 sbci  :  11 
sbi   :   7 sbic  :   0 sbis  :   1 sbiw  :  11 sbr   :   3 sbrc  :   1 
sbrs  :   3 sec   :   5 seh   :   0 sei   :   0 sen   :   0 ser   :   8 
ses   :   0 set   :   3 sev   :   0 sez   :   1 sleep :   0 spm   :   0 
st    :  42 std   :  20 sts   :   2 sub   :   5 subi  :  15 swap  :   1 
tst   :  19 wdr   :   1 
Instructions used: 77 out of 116 (66.4%)

ATmega32 memory use summary [bytes]:
Segment   Begin    End      Code   Data   Used    Size   Use%
---------------------------------------------------------------
[.cseg] 0x000000 0x0009d6   2472     46   2518   32768   7.7%
[.dseg] 0x000060 0x000279      0     25     25    2048   1.2%
[.eseg] 0x000000 0x000000      0      0      0    1024   0.0%

Assembly complete, 0 errors, 7 warnings
