Active-HDL 13.0.375.8320 2025-05-01 16:35:51

Elaboration top modules:
Architecture                  Behavioral(tb_decoder_2to4)


---------------------------------------------------------------------------------------------------------
Entity          | Architecture | Library        | Info | Compiler Version          | Compilation Options
---------------------------------------------------------------------------------------------------------
tb_decoder_2to4 | Behavioral   | decoder_design |      | 13.0.375.8320 (Windows64) | -O3
decoder_2to4    | Behavioral   | decoder_design |      | 13.0.375.8320 (Windows64) | -O3
---------------------------------------------------------------------------------------------------------

---------------------------------------------------------------------------------------------------------
VHDL Package                   | Library        | Info | Compiler Version          | Compilation Options
---------------------------------------------------------------------------------------------------------
standard                       | std            |      |                           | <unavailable>
TEXTIO                         | std            |      | 13.0.375.8320 (Windows64) |  -2019
std_logic_1164                 | ieee           |      | 13.0.375.8320 (Windows64) |  -2008
std_logic_arith                | ieee           |      | 13.0.375.8320 (Windows64) | <unavailable>
STD_LOGIC_UNSIGNED             | ieee           |      | 13.0.375.8320 (Windows64) | <unavailable>
---------------------------------------------------------------------------------------------------------

---------------------------------------------------------------------------------------------------------
Library                        | Comment
---------------------------------------------------------------------------------------------------------
decoder_design                 | None
ieee                           | Standard IEEE packages library
std                            | Standard VHDL library
---------------------------------------------------------------------------------------------------------


Simulation Options: asim -O5 +access +r +m+tb_decoder_2to4 tb_decoder_2to4 Behavioral

