
AVRASM ver. 2.1.30  C:\Users\Lenovo\Desktop\16\Debug\List\16.asm Sat Jan 06 02:11:33 2024

C:\Users\Lenovo\Desktop\16\Debug\List\16.asm(1088): warning: Register r5 already defined by the .DEF directive
C:\Users\Lenovo\Desktop\16\Debug\List\16.asm(1089): warning: Register r6 already defined by the .DEF directive
C:\Users\Lenovo\Desktop\16\Debug\List\16.asm(1090): warning: Register r7 already defined by the .DEF directive
                 
                 
                 ;CodeVisionAVR C Compiler V3.12 Advanced
                 ;(C) Copyright 1998-2014 Pavel Haiduc, HP InfoTech s.r.l.
                 ;http://www.hpinfotech.com
                 
                 ;Build configuration    : Debug
                 ;Chip type              : ATmega32
                 ;Program type           : Application
                 ;Clock frequency        : 8.000000 MHz
                 ;Memory model           : Small
                 ;Optimize for           : Size
                 ;(s)printf features     : int, width
                 ;(s)scanf features      : int, width
                 ;External RAM size      : 0
                 ;Data Stack size        : 512 byte(s)
                 ;Heap size              : 0 byte(s)
                 ;Promote 'char' to 'int': Yes
                 ;'char' is unsigned     : Yes
                 ;8 bit enums            : Yes
                 ;Global 'const' stored in FLASH: Yes
                 ;Enhanced function parameter passing: Yes
                 ;Enhanced core instructions: On
                 ;Automatic register allocation for global variables: On
                 ;Smart register allocation: On
                 
                 	#define _MODEL_SMALL_
                 
                 	#pragma AVRPART ADMIN PART_NAME ATmega32
                 	#pragma AVRPART MEMORY PROG_FLASH 32768
                 	#pragma AVRPART MEMORY EEPROM 1024
                 	#pragma AVRPART MEMORY INT_SRAM SIZE 2048
                 	#pragma AVRPART MEMORY INT_SRAM START_ADDR 0x60
                 
                 	#define CALL_SUPPORTED 1
                 
                 	.LISTMAC
                 	.EQU UDRE=0x5
                 	.EQU RXC=0x7
                 	.EQU USR=0xB
                 	.EQU UDR=0xC
                 	.EQU SPSR=0xE
                 	.EQU SPDR=0xF
                 	.EQU EERE=0x0
                 	.EQU EEWE=0x1
                 	.EQU EEMWE=0x2
                 	.EQU EECR=0x1C
                 	.EQU EEDR=0x1D
                 	.EQU EEARL=0x1E
                 	.EQU EEARH=0x1F
                 	.EQU WDTCR=0x21
                 	.EQU MCUCR=0x35
                 	.EQU GICR=0x3B
                 	.EQU SPL=0x3D
                 	.EQU SPH=0x3E
                 	.EQU SREG=0x3F
                 
                 	.DEF R0X0=R0
                 	.DEF R0X1=R1
                 	.DEF R0X2=R2
                 	.DEF R0X3=R3
                 	.DEF R0X4=R4
                 	.DEF R0X5=R5
                 	.DEF R0X6=R6
                 	.DEF R0X7=R7
                 	.DEF R0X8=R8
                 	.DEF R0X9=R9
                 	.DEF R0XA=R10
                 	.DEF R0XB=R11
                 	.DEF R0XC=R12
                 	.DEF R0XD=R13
                 	.DEF R0XE=R14
                 	.DEF R0XF=R15
                 	.DEF R0X10=R16
                 	.DEF R0X11=R17
                 	.DEF R0X12=R18
                 	.DEF R0X13=R19
                 	.DEF R0X14=R20
                 	.DEF R0X15=R21
                 	.DEF R0X16=R22
                 	.DEF R0X17=R23
                 	.DEF R0X18=R24
                 	.DEF R0X19=R25
                 	.DEF R0X1A=R26
                 	.DEF R0X1B=R27
                 	.DEF R0X1C=R28
                 	.DEF R0X1D=R29
                 	.DEF R0X1E=R30
                 	.DEF R0X1F=R31
                 
                 	.EQU __SRAM_START=0x0060
                 	.EQU __SRAM_END=0x085F
                 	.EQU __DSTACK_SIZE=0x0200
                 	.EQU __HEAP_SIZE=0x0000
                 	.EQU __CLEAR_SRAM_SIZE=__SRAM_END-__SRAM_START+1
                 
                 	.MACRO __CPD1N
                 	CPI  R30,LOW(@0)
                 	LDI  R26,HIGH(@0)
                 	CPC  R31,R26
                 	LDI  R26,BYTE3(@0)
                 	CPC  R22,R26
                 	LDI  R26,BYTE4(@0)
                 	CPC  R23,R26
                 	.ENDM
                 
                 	.MACRO __CPD2N
                 	CPI  R26,LOW(@0)
                 	LDI  R30,HIGH(@0)
                 	CPC  R27,R30
                 	LDI  R30,BYTE3(@0)
                 	CPC  R24,R30
                 	LDI  R30,BYTE4(@0)
                 	CPC  R25,R30
                 	.ENDM
                 
                 	.MACRO __CPWRR
                 	CP   R@0,R@2
                 	CPC  R@1,R@3
                 	.ENDM
                 
                 	.MACRO __CPWRN
                 	CPI  R@0,LOW(@2)
                 	LDI  R30,HIGH(@2)
                 	CPC  R@1,R30
                 	.ENDM
                 
                 	.MACRO __ADDB1MN
                 	SUBI R30,LOW(-@0-(@1))
                 	.ENDM
                 
                 	.MACRO __ADDB2MN
                 	SUBI R26,LOW(-@0-(@1))
                 	.ENDM
                 
                 	.MACRO __ADDW1MN
                 	SUBI R30,LOW(-@0-(@1))
                 	SBCI R31,HIGH(-@0-(@1))
                 	.ENDM
                 
                 	.MACRO __ADDW2MN
                 	SUBI R26,LOW(-@0-(@1))
                 	SBCI R27,HIGH(-@0-(@1))
                 	.ENDM
                 
                 	.MACRO __ADDW1FN
                 	SUBI R30,LOW(-2*@0-(@1))
                 	SBCI R31,HIGH(-2*@0-(@1))
                 	.ENDM
                 
                 	.MACRO __ADDD1FN
                 	SUBI R30,LOW(-2*@0-(@1))
                 	SBCI R31,HIGH(-2*@0-(@1))
                 	SBCI R22,BYTE3(-2*@0-(@1))
                 	.ENDM
                 
                 	.MACRO __ADDD1N
                 	SUBI R30,LOW(-@0)
                 	SBCI R31,HIGH(-@0)
                 	SBCI R22,BYTE3(-@0)
                 	SBCI R23,BYTE4(-@0)
                 	.ENDM
                 
                 	.MACRO __ADDD2N
                 	SUBI R26,LOW(-@0)
                 	SBCI R27,HIGH(-@0)
                 	SBCI R24,BYTE3(-@0)
                 	SBCI R25,BYTE4(-@0)
                 	.ENDM
                 
                 	.MACRO __SUBD1N
                 	SUBI R30,LOW(@0)
                 	SBCI R31,HIGH(@0)
                 	SBCI R22,BYTE3(@0)
                 	SBCI R23,BYTE4(@0)
                 	.ENDM
                 
                 	.MACRO __SUBD2N
                 	SUBI R26,LOW(@0)
                 	SBCI R27,HIGH(@0)
                 	SBCI R24,BYTE3(@0)
                 	SBCI R25,BYTE4(@0)
                 	.ENDM
                 
                 	.MACRO __ANDBMNN
                 	LDS  R30,@0+(@1)
                 	ANDI R30,LOW(@2)
                 	STS  @0+(@1),R30
                 	.ENDM
                 
                 	.MACRO __ANDWMNN
                 	LDS  R30,@0+(@1)
                 	ANDI R30,LOW(@2)
                 	STS  @0+(@1),R30
                 	LDS  R30,@0+(@1)+1
                 	ANDI R30,HIGH(@2)
                 	STS  @0+(@1)+1,R30
                 	.ENDM
                 
                 	.MACRO __ANDD1N
                 	ANDI R30,LOW(@0)
                 	ANDI R31,HIGH(@0)
                 	ANDI R22,BYTE3(@0)
                 	ANDI R23,BYTE4(@0)
                 	.ENDM
                 
                 	.MACRO __ANDD2N
                 	ANDI R26,LOW(@0)
                 	ANDI R27,HIGH(@0)
                 	ANDI R24,BYTE3(@0)
                 	ANDI R25,BYTE4(@0)
                 	.ENDM
                 
                 	.MACRO __ORBMNN
                 	LDS  R30,@0+(@1)
                 	ORI  R30,LOW(@2)
                 	STS  @0+(@1),R30
                 	.ENDM
                 
                 	.MACRO __ORWMNN
                 	LDS  R30,@0+(@1)
                 	ORI  R30,LOW(@2)
                 	STS  @0+(@1),R30
                 	LDS  R30,@0+(@1)+1
                 	ORI  R30,HIGH(@2)
                 	STS  @0+(@1)+1,R30
                 	.ENDM
                 
                 	.MACRO __ORD1N
                 	ORI  R30,LOW(@0)
                 	ORI  R31,HIGH(@0)
                 	ORI  R22,BYTE3(@0)
                 	ORI  R23,BYTE4(@0)
                 	.ENDM
                 
                 	.MACRO __ORD2N
                 	ORI  R26,LOW(@0)
                 	ORI  R27,HIGH(@0)
                 	ORI  R24,BYTE3(@0)
                 	ORI  R25,BYTE4(@0)
                 	.ENDM
                 
                 	.MACRO __DELAY_USB
                 	LDI  R24,LOW(@0)
                 __DELAY_USB_LOOP:
                 	DEC  R24
                 	BRNE __DELAY_USB_LOOP
                 	.ENDM
                 
                 	.MACRO __DELAY_USW
                 	LDI  R24,LOW(@0)
                 	LDI  R25,HIGH(@0)
                 __DELAY_USW_LOOP:
                 	SBIW R24,1
                 	BRNE __DELAY_USW_LOOP
                 	.ENDM
                 
                 	.MACRO __GETD1S
                 	LDD  R30,Y+@0
                 	LDD  R31,Y+@0+1
                 	LDD  R22,Y+@0+2
                 	LDD  R23,Y+@0+3
                 	.ENDM
                 
                 	.MACRO __GETD2S
                 	LDD  R26,Y+@0
                 	LDD  R27,Y+@0+1
                 	LDD  R24,Y+@0+2
                 	LDD  R25,Y+@0+3
                 	.ENDM
                 
                 	.MACRO __PUTD1S
                 	STD  Y+@0,R30
                 	STD  Y+@0+1,R31
                 	STD  Y+@0+2,R22
                 	STD  Y+@0+3,R23
                 	.ENDM
                 
                 	.MACRO __PUTD2S
                 	STD  Y+@0,R26
                 	STD  Y+@0+1,R27
                 	STD  Y+@0+2,R24
                 	STD  Y+@0+3,R25
                 	.ENDM
                 
                 	.MACRO __PUTDZ2
                 	STD  Z+@0,R26
                 	STD  Z+@0+1,R27
                 	STD  Z+@0+2,R24
                 	STD  Z+@0+3,R25
                 	.ENDM
                 
                 	.MACRO __CLRD1S
                 	STD  Y+@0,R30
                 	STD  Y+@0+1,R30
                 	STD  Y+@0+2,R30
                 	STD  Y+@0+3,R30
                 	.ENDM
                 
                 	.MACRO __POINTB1MN
                 	LDI  R30,LOW(@0+(@1))
                 	.ENDM
                 
                 	.MACRO __POINTW1MN
                 	LDI  R30,LOW(@0+(@1))
                 	LDI  R31,HIGH(@0+(@1))
                 	.ENDM
                 
                 	.MACRO __POINTD1M
                 	LDI  R30,LOW(@0)
                 	LDI  R31,HIGH(@0)
                 	LDI  R22,BYTE3(@0)
                 	LDI  R23,BYTE4(@0)
                 	.ENDM
                 
                 	.MACRO __POINTW1FN
                 	LDI  R30,LOW(2*@0+(@1))
                 	LDI  R31,HIGH(2*@0+(@1))
                 	.ENDM
                 
                 	.MACRO __POINTD1FN
                 	LDI  R30,LOW(2*@0+(@1))
                 	LDI  R31,HIGH(2*@0+(@1))
                 	LDI  R22,BYTE3(2*@0+(@1))
                 	LDI  R23,BYTE4(2*@0+(@1))
                 	.ENDM
                 
                 	.MACRO __POINTB2MN
                 	LDI  R26,LOW(@0+(@1))
                 	.ENDM
                 
                 	.MACRO __POINTW2MN
                 	LDI  R26,LOW(@0+(@1))
                 	LDI  R27,HIGH(@0+(@1))
                 	.ENDM
                 
                 	.MACRO __POINTW2FN
                 	LDI  R26,LOW(2*@0+(@1))
                 	LDI  R27,HIGH(2*@0+(@1))
                 	.ENDM
                 
                 	.MACRO __POINTD2FN
                 	LDI  R26,LOW(2*@0+(@1))
                 	LDI  R27,HIGH(2*@0+(@1))
                 	LDI  R24,BYTE3(2*@0+(@1))
                 	LDI  R25,BYTE4(2*@0+(@1))
                 	.ENDM
                 
                 	.MACRO __POINTBRM
                 	LDI  R@0,LOW(@1)
                 	.ENDM
                 
                 	.MACRO __POINTWRM
                 	LDI  R@0,LOW(@2)
                 	LDI  R@1,HIGH(@2)
                 	.ENDM
                 
                 	.MACRO __POINTBRMN
                 	LDI  R@0,LOW(@1+(@2))
                 	.ENDM
                 
                 	.MACRO __POINTWRMN
                 	LDI  R@0,LOW(@2+(@3))
                 	LDI  R@1,HIGH(@2+(@3))
                 	.ENDM
                 
                 	.MACRO __POINTWRFN
                 	LDI  R@0,LOW(@2*2+(@3))
                 	LDI  R@1,HIGH(@2*2+(@3))
                 	.ENDM
                 
                 	.MACRO __GETD1N
                 	LDI  R30,LOW(@0)
                 	LDI  R31,HIGH(@0)
                 	LDI  R22,BYTE3(@0)
                 	LDI  R23,BYTE4(@0)
                 	.ENDM
                 
                 	.MACRO __GETD2N
                 	LDI  R26,LOW(@0)
                 	LDI  R27,HIGH(@0)
                 	LDI  R24,BYTE3(@0)
                 	LDI  R25,BYTE4(@0)
                 	.ENDM
                 
                 	.MACRO __GETB1MN
                 	LDS  R30,@0+(@1)
                 	.ENDM
                 
                 	.MACRO __GETB1HMN
                 	LDS  R31,@0+(@1)
                 	.ENDM
                 
                 	.MACRO __GETW1MN
                 	LDS  R30,@0+(@1)
                 	LDS  R31,@0+(@1)+1
                 	.ENDM
                 
                 	.MACRO __GETD1MN
                 	LDS  R30,@0+(@1)
                 	LDS  R31,@0+(@1)+1
                 	LDS  R22,@0+(@1)+2
                 	LDS  R23,@0+(@1)+3
                 	.ENDM
                 
                 	.MACRO __GETBRMN
                 	LDS  R@0,@1+(@2)
                 	.ENDM
                 
                 	.MACRO __GETWRMN
                 	LDS  R@0,@2+(@3)
                 	LDS  R@1,@2+(@3)+1
                 	.ENDM
                 
                 	.MACRO __GETWRZ
                 	LDD  R@0,Z+@2
                 	LDD  R@1,Z+@2+1
                 	.ENDM
                 
                 	.MACRO __GETD2Z
                 	LDD  R26,Z+@0
                 	LDD  R27,Z+@0+1
                 	LDD  R24,Z+@0+2
                 	LDD  R25,Z+@0+3
                 	.ENDM
                 
                 	.MACRO __GETB2MN
                 	LDS  R26,@0+(@1)
                 	.ENDM
                 
                 	.MACRO __GETW2MN
                 	LDS  R26,@0+(@1)
                 	LDS  R27,@0+(@1)+1
                 	.ENDM
                 
                 	.MACRO __GETD2MN
                 	LDS  R26,@0+(@1)
                 	LDS  R27,@0+(@1)+1
                 	LDS  R24,@0+(@1)+2
                 	LDS  R25,@0+(@1)+3
                 	.ENDM
                 
                 	.MACRO __PUTB1MN
                 	STS  @0+(@1),R30
                 	.ENDM
                 
                 	.MACRO __PUTW1MN
                 	STS  @0+(@1),R30
                 	STS  @0+(@1)+1,R31
                 	.ENDM
                 
                 	.MACRO __PUTD1MN
                 	STS  @0+(@1),R30
                 	STS  @0+(@1)+1,R31
                 	STS  @0+(@1)+2,R22
                 	STS  @0+(@1)+3,R23
                 	.ENDM
                 
                 	.MACRO __PUTB1EN
                 	LDI  R26,LOW(@0+(@1))
                 	LDI  R27,HIGH(@0+(@1))
                 	CALL __EEPROMWRB
                 	.ENDM
                 
                 	.MACRO __PUTW1EN
                 	LDI  R26,LOW(@0+(@1))
                 	LDI  R27,HIGH(@0+(@1))
                 	CALL __EEPROMWRW
                 	.ENDM
                 
                 	.MACRO __PUTD1EN
                 	LDI  R26,LOW(@0+(@1))
                 	LDI  R27,HIGH(@0+(@1))
                 	CALL __EEPROMWRD
                 	.ENDM
                 
                 	.MACRO __PUTBR0MN
                 	STS  @0+(@1),R0
                 	.ENDM
                 
                 	.MACRO __PUTBMRN
                 	STS  @0+(@1),R@2
                 	.ENDM
                 
                 	.MACRO __PUTWMRN
                 	STS  @0+(@1),R@2
                 	STS  @0+(@1)+1,R@3
                 	.ENDM
                 
                 	.MACRO __PUTBZR
                 	STD  Z+@1,R@0
                 	.ENDM
                 
                 	.MACRO __PUTWZR
                 	STD  Z+@2,R@0
                 	STD  Z+@2+1,R@1
                 	.ENDM
                 
                 	.MACRO __GETW1R
                 	MOV  R30,R@0
                 	MOV  R31,R@1
                 	.ENDM
                 
                 	.MACRO __GETW2R
                 	MOV  R26,R@0
                 	MOV  R27,R@1
                 	.ENDM
                 
                 	.MACRO __GETWRN
                 	LDI  R@0,LOW(@2)
                 	LDI  R@1,HIGH(@2)
                 	.ENDM
                 
                 	.MACRO __PUTW1R
                 	MOV  R@0,R30
                 	MOV  R@1,R31
                 	.ENDM
                 
                 	.MACRO __PUTW2R
                 	MOV  R@0,R26
                 	MOV  R@1,R27
                 	.ENDM
                 
                 	.MACRO __ADDWRN
                 	SUBI R@0,LOW(-@2)
                 	SBCI R@1,HIGH(-@2)
                 	.ENDM
                 
                 	.MACRO __ADDWRR
                 	ADD  R@0,R@2
                 	ADC  R@1,R@3
                 	.ENDM
                 
                 	.MACRO __SUBWRN
                 	SUBI R@0,LOW(@2)
                 	SBCI R@1,HIGH(@2)
                 	.ENDM
                 
                 	.MACRO __SUBWRR
                 	SUB  R@0,R@2
                 	SBC  R@1,R@3
                 	.ENDM
                 
                 	.MACRO __ANDWRN
                 	ANDI R@0,LOW(@2)
                 	ANDI R@1,HIGH(@2)
                 	.ENDM
                 
                 	.MACRO __ANDWRR
                 	AND  R@0,R@2
                 	AND  R@1,R@3
                 	.ENDM
                 
                 	.MACRO __ORWRN
                 	ORI  R@0,LOW(@2)
                 	ORI  R@1,HIGH(@2)
                 	.ENDM
                 
                 	.MACRO __ORWRR
                 	OR   R@0,R@2
                 	OR   R@1,R@3
                 	.ENDM
                 
                 	.MACRO __EORWRR
                 	EOR  R@0,R@2
                 	EOR  R@1,R@3
                 	.ENDM
                 
                 	.MACRO __GETWRS
                 	LDD  R@0,Y+@2
                 	LDD  R@1,Y+@2+1
                 	.ENDM
                 
                 	.MACRO __PUTBSR
                 	STD  Y+@1,R@0
                 	.ENDM
                 
                 	.MACRO __PUTWSR
                 	STD  Y+@2,R@0
                 	STD  Y+@2+1,R@1
                 	.ENDM
                 
                 	.MACRO __MOVEWRR
                 	MOV  R@0,R@2
                 	MOV  R@1,R@3
                 	.ENDM
                 
                 	.MACRO __INWR
                 	IN   R@0,@2
                 	IN   R@1,@2+1
                 	.ENDM
                 
                 	.MACRO __OUTWR
                 	OUT  @2+1,R@1
                 	OUT  @2,R@0
                 	.ENDM
                 
                 	.MACRO __CALL1MN
                 	LDS  R30,@0+(@1)
                 	LDS  R31,@0+(@1)+1
                 	ICALL
                 	.ENDM
                 
                 	.MACRO __CALL1FN
                 	LDI  R30,LOW(2*@0+(@1))
                 	LDI  R31,HIGH(2*@0+(@1))
                 	CALL __GETW1PF
                 	ICALL
                 	.ENDM
                 
                 	.MACRO __CALL2EN
                 	PUSH R26
                 	PUSH R27
                 	LDI  R26,LOW(@0+(@1))
                 	LDI  R27,HIGH(@0+(@1))
                 	CALL __EEPROMRDW
                 	POP  R27
                 	POP  R26
                 	ICALL
                 	.ENDM
                 
                 	.MACRO __CALL2EX
                 	SUBI R26,LOW(-@0)
                 	SBCI R27,HIGH(-@0)
                 	CALL __EEPROMRDD
                 	ICALL
                 	.ENDM
                 
                 	.MACRO __GETW1STACK
                 	IN   R30,SPL
                 	IN   R31,SPH
                 	ADIW R30,@0+1
                 	LD   R0,Z+
                 	LD   R31,Z
                 	MOV  R30,R0
                 	.ENDM
                 
                 	.MACRO __GETD1STACK
                 	IN   R30,SPL
                 	IN   R31,SPH
                 	ADIW R30,@0+1
                 	LD   R0,Z+
                 	LD   R1,Z+
                 	LD   R22,Z
                 	MOVW R30,R0
                 	.ENDM
                 
                 	.MACRO __NBST
                 	BST  R@0,@1
                 	IN   R30,SREG
                 	LDI  R31,0x40
                 	EOR  R30,R31
                 	OUT  SREG,R30
                 	.ENDM
                 
                 
                 	.MACRO __PUTB1SN
                 	LDD  R26,Y+@0
                 	LDD  R27,Y+@0+1
                 	SUBI R26,LOW(-@1)
                 	SBCI R27,HIGH(-@1)
                 	ST   X,R30
                 	.ENDM
                 
                 	.MACRO __PUTW1SN
                 	LDD  R26,Y+@0
                 	LDD  R27,Y+@0+1
                 	SUBI R26,LOW(-@1)
                 	SBCI R27,HIGH(-@1)
                 	ST   X+,R30
                 	ST   X,R31
                 	.ENDM
                 
                 	.MACRO __PUTD1SN
                 	LDD  R26,Y+@0
                 	LDD  R27,Y+@0+1
                 	SUBI R26,LOW(-@1)
                 	SBCI R27,HIGH(-@1)
                 	CALL __PUTDP1
                 	.ENDM
                 
                 	.MACRO __PUTB1SNS
                 	LDD  R26,Y+@0
                 	LDD  R27,Y+@0+1
                 	ADIW R26,@1
                 	ST   X,R30
                 	.ENDM
                 
                 	.MACRO __PUTW1SNS
                 	LDD  R26,Y+@0
                 	LDD  R27,Y+@0+1
                 	ADIW R26,@1
                 	ST   X+,R30
                 	ST   X,R31
                 	.ENDM
                 
                 	.MACRO __PUTD1SNS
                 	LDD  R26,Y+@0
                 	LDD  R27,Y+@0+1
                 	ADIW R26,@1
                 	CALL __PUTDP1
                 	.ENDM
                 
                 	.MACRO __PUTB1PMN
                 	LDS  R26,@0
                 	LDS  R27,@0+1
                 	SUBI R26,LOW(-@1)
                 	SBCI R27,HIGH(-@1)
                 	ST   X,R30
                 	.ENDM
                 
                 	.MACRO __PUTW1PMN
                 	LDS  R26,@0
                 	LDS  R27,@0+1
                 	SUBI R26,LOW(-@1)
                 	SBCI R27,HIGH(-@1)
                 	ST   X+,R30
                 	ST   X,R31
                 	.ENDM
                 
                 	.MACRO __PUTD1PMN
                 	LDS  R26,@0
                 	LDS  R27,@0+1
                 	SUBI R26,LOW(-@1)
                 	SBCI R27,HIGH(-@1)
                 	CALL __PUTDP1
                 	.ENDM
                 
                 	.MACRO __PUTB1PMNS
                 	LDS  R26,@0
                 	LDS  R27,@0+1
                 	ADIW R26,@1
                 	ST   X,R30
                 	.ENDM
                 
                 	.MACRO __PUTW1PMNS
                 	LDS  R26,@0
                 	LDS  R27,@0+1
                 	ADIW R26,@1
                 	ST   X+,R30
                 	ST   X,R31
                 	.ENDM
                 
                 	.MACRO __PUTD1PMNS
                 	LDS  R26,@0
                 	LDS  R27,@0+1
                 	ADIW R26,@1
                 	CALL __PUTDP1
                 	.ENDM
                 
                 	.MACRO __PUTB1RN
                 	MOVW R26,R@0
                 	SUBI R26,LOW(-@1)
                 	SBCI R27,HIGH(-@1)
                 	ST   X,R30
                 	.ENDM
                 
                 	.MACRO __PUTW1RN
                 	MOVW R26,R@0
                 	SUBI R26,LOW(-@1)
                 	SBCI R27,HIGH(-@1)
                 	ST   X+,R30
                 	ST   X,R31
                 	.ENDM
                 
                 	.MACRO __PUTD1RN
                 	MOVW R26,R@0
                 	SUBI R26,LOW(-@1)
                 	SBCI R27,HIGH(-@1)
                 	CALL __PUTDP1
                 	.ENDM
                 
                 	.MACRO __PUTB1RNS
                 	MOVW R26,R@0
                 	ADIW R26,@1
                 	ST   X,R30
                 	.ENDM
                 
                 	.MACRO __PUTW1RNS
                 	MOVW R26,R@0
                 	ADIW R26,@1
                 	ST   X+,R30
                 	ST   X,R31
                 	.ENDM
                 
                 	.MACRO __PUTD1RNS
                 	MOVW R26,R@0
                 	ADIW R26,@1
                 	CALL __PUTDP1
                 	.ENDM
                 
                 	.MACRO __PUTB1RON
                 	MOV  R26,R@0
                 	MOV  R27,R@1
                 	SUBI R26,LOW(-@2)
                 	SBCI R27,HIGH(-@2)
                 	ST   X,R30
                 	.ENDM
                 
                 	.MACRO __PUTW1RON
                 	MOV  R26,R@0
                 	MOV  R27,R@1
                 	SUBI R26,LOW(-@2)
                 	SBCI R27,HIGH(-@2)
                 	ST   X+,R30
                 	ST   X,R31
                 	.ENDM
                 
                 	.MACRO __PUTD1RON
                 	MOV  R26,R@0
                 	MOV  R27,R@1
                 	SUBI R26,LOW(-@2)
                 	SBCI R27,HIGH(-@2)
                 	CALL __PUTDP1
                 	.ENDM
                 
                 	.MACRO __PUTB1RONS
                 	MOV  R26,R@0
                 	MOV  R27,R@1
                 	ADIW R26,@2
                 	ST   X,R30
                 	.ENDM
                 
                 	.MACRO __PUTW1RONS
                 	MOV  R26,R@0
                 	MOV  R27,R@1
                 	ADIW R26,@2
                 	ST   X+,R30
                 	ST   X,R31
                 	.ENDM
                 
                 	.MACRO __PUTD1RONS
                 	MOV  R26,R@0
                 	MOV  R27,R@1
                 	ADIW R26,@2
                 	CALL __PUTDP1
                 	.ENDM
                 
                 
                 	.MACRO __GETB1SX
                 	MOVW R30,R28
                 	SUBI R30,LOW(-@0)
                 	SBCI R31,HIGH(-@0)
                 	LD   R30,Z
                 	.ENDM
                 
                 	.MACRO __GETB1HSX
                 	MOVW R30,R28
                 	SUBI R30,LOW(-@0)
                 	SBCI R31,HIGH(-@0)
                 	LD   R31,Z
                 	.ENDM
                 
                 	.MACRO __GETW1SX
                 	MOVW R30,R28
                 	SUBI R30,LOW(-@0)
                 	SBCI R31,HIGH(-@0)
                 	LD   R0,Z+
                 	LD   R31,Z
                 	MOV  R30,R0
                 	.ENDM
                 
                 	.MACRO __GETD1SX
                 	MOVW R30,R28
                 	SUBI R30,LOW(-@0)
                 	SBCI R31,HIGH(-@0)
                 	LD   R0,Z+
                 	LD   R1,Z+
                 	LD   R22,Z+
                 	LD   R23,Z
                 	MOVW R30,R0
                 	.ENDM
                 
                 	.MACRO __GETB2SX
                 	MOVW R26,R28
                 	SUBI R26,LOW(-@0)
                 	SBCI R27,HIGH(-@0)
                 	LD   R26,X
                 	.ENDM
                 
                 	.MACRO __GETW2SX
                 	MOVW R26,R28
                 	SUBI R26,LOW(-@0)
                 	SBCI R27,HIGH(-@0)
                 	LD   R0,X+
                 	LD   R27,X
                 	MOV  R26,R0
                 	.ENDM
                 
                 	.MACRO __GETD2SX
                 	MOVW R26,R28
                 	SUBI R26,LOW(-@0)
                 	SBCI R27,HIGH(-@0)
                 	LD   R0,X+
                 	LD   R1,X+
                 	LD   R24,X+
                 	LD   R25,X
                 	MOVW R26,R0
                 	.ENDM
                 
                 	.MACRO __GETBRSX
                 	MOVW R30,R28
                 	SUBI R30,LOW(-@1)
                 	SBCI R31,HIGH(-@1)
                 	LD   R@0,Z
                 	.ENDM
                 
                 	.MACRO __GETWRSX
                 	MOVW R30,R28
                 	SUBI R30,LOW(-@2)
                 	SBCI R31,HIGH(-@2)
                 	LD   R@0,Z+
                 	LD   R@1,Z
                 	.ENDM
                 
                 	.MACRO __GETBRSX2
                 	MOVW R26,R28
                 	SUBI R26,LOW(-@1)
                 	SBCI R27,HIGH(-@1)
                 	LD   R@0,X
                 	.ENDM
                 
                 	.MACRO __GETWRSX2
                 	MOVW R26,R28
                 	SUBI R26,LOW(-@2)
                 	SBCI R27,HIGH(-@2)
                 	LD   R@0,X+
                 	LD   R@1,X
                 	.ENDM
                 
                 	.MACRO __LSLW8SX
                 	MOVW R30,R28
                 	SUBI R30,LOW(-@0)
                 	SBCI R31,HIGH(-@0)
                 	LD   R31,Z
                 	CLR  R30
                 	.ENDM
                 
                 	.MACRO __PUTB1SX
                 	MOVW R26,R28
                 	SUBI R26,LOW(-@0)
                 	SBCI R27,HIGH(-@0)
                 	ST   X,R30
                 	.ENDM
                 
                 	.MACRO __PUTW1SX
                 	MOVW R26,R28
                 	SUBI R26,LOW(-@0)
                 	SBCI R27,HIGH(-@0)
                 	ST   X+,R30
                 	ST   X,R31
                 	.ENDM
                 
                 	.MACRO __PUTD1SX
                 	MOVW R26,R28
                 	SUBI R26,LOW(-@0)
                 	SBCI R27,HIGH(-@0)
                 	ST   X+,R30
                 	ST   X+,R31
                 	ST   X+,R22
                 	ST   X,R23
                 	.ENDM
                 
                 	.MACRO __CLRW1SX
                 	MOVW R26,R28
                 	SUBI R26,LOW(-@0)
                 	SBCI R27,HIGH(-@0)
                 	ST   X+,R30
                 	ST   X,R30
                 	.ENDM
                 
                 	.MACRO __CLRD1SX
                 	MOVW R26,R28
                 	SUBI R26,LOW(-@0)
                 	SBCI R27,HIGH(-@0)
                 	ST   X+,R30
                 	ST   X+,R30
                 	ST   X+,R30
                 	ST   X,R30
                 	.ENDM
                 
                 	.MACRO __PUTB2SX
                 	MOVW R30,R28
                 	SUBI R30,LOW(-@0)
                 	SBCI R31,HIGH(-@0)
                 	ST   Z,R26
                 	.ENDM
                 
                 	.MACRO __PUTW2SX
                 	MOVW R30,R28
                 	SUBI R30,LOW(-@0)
                 	SBCI R31,HIGH(-@0)
                 	ST   Z+,R26
                 	ST   Z,R27
                 	.ENDM
                 
                 	.MACRO __PUTD2SX
                 	MOVW R30,R28
                 	SUBI R30,LOW(-@0)
                 	SBCI R31,HIGH(-@0)
                 	ST   Z+,R26
                 	ST   Z+,R27
                 	ST   Z+,R24
                 	ST   Z,R25
                 	.ENDM
                 
                 	.MACRO __PUTBSRX
                 	MOVW R30,R28
                 	SUBI R30,LOW(-@1)
                 	SBCI R31,HIGH(-@1)
                 	ST   Z,R@0
                 	.ENDM
                 
                 	.MACRO __PUTWSRX
                 	MOVW R30,R28
                 	SUBI R30,LOW(-@2)
                 	SBCI R31,HIGH(-@2)
                 	ST   Z+,R@0
                 	ST   Z,R@1
                 	.ENDM
                 
                 	.MACRO __PUTB1SNX
                 	MOVW R26,R28
                 	SUBI R26,LOW(-@0)
                 	SBCI R27,HIGH(-@0)
                 	LD   R0,X+
                 	LD   R27,X
                 	MOV  R26,R0
                 	SUBI R26,LOW(-@1)
                 	SBCI R27,HIGH(-@1)
                 	ST   X,R30
                 	.ENDM
                 
                 	.MACRO __PUTW1SNX
                 	MOVW R26,R28
                 	SUBI R26,LOW(-@0)
                 	SBCI R27,HIGH(-@0)
                 	LD   R0,X+
                 	LD   R27,X
                 	MOV  R26,R0
                 	SUBI R26,LOW(-@1)
                 	SBCI R27,HIGH(-@1)
                 	ST   X+,R30
                 	ST   X,R31
                 	.ENDM
                 
                 	.MACRO __PUTD1SNX
                 	MOVW R26,R28
                 	SUBI R26,LOW(-@0)
                 	SBCI R27,HIGH(-@0)
                 	LD   R0,X+
                 	LD   R27,X
                 	MOV  R26,R0
                 	SUBI R26,LOW(-@1)
                 	SBCI R27,HIGH(-@1)
                 	ST   X+,R30
                 	ST   X+,R31
                 	ST   X+,R22
                 	ST   X,R23
                 	.ENDM
                 
                 	.MACRO __MULBRR
                 	MULS R@0,R@1
                 	MOVW R30,R0
                 	.ENDM
                 
                 	.MACRO __MULBRRU
                 	MUL  R@0,R@1
                 	MOVW R30,R0
                 	.ENDM
                 
                 	.MACRO __MULBRR0
                 	MULS R@0,R@1
                 	.ENDM
                 
                 	.MACRO __MULBRRU0
                 	MUL  R@0,R@1
                 	.ENDM
                 
                 	.MACRO __MULBNWRU
                 	LDI  R26,@2
                 	MUL  R26,R@0
                 	MOVW R30,R0
                 	MUL  R26,R@1
                 	ADD  R31,R0
                 	.ENDM
                 
                 ;NAME DEFINITIONS FOR GLOBAL VARIABLES ALLOCATED TO REGISTERS
                 	.DEF _a=R5
                 	.DEF _count=R6
                 	.DEF _count_msb=R7
                 
                 	.CSEG
                 	.ORG 0x00
                 
                 ;START OF CODE MARKER
                 __START_OF_CODE:
                 
                 ;INTERRUPT VECTORS
000000 940c 0038 	JMP  __RESET
000002 940c 0000 	JMP  0x00
000004 940c 0000 	JMP  0x00
000006 940c 0000 	JMP  0x00
000008 940c 0000 	JMP  0x00
00000a 940c 0000 	JMP  0x00
00000c 940c 0000 	JMP  0x00
00000e 940c 0000 	JMP  0x00
000010 940c 0000 	JMP  0x00
000012 940c 0000 	JMP  0x00
000014 940c 0000 	JMP  0x00
000016 940c 0000 	JMP  0x00
000018 940c 0000 	JMP  0x00
00001a 940c 0000 	JMP  0x00
00001c 940c 0000 	JMP  0x00
00001e 940c 0000 	JMP  0x00
000020 940c 0000 	JMP  0x00
000022 940c 0000 	JMP  0x00
000024 940c 0000 	JMP  0x00
000026 940c 0000 	JMP  0x00
000028 940c 0000 	JMP  0x00
                 
                 _tbl10_G100:
00002a 2710
00002b 03e8
00002c 0064
00002d 000a      	.DB  0x10,0x27,0xE8,0x3,0x64,0x0,0xA,0x0
00002e 0001      	.DB  0x1,0x0
                 _tbl16_G100:
00002f 1000
000030 0100
000031 0010
000032 0001      	.DB  0x0,0x10,0x0,0x1,0x10,0x0,0x1,0x0
                 
                 ;GLOBAL REGISTER VARIABLES INITIALIZATION
                 __REG_VARS:
000033 0000      	.DB  0x0,0x0
                 
                 
                 __GLOBAL_INI_TBL:
000034 0002      	.DW  0x02
000035 0006      	.DW  0x06
000036 0066      	.DW  __REG_VARS*2
                 
                 _0xFFFFFFFF:
000037 0000      	.DW  0
                 
                 #define __GLOBAL_INI_TBL_PRESENT 1
                 
                 __RESET:
000038 94f8      	CLI
000039 27ee      	CLR  R30
00003a bbec      	OUT  EECR,R30
                 
                 ;INTERRUPT VECTORS ARE PLACED
                 ;AT THE START OF FLASH
00003b e0f1      	LDI  R31,1
00003c bffb      	OUT  GICR,R31
00003d bfeb      	OUT  GICR,R30
00003e bfe5      	OUT  MCUCR,R30
                 
                 ;CLEAR R2-R14
00003f e08d      	LDI  R24,(14-2)+1
000040 e0a2      	LDI  R26,2
000041 27bb      	CLR  R27
                 __CLEAR_REG:
000042 93ed      	ST   X+,R30
000043 958a      	DEC  R24
000044 f7e9      	BRNE __CLEAR_REG
                 
                 ;CLEAR SRAM
000045 e080      	LDI  R24,LOW(__CLEAR_SRAM_SIZE)
000046 e098      	LDI  R25,HIGH(__CLEAR_SRAM_SIZE)
000047 e6a0      	LDI  R26,__SRAM_START
                 __CLEAR_SRAM:
000048 93ed      	ST   X+,R30
000049 9701      	SBIW R24,1
00004a f7e9      	BRNE __CLEAR_SRAM
                 
                 ;GLOBAL VARIABLES INITIALIZATION
00004b e6e8      	LDI  R30,LOW(__GLOBAL_INI_TBL*2)
00004c e0f0      	LDI  R31,HIGH(__GLOBAL_INI_TBL*2)
                 __GLOBAL_INI_NEXT:
00004d 9185      	LPM  R24,Z+
00004e 9195      	LPM  R25,Z+
00004f 9700      	SBIW R24,0
000050 f061      	BREQ __GLOBAL_INI_END
000051 91a5      	LPM  R26,Z+
000052 91b5      	LPM  R27,Z+
000053 9005      	LPM  R0,Z+
000054 9015      	LPM  R1,Z+
000055 01bf      	MOVW R22,R30
000056 01f0      	MOVW R30,R0
                 __GLOBAL_INI_LOOP:
000057 9005      	LPM  R0,Z+
000058 920d      	ST   X+,R0
000059 9701      	SBIW R24,1
00005a f7e1      	BRNE __GLOBAL_INI_LOOP
00005b 01fb      	MOVW R30,R22
00005c cff0      	RJMP __GLOBAL_INI_NEXT
                 __GLOBAL_INI_END:
                 
                 ;HARDWARE STACK POINTER INITIALIZATION
00005d e5ef      	LDI  R30,LOW(__SRAM_END-__HEAP_SIZE)
00005e bfed      	OUT  SPL,R30
00005f e0e8      	LDI  R30,HIGH(__SRAM_END-__HEAP_SIZE)
000060 bfee      	OUT  SPH,R30
                 
                 ;DATA STACK POINTER INITIALIZATION
000061 e6c0      	LDI  R28,LOW(__SRAM_START+__DSTACK_SIZE)
000062 e0d2      	LDI  R29,HIGH(__SRAM_START+__DSTACK_SIZE)
                 
000063 940c 00d8 	JMP  _main
                 
                 	.ESEG
                 	.ORG 0
                 
                 	.DSEG
                 	.ORG 0x260
                 
                 	.CSEG
                 ;#include <mega32.h>
                 	#ifndef __SLEEP_DEFINED__
                 	#define __SLEEP_DEFINED__
                 	.EQU __se_bit=0x80
                 	.EQU __sm_mask=0x70
                 	.EQU __sm_powerdown=0x20
                 	.EQU __sm_powersave=0x30
                 	.EQU __sm_standby=0x60
                 	.EQU __sm_ext_standby=0x70
                 	.EQU __sm_adc_noise_red=0x10
                 	.SET power_ctrl_reg=mcucr
                 	#endif
                 ;#include <delay.h>
                 ;#include <stdio.h>
                 ;
                 ;
                 ;//void usart_send_string(char *str);
                 ;    // Declare your global variables here
                 ;    char a;
                 ;    int count = 0;
                 ;    //int show_flag = 0;
                 ;    char numbers_array[6];
                 ;
                 ;    //void delay() {
                 ;      //  TCCR0 = (1 << CS02) | (1 << CS00);
                 ;      //  TCNT0 = 251;
                 ;      //  while ((TIFR & (1 << TOV0)) == 0);
                 ;      //  TIFR = (1 << TOV0);
                 ;    //}
                 ;
                 ;unsigned char number (unsigned char digit) {
                 ; 0000 0014 unsigned char number (unsigned char digit) {
                 
                 	.CSEG
                 _number:
                 ; .FSTART _number
                 ; 0000 0015     if (digit == 0) {
000065 93aa      	ST   -Y,R26
                 ;	digit -> Y+0
000066 81e8      	LD   R30,Y
000067 30e0      	CPI  R30,0
000068 f411      	BRNE _0x3
                 ; 0000 0016         return 0x3F;
000069 e3ef      	LDI  R30,LOW(63)
00006a c06b      	RJMP _0x2060001
                 ; 0000 0017     }
                 ; 0000 0018     if (digit == 1) {
                 _0x3:
00006b 81a8      	LD   R26,Y
00006c 30a1      	CPI  R26,LOW(0x1)
00006d f411      	BRNE _0x4
                 ; 0000 0019         return 0x06;
00006e e0e6      	LDI  R30,LOW(6)
00006f c066      	RJMP _0x2060001
                 ; 0000 001A     }
                 ; 0000 001B     if (digit == 2) {
                 _0x4:
000070 81a8      	LD   R26,Y
000071 30a2      	CPI  R26,LOW(0x2)
000072 f411      	BRNE _0x5
                 ; 0000 001C         return 0x5B;
000073 e5eb      	LDI  R30,LOW(91)
000074 c061      	RJMP _0x2060001
                 ; 0000 001D     }
                 ; 0000 001E     if (digit == 3) {
                 _0x5:
000075 81a8      	LD   R26,Y
000076 30a3      	CPI  R26,LOW(0x3)
000077 f411      	BRNE _0x6
                 ; 0000 001F         return 0x4F;
000078 e4ef      	LDI  R30,LOW(79)
000079 c05c      	RJMP _0x2060001
                 ; 0000 0020     }
                 ; 0000 0021     if (digit == 4) {
                 _0x6:
00007a 81a8      	LD   R26,Y
00007b 30a4      	CPI  R26,LOW(0x4)
00007c f411      	BRNE _0x7
                 ; 0000 0022         return 0x66;
00007d e6e6      	LDI  R30,LOW(102)
00007e c057      	RJMP _0x2060001
                 ; 0000 0023     }
                 ; 0000 0024     if (digit == 5) {
                 _0x7:
00007f 81a8      	LD   R26,Y
000080 30a5      	CPI  R26,LOW(0x5)
000081 f411      	BRNE _0x8
                 ; 0000 0025         return 0x6D;
000082 e6ed      	LDI  R30,LOW(109)
000083 c052      	RJMP _0x2060001
                 ; 0000 0026     }
                 ; 0000 0027     if (digit == 6) {
                 _0x8:
000084 81a8      	LD   R26,Y
000085 30a6      	CPI  R26,LOW(0x6)
000086 f411      	BRNE _0x9
                 ; 0000 0028         return 0x7D;
000087 e7ed      	LDI  R30,LOW(125)
000088 c04d      	RJMP _0x2060001
                 ; 0000 0029     }
                 ; 0000 002A     if (digit == 7) {
                 _0x9:
000089 81a8      	LD   R26,Y
00008a 30a7      	CPI  R26,LOW(0x7)
00008b f411      	BRNE _0xA
                 ; 0000 002B         return 0x07;
00008c e0e7      	LDI  R30,LOW(7)
00008d c048      	RJMP _0x2060001
                 ; 0000 002C     }
                 ; 0000 002D     if (digit == 8) {
                 _0xA:
00008e 81a8      	LD   R26,Y
00008f 30a8      	CPI  R26,LOW(0x8)
000090 f411      	BRNE _0xB
                 ; 0000 002E         return 0x7F;
000091 e7ef      	LDI  R30,LOW(127)
000092 c043      	RJMP _0x2060001
                 ; 0000 002F     }
                 ; 0000 0030     if (digit == 9) {
                 _0xB:
000093 81a8      	LD   R26,Y
000094 30a9      	CPI  R26,LOW(0x9)
000095 f411      	BRNE _0xC
                 ; 0000 0031         return 0x6F;
000096 e6ef      	LDI  R30,LOW(111)
000097 c03e      	RJMP _0x2060001
                 ; 0000 0032     }
                 ; 0000 0033 }
                 _0xC:
000098 c03d      	RJMP _0x2060001
                 ; .FEND
                 ;
                 ;void set_number(char c){
                 ; 0000 0035 void set_number(char c){
                 _set_number:
                 ; .FSTART _set_number
                 ; 0000 0036     if (c == '0'){
000099 93aa      	ST   -Y,R26
                 ;	c -> Y+0
00009a 81a8      	LD   R26,Y
00009b 33a0      	CPI  R26,LOW(0x30)
00009c f419      	BRNE _0xD
                 ; 0000 0037         PORTC = number(0);
00009d e0a0      	LDI  R26,LOW(0)
00009e dfc6      	RCALL _number
00009f bbe5      	OUT  0x15,R30
                 ; 0000 0038     }
                 ; 0000 0039     if (c == '1'){
                 _0xD:
0000a0 81a8      	LD   R26,Y
0000a1 33a1      	CPI  R26,LOW(0x31)
0000a2 f419      	BRNE _0xE
                 ; 0000 003A         PORTC = number(1);
0000a3 e0a1      	LDI  R26,LOW(1)
0000a4 dfc0      	RCALL _number
0000a5 bbe5      	OUT  0x15,R30
                 ; 0000 003B     }
                 ; 0000 003C     if (c == '2'){
                 _0xE:
0000a6 81a8      	LD   R26,Y
0000a7 33a2      	CPI  R26,LOW(0x32)
0000a8 f419      	BRNE _0xF
                 ; 0000 003D         PORTC = number(2);
0000a9 e0a2      	LDI  R26,LOW(2)
0000aa dfba      	RCALL _number
0000ab bbe5      	OUT  0x15,R30
                 ; 0000 003E     }
                 ; 0000 003F     if (c == '3'){
                 _0xF:
0000ac 81a8      	LD   R26,Y
0000ad 33a3      	CPI  R26,LOW(0x33)
0000ae f419      	BRNE _0x10
                 ; 0000 0040         PORTC = number(3);
0000af e0a3      	LDI  R26,LOW(3)
0000b0 dfb4      	RCALL _number
0000b1 bbe5      	OUT  0x15,R30
                 ; 0000 0041     }
                 ; 0000 0042     if (c == '4'){
                 _0x10:
0000b2 81a8      	LD   R26,Y
0000b3 33a4      	CPI  R26,LOW(0x34)
0000b4 f419      	BRNE _0x11
                 ; 0000 0043         PORTC = number(4);
0000b5 e0a4      	LDI  R26,LOW(4)
0000b6 dfae      	RCALL _number
0000b7 bbe5      	OUT  0x15,R30
                 ; 0000 0044     }
                 ; 0000 0045     if (c == '5'){
                 _0x11:
0000b8 81a8      	LD   R26,Y
0000b9 33a5      	CPI  R26,LOW(0x35)
0000ba f419      	BRNE _0x12
                 ; 0000 0046         PORTC = number(5);
0000bb e0a5      	LDI  R26,LOW(5)
0000bc dfa8      	RCALL _number
0000bd bbe5      	OUT  0x15,R30
                 ; 0000 0047     }
                 ; 0000 0048     if (c == '6'){
                 _0x12:
0000be 81a8      	LD   R26,Y
0000bf 33a6      	CPI  R26,LOW(0x36)
0000c0 f419      	BRNE _0x13
                 ; 0000 0049         PORTC = number(6);
0000c1 e0a6      	LDI  R26,LOW(6)
0000c2 dfa2      	RCALL _number
0000c3 bbe5      	OUT  0x15,R30
                 ; 0000 004A     }
                 ; 0000 004B     if (c == '7'){
                 _0x13:
0000c4 81a8      	LD   R26,Y
0000c5 33a7      	CPI  R26,LOW(0x37)
0000c6 f419      	BRNE _0x14
                 ; 0000 004C         PORTC = number(7);
0000c7 e0a7      	LDI  R26,LOW(7)
0000c8 df9c      	RCALL _number
0000c9 bbe5      	OUT  0x15,R30
                 ; 0000 004D     }
                 ; 0000 004E     if (c == '8'){
                 _0x14:
0000ca 81a8      	LD   R26,Y
0000cb 33a8      	CPI  R26,LOW(0x38)
0000cc f419      	BRNE _0x15
                 ; 0000 004F         PORTC = number(8);
0000cd e0a8      	LDI  R26,LOW(8)
0000ce df96      	RCALL _number
0000cf bbe5      	OUT  0x15,R30
                 ; 0000 0050     }
                 ; 0000 0051     if (c == '9'){
                 _0x15:
0000d0 81a8      	LD   R26,Y
0000d1 33a9      	CPI  R26,LOW(0x39)
0000d2 f419      	BRNE _0x16
                 ; 0000 0052         PORTC = number(9);
0000d3 e0a9      	LDI  R26,LOW(9)
0000d4 df90      	RCALL _number
0000d5 bbe5      	OUT  0x15,R30
                 ; 0000 0053     }
                 ; 0000 0054 }
                 _0x16:
                 _0x2060001:
0000d6 9621      	ADIW R28,1
0000d7 9508      	RET
                 ; .FEND
                 ;
                 ;void main(void) {
                 ; 0000 0056 void main(void) {
                 _main:
                 ; .FSTART _main
                 ; 0000 0057     // Declare your local variables here
                 ; 0000 0058 
                 ; 0000 0059     // Input/Output Ports initialization
                 ; 0000 005A     // Port A initialization
                 ; 0000 005B     // Func7=In Func6=In Func5=In Func4=In Func3=In Func2=In Func1=In Func0=In
                 ; 0000 005C     // State7=T State6=T State5=T State4=T State3=T State2=T State1=T State0=T
                 ; 0000 005D     PORTA = 0x00;
0000d8 e0e0      	LDI  R30,LOW(0)
0000d9 bbeb      	OUT  0x1B,R30
                 ; 0000 005E     DDRA = 0x00;
0000da bbea      	OUT  0x1A,R30
                 ; 0000 005F 
                 ; 0000 0060     // Port B initialization
                 ; 0000 0061     // Func7=In Func6=In Func5=In Func4=In Func3=In Func2=In Func1=In Func0=In
                 ; 0000 0062     // State7=T State6=T State5=T State4=T State3=T State2=T State1=T State0=T
                 ; 0000 0063     PORTB = 0x0ff;
0000db efef      	LDI  R30,LOW(255)
0000dc bbe8      	OUT  0x18,R30
                 ; 0000 0064     DDRB = 0xff;
0000dd bbe7      	OUT  0x17,R30
                 ; 0000 0065 
                 ; 0000 0066     // Port C initialization
                 ; 0000 0067     // Func7=In Func6=In Func5=In Func4=In Func3=In Func2=In Func1=In Func0=In
                 ; 0000 0068     // State7=T State6=T State5=T State4=T State3=T State2=T State1=T State0=T
                 ; 0000 0069     PORTC = 0xFF;
0000de bbe5      	OUT  0x15,R30
                 ; 0000 006A     DDRC = 0xFF;
0000df bbe4      	OUT  0x14,R30
                 ; 0000 006B 
                 ; 0000 006C     // Port D initialization
                 ; 0000 006D     // Func7=In Func6=In Func5=In Func4=In Func3=In Func2=In Func1=In Func0=In
                 ; 0000 006E     // State7=T State6=T State5=T State4=T State3=T State2=T State1=T State0=T
                 ; 0000 006F     PORTD = 0x00;
0000e0 e0e0      	LDI  R30,LOW(0)
0000e1 bbe2      	OUT  0x12,R30
                 ; 0000 0070     DDRD = 0x00;
0000e2 bbe1      	OUT  0x11,R30
                 ; 0000 0071 
                 ; 0000 0072     // Timer/Counter 0 initialization
                 ; 0000 0073     // Clock source: System Clock
                 ; 0000 0074     // Clock value: Timer 0 Stopped
                 ; 0000 0075     // Mode: Normal top=0xFF
                 ; 0000 0076     // OC0 output: Disconnected
                 ; 0000 0077     TCCR0 = 0x00;
0000e3 bfe3      	OUT  0x33,R30
                 ; 0000 0078     TCNT0 = 0x00;
0000e4 bfe2      	OUT  0x32,R30
                 ; 0000 0079     OCR0 = 0x00;
0000e5 bfec      	OUT  0x3C,R30
                 ; 0000 007A 
                 ; 0000 007B     // Timer/Counter 1 initialization
                 ; 0000 007C     // Clock source: System Clock
                 ; 0000 007D     // Clock value: Timer1 Stopped
                 ; 0000 007E     // Mode: Normal top=0xFFFF
                 ; 0000 007F     // OC1A output: Discon.
                 ; 0000 0080     // OC1B output: Discon.
                 ; 0000 0081     // Noise Canceler: Off
                 ; 0000 0082     // Input Capture on Falling Edge
                 ; 0000 0083     // Timer1 Overflow Interrupt: Off
                 ; 0000 0084     // Input Capture Interrupt: Off
                 ; 0000 0085     // Compare A Match Interrupt: Off
                 ; 0000 0086     // Compare B Match Interrupt: Off
                 ; 0000 0087     TCCR1A = 0x00;
0000e6 bdef      	OUT  0x2F,R30
                 ; 0000 0088     TCCR1B = 0x00;
0000e7 bdee      	OUT  0x2E,R30
                 ; 0000 0089     TCNT1H = 0x00;
0000e8 bded      	OUT  0x2D,R30
                 ; 0000 008A     TCNT1L = 0x00;
0000e9 bdec      	OUT  0x2C,R30
                 ; 0000 008B     ICR1H = 0x00;
0000ea bde7      	OUT  0x27,R30
                 ; 0000 008C     ICR1L = 0x00;
0000eb bde6      	OUT  0x26,R30
                 ; 0000 008D     OCR1AH = 0x00;
0000ec bdeb      	OUT  0x2B,R30
                 ; 0000 008E     OCR1AL = 0x00;
0000ed bdea      	OUT  0x2A,R30
                 ; 0000 008F     OCR1BH = 0x00;
0000ee bde9      	OUT  0x29,R30
                 ; 0000 0090     OCR1BL = 0x00;
0000ef bde8      	OUT  0x28,R30
                 ; 0000 0091 
                 ; 0000 0092     // Timer/Counter 2 initialization
                 ; 0000 0093     // Clock source: System Clock
                 ; 0000 0094     // Clock value: Timer2 Stopped
                 ; 0000 0095     // Mode: Normal top=0xFF
                 ; 0000 0096     // OC2 output: Disconnected
                 ; 0000 0097     ASSR = 0x00;
0000f0 bde2      	OUT  0x22,R30
                 ; 0000 0098     TCCR2 = 0x00;
0000f1 bde5      	OUT  0x25,R30
                 ; 0000 0099     TCNT2 = 0x00;
0000f2 bde4      	OUT  0x24,R30
                 ; 0000 009A     OCR2 = 0x00;
0000f3 bde3      	OUT  0x23,R30
                 ; 0000 009B 
                 ; 0000 009C     // External Interrupt(s) initialization
                 ; 0000 009D     // INT0: Off
                 ; 0000 009E     // INT1: Off
                 ; 0000 009F     // INT2: Off
                 ; 0000 00A0     MCUCR = 0x00;
0000f4 bfe5      	OUT  0x35,R30
                 ; 0000 00A1     MCUCSR = 0x00;
0000f5 bfe4      	OUT  0x34,R30
                 ; 0000 00A2 
                 ; 0000 00A3     // Timer(s)/Counter(s) Interrupt(s) initialization
                 ; 0000 00A4     TIMSK = 0x00;
0000f6 bfe9      	OUT  0x39,R30
                 ; 0000 00A5 
                 ; 0000 00A6     // USART initialization
                 ; 0000 00A7     // Communication Parameters: 8 Data, 1 Stop, No Parity
                 ; 0000 00A8     // USART Receiver: On
                 ; 0000 00A9     // USART Transmitter: On
                 ; 0000 00AA     // USART Mode: Asynchronous
                 ; 0000 00AB     // USART Baud Rate: 9600
                 ; 0000 00AC     UCSRA = 0x00;
0000f7 b9eb      	OUT  0xB,R30
                 ; 0000 00AD     UCSRB = 0x18;
0000f8 e1e8      	LDI  R30,LOW(24)
0000f9 b9ea      	OUT  0xA,R30
                 ; 0000 00AE     UCSRC = 0x86;
0000fa e8e6      	LDI  R30,LOW(134)
0000fb bde0      	OUT  0x20,R30
                 ; 0000 00AF     UBRRH = 0x00;
0000fc e0e0      	LDI  R30,LOW(0)
0000fd bde0      	OUT  0x20,R30
                 ; 0000 00B0     UBRRL = 0x33;
0000fe e3e3      	LDI  R30,LOW(51)
0000ff b9e9      	OUT  0x9,R30
                 ; 0000 00B1 
                 ; 0000 00B2     // Analog Comparator initialization
                 ; 0000 00B3     // Analog Comparator: Off
                 ; 0000 00B4     // Analog Comparator Input Capture by Timer/Counter 1: Off
                 ; 0000 00B5     ACSR = 0x80;
000100 e8e0      	LDI  R30,LOW(128)
000101 b9e8      	OUT  0x8,R30
                 ; 0000 00B6     SFIOR = 0x00;
000102 e0e0      	LDI  R30,LOW(0)
000103 bfe0      	OUT  0x30,R30
                 ; 0000 00B7 
                 ; 0000 00B8     // ADC initialization
                 ; 0000 00B9     // ADC disabled
                 ; 0000 00BA     ADCSRA = 0x00;
000104 b9e6      	OUT  0x6,R30
                 ; 0000 00BB 
                 ; 0000 00BC     // SPI initialization
                 ; 0000 00BD     // SPI disabled
                 ; 0000 00BE     SPCR = 0x00;
000105 b9ed      	OUT  0xD,R30
                 ; 0000 00BF 
                 ; 0000 00C0     // TWI initialization
                 ; 0000 00C1     // TWI disabled
                 ; 0000 00C2     TWCR = 0x00;
000106 bfe6      	OUT  0x36,R30
                 ; 0000 00C3 
                 ; 0000 00C4     // Alphanumeric LCD initialization
                 ; 0000 00C5     // Connections are specified in the
                 ; 0000 00C6     // Project|Configure|C Compiler|Libraries|Alphanumeric LCD menu:
                 ; 0000 00C7     // RS - PORTC Bit 0
                 ; 0000 00C8     // RD - PORTC Bit 1
                 ; 0000 00C9     // EN - PORTC Bit 2
                 ; 0000 00CA     // D4 - PORTC Bit 4
                 ; 0000 00CB     // D5 - PORTC Bit 5
                 ; 0000 00CC     // D6 - PORTC Bit 6
                 ; 0000 00CD     // D7 - PORTC Bit 7
                 ; 0000 00CE     while (1) {
                 _0x17:
                 ; 0000 00CF         a = getchar();
000107 d04c      	RCALL _getchar
000108 2e5e      	MOV  R5,R30
                 ; 0000 00D0 
                 ; 0000 00D1         numbers_array[count] = a;
000109 01f3      	MOVW R30,R6
00010a 5ae0      	SUBI R30,LOW(-_numbers_array)
00010b 4ffd      	SBCI R31,HIGH(-_numbers_array)
00010c 8250      	ST   Z,R5
                 ; 0000 00D2         if (count == 6){
00010d e0e6      	LDI  R30,LOW(6)
00010e e0f0      	LDI  R31,HIGH(6)
00010f 15e6      	CP   R30,R6
000110 05f7      	CPC  R31,R7
000111 f411      	BRNE _0x1A
                 ; 0000 00D3             count = 0;
000112 2466      	CLR  R6
000113 2477      	CLR  R7
                 ; 0000 00D4         }
                 ; 0000 00D5         count++;
                 _0x1A:
000114 01f3      	MOVW R30,R6
000115 9631      	ADIW R30,1
000116 013f      	MOVW R6,R30
                 ; 0000 00D6 
                 ; 0000 00D7         if (count > 0) {
000117 2400      	CLR  R0
000118 1406      	CP   R0,R6
000119 0407      	CPC  R0,R7
00011a f42c      	BRGE _0x1B
                 ; 0000 00D8             PORTB = 0b10111111;
00011b ebef      	LDI  R30,LOW(191)
00011c bbe8      	OUT  0x18,R30
                 ; 0000 00D9             set_number(numbers_array[0]);
00011d 91a0 0260 	LDS  R26,_numbers_array
00011f df79      	RCALL _set_number
                 ; 0000 00DA         }
                 ; 0000 00DB 
                 ; 0000 00DC         if (count > 1) {
                 _0x1B:
000120 e0e1      	LDI  R30,LOW(1)
000121 e0f0      	LDI  R31,HIGH(1)
000122 15e6      	CP   R30,R6
000123 05f7      	CPC  R31,R7
000124 f42c      	BRGE _0x1C
                 ; 0000 00DD             PORTB = 0b11011111;
000125 edef      	LDI  R30,LOW(223)
000126 bbe8      	OUT  0x18,R30
                 ; 0000 00DE             set_number(numbers_array[1]);
                +
000127 91a0 0261+LDS R26 , _numbers_array + ( 1 )
                 	__GETB2MN _numbers_array,1
000129 df6f      	RCALL _set_number
                 ; 0000 00DF         }
                 ; 0000 00E0 
                 ; 0000 00E1         if (count > 2) {
                 _0x1C:
00012a e0e2      	LDI  R30,LOW(2)
00012b e0f0      	LDI  R31,HIGH(2)
00012c 15e6      	CP   R30,R6
00012d 05f7      	CPC  R31,R7
00012e f42c      	BRGE _0x1D
                 ; 0000 00E2             PORTB = 0b11101111;
00012f eeef      	LDI  R30,LOW(239)
000130 bbe8      	OUT  0x18,R30
                 ; 0000 00E3             set_number(numbers_array[2]);
                +
000131 91a0 0262+LDS R26 , _numbers_array + ( 2 )
                 	__GETB2MN _numbers_array,2
000133 df65      	RCALL _set_number
                 ; 0000 00E4         }
                 ; 0000 00E5 
                 ; 0000 00E6         if (count > 3) {
                 _0x1D:
000134 e0e3      	LDI  R30,LOW(3)
000135 e0f0      	LDI  R31,HIGH(3)
000136 15e6      	CP   R30,R6
000137 05f7      	CPC  R31,R7
000138 f42c      	BRGE _0x1E
                 ; 0000 00E7             PORTB = 0b11110111;
000139 efe7      	LDI  R30,LOW(247)
00013a bbe8      	OUT  0x18,R30
                 ; 0000 00E8             set_number(numbers_array[3]);
                +
00013b 91a0 0263+LDS R26 , _numbers_array + ( 3 )
                 	__GETB2MN _numbers_array,3
00013d df5b      	RCALL _set_number
                 ; 0000 00E9         }
                 ; 0000 00EA 
                 ; 0000 00EB         if (count > 4) {
                 _0x1E:
00013e e0e4      	LDI  R30,LOW(4)
00013f e0f0      	LDI  R31,HIGH(4)
000140 15e6      	CP   R30,R6
000141 05f7      	CPC  R31,R7
000142 f42c      	BRGE _0x1F
                 ; 0000 00EC             PORTB = 0b11111011;
000143 efeb      	LDI  R30,LOW(251)
000144 bbe8      	OUT  0x18,R30
                 ; 0000 00ED             set_number(numbers_array[4]);
                +
000145 91a0 0264+LDS R26 , _numbers_array + ( 4 )
                 	__GETB2MN _numbers_array,4
000147 df51      	RCALL _set_number
                 ; 0000 00EE         }
                 ; 0000 00EF 
                 ; 0000 00F0          if (count > 5) {
                 _0x1F:
000148 e0e5      	LDI  R30,LOW(5)
000149 e0f0      	LDI  R31,HIGH(5)
00014a 15e6      	CP   R30,R6
00014b 05f7      	CPC  R31,R7
00014c f42c      	BRGE _0x20
                 ; 0000 00F1             PORTB = 0b11111101;
00014d efed      	LDI  R30,LOW(253)
00014e bbe8      	OUT  0x18,R30
                 ; 0000 00F2             set_number(numbers_array[5]);
                +
00014f 91a0 0265+LDS R26 , _numbers_array + ( 5 )
                 	__GETB2MN _numbers_array,5
000151 df47      	RCALL _set_number
                 ; 0000 00F3         }
                 ; 0000 00F4     }
                 _0x20:
000152 cfb4      	RJMP _0x17
                 ; 0000 00F5 }
                 _0x21:
000153 cfff      	RJMP _0x21
                 ; .FEND
                 	#ifndef __SLEEP_DEFINED__
                 	#endif
                 
                 	.CSEG
                 _getchar:
                 ; .FSTART _getchar
                 getchar0:
000154 9b5f           sbis usr,rxc
000155 cffe           rjmp getchar0
000156 b1ec           in   r30,udr
000157 9508      	RET
                 ; .FEND
                 
                 	.CSEG
                 
                 	.CSEG
                 
                 	.DSEG
                 _numbers_array:
000260           	.BYTE 0x6
                 
                 	.CSEG
                 
                 	.CSEG
                 ;END OF CODE MARKER
                 __END_OF_CODE:


RESOURCE USE INFORMATION
------------------------

Notice:
The register and instruction counts are symbol table hit counts,
and hence implicitly used resources are not counted, eg, the
'lpm' instruction without operands implicitly uses r0 and z,
none of which are counted.

x,y,z are separate entities in the symbol table and are
counted separately from r26..r31 here.

.dseg memory usage only counts static data declared with .byte

ATmega32 register use summary:
r0 :   7 r1 :   1 r2 :   0 r3 :   0 r4 :   0 r5 :   2 r6 :  11 r7 :   8 
r8 :   0 r9 :   0 r10:   0 r11:   0 r12:   0 r13:   0 r14:   0 r15:   0 
r16:   0 r17:   0 r18:   0 r19:   0 r20:   0 r21:   0 r22:   2 r23:   0 
r24:   7 r25:   2 r26:  59 r27:   2 r28:   2 r29:   1 r30: 114 r31:  16 
x  :   3 y  :  22 z  :   8 
Registers used: 17 out of 35 (48.6%)

ATmega32 instruction use summary:
.lds  :   0 .lds.l:   0 .sts  :   0 .sts.l:   0 adc   :   0 add   :   0 
adiw  :   2 and   :   0 andi  :   0 asr   :   0 bclr  :   0 bld   :   0 
brbc  :   0 brbs  :   0 brcc  :   0 brcs  :   0 break :   0 breq  :   1 
brge  :   6 brhc  :   0 brhs  :   0 brid  :   0 brie  :   0 brlo  :   0 
brlt  :   0 brmi  :   0 brne  :  24 brpl  :   0 brsh  :   0 brtc  :   0 
brts  :   0 brvc  :   0 brvs  :   0 bset  :   0 bst   :   0 call  :   0 
cbi   :   0 cbr   :   0 clc   :   0 clh   :   0 cli   :   1 cln   :   0 
clr   :   5 cls   :   0 clt   :   0 clv   :   0 clz   :   0 com   :   0 
cp    :   7 cpc   :   7 cpi   :  20 cpse  :   0 dec   :   1 des   :   0 
eor   :   0 fmul  :   0 fmuls :   0 fmulsu:   0 icall :   0 ijmp  :   0 
in    :   1 inc   :   0 jmp   :  22 ld    :  20 ldd   :   0 ldi   :  59 
lds   :   6 lpm   :   7 lsl   :   0 lsr   :   0 mov   :   1 movw  :   6 
mul   :   0 muls  :   0 mulsu :   0 neg   :   0 nop   :   0 or    :   0 
ori   :   0 out   :  60 pop   :   0 push  :   0 rcall :  17 ret   :   2 
reti  :   0 rjmp  :  15 rol   :   0 ror   :   0 sbc   :   0 sbci  :   1 
sbi   :   0 sbic  :   0 sbis  :   1 sbiw  :   3 sbr   :   0 sbrc  :   0 
sbrs  :   0 sec   :   0 seh   :   0 sei   :   0 sen   :   0 ser   :   0 
ses   :   0 set   :   0 sev   :   0 sez   :   0 sleep :   0 spm   :   0 
st    :   6 std   :   0 sts   :   0 sub   :   0 subi  :   1 swap  :   0 
tst   :   0 wdr   :   0 
Instructions used: 27 out of 116 (23.3%)

ATmega32 memory use summary [bytes]:
Segment   Begin    End      Code   Data   Used    Size   Use%
---------------------------------------------------------------
[.cseg] 0x000000 0x0002b0    660     28    688   32768   2.1%
[.dseg] 0x000060 0x000266      0      6      6    2048   0.3%
[.eseg] 0x000000 0x000000      0      0      0    1024   0.0%

Assembly complete, 0 errors, 3 warnings
