
AVRASM ver. 2.1.30  D:\University\Microprocessor lab\lab8\Debug\List\lab8.asm Mon Jun 22 01:08:28 2020

D:\University\Microprocessor lab\lab8\Debug\List\lab8.asm(1088): warning: Register r5 already defined by the .DEF directive
D:\University\Microprocessor lab\lab8\Debug\List\lab8.asm(1089): warning: Register r6 already defined by the .DEF directive
D:\University\Microprocessor lab\lab8\Debug\List\lab8.asm(1090): warning: Register r7 already defined by the .DEF directive
D:\University\Microprocessor lab\lab8\Debug\List\lab8.asm(1091): warning: Register r8 already defined by the .DEF directive
D:\University\Microprocessor lab\lab8\Debug\List\lab8.asm(1092): warning: Register r9 already defined by the .DEF directive
D:\University\Microprocessor lab\lab8\Debug\List\lab8.asm(1093): warning: Register r4 already defined by the .DEF directive
D:\University\Microprocessor lab\lab8\Debug\List\lab8.asm(1094): warning: Register r10 already defined by the .DEF directive
D:\University\Microprocessor lab\lab8\Debug\List\lab8.asm(1095): warning: Register r11 already defined by the .DEF directive
D:\University\Microprocessor lab\lab8\Debug\List\lab8.asm(1096): warning: Register r12 already defined by the .DEF directive
D:\University\Microprocessor lab\lab8\Debug\List\lab8.asm(1097): warning: Register r13 already defined by the .DEF directive
                 
                 
                 ;CodeVisionAVR C Compiler V3.12 Advanced
                 ;(C) Copyright 1998-2014 Pavel Haiduc, HP InfoTech s.r.l.
                 ;http://www.hpinfotech.com
                 
                 ;Build configuration    : Debug
                 ;Chip type              : ATmega32
                 ;Program type           : Application
                 ;Clock frequency        : 8.000000 MHz
                 ;Memory model           : Small
                 ;Optimize for           : Size
                 ;(s)printf features     : int, width
                 ;(s)scanf features      : int, width
                 ;External RAM size      : 0
                 ;Data Stack size        : 512 byte(s)
                 ;Heap size              : 0 byte(s)
                 ;Promote 'char' to 'int': Yes
                 ;'char' is unsigned     : Yes
                 ;8 bit enums            : Yes
                 ;Global 'const' stored in FLASH: Yes
                 ;Enhanced function parameter passing: Yes
                 ;Enhanced core instructions: On
                 ;Automatic register allocation for global variables: On
                 ;Smart register allocation: On
                 
                 	#define _MODEL_SMALL_
                 
                 	#pragma AVRPART ADMIN PART_NAME ATmega32
                 	#pragma AVRPART MEMORY PROG_FLASH 32768
                 	#pragma AVRPART MEMORY EEPROM 1024
                 	#pragma AVRPART MEMORY INT_SRAM SIZE 2048
                 	#pragma AVRPART MEMORY INT_SRAM START_ADDR 0x60
                 
                 	#define CALL_SUPPORTED 1
                 
                 	.LISTMAC
                 	.EQU UDRE=0x5
                 	.EQU RXC=0x7
                 	.EQU USR=0xB
                 	.EQU UDR=0xC
                 	.EQU SPSR=0xE
                 	.EQU SPDR=0xF
                 	.EQU EERE=0x0
                 	.EQU EEWE=0x1
                 	.EQU EEMWE=0x2
                 	.EQU EECR=0x1C
                 	.EQU EEDR=0x1D
                 	.EQU EEARL=0x1E
                 	.EQU EEARH=0x1F
                 	.EQU WDTCR=0x21
                 	.EQU MCUCR=0x35
                 	.EQU GICR=0x3B
                 	.EQU SPL=0x3D
                 	.EQU SPH=0x3E
                 	.EQU SREG=0x3F
                 
                 	.DEF R0X0=R0
                 	.DEF R0X1=R1
                 	.DEF R0X2=R2
                 	.DEF R0X3=R3
                 	.DEF R0X4=R4
                 	.DEF R0X5=R5
                 	.DEF R0X6=R6
                 	.DEF R0X7=R7
                 	.DEF R0X8=R8
                 	.DEF R0X9=R9
                 	.DEF R0XA=R10
                 	.DEF R0XB=R11
                 	.DEF R0XC=R12
                 	.DEF R0XD=R13
                 	.DEF R0XE=R14
                 	.DEF R0XF=R15
                 	.DEF R0X10=R16
                 	.DEF R0X11=R17
                 	.DEF R0X12=R18
                 	.DEF R0X13=R19
                 	.DEF R0X14=R20
                 	.DEF R0X15=R21
                 	.DEF R0X16=R22
                 	.DEF R0X17=R23
                 	.DEF R0X18=R24
                 	.DEF R0X19=R25
                 	.DEF R0X1A=R26
                 	.DEF R0X1B=R27
                 	.DEF R0X1C=R28
                 	.DEF R0X1D=R29
                 	.DEF R0X1E=R30
                 	.DEF R0X1F=R31
                 
                 	.EQU __SRAM_START=0x0060
                 	.EQU __SRAM_END=0x085F
                 	.EQU __DSTACK_SIZE=0x0200
                 	.EQU __HEAP_SIZE=0x0000
                 	.EQU __CLEAR_SRAM_SIZE=__SRAM_END-__SRAM_START+1
                 
                 	.MACRO __CPD1N
                 	CPI  R30,LOW(@0)
                 	LDI  R26,HIGH(@0)
                 	CPC  R31,R26
                 	LDI  R26,BYTE3(@0)
                 	CPC  R22,R26
                 	LDI  R26,BYTE4(@0)
                 	CPC  R23,R26
                 	.ENDM
                 
                 	.MACRO __CPD2N
                 	CPI  R26,LOW(@0)
                 	LDI  R30,HIGH(@0)
                 	CPC  R27,R30
                 	LDI  R30,BYTE3(@0)
                 	CPC  R24,R30
                 	LDI  R30,BYTE4(@0)
                 	CPC  R25,R30
                 	.ENDM
                 
                 	.MACRO __CPWRR
                 	CP   R@0,R@2
                 	CPC  R@1,R@3
                 	.ENDM
                 
                 	.MACRO __CPWRN
                 	CPI  R@0,LOW(@2)
                 	LDI  R30,HIGH(@2)
                 	CPC  R@1,R30
                 	.ENDM
                 
                 	.MACRO __ADDB1MN
                 	SUBI R30,LOW(-@0-(@1))
                 	.ENDM
                 
                 	.MACRO __ADDB2MN
                 	SUBI R26,LOW(-@0-(@1))
                 	.ENDM
                 
                 	.MACRO __ADDW1MN
                 	SUBI R30,LOW(-@0-(@1))
                 	SBCI R31,HIGH(-@0-(@1))
                 	.ENDM
                 
                 	.MACRO __ADDW2MN
                 	SUBI R26,LOW(-@0-(@1))
                 	SBCI R27,HIGH(-@0-(@1))
                 	.ENDM
                 
                 	.MACRO __ADDW1FN
                 	SUBI R30,LOW(-2*@0-(@1))
                 	SBCI R31,HIGH(-2*@0-(@1))
                 	.ENDM
                 
                 	.MACRO __ADDD1FN
                 	SUBI R30,LOW(-2*@0-(@1))
                 	SBCI R31,HIGH(-2*@0-(@1))
                 	SBCI R22,BYTE3(-2*@0-(@1))
                 	.ENDM
                 
                 	.MACRO __ADDD1N
                 	SUBI R30,LOW(-@0)
                 	SBCI R31,HIGH(-@0)
                 	SBCI R22,BYTE3(-@0)
                 	SBCI R23,BYTE4(-@0)
                 	.ENDM
                 
                 	.MACRO __ADDD2N
                 	SUBI R26,LOW(-@0)
                 	SBCI R27,HIGH(-@0)
                 	SBCI R24,BYTE3(-@0)
                 	SBCI R25,BYTE4(-@0)
                 	.ENDM
                 
                 	.MACRO __SUBD1N
                 	SUBI R30,LOW(@0)
                 	SBCI R31,HIGH(@0)
                 	SBCI R22,BYTE3(@0)
                 	SBCI R23,BYTE4(@0)
                 	.ENDM
                 
                 	.MACRO __SUBD2N
                 	SUBI R26,LOW(@0)
                 	SBCI R27,HIGH(@0)
                 	SBCI R24,BYTE3(@0)
                 	SBCI R25,BYTE4(@0)
                 	.ENDM
                 
                 	.MACRO __ANDBMNN
                 	LDS  R30,@0+(@1)
                 	ANDI R30,LOW(@2)
                 	STS  @0+(@1),R30
                 	.ENDM
                 
                 	.MACRO __ANDWMNN
                 	LDS  R30,@0+(@1)
                 	ANDI R30,LOW(@2)
                 	STS  @0+(@1),R30
                 	LDS  R30,@0+(@1)+1
                 	ANDI R30,HIGH(@2)
                 	STS  @0+(@1)+1,R30
                 	.ENDM
                 
                 	.MACRO __ANDD1N
                 	ANDI R30,LOW(@0)
                 	ANDI R31,HIGH(@0)
                 	ANDI R22,BYTE3(@0)
                 	ANDI R23,BYTE4(@0)
                 	.ENDM
                 
                 	.MACRO __ANDD2N
                 	ANDI R26,LOW(@0)
                 	ANDI R27,HIGH(@0)
                 	ANDI R24,BYTE3(@0)
                 	ANDI R25,BYTE4(@0)
                 	.ENDM
                 
                 	.MACRO __ORBMNN
                 	LDS  R30,@0+(@1)
                 	ORI  R30,LOW(@2)
                 	STS  @0+(@1),R30
                 	.ENDM
                 
                 	.MACRO __ORWMNN
                 	LDS  R30,@0+(@1)
                 	ORI  R30,LOW(@2)
                 	STS  @0+(@1),R30
                 	LDS  R30,@0+(@1)+1
                 	ORI  R30,HIGH(@2)
                 	STS  @0+(@1)+1,R30
                 	.ENDM
                 
                 	.MACRO __ORD1N
                 	ORI  R30,LOW(@0)
                 	ORI  R31,HIGH(@0)
                 	ORI  R22,BYTE3(@0)
                 	ORI  R23,BYTE4(@0)
                 	.ENDM
                 
                 	.MACRO __ORD2N
                 	ORI  R26,LOW(@0)
                 	ORI  R27,HIGH(@0)
                 	ORI  R24,BYTE3(@0)
                 	ORI  R25,BYTE4(@0)
                 	.ENDM
                 
                 	.MACRO __DELAY_USB
                 	LDI  R24,LOW(@0)
                 __DELAY_USB_LOOP:
                 	DEC  R24
                 	BRNE __DELAY_USB_LOOP
                 	.ENDM
                 
                 	.MACRO __DELAY_USW
                 	LDI  R24,LOW(@0)
                 	LDI  R25,HIGH(@0)
                 __DELAY_USW_LOOP:
                 	SBIW R24,1
                 	BRNE __DELAY_USW_LOOP
                 	.ENDM
                 
                 	.MACRO __GETD1S
                 	LDD  R30,Y+@0
                 	LDD  R31,Y+@0+1
                 	LDD  R22,Y+@0+2
                 	LDD  R23,Y+@0+3
                 	.ENDM
                 
                 	.MACRO __GETD2S
                 	LDD  R26,Y+@0
                 	LDD  R27,Y+@0+1
                 	LDD  R24,Y+@0+2
                 	LDD  R25,Y+@0+3
                 	.ENDM
                 
                 	.MACRO __PUTD1S
                 	STD  Y+@0,R30
                 	STD  Y+@0+1,R31
                 	STD  Y+@0+2,R22
                 	STD  Y+@0+3,R23
                 	.ENDM
                 
                 	.MACRO __PUTD2S
                 	STD  Y+@0,R26
                 	STD  Y+@0+1,R27
                 	STD  Y+@0+2,R24
                 	STD  Y+@0+3,R25
                 	.ENDM
                 
                 	.MACRO __PUTDZ2
                 	STD  Z+@0,R26
                 	STD  Z+@0+1,R27
                 	STD  Z+@0+2,R24
                 	STD  Z+@0+3,R25
                 	.ENDM
                 
                 	.MACRO __CLRD1S
                 	STD  Y+@0,R30
                 	STD  Y+@0+1,R30
                 	STD  Y+@0+2,R30
                 	STD  Y+@0+3,R30
                 	.ENDM
                 
                 	.MACRO __POINTB1MN
                 	LDI  R30,LOW(@0+(@1))
                 	.ENDM
                 
                 	.MACRO __POINTW1MN
                 	LDI  R30,LOW(@0+(@1))
                 	LDI  R31,HIGH(@0+(@1))
                 	.ENDM
                 
                 	.MACRO __POINTD1M
                 	LDI  R30,LOW(@0)
                 	LDI  R31,HIGH(@0)
                 	LDI  R22,BYTE3(@0)
                 	LDI  R23,BYTE4(@0)
                 	.ENDM
                 
                 	.MACRO __POINTW1FN
                 	LDI  R30,LOW(2*@0+(@1))
                 	LDI  R31,HIGH(2*@0+(@1))
                 	.ENDM
                 
                 	.MACRO __POINTD1FN
                 	LDI  R30,LOW(2*@0+(@1))
                 	LDI  R31,HIGH(2*@0+(@1))
                 	LDI  R22,BYTE3(2*@0+(@1))
                 	LDI  R23,BYTE4(2*@0+(@1))
                 	.ENDM
                 
                 	.MACRO __POINTB2MN
                 	LDI  R26,LOW(@0+(@1))
                 	.ENDM
                 
                 	.MACRO __POINTW2MN
                 	LDI  R26,LOW(@0+(@1))
                 	LDI  R27,HIGH(@0+(@1))
                 	.ENDM
                 
                 	.MACRO __POINTW2FN
                 	LDI  R26,LOW(2*@0+(@1))
                 	LDI  R27,HIGH(2*@0+(@1))
                 	.ENDM
                 
                 	.MACRO __POINTD2FN
                 	LDI  R26,LOW(2*@0+(@1))
                 	LDI  R27,HIGH(2*@0+(@1))
                 	LDI  R24,BYTE3(2*@0+(@1))
                 	LDI  R25,BYTE4(2*@0+(@1))
                 	.ENDM
                 
                 	.MACRO __POINTBRM
                 	LDI  R@0,LOW(@1)
                 	.ENDM
                 
                 	.MACRO __POINTWRM
                 	LDI  R@0,LOW(@2)
                 	LDI  R@1,HIGH(@2)
                 	.ENDM
                 
                 	.MACRO __POINTBRMN
                 	LDI  R@0,LOW(@1+(@2))
                 	.ENDM
                 
                 	.MACRO __POINTWRMN
                 	LDI  R@0,LOW(@2+(@3))
                 	LDI  R@1,HIGH(@2+(@3))
                 	.ENDM
                 
                 	.MACRO __POINTWRFN
                 	LDI  R@0,LOW(@2*2+(@3))
                 	LDI  R@1,HIGH(@2*2+(@3))
                 	.ENDM
                 
                 	.MACRO __GETD1N
                 	LDI  R30,LOW(@0)
                 	LDI  R31,HIGH(@0)
                 	LDI  R22,BYTE3(@0)
                 	LDI  R23,BYTE4(@0)
                 	.ENDM
                 
                 	.MACRO __GETD2N
                 	LDI  R26,LOW(@0)
                 	LDI  R27,HIGH(@0)
                 	LDI  R24,BYTE3(@0)
                 	LDI  R25,BYTE4(@0)
                 	.ENDM
                 
                 	.MACRO __GETB1MN
                 	LDS  R30,@0+(@1)
                 	.ENDM
                 
                 	.MACRO __GETB1HMN
                 	LDS  R31,@0+(@1)
                 	.ENDM
                 
                 	.MACRO __GETW1MN
                 	LDS  R30,@0+(@1)
                 	LDS  R31,@0+(@1)+1
                 	.ENDM
                 
                 	.MACRO __GETD1MN
                 	LDS  R30,@0+(@1)
                 	LDS  R31,@0+(@1)+1
                 	LDS  R22,@0+(@1)+2
                 	LDS  R23,@0+(@1)+3
                 	.ENDM
                 
                 	.MACRO __GETBRMN
                 	LDS  R@0,@1+(@2)
                 	.ENDM
                 
                 	.MACRO __GETWRMN
                 	LDS  R@0,@2+(@3)
                 	LDS  R@1,@2+(@3)+1
                 	.ENDM
                 
                 	.MACRO __GETWRZ
                 	LDD  R@0,Z+@2
                 	LDD  R@1,Z+@2+1
                 	.ENDM
                 
                 	.MACRO __GETD2Z
                 	LDD  R26,Z+@0
                 	LDD  R27,Z+@0+1
                 	LDD  R24,Z+@0+2
                 	LDD  R25,Z+@0+3
                 	.ENDM
                 
                 	.MACRO __GETB2MN
                 	LDS  R26,@0+(@1)
                 	.ENDM
                 
                 	.MACRO __GETW2MN
                 	LDS  R26,@0+(@1)
                 	LDS  R27,@0+(@1)+1
                 	.ENDM
                 
                 	.MACRO __GETD2MN
                 	LDS  R26,@0+(@1)
                 	LDS  R27,@0+(@1)+1
                 	LDS  R24,@0+(@1)+2
                 	LDS  R25,@0+(@1)+3
                 	.ENDM
                 
                 	.MACRO __PUTB1MN
                 	STS  @0+(@1),R30
                 	.ENDM
                 
                 	.MACRO __PUTW1MN
                 	STS  @0+(@1),R30
                 	STS  @0+(@1)+1,R31
                 	.ENDM
                 
                 	.MACRO __PUTD1MN
                 	STS  @0+(@1),R30
                 	STS  @0+(@1)+1,R31
                 	STS  @0+(@1)+2,R22
                 	STS  @0+(@1)+3,R23
                 	.ENDM
                 
                 	.MACRO __PUTB1EN
                 	LDI  R26,LOW(@0+(@1))
                 	LDI  R27,HIGH(@0+(@1))
                 	CALL __EEPROMWRB
                 	.ENDM
                 
                 	.MACRO __PUTW1EN
                 	LDI  R26,LOW(@0+(@1))
                 	LDI  R27,HIGH(@0+(@1))
                 	CALL __EEPROMWRW
                 	.ENDM
                 
                 	.MACRO __PUTD1EN
                 	LDI  R26,LOW(@0+(@1))
                 	LDI  R27,HIGH(@0+(@1))
                 	CALL __EEPROMWRD
                 	.ENDM
                 
                 	.MACRO __PUTBR0MN
                 	STS  @0+(@1),R0
                 	.ENDM
                 
                 	.MACRO __PUTBMRN
                 	STS  @0+(@1),R@2
                 	.ENDM
                 
                 	.MACRO __PUTWMRN
                 	STS  @0+(@1),R@2
                 	STS  @0+(@1)+1,R@3
                 	.ENDM
                 
                 	.MACRO __PUTBZR
                 	STD  Z+@1,R@0
                 	.ENDM
                 
                 	.MACRO __PUTWZR
                 	STD  Z+@2,R@0
                 	STD  Z+@2+1,R@1
                 	.ENDM
                 
                 	.MACRO __GETW1R
                 	MOV  R30,R@0
                 	MOV  R31,R@1
                 	.ENDM
                 
                 	.MACRO __GETW2R
                 	MOV  R26,R@0
                 	MOV  R27,R@1
                 	.ENDM
                 
                 	.MACRO __GETWRN
                 	LDI  R@0,LOW(@2)
                 	LDI  R@1,HIGH(@2)
                 	.ENDM
                 
                 	.MACRO __PUTW1R
                 	MOV  R@0,R30
                 	MOV  R@1,R31
                 	.ENDM
                 
                 	.MACRO __PUTW2R
                 	MOV  R@0,R26
                 	MOV  R@1,R27
                 	.ENDM
                 
                 	.MACRO __ADDWRN
                 	SUBI R@0,LOW(-@2)
                 	SBCI R@1,HIGH(-@2)
                 	.ENDM
                 
                 	.MACRO __ADDWRR
                 	ADD  R@0,R@2
                 	ADC  R@1,R@3
                 	.ENDM
                 
                 	.MACRO __SUBWRN
                 	SUBI R@0,LOW(@2)
                 	SBCI R@1,HIGH(@2)
                 	.ENDM
                 
                 	.MACRO __SUBWRR
                 	SUB  R@0,R@2
                 	SBC  R@1,R@3
                 	.ENDM
                 
                 	.MACRO __ANDWRN
                 	ANDI R@0,LOW(@2)
                 	ANDI R@1,HIGH(@2)
                 	.ENDM
                 
                 	.MACRO __ANDWRR
                 	AND  R@0,R@2
                 	AND  R@1,R@3
                 	.ENDM
                 
                 	.MACRO __ORWRN
                 	ORI  R@0,LOW(@2)
                 	ORI  R@1,HIGH(@2)
                 	.ENDM
                 
                 	.MACRO __ORWRR
                 	OR   R@0,R@2
                 	OR   R@1,R@3
                 	.ENDM
                 
                 	.MACRO __EORWRR
                 	EOR  R@0,R@2
                 	EOR  R@1,R@3
                 	.ENDM
                 
                 	.MACRO __GETWRS
                 	LDD  R@0,Y+@2
                 	LDD  R@1,Y+@2+1
                 	.ENDM
                 
                 	.MACRO __PUTBSR
                 	STD  Y+@1,R@0
                 	.ENDM
                 
                 	.MACRO __PUTWSR
                 	STD  Y+@2,R@0
                 	STD  Y+@2+1,R@1
                 	.ENDM
                 
                 	.MACRO __MOVEWRR
                 	MOV  R@0,R@2
                 	MOV  R@1,R@3
                 	.ENDM
                 
                 	.MACRO __INWR
                 	IN   R@0,@2
                 	IN   R@1,@2+1
                 	.ENDM
                 
                 	.MACRO __OUTWR
                 	OUT  @2+1,R@1
                 	OUT  @2,R@0
                 	.ENDM
                 
                 	.MACRO __CALL1MN
                 	LDS  R30,@0+(@1)
                 	LDS  R31,@0+(@1)+1
                 	ICALL
                 	.ENDM
                 
                 	.MACRO __CALL1FN
                 	LDI  R30,LOW(2*@0+(@1))
                 	LDI  R31,HIGH(2*@0+(@1))
                 	CALL __GETW1PF
                 	ICALL
                 	.ENDM
                 
                 	.MACRO __CALL2EN
                 	PUSH R26
                 	PUSH R27
                 	LDI  R26,LOW(@0+(@1))
                 	LDI  R27,HIGH(@0+(@1))
                 	CALL __EEPROMRDW
                 	POP  R27
                 	POP  R26
                 	ICALL
                 	.ENDM
                 
                 	.MACRO __CALL2EX
                 	SUBI R26,LOW(-@0)
                 	SBCI R27,HIGH(-@0)
                 	CALL __EEPROMRDD
                 	ICALL
                 	.ENDM
                 
                 	.MACRO __GETW1STACK
                 	IN   R30,SPL
                 	IN   R31,SPH
                 	ADIW R30,@0+1
                 	LD   R0,Z+
                 	LD   R31,Z
                 	MOV  R30,R0
                 	.ENDM
                 
                 	.MACRO __GETD1STACK
                 	IN   R30,SPL
                 	IN   R31,SPH
                 	ADIW R30,@0+1
                 	LD   R0,Z+
                 	LD   R1,Z+
                 	LD   R22,Z
                 	MOVW R30,R0
                 	.ENDM
                 
                 	.MACRO __NBST
                 	BST  R@0,@1
                 	IN   R30,SREG
                 	LDI  R31,0x40
                 	EOR  R30,R31
                 	OUT  SREG,R30
                 	.ENDM
                 
                 
                 	.MACRO __PUTB1SN
                 	LDD  R26,Y+@0
                 	LDD  R27,Y+@0+1
                 	SUBI R26,LOW(-@1)
                 	SBCI R27,HIGH(-@1)
                 	ST   X,R30
                 	.ENDM
                 
                 	.MACRO __PUTW1SN
                 	LDD  R26,Y+@0
                 	LDD  R27,Y+@0+1
                 	SUBI R26,LOW(-@1)
                 	SBCI R27,HIGH(-@1)
                 	ST   X+,R30
                 	ST   X,R31
                 	.ENDM
                 
                 	.MACRO __PUTD1SN
                 	LDD  R26,Y+@0
                 	LDD  R27,Y+@0+1
                 	SUBI R26,LOW(-@1)
                 	SBCI R27,HIGH(-@1)
                 	CALL __PUTDP1
                 	.ENDM
                 
                 	.MACRO __PUTB1SNS
                 	LDD  R26,Y+@0
                 	LDD  R27,Y+@0+1
                 	ADIW R26,@1
                 	ST   X,R30
                 	.ENDM
                 
                 	.MACRO __PUTW1SNS
                 	LDD  R26,Y+@0
                 	LDD  R27,Y+@0+1
                 	ADIW R26,@1
                 	ST   X+,R30
                 	ST   X,R31
                 	.ENDM
                 
                 	.MACRO __PUTD1SNS
                 	LDD  R26,Y+@0
                 	LDD  R27,Y+@0+1
                 	ADIW R26,@1
                 	CALL __PUTDP1
                 	.ENDM
                 
                 	.MACRO __PUTB1PMN
                 	LDS  R26,@0
                 	LDS  R27,@0+1
                 	SUBI R26,LOW(-@1)
                 	SBCI R27,HIGH(-@1)
                 	ST   X,R30
                 	.ENDM
                 
                 	.MACRO __PUTW1PMN
                 	LDS  R26,@0
                 	LDS  R27,@0+1
                 	SUBI R26,LOW(-@1)
                 	SBCI R27,HIGH(-@1)
                 	ST   X+,R30
                 	ST   X,R31
                 	.ENDM
                 
                 	.MACRO __PUTD1PMN
                 	LDS  R26,@0
                 	LDS  R27,@0+1
                 	SUBI R26,LOW(-@1)
                 	SBCI R27,HIGH(-@1)
                 	CALL __PUTDP1
                 	.ENDM
                 
                 	.MACRO __PUTB1PMNS
                 	LDS  R26,@0
                 	LDS  R27,@0+1
                 	ADIW R26,@1
                 	ST   X,R30
                 	.ENDM
                 
                 	.MACRO __PUTW1PMNS
                 	LDS  R26,@0
                 	LDS  R27,@0+1
                 	ADIW R26,@1
                 	ST   X+,R30
                 	ST   X,R31
                 	.ENDM
                 
                 	.MACRO __PUTD1PMNS
                 	LDS  R26,@0
                 	LDS  R27,@0+1
                 	ADIW R26,@1
                 	CALL __PUTDP1
                 	.ENDM
                 
                 	.MACRO __PUTB1RN
                 	MOVW R26,R@0
                 	SUBI R26,LOW(-@1)
                 	SBCI R27,HIGH(-@1)
                 	ST   X,R30
                 	.ENDM
                 
                 	.MACRO __PUTW1RN
                 	MOVW R26,R@0
                 	SUBI R26,LOW(-@1)
                 	SBCI R27,HIGH(-@1)
                 	ST   X+,R30
                 	ST   X,R31
                 	.ENDM
                 
                 	.MACRO __PUTD1RN
                 	MOVW R26,R@0
                 	SUBI R26,LOW(-@1)
                 	SBCI R27,HIGH(-@1)
                 	CALL __PUTDP1
                 	.ENDM
                 
                 	.MACRO __PUTB1RNS
                 	MOVW R26,R@0
                 	ADIW R26,@1
                 	ST   X,R30
                 	.ENDM
                 
                 	.MACRO __PUTW1RNS
                 	MOVW R26,R@0
                 	ADIW R26,@1
                 	ST   X+,R30
                 	ST   X,R31
                 	.ENDM
                 
                 	.MACRO __PUTD1RNS
                 	MOVW R26,R@0
                 	ADIW R26,@1
                 	CALL __PUTDP1
                 	.ENDM
                 
                 	.MACRO __PUTB1RON
                 	MOV  R26,R@0
                 	MOV  R27,R@1
                 	SUBI R26,LOW(-@2)
                 	SBCI R27,HIGH(-@2)
                 	ST   X,R30
                 	.ENDM
                 
                 	.MACRO __PUTW1RON
                 	MOV  R26,R@0
                 	MOV  R27,R@1
                 	SUBI R26,LOW(-@2)
                 	SBCI R27,HIGH(-@2)
                 	ST   X+,R30
                 	ST   X,R31
                 	.ENDM
                 
                 	.MACRO __PUTD1RON
                 	MOV  R26,R@0
                 	MOV  R27,R@1
                 	SUBI R26,LOW(-@2)
                 	SBCI R27,HIGH(-@2)
                 	CALL __PUTDP1
                 	.ENDM
                 
                 	.MACRO __PUTB1RONS
                 	MOV  R26,R@0
                 	MOV  R27,R@1
                 	ADIW R26,@2
                 	ST   X,R30
                 	.ENDM
                 
                 	.MACRO __PUTW1RONS
                 	MOV  R26,R@0
                 	MOV  R27,R@1
                 	ADIW R26,@2
                 	ST   X+,R30
                 	ST   X,R31
                 	.ENDM
                 
                 	.MACRO __PUTD1RONS
                 	MOV  R26,R@0
                 	MOV  R27,R@1
                 	ADIW R26,@2
                 	CALL __PUTDP1
                 	.ENDM
                 
                 
                 	.MACRO __GETB1SX
                 	MOVW R30,R28
                 	SUBI R30,LOW(-@0)
                 	SBCI R31,HIGH(-@0)
                 	LD   R30,Z
                 	.ENDM
                 
                 	.MACRO __GETB1HSX
                 	MOVW R30,R28
                 	SUBI R30,LOW(-@0)
                 	SBCI R31,HIGH(-@0)
                 	LD   R31,Z
                 	.ENDM
                 
                 	.MACRO __GETW1SX
                 	MOVW R30,R28
                 	SUBI R30,LOW(-@0)
                 	SBCI R31,HIGH(-@0)
                 	LD   R0,Z+
                 	LD   R31,Z
                 	MOV  R30,R0
                 	.ENDM
                 
                 	.MACRO __GETD1SX
                 	MOVW R30,R28
                 	SUBI R30,LOW(-@0)
                 	SBCI R31,HIGH(-@0)
                 	LD   R0,Z+
                 	LD   R1,Z+
                 	LD   R22,Z+
                 	LD   R23,Z
                 	MOVW R30,R0
                 	.ENDM
                 
                 	.MACRO __GETB2SX
                 	MOVW R26,R28
                 	SUBI R26,LOW(-@0)
                 	SBCI R27,HIGH(-@0)
                 	LD   R26,X
                 	.ENDM
                 
                 	.MACRO __GETW2SX
                 	MOVW R26,R28
                 	SUBI R26,LOW(-@0)
                 	SBCI R27,HIGH(-@0)
                 	LD   R0,X+
                 	LD   R27,X
                 	MOV  R26,R0
                 	.ENDM
                 
                 	.MACRO __GETD2SX
                 	MOVW R26,R28
                 	SUBI R26,LOW(-@0)
                 	SBCI R27,HIGH(-@0)
                 	LD   R0,X+
                 	LD   R1,X+
                 	LD   R24,X+
                 	LD   R25,X
                 	MOVW R26,R0
                 	.ENDM
                 
                 	.MACRO __GETBRSX
                 	MOVW R30,R28
                 	SUBI R30,LOW(-@1)
                 	SBCI R31,HIGH(-@1)
                 	LD   R@0,Z
                 	.ENDM
                 
                 	.MACRO __GETWRSX
                 	MOVW R30,R28
                 	SUBI R30,LOW(-@2)
                 	SBCI R31,HIGH(-@2)
                 	LD   R@0,Z+
                 	LD   R@1,Z
                 	.ENDM
                 
                 	.MACRO __GETBRSX2
                 	MOVW R26,R28
                 	SUBI R26,LOW(-@1)
                 	SBCI R27,HIGH(-@1)
                 	LD   R@0,X
                 	.ENDM
                 
                 	.MACRO __GETWRSX2
                 	MOVW R26,R28
                 	SUBI R26,LOW(-@2)
                 	SBCI R27,HIGH(-@2)
                 	LD   R@0,X+
                 	LD   R@1,X
                 	.ENDM
                 
                 	.MACRO __LSLW8SX
                 	MOVW R30,R28
                 	SUBI R30,LOW(-@0)
                 	SBCI R31,HIGH(-@0)
                 	LD   R31,Z
                 	CLR  R30
                 	.ENDM
                 
                 	.MACRO __PUTB1SX
                 	MOVW R26,R28
                 	SUBI R26,LOW(-@0)
                 	SBCI R27,HIGH(-@0)
                 	ST   X,R30
                 	.ENDM
                 
                 	.MACRO __PUTW1SX
                 	MOVW R26,R28
                 	SUBI R26,LOW(-@0)
                 	SBCI R27,HIGH(-@0)
                 	ST   X+,R30
                 	ST   X,R31
                 	.ENDM
                 
                 	.MACRO __PUTD1SX
                 	MOVW R26,R28
                 	SUBI R26,LOW(-@0)
                 	SBCI R27,HIGH(-@0)
                 	ST   X+,R30
                 	ST   X+,R31
                 	ST   X+,R22
                 	ST   X,R23
                 	.ENDM
                 
                 	.MACRO __CLRW1SX
                 	MOVW R26,R28
                 	SUBI R26,LOW(-@0)
                 	SBCI R27,HIGH(-@0)
                 	ST   X+,R30
                 	ST   X,R30
                 	.ENDM
                 
                 	.MACRO __CLRD1SX
                 	MOVW R26,R28
                 	SUBI R26,LOW(-@0)
                 	SBCI R27,HIGH(-@0)
                 	ST   X+,R30
                 	ST   X+,R30
                 	ST   X+,R30
                 	ST   X,R30
                 	.ENDM
                 
                 	.MACRO __PUTB2SX
                 	MOVW R30,R28
                 	SUBI R30,LOW(-@0)
                 	SBCI R31,HIGH(-@0)
                 	ST   Z,R26
                 	.ENDM
                 
                 	.MACRO __PUTW2SX
                 	MOVW R30,R28
                 	SUBI R30,LOW(-@0)
                 	SBCI R31,HIGH(-@0)
                 	ST   Z+,R26
                 	ST   Z,R27
                 	.ENDM
                 
                 	.MACRO __PUTD2SX
                 	MOVW R30,R28
                 	SUBI R30,LOW(-@0)
                 	SBCI R31,HIGH(-@0)
                 	ST   Z+,R26
                 	ST   Z+,R27
                 	ST   Z+,R24
                 	ST   Z,R25
                 	.ENDM
                 
                 	.MACRO __PUTBSRX
                 	MOVW R30,R28
                 	SUBI R30,LOW(-@1)
                 	SBCI R31,HIGH(-@1)
                 	ST   Z,R@0
                 	.ENDM
                 
                 	.MACRO __PUTWSRX
                 	MOVW R30,R28
                 	SUBI R30,LOW(-@2)
                 	SBCI R31,HIGH(-@2)
                 	ST   Z+,R@0
                 	ST   Z,R@1
                 	.ENDM
                 
                 	.MACRO __PUTB1SNX
                 	MOVW R26,R28
                 	SUBI R26,LOW(-@0)
                 	SBCI R27,HIGH(-@0)
                 	LD   R0,X+
                 	LD   R27,X
                 	MOV  R26,R0
                 	SUBI R26,LOW(-@1)
                 	SBCI R27,HIGH(-@1)
                 	ST   X,R30
                 	.ENDM
                 
                 	.MACRO __PUTW1SNX
                 	MOVW R26,R28
                 	SUBI R26,LOW(-@0)
                 	SBCI R27,HIGH(-@0)
                 	LD   R0,X+
                 	LD   R27,X
                 	MOV  R26,R0
                 	SUBI R26,LOW(-@1)
                 	SBCI R27,HIGH(-@1)
                 	ST   X+,R30
                 	ST   X,R31
                 	.ENDM
                 
                 	.MACRO __PUTD1SNX
                 	MOVW R26,R28
                 	SUBI R26,LOW(-@0)
                 	SBCI R27,HIGH(-@0)
                 	LD   R0,X+
                 	LD   R27,X
                 	MOV  R26,R0
                 	SUBI R26,LOW(-@1)
                 	SBCI R27,HIGH(-@1)
                 	ST   X+,R30
                 	ST   X+,R31
                 	ST   X+,R22
                 	ST   X,R23
                 	.ENDM
                 
                 	.MACRO __MULBRR
                 	MULS R@0,R@1
                 	MOVW R30,R0
                 	.ENDM
                 
                 	.MACRO __MULBRRU
                 	MUL  R@0,R@1
                 	MOVW R30,R0
                 	.ENDM
                 
                 	.MACRO __MULBRR0
                 	MULS R@0,R@1
                 	.ENDM
                 
                 	.MACRO __MULBRRU0
                 	MUL  R@0,R@1
                 	.ENDM
                 
                 	.MACRO __MULBNWRU
                 	LDI  R26,@2
                 	MUL  R26,R@0
                 	MOVW R30,R0
                 	MUL  R26,R@1
                 	ADD  R31,R0
                 	.ENDM
                 
                 ;NAME DEFINITIONS FOR GLOBAL VARIABLES ALLOCATED TO REGISTERS
                 	.DEF _key_res=R5
                 	.DEF _operand=R6
                 	.DEF _operand_msb=R7
                 	.DEF _equal=R8
                 	.DEF _equal_msb=R9
                 	.DEF _op=R4
                 	.DEF _flag1=R10
                 	.DEF _flag1_msb=R11
                 	.DEF _flag2=R12
                 	.DEF _flag2_msb=R13
                 
                 	.CSEG
                 	.ORG 0x00
                 
                 ;START OF CODE MARKER
                 __START_OF_CODE:
                 
                 ;INTERRUPT VECTORS
000000 940c 0067 	JMP  __RESET
000002 940c 0000 	JMP  0x00
000004 940c 0000 	JMP  0x00
000006 940c 0000 	JMP  0x00
000008 940c 0000 	JMP  0x00
00000a 940c 0000 	JMP  0x00
00000c 940c 0000 	JMP  0x00
00000e 940c 0000 	JMP  0x00
000010 940c 0000 	JMP  0x00
000012 940c 0000 	JMP  0x00
000014 940c 0000 	JMP  0x00
000016 940c 0000 	JMP  0x00
000018 940c 0000 	JMP  0x00
00001a 940c 0000 	JMP  0x00
00001c 940c 0000 	JMP  0x00
00001e 940c 0000 	JMP  0x00
000020 940c 0000 	JMP  0x00
000022 940c 0000 	JMP  0x00
000024 940c 0000 	JMP  0x00
000026 940c 0000 	JMP  0x00
000028 940c 0000 	JMP  0x00
                 
                 ;GLOBAL REGISTER VARIABLES INITIALIZATION
                 __REG_VARS:
00002a 0000
00002b ffff      	.DB  0x0,0x0,0xFF,0xFF
00002c ffff
00002d 0000      	.DB  0xFF,0xFF,0x0,0x0
00002e 0000      	.DB  0x0,0x0
                 
                 _0x3:
00002f 0000
000030 0001
000031 0002
000032 0003      	.DB  0x0,0x0,0x1,0x0,0x2,0x0,0x3,0x0
000033 0004
000034 0005
000035 0006
000036 0007      	.DB  0x4,0x0,0x5,0x0,0x6,0x0,0x7,0x0
000037 0008
D:\University\Microprocessor lab\lab8\Debug\List\lab8.asm(1137): warning: .cseg .db misalignment - padding zero byte
000038 0009      	.DB  0x8,0x0,0x9
                 _0x4:
000039 3130
00003a 3332
00003b 3534
00003c 3736      	.DB  0x30,0x31,0x32,0x33,0x34,0x35,0x36,0x37
00003d 3938      	.DB  0x38,0x39
                 _0x0:
00003e 454b
00003f 5059
000040 4441
000041 4120      	.DB  0x4B,0x45,0x59,0x50,0x41,0x44,0x20,0x41
000042 444e
000043 4c20
000044 4443
000045 5000      	.DB  0x4E,0x44,0x20,0x4C,0x43,0x44,0x0,0x50
000046 4f52
000047 454a
000048 5443
D:\University\Microprocessor lab\lab8\Debug\List\lab8.asm(1144): warning: .cseg .db misalignment - padding zero byte
000049 0000      	.DB  0x52,0x4F,0x4A,0x45,0x43,0x54,0x0
                 _0x2000003:
00004a c080      	.DB  0x80,0xC0
                 _0x2060060:
D:\University\Microprocessor lab\lab8\Debug\List\lab8.asm(1148): warning: .cseg .db misalignment - padding zero byte
00004b 0001      	.DB  0x1
                 _0x2060000:
00004c 4e2d
00004d 4e41
00004e 4900
00004f 464e      	.DB  0x2D,0x4E,0x41,0x4E,0x0,0x49,0x4E,0x46
D:\University\Microprocessor lab\lab8\Debug\List\lab8.asm(1151): warning: .cseg .db misalignment - padding zero byte
000050 0000      	.DB  0x0
                 
                 __GLOBAL_INI_TBL:
000051 000a      	.DW  0x0A
000052 0004      	.DW  0x04
000053 0054      	.DW  __REG_VARS*2
                 
000054 0013      	.DW  0x13
000055 028f      	.DW  _num
000056 005e      	.DW  _0x3*2
                 
000057 000a      	.DW  0x0A
000058 02a9      	.DW  _output
000059 0072      	.DW  _0x4*2
                 
00005a 000f      	.DW  0x0F
00005b 0260      	.DW  _0x5
00005c 007c      	.DW  _0x0*2
                 
00005d 0008      	.DW  0x08
00005e 026f      	.DW  _0x5+15
00005f 008b      	.DW  _0x0*2+15
                 
000060 0002      	.DW  0x02
000061 02b4      	.DW  __base_y_G100
000062 0094      	.DW  _0x2000003*2
                 
000063 0001      	.DW  0x01
000064 02bb      	.DW  __seed_G103
000065 0096      	.DW  _0x2060060*2
                 
                 _0xFFFFFFFF:
000066 0000      	.DW  0
                 
                 #define __GLOBAL_INI_TBL_PRESENT 1
                 
                 __RESET:
000067 94f8      	CLI
000068 27ee      	CLR  R30
000069 bbec      	OUT  EECR,R30
                 
                 ;INTERRUPT VECTORS ARE PLACED
                 ;AT THE START OF FLASH
00006a e0f1      	LDI  R31,1
00006b bffb      	OUT  GICR,R31
00006c bfeb      	OUT  GICR,R30
00006d bfe5      	OUT  MCUCR,R30
                 
                 ;CLEAR R2-R14
00006e e08d      	LDI  R24,(14-2)+1
00006f e0a2      	LDI  R26,2
000070 27bb      	CLR  R27
                 __CLEAR_REG:
000071 93ed      	ST   X+,R30
000072 958a      	DEC  R24
000073 f7e9      	BRNE __CLEAR_REG
                 
                 ;CLEAR SRAM
000074 e080      	LDI  R24,LOW(__CLEAR_SRAM_SIZE)
000075 e098      	LDI  R25,HIGH(__CLEAR_SRAM_SIZE)
000076 e6a0      	LDI  R26,__SRAM_START
                 __CLEAR_SRAM:
000077 93ed      	ST   X+,R30
000078 9701      	SBIW R24,1
000079 f7e9      	BRNE __CLEAR_SRAM
                 
                 ;GLOBAL VARIABLES INITIALIZATION
00007a eae2      	LDI  R30,LOW(__GLOBAL_INI_TBL*2)
00007b e0f0      	LDI  R31,HIGH(__GLOBAL_INI_TBL*2)
                 __GLOBAL_INI_NEXT:
00007c 9185      	LPM  R24,Z+
00007d 9195      	LPM  R25,Z+
00007e 9700      	SBIW R24,0
00007f f061      	BREQ __GLOBAL_INI_END
000080 91a5      	LPM  R26,Z+
000081 91b5      	LPM  R27,Z+
000082 9005      	LPM  R0,Z+
000083 9015      	LPM  R1,Z+
000084 01bf      	MOVW R22,R30
000085 01f0      	MOVW R30,R0
                 __GLOBAL_INI_LOOP:
000086 9005      	LPM  R0,Z+
000087 920d      	ST   X+,R0
000088 9701      	SBIW R24,1
000089 f7e1      	BRNE __GLOBAL_INI_LOOP
00008a 01fb      	MOVW R30,R22
00008b cff0      	RJMP __GLOBAL_INI_NEXT
                 __GLOBAL_INI_END:
                 
                 ;HARDWARE STACK POINTER INITIALIZATION
00008c e5ef      	LDI  R30,LOW(__SRAM_END-__HEAP_SIZE)
00008d bfed      	OUT  SPL,R30
00008e e0e8      	LDI  R30,HIGH(__SRAM_END-__HEAP_SIZE)
00008f bfee      	OUT  SPH,R30
                 
                 ;DATA STACK POINTER INITIALIZATION
000090 e6c0      	LDI  R28,LOW(__SRAM_START+__DSTACK_SIZE)
000091 e0d2      	LDI  R29,HIGH(__SRAM_START+__DSTACK_SIZE)
                 
000092 940c 0094 	JMP  _main
                 
                 	.ESEG
                 	.ORG 0
                 
                 	.DSEG
                 	.ORG 0x260
                 
                 	.CSEG
                 ;/*******************************************************
                 ;This program was created by the
                 ;CodeWizardAVR V3.12 Advanced
                 ;Automatic Program Generator
                 ;© Copyright 1998-2014 Pavel Haiduc, HP InfoTech s.r.l.
                 ;http://www.hpinfotech.com
                 ;
                 ;Project :
                 ;Version :
                 ;Date    : 6/20/2020
                 ;Author  :
                 ;Company :
                 ;Comments:
                 ;
                 ;
                 ;Chip type               : ATmega32
                 ;Program type            : Application
                 ;AVR Core Clock frequency: 8.000000 MHz
                 ;Memory model            : Small
                 ;External RAM size       : 0
                 ;Data Stack size         : 512
                 ;*******************************************************/
                 ;
                 ;#include <mega32.h>
                 	#ifndef __SLEEP_DEFINED__
                 	#define __SLEEP_DEFINED__
                 	.EQU __se_bit=0x80
                 	.EQU __sm_mask=0x70
                 	.EQU __sm_powerdown=0x20
                 	.EQU __sm_powersave=0x30
                 	.EQU __sm_standby=0x60
                 	.EQU __sm_ext_standby=0x70
                 	.EQU __sm_adc_noise_red=0x10
                 	.SET power_ctrl_reg=mcucr
                 	#endif
                 ;#include <alcd.h>
                 ;#include <stdint.h>
                 ;#include <string.h>
                 ;#include <delay.h>
                 ;#include <math.h>
                 ;
                 ;#define KEYPAD_R1 PORTD.0
                 ;#define KEYPAD_R2 PORTD.1
                 ;#define KEYPAD_R3 PORTD.2
                 ;#define KEYPAD_R4 PORTD.3
                 ;#define KEYPAD_C1 PIND.4
                 ;#define KEYPAD_C2 PIND.5
                 ;#define KEYPAD_C3 PIND.6
                 ;#define KEYPAD_C4 PIND.7
                 ;
                 ;#define KEYPAD_NUM0 0
                 ;#define KEYPAD_NUM1 1
                 ;#define KEYPAD_NUM2 2
                 ;#define KEYPAD_NUM3 3
                 ;#define KEYPAD_NUM4 4
                 ;#define KEYPAD_NUM5 5
                 ;#define KEYPAD_NUM6 6
                 ;#define KEYPAD_NUM7 7
                 ;#define KEYPAD_NUM8 8
                 ;#define KEYPAD_NUM9 9
                 ;#define KEYPAD_DIV  10
                 ;#define KEYPAD_MUL  11
                 ;#define KEYPAD_PLS  12
                 ;#define KEYPAD_MNS  13
                 ;#define KEYPAD_EQU  14
                 ;#define KEYPAD_ON   15
                 ;void static Calculator(unsigned char key_res);
                 ;unsigned char keypad_scan();
                 ;unsigned char key_res;
                 ;int operand=-1,equal=-1;
                 ;char op = '';
                 ;int flag1 = 0,flag2 = 0,flag3 = 0,flag4 = 0;
                 ;int result[10];
                 ;int num[10] = {0,1,2,3,4,5,6,7,8,9};
                 
                 	.DSEG
                 ;int i,digits=0,res=0;
                 ;char output[11] = "0123456789";
                 ;
                 ;
                 ;
                 ;void main(void)
                 ; 0000 0046 {
                 
                 	.CSEG
                 _main:
                 ; .FSTART _main
                 ; 0000 0047 
                 ; 0000 0048 // Declare your local variables here
                 ; 0000 0049 
                 ; 0000 004A // Input/Output Ports initialization
                 ; 0000 004B // Port A initialization
                 ; 0000 004C // Function: Bit7=In Bit6=In Bit5=In Bit4=In Bit3=In Bit2=In Bit1=In Bit0=In
                 ; 0000 004D DDRA=(0<<DDA7) | (0<<DDA6) | (0<<DDA5) | (0<<DDA4) | (0<<DDA3) | (0<<DDA2) | (0<<DDA1) | (0<<DDA0);
000094 e0e0      	LDI  R30,LOW(0)
000095 bbea      	OUT  0x1A,R30
                 ; 0000 004E // State: Bit7=T Bit6=T Bit5=T Bit4=T Bit3=T Bit2=T Bit1=T Bit0=T
                 ; 0000 004F PORTA=(0<<PORTA7) | (0<<PORTA6) | (0<<PORTA5) | (0<<PORTA4) | (0<<PORTA3) | (0<<PORTA2) | (0<<PORTA1) | (0<<PORTA0);
000096 bbeb      	OUT  0x1B,R30
                 ; 0000 0050 
                 ; 0000 0051 // Port B initialization
                 ; 0000 0052 // Function: Bit7=In Bit6=In Bit5=In Bit4=In Bit3=In Bit2=In Bit1=In Bit0=In
                 ; 0000 0053 DDRB=(0<<DDB7) | (0<<DDB6) | (0<<DDB5) | (0<<DDB4) | (0<<DDB3) | (0<<DDB2) | (0<<DDB1) | (0<<DDB0);
000097 bbe7      	OUT  0x17,R30
                 ; 0000 0054 // State: Bit7=T Bit6=T Bit5=T Bit4=T Bit3=T Bit2=T Bit1=T Bit0=T
                 ; 0000 0055 PORTB=(0<<PORTB7) | (0<<PORTB6) | (0<<PORTB5) | (0<<PORTB4) | (0<<PORTB3) | (0<<PORTB2) | (0<<PORTB1) | (0<<PORTB0);
000098 bbe8      	OUT  0x18,R30
                 ; 0000 0056 
                 ; 0000 0057 // Port C initialization
                 ; 0000 0058 // Function: Bit7=Out Bit6=Out Bit5=Out Bit4=Out Bit3=Out Bit2=Out Bit1=Out Bit0=Out
                 ; 0000 0059 DDRC=(1<<DDC7) | (1<<DDC6) | (1<<DDC5) | (1<<DDC4) | (1<<DDC3) | (1<<DDC2) | (1<<DDC1) | (1<<DDC0);
000099 efef      	LDI  R30,LOW(255)
00009a bbe4      	OUT  0x14,R30
                 ; 0000 005A // State: Bit7=0 Bit6=0 Bit5=0 Bit4=0 Bit3=0 Bit2=0 Bit1=0 Bit0=0
                 ; 0000 005B PORTC=(0<<PORTC7) | (0<<PORTC6) | (0<<PORTC5) | (0<<PORTC4) | (0<<PORTC3) | (0<<PORTC2) | (0<<PORTC1) | (0<<PORTC0);
00009b e0e0      	LDI  R30,LOW(0)
00009c bbe5      	OUT  0x15,R30
                 ; 0000 005C 
                 ; 0000 005D // Port D initialization
                 ; 0000 005E // Function: Bit7=In Bit6=In Bit5=In Bit4=In Bit3=Out Bit2=Out Bit1=Out Bit0=Out
                 ; 0000 005F DDRD=(0<<DDD7) | (0<<DDD6) | (0<<DDD5) | (0<<DDD4) | (1<<DDD3) | (1<<DDD2) | (1<<DDD1) | (1<<DDD0);
00009d e0ef      	LDI  R30,LOW(15)
00009e bbe1      	OUT  0x11,R30
                 ; 0000 0060 // State: Bit7=T Bit6=T Bit5=T Bit4=T Bit3=0 Bit2=0 Bit1=0 Bit0=0
                 ; 0000 0061 PORTD=(0<<PORTD7) | (0<<PORTD6) | (0<<PORTD5) | (0<<PORTD4) | (0<<PORTD3) | (0<<PORTD2) | (0<<PORTD1) | (0<<PORTD0);
00009f e0e0      	LDI  R30,LOW(0)
0000a0 bbe2      	OUT  0x12,R30
                 ; 0000 0062 
                 ; 0000 0063 // Timer/Counter 0 initialization
                 ; 0000 0064 // Clock source: System Clock
                 ; 0000 0065 // Clock value: Timer 0 Stopped
                 ; 0000 0066 // Mode: Normal top=0xFF
                 ; 0000 0067 // OC0 output: Disconnected
                 ; 0000 0068 TCCR0=(0<<WGM00) | (0<<COM01) | (0<<COM00) | (0<<WGM01) | (0<<CS02) | (0<<CS01) | (0<<CS00);
0000a1 bfe3      	OUT  0x33,R30
                 ; 0000 0069 TCNT0=0x00;
0000a2 bfe2      	OUT  0x32,R30
                 ; 0000 006A OCR0=0x00;
0000a3 bfec      	OUT  0x3C,R30
                 ; 0000 006B 
                 ; 0000 006C // Timer/Counter 1 initialization
                 ; 0000 006D // Clock source: System Clock
                 ; 0000 006E // Clock value: Timer1 Stopped
                 ; 0000 006F // Mode: Normal top=0xFFFF
                 ; 0000 0070 // OC1A output: Disconnected
                 ; 0000 0071 // OC1B output: Disconnected
                 ; 0000 0072 // Noise Canceler: Off
                 ; 0000 0073 // Input Capture on Falling Edge
                 ; 0000 0074 // Timer1 Overflow Interrupt: Off
                 ; 0000 0075 // Input Capture Interrupt: Off
                 ; 0000 0076 // Compare A Match Interrupt: Off
                 ; 0000 0077 // Compare B Match Interrupt: Off
                 ; 0000 0078 TCCR1A=(0<<COM1A1) | (0<<COM1A0) | (0<<COM1B1) | (0<<COM1B0) | (0<<WGM11) | (0<<WGM10);
0000a4 bdef      	OUT  0x2F,R30
                 ; 0000 0079 TCCR1B=(0<<ICNC1) | (0<<ICES1) | (0<<WGM13) | (0<<WGM12) | (0<<CS12) | (0<<CS11) | (0<<CS10);
0000a5 bdee      	OUT  0x2E,R30
                 ; 0000 007A TCNT1H=0x00;
0000a6 bded      	OUT  0x2D,R30
                 ; 0000 007B TCNT1L=0x00;
0000a7 bdec      	OUT  0x2C,R30
                 ; 0000 007C ICR1H=0x00;
0000a8 bde7      	OUT  0x27,R30
                 ; 0000 007D ICR1L=0x00;
0000a9 bde6      	OUT  0x26,R30
                 ; 0000 007E OCR1AH=0x00;
0000aa bdeb      	OUT  0x2B,R30
                 ; 0000 007F OCR1AL=0x00;
0000ab bdea      	OUT  0x2A,R30
                 ; 0000 0080 OCR1BH=0x00;
0000ac bde9      	OUT  0x29,R30
                 ; 0000 0081 OCR1BL=0x00;
0000ad bde8      	OUT  0x28,R30
                 ; 0000 0082 
                 ; 0000 0083 // Timer/Counter 2 initialization
                 ; 0000 0084 // Clock source: System Clock
                 ; 0000 0085 // Clock value: Timer2 Stopped
                 ; 0000 0086 // Mode: Normal top=0xFF
                 ; 0000 0087 // OC2 output: Disconnected
                 ; 0000 0088 ASSR=0<<AS2;
0000ae bde2      	OUT  0x22,R30
                 ; 0000 0089 TCCR2=(0<<PWM2) | (0<<COM21) | (0<<COM20) | (0<<CTC2) | (0<<CS22) | (0<<CS21) | (0<<CS20);
0000af bde5      	OUT  0x25,R30
                 ; 0000 008A TCNT2=0x00;
0000b0 bde4      	OUT  0x24,R30
                 ; 0000 008B OCR2=0x00;
0000b1 bde3      	OUT  0x23,R30
                 ; 0000 008C 
                 ; 0000 008D // Timer(s)/Counter(s) Interrupt(s) initialization
                 ; 0000 008E TIMSK=(0<<OCIE2) | (0<<TOIE2) | (0<<TICIE1) | (0<<OCIE1A) | (0<<OCIE1B) | (0<<TOIE1) | (0<<OCIE0) | (0<<TOIE0);
0000b2 bfe9      	OUT  0x39,R30
                 ; 0000 008F 
                 ; 0000 0090 // External Interrupt(s) initialization
                 ; 0000 0091 // INT0: Off
                 ; 0000 0092 // INT1: Off
                 ; 0000 0093 // INT2: Off
                 ; 0000 0094 MCUCR=(0<<ISC11) | (0<<ISC10) | (0<<ISC01) | (0<<ISC00);
0000b3 bfe5      	OUT  0x35,R30
                 ; 0000 0095 MCUCSR=(0<<ISC2);
0000b4 bfe4      	OUT  0x34,R30
                 ; 0000 0096 
                 ; 0000 0097 // USART initialization
                 ; 0000 0098 // USART disabled
                 ; 0000 0099 UCSRB=(0<<RXCIE) | (0<<TXCIE) | (0<<UDRIE) | (0<<RXEN) | (0<<TXEN) | (0<<UCSZ2) | (0<<RXB8) | (0<<TXB8);
0000b5 b9ea      	OUT  0xA,R30
                 ; 0000 009A 
                 ; 0000 009B // Analog Comparator initialization
                 ; 0000 009C // Analog Comparator: Off
                 ; 0000 009D // The Analog Comparator's positive input is
                 ; 0000 009E // connected to the AIN0 pin
                 ; 0000 009F // The Analog Comparator's negative input is
                 ; 0000 00A0 // connected to the AIN1 pin
                 ; 0000 00A1 ACSR=(1<<ACD) | (0<<ACBG) | (0<<ACO) | (0<<ACI) | (0<<ACIE) | (0<<ACIC) | (0<<ACIS1) | (0<<ACIS0);
0000b6 e8e0      	LDI  R30,LOW(128)
0000b7 b9e8      	OUT  0x8,R30
                 ; 0000 00A2 SFIOR=(0<<ACME);
0000b8 e0e0      	LDI  R30,LOW(0)
0000b9 bfe0      	OUT  0x30,R30
                 ; 0000 00A3 
                 ; 0000 00A4 // ADC initialization
                 ; 0000 00A5 // ADC disabled
                 ; 0000 00A6 ADCSRA=(0<<ADEN) | (0<<ADSC) | (0<<ADATE) | (0<<ADIF) | (0<<ADIE) | (0<<ADPS2) | (0<<ADPS1) | (0<<ADPS0);
0000ba b9e6      	OUT  0x6,R30
                 ; 0000 00A7 
                 ; 0000 00A8 // SPI initialization
                 ; 0000 00A9 // SPI disabled
                 ; 0000 00AA SPCR=(0<<SPIE) | (0<<SPE) | (0<<DORD) | (0<<MSTR) | (0<<CPOL) | (0<<CPHA) | (0<<SPR1) | (0<<SPR0);
0000bb b9ed      	OUT  0xD,R30
                 ; 0000 00AB 
                 ; 0000 00AC // TWI initialization
                 ; 0000 00AD // TWI disabled
                 ; 0000 00AE TWCR=(0<<TWEA) | (0<<TWSTA) | (0<<TWSTO) | (0<<TWEN) | (0<<TWIE);
0000bc bfe6      	OUT  0x36,R30
                 ; 0000 00AF 
                 ; 0000 00B0 // Alphanumeric LCD initialization
                 ; 0000 00B1 // Connections are specified in the
                 ; 0000 00B2 // Project|Configure|C Compiler|Libraries|Alphanumeric LCD menu:
                 ; 0000 00B3 // RS - PORTC Bit 0
                 ; 0000 00B4 // RD - PORTC Bit 1
                 ; 0000 00B5 // EN - PORTC Bit 2
                 ; 0000 00B6 // D4 - PORTC Bit 4
                 ; 0000 00B7 // D5 - PORTC Bit 5
                 ; 0000 00B8 // D6 - PORTC Bit 6
                 ; 0000 00B9 // D7 - PORTC Bit 7
                 ; 0000 00BA // Characters/line: 16
                 ; 0000 00BB 
                 ; 0000 00BC     lcd_init(16);
0000bd e1a0      	LDI  R26,LOW(16)
0000be 940e 02c9 	CALL _lcd_init
                 ; 0000 00BD     lcd_clear();
0000c0 940e 028a 	CALL _lcd_clear
                 ; 0000 00BE     lcd_gotoxy(1,0);
0000c2 e0e1      	LDI  R30,LOW(1)
0000c3 93ea      	ST   -Y,R30
0000c4 e0a0      	LDI  R26,LOW(0)
0000c5 d1b3      	RCALL _lcd_gotoxy
                 ; 0000 00BF     lcd_puts("KEYPAD AND LCD");
                +
0000c6 e6a0     +LDI R26 , LOW ( _0x5 + ( 0 ) )
0000c7 e0b2     +LDI R27 , HIGH ( _0x5 + ( 0 ) )
                 	__POINTW2MN _0x5,0
0000c8 940e 02b8 	CALL _lcd_puts
                 ; 0000 00C0     lcd_gotoxy(5,1);
0000ca e0e5      	LDI  R30,LOW(5)
0000cb 93ea      	ST   -Y,R30
0000cc e0a1      	LDI  R26,LOW(1)
0000cd d1ab      	RCALL _lcd_gotoxy
                 ; 0000 00C1     lcd_puts("PROJECT");
                +
0000ce e6af     +LDI R26 , LOW ( _0x5 + ( 15 ) )
0000cf e0b2     +LDI R27 , HIGH ( _0x5 + ( 15 ) )
                 	__POINTW2MN _0x5,15
0000d0 940e 02b8 	CALL _lcd_puts
                 ; 0000 00C2     delay_ms(2000);
0000d2 eda0      	LDI  R26,LOW(2000)
0000d3 e0b7      	LDI  R27,HIGH(2000)
0000d4 940e 0333 	CALL _delay_ms
                 ; 0000 00C3     lcd_clear();
0000d6 d1b3      	RCALL _lcd_clear
                 ; 0000 00C4 
                 ; 0000 00C5     while (1)
                 _0x6:
                 ; 0000 00C6     {
                 ; 0000 00C7         key_res = keypad_scan();
0000d7 d12c      	RCALL _keypad_scan
0000d8 2e5e      	MOV  R5,R30
                 ; 0000 00C8         Calculator(key_res);
0000d9 2da5      	MOV  R26,R5
0000da d002      	RCALL _Calculator_G000
                 ; 0000 00C9     }
0000db cffb      	RJMP _0x6
                 ; 0000 00CA }
                 _0x9:
0000dc cfff      	RJMP _0x9
                 ; .FEND
                 
                 	.DSEG
                 _0x5:
000260           	.BYTE 0x17
                 ;
                 ; void static Calculator(unsigned char key_res){
                 ; 0000 00CC void static Calculator(unsigned char key_res){
                 
                 	.CSEG
                 _Calculator_G000:
                 ; .FSTART _Calculator_G000
                 ; 0000 00CD 
                 ; 0000 00CE 
                 ; 0000 00CF         if(key_res != 255)
0000dd 93aa      	ST   -Y,R26
                 ;	key_res -> Y+0
0000de 81a8      	LD   R26,Y
0000df 3faf      	CPI  R26,LOW(0xFF)
0000e0 f409      	BRNE PC+2
0000e1 c121      	RJMP _0xA
                 ; 0000 00D0         {
                 ; 0000 00D1             while(keypad_scan() != 255);
                 _0xB:
0000e2 d121      	RCALL _keypad_scan
0000e3 3fef      	CPI  R30,LOW(0xFF)
0000e4 f7e9      	BRNE _0xB
                 ; 0000 00D2 
                 ; 0000 00D3             if(operand == -1)
0000e5 efef      	LDI  R30,LOW(65535)
0000e6 efff      	LDI  R31,HIGH(65535)
0000e7 15e6      	CP   R30,R6
0000e8 05f7      	CPC  R31,R7
0000e9 f411      	BRNE _0xE
                 ; 0000 00D4                 operand = 0;
0000ea 2466      	CLR  R6
0000eb 2477      	CLR  R7
                 ; 0000 00D5 
                 ; 0000 00D6             if(operand != -1 && equal == -1 && flag1 == 1)
                 _0xE:
0000ec efef      	LDI  R30,LOW(65535)
0000ed efff      	LDI  R31,HIGH(65535)
0000ee 15e6      	CP   R30,R6
0000ef 05f7      	CPC  R31,R7
0000f0 f041      	BREQ _0x10
0000f1 15e8      	CP   R30,R8
0000f2 05f9      	CPC  R31,R9
0000f3 f429      	BRNE _0x10
0000f4 e0e1      	LDI  R30,LOW(1)
0000f5 e0f0      	LDI  R31,HIGH(1)
0000f6 15ea      	CP   R30,R10
0000f7 05fb      	CPC  R31,R11
0000f8 f009      	BREQ _0x11
                 _0x10:
0000f9 c002      	RJMP _0xF
                 _0x11:
                 ; 0000 00D7                 equal = 0;
0000fa 2488      	CLR  R8
0000fb 2499      	CLR  R9
                 ; 0000 00D8 
                 ; 0000 00D9             delay_ms(20);
                 _0xF:
0000fc e1a4      	LDI  R26,LOW(20)
0000fd e0b0      	LDI  R27,0
0000fe 940e 0333 	CALL _delay_ms
                 ; 0000 00DA             if (key_res == KEYPAD_DIV){
000100 81a8      	LD   R26,Y
000101 30aa      	CPI  R26,LOW(0xA)
000102 f431      	BRNE _0x12
                 ; 0000 00DB                 lcd_putchar('%');
000103 e2a5      	LDI  R26,LOW(37)
000104 940e 02f8 	CALL SUBOPT_0x0
                 ; 0000 00DC                 flag1 = 1;
                 ; 0000 00DD                 op = '%';
000106 e2e5      	LDI  R30,LOW(37)
000107 2e4e      	MOV  R4,R30
                 ; 0000 00DE             }
                 ; 0000 00DF             else if (key_res == KEYPAD_MUL){
000108 c0fa      	RJMP _0x13
                 _0x12:
000109 81a8      	LD   R26,Y
00010a 30ab      	CPI  R26,LOW(0xB)
00010b f431      	BRNE _0x14
                 ; 0000 00E0                 lcd_putchar('*');
00010c e2aa      	LDI  R26,LOW(42)
00010d 940e 02f8 	CALL SUBOPT_0x0
                 ; 0000 00E1                 flag1 = 1;
                 ; 0000 00E2                 op = '*';
00010f e2ea      	LDI  R30,LOW(42)
000110 2e4e      	MOV  R4,R30
                 ; 0000 00E3             }
                 ; 0000 00E4             else if (key_res == KEYPAD_MNS){
000111 c0f1      	RJMP _0x15
                 _0x14:
000112 81a8      	LD   R26,Y
000113 30ad      	CPI  R26,LOW(0xD)
000114 f431      	BRNE _0x16
                 ; 0000 00E5                 lcd_putchar('-');
000115 e2ad      	LDI  R26,LOW(45)
000116 940e 02f8 	CALL SUBOPT_0x0
                 ; 0000 00E6                 flag1 = 1;
                 ; 0000 00E7                 op = '-';
000118 e2ed      	LDI  R30,LOW(45)
000119 2e4e      	MOV  R4,R30
                 ; 0000 00E8             }
                 ; 0000 00E9             else if (key_res == KEYPAD_PLS){
00011a c0e8      	RJMP _0x17
                 _0x16:
00011b 81a8      	LD   R26,Y
00011c 30ac      	CPI  R26,LOW(0xC)
00011d f431      	BRNE _0x18
                 ; 0000 00EA                 lcd_putchar('+');
00011e e2ab      	LDI  R26,LOW(43)
00011f 940e 02f8 	CALL SUBOPT_0x0
                 ; 0000 00EB                 flag1 = 1;
                 ; 0000 00EC                 op = '+';
000121 e2eb      	LDI  R30,LOW(43)
000122 2e4e      	MOV  R4,R30
                 ; 0000 00ED             }
                 ; 0000 00EE             else if (key_res == KEYPAD_EQU){
000123 c0df      	RJMP _0x19
                 _0x18:
000124 81a8      	LD   R26,Y
000125 30ae      	CPI  R26,LOW(0xE)
000126 f009      	BREQ PC+2
000127 c0a5      	RJMP _0x1A
                 ; 0000 00EF                 if (flag3 == 1)
000128 91a0 0277 	LDS  R26,_flag3
00012a 91b0 0278 	LDS  R27,_flag3+1
00012c 9711      	SBIW R26,1
00012d f431      	BRNE _0x1B
                 ; 0000 00F0                     operand *= -1;
00012e 01f3      	MOVW R30,R6
00012f efaf      	LDI  R26,LOW(65535)
000130 efbf      	LDI  R27,HIGH(65535)
000131 940e 0349 	CALL __MULW12
000133 013f      	MOVW R6,R30
                 ; 0000 00F1                 if (flag4 == 1)
                 _0x1B:
000134 91a0 0279 	LDS  R26,_flag4
000136 91b0 027a 	LDS  R27,_flag4+1
000138 9711      	SBIW R26,1
000139 f431      	BRNE _0x1C
                 ; 0000 00F2                     equal *= -1;
00013a 01f4      	MOVW R30,R8
00013b efaf      	LDI  R26,LOW(65535)
00013c efbf      	LDI  R27,HIGH(65535)
00013d 940e 0349 	CALL __MULW12
00013f 014f      	MOVW R8,R30
                 ; 0000 00F3                 lcd_putchar('=');
                 _0x1C:
000140 e3ad      	LDI  R26,LOW(61)
000141 d156      	RCALL _lcd_putchar
                 ; 0000 00F4                 if (op == '%')
000142 e2e5      	LDI  R30,LOW(37)
000143 15e4      	CP   R30,R4
000144 f429      	BRNE _0x1D
                 ; 0000 00F5                     res = operand/equal;
000145 01f4      	MOVW R30,R8
000146 01d3      	MOVW R26,R6
000147 940e 0361 	CALL __DIVW21
000149 c015      	RJMP _0x6E
                 ; 0000 00F6                 else if(op == '*')
                 _0x1D:
00014a e2ea      	LDI  R30,LOW(42)
00014b 15e4      	CP   R30,R4
00014c f429      	BRNE _0x1F
                 ; 0000 00F7                     res = operand*equal;
00014d 01f4      	MOVW R30,R8
00014e 01d3      	MOVW R26,R6
00014f 940e 0349 	CALL __MULW12
000151 c00d      	RJMP _0x6E
                 ; 0000 00F8                 else if(op == '-')
                 _0x1F:
000152 e2ed      	LDI  R30,LOW(45)
000153 15e4      	CP   R30,R4
000154 f421      	BRNE _0x21
                 ; 0000 00F9                     res = operand-equal;
000155 01f3      	MOVW R30,R6
000156 19e8      	SUB  R30,R8
000157 09f9      	SBC  R31,R9
000158 c006      	RJMP _0x6E
                 ; 0000 00FA                 else if(op == '+')
                 _0x21:
000159 e2eb      	LDI  R30,LOW(43)
00015a 15e4      	CP   R30,R4
00015b f439      	BRNE _0x23
                 ; 0000 00FB                     res = operand+equal;
00015c 01f4      	MOVW R30,R8
00015d 0de6      	ADD  R30,R6
00015e 1df7      	ADC  R31,R7
                 _0x6E:
00015f 93e0 02a7 	STS  _res,R30
000161 93f0 02a8 	STS  _res+1,R31
                 ; 0000 00FC                 digits=0;
                 _0x23:
000163 e0e0      	LDI  R30,LOW(0)
000164 93e0 02a5 	STS  _digits,R30
000166 93e0 02a6 	STS  _digits+1,R30
                 ; 0000 00FD                 if(res <0){
000168 91a0 02a8 	LDS  R26,_res+1
00016a 23aa      	TST  R26
00016b f46a      	BRPL _0x24
                 ; 0000 00FE                     flag2 = 1;
00016c e0e1      	LDI  R30,LOW(1)
00016d e0f0      	LDI  R31,HIGH(1)
00016e 016f      	MOVW R12,R30
                 ; 0000 00FF                     res = -res;
00016f 91e0 02a7 	LDS  R30,_res
000171 91f0 02a8 	LDS  R31,_res+1
000173 940e 033d 	CALL __ANEGW1
000175 93e0 02a7 	STS  _res,R30
000177 93f0 02a8 	STS  _res+1,R31
                 ; 0000 0100                 }
                 ; 0000 0101                 for(i = 0;i < 11;i++){
                 _0x24:
000179 e0e0      	LDI  R30,LOW(0)
00017a 93e0 02a3 	STS  _i,R30
00017c 93e0 02a4 	STS  _i+1,R30
                 _0x26:
00017e 91a0 02a3 	LDS  R26,_i
000180 91b0 02a4 	LDS  R27,_i+1
000182 971b      	SBIW R26,11
000183 f52c      	BRGE _0x27
                 ; 0000 0102                     result[i] = res%10;
000184 940e 02fe 	CALL SUBOPT_0x1
000186 0fea      	ADD  R30,R26
000187 1ffb      	ADC  R31,R27
000188 01bf      	MOVW R22,R30
000189 940e 0307 	CALL SUBOPT_0x2
00018b 940e 0366 	CALL __MODW21
00018d 01db      	MOVW R26,R22
00018e 93ed      	ST   X+,R30
00018f 93fc      	ST   X,R31
                 ; 0000 0103                     res = res / 10;
000190 940e 0307 	CALL SUBOPT_0x2
000192 940e 0361 	CALL __DIVW21
000194 93e0 02a7 	STS  _res,R30
000196 93f0 02a8 	STS  _res+1,R31
                 ; 0000 0104                     if(res ==0)
000198 9730      	SBIW R30,0
000199 f079      	BREQ _0x27
                 ; 0000 0105                         break;
                 ; 0000 0106                     digits++;
00019a eaa5      	LDI  R26,LOW(_digits)
00019b e0b2      	LDI  R27,HIGH(_digits)
00019c 91ed      	LD   R30,X+
00019d 91fd      	LD   R31,X+
00019e 9631      	ADIW R30,1
00019f 93fe      	ST   -X,R31
0001a0 93ee      	ST   -X,R30
                 ; 0000 0107                 }
0001a1 eaa3      	LDI  R26,LOW(_i)
0001a2 e0b2      	LDI  R27,HIGH(_i)
0001a3 91ed      	LD   R30,X+
0001a4 91fd      	LD   R31,X+
0001a5 9631      	ADIW R30,1
0001a6 93fe      	ST   -X,R31
0001a7 93ee      	ST   -X,R30
0001a8 cfd5      	RJMP _0x26
                 _0x27:
                 ; 0000 0108                 if (flag2 == 1)
0001a9 e0e1      	LDI  R30,LOW(1)
0001aa e0f0      	LDI  R31,HIGH(1)
0001ab 15ec      	CP   R30,R12
0001ac 05fd      	CPC  R31,R13
0001ad f411      	BRNE _0x29
                 ; 0000 0109                     lcd_putchar('-');
0001ae e2ad      	LDI  R26,LOW(45)
0001af d0e8      	RCALL _lcd_putchar
                 ; 0000 010A                 for(i = digits;i>=0;i--){
                 _0x29:
0001b0 91e0 02a5 	LDS  R30,_digits
0001b2 91f0 02a6 	LDS  R31,_digits+1
0001b4 93e0 02a3 	STS  _i,R30
0001b6 93f0 02a4 	STS  _i+1,R31
                 _0x2B:
0001b8 91a0 02a4 	LDS  R26,_i+1
0001ba 23aa      	TST  R26
0001bb f082      	BRMI _0x2C
                 ; 0000 010B                     lcd_putchar(output[result[i]]);
0001bc 940e 02fe 	CALL SUBOPT_0x1
0001be 940e 030e 	CALL SUBOPT_0x3
0001c0 55e7      	SUBI R30,LOW(-_output)
0001c1 4ffd      	SBCI R31,HIGH(-_output)
0001c2 81a0      	LD   R26,Z
0001c3 d0d4      	RCALL _lcd_putchar
                 ; 0000 010C                 }
0001c4 eaa3      	LDI  R26,LOW(_i)
0001c5 e0b2      	LDI  R27,HIGH(_i)
0001c6 91ed      	LD   R30,X+
0001c7 91fd      	LD   R31,X+
0001c8 9731      	SBIW R30,1
0001c9 93fe      	ST   -X,R31
0001ca 93ee      	ST   -X,R30
0001cb cfec      	RJMP _0x2B
                 _0x2C:
                 ; 0000 010D             }
                 ; 0000 010E             else if (key_res == KEYPAD_ON)
0001cc c036      	RJMP _0x2D
                 _0x1A:
0001cd 81a8      	LD   R26,Y
0001ce 30af      	CPI  R26,LOW(0xF)
0001cf f501      	BRNE _0x2E
                 ; 0000 010F             {
                 ; 0000 0110                 lcd_clear();
0001d0 d0b9      	RCALL _lcd_clear
                 ; 0000 0111                 lcd_gotoxy(0,0);
0001d1 e0e0      	LDI  R30,LOW(0)
0001d2 93ea      	ST   -Y,R30
0001d3 e0a0      	LDI  R26,LOW(0)
0001d4 d0a4      	RCALL _lcd_gotoxy
                 ; 0000 0112                 operand = -1;
0001d5 efef      	LDI  R30,LOW(65535)
0001d6 efff      	LDI  R31,HIGH(65535)
0001d7 013f      	MOVW R6,R30
                 ; 0000 0113                 equal = -1;
0001d8 014f      	MOVW R8,R30
                 ; 0000 0114                 flag1 = 0;
0001d9 24aa      	CLR  R10
0001da 24bb      	CLR  R11
                 ; 0000 0115                 op = '';
0001db 2444      	CLR  R4
                 ; 0000 0116                 res = 0;
0001dc e0e0      	LDI  R30,LOW(0)
0001dd 93e0 02a7 	STS  _res,R30
0001df 93e0 02a8 	STS  _res+1,R30
                 ; 0000 0117                 digits=0;
0001e1 93e0 02a5 	STS  _digits,R30
0001e3 93e0 02a6 	STS  _digits+1,R30
                 ; 0000 0118                 flag2 = 0;
0001e5 24cc      	CLR  R12
0001e6 24dd      	CLR  R13
                 ; 0000 0119                 flag3 = 0;
0001e7 93e0 0277 	STS  _flag3,R30
0001e9 93e0 0278 	STS  _flag3+1,R30
                 ; 0000 011A                 flag4 = 0;
0001eb 93e0 0279 	STS  _flag4,R30
0001ed 93e0 027a 	STS  _flag4+1,R30
                 ; 0000 011B             }
                 ; 0000 011C             else{
0001ef c013      	RJMP _0x2F
                 _0x2E:
                 ; 0000 011D                 lcd_putchar(key_res + 48);
0001f0 81a8      	LD   R26,Y
0001f1 5da0      	SUBI R26,-LOW(48)
0001f2 d0a5      	RCALL _lcd_putchar
                 ; 0000 011E                 if (flag1 == 0){
0001f3 2c0a      	MOV  R0,R10
0001f4 280b      	OR   R0,R11
0001f5 f439      	BRNE _0x30
                 ; 0000 011F                     operand = (operand*10)+num[key_res];
0001f6 01f3      	MOVW R30,R6
0001f7 940e 0313 	CALL SUBOPT_0x4
0001f9 0de0      	ADD  R30,R0
0001fa 1df1      	ADC  R31,R1
0001fb 013f      	MOVW R6,R30
                 ; 0000 0120                 }
                 ; 0000 0121                 else {
0001fc c006      	RJMP _0x31
                 _0x30:
                 ; 0000 0122                     equal = (equal*10)+num[key_res];
0001fd 01f4      	MOVW R30,R8
0001fe 940e 0313 	CALL SUBOPT_0x4
000200 0de0      	ADD  R30,R0
000201 1df1      	ADC  R31,R1
000202 014f      	MOVW R8,R30
                 ; 0000 0123                 }
                 _0x31:
                 ; 0000 0124             }
                 _0x2F:
                 _0x2D:
                 _0x19:
                 _0x17:
                 _0x15:
                 _0x13:
                 ; 0000 0125         }
                 ; 0000 0126 
                 ; 0000 0127 }
                 _0xA:
000203 c0f2      	RJMP _0x20A0001
                 ; .FEND
                 ;
                 ;unsigned char keypad_scan()
                 ; 0000 012A {
                 _keypad_scan:
                 ; .FSTART _keypad_scan
                 ; 0000 012B     unsigned char result=255;
                 ; 0000 012C     ////////////////////////  ROW1 ////////////////////////
                 ; 0000 012D     KEYPAD_R1 = 1; KEYPAD_R2 = 0;  KEYPAD_R3 = 0;  KEYPAD_R4 = 0; //set Row1 for Keypad
000204 931a      	ST   -Y,R17
                 ;	result -> R17
000205 ef1f      	LDI  R17,255
000206 9a90      	SBI  0x12,0
000207 9891      	CBI  0x12,1
000208 940e 031f 	CALL SUBOPT_0x5
                 ; 0000 012E     delay_ms(5);
                 ; 0000 012F     if (KEYPAD_C1)
00020a 9b84      	SBIS 0x10,4
00020b c002      	RJMP _0x3A
                 ; 0000 0130         result = KEYPAD_NUM7;
00020c e017      	LDI  R17,LOW(7)
                 ; 0000 0131     else if (KEYPAD_C2)
00020d c00a      	RJMP _0x3B
                 _0x3A:
00020e 9b85      	SBIS 0x10,5
00020f c002      	RJMP _0x3C
                 ; 0000 0132         result = KEYPAD_NUM8;
000210 e018      	LDI  R17,LOW(8)
                 ; 0000 0133     else if (KEYPAD_C3)
000211 c006      	RJMP _0x3D
                 _0x3C:
000212 9b86      	SBIS 0x10,6
000213 c002      	RJMP _0x3E
                 ; 0000 0134         result = KEYPAD_NUM9;
000214 e019      	LDI  R17,LOW(9)
                 ; 0000 0135     else if (KEYPAD_C4)
000215 c002      	RJMP _0x3F
                 _0x3E:
000216 9987      	SBIC 0x10,7
                 ; 0000 0136         result = KEYPAD_DIV;
000217 e01a      	LDI  R17,LOW(10)
                 ; 0000 0137 
                 ; 0000 0138     ////////////////////////  ROW2 ////////////////////////
                 ; 0000 0139     KEYPAD_R1 = 0; KEYPAD_R2 = 1;  KEYPAD_R3 = 0;  KEYPAD_R4 = 0; //set Row2 for Keypad
                 _0x3F:
                 _0x3D:
                 _0x3B:
000218 9890      	CBI  0x12,0
000219 9a91      	SBI  0x12,1
00021a 940e 031f 	CALL SUBOPT_0x5
                 ; 0000 013A     delay_ms(5);
                 ; 0000 013B     if (KEYPAD_C1)
00021c 9b84      	SBIS 0x10,4
00021d c002      	RJMP _0x49
                 ; 0000 013C         result = KEYPAD_NUM4;
00021e e014      	LDI  R17,LOW(4)
                 ; 0000 013D     else if (KEYPAD_C2)
00021f c00a      	RJMP _0x4A
                 _0x49:
000220 9b85      	SBIS 0x10,5
000221 c002      	RJMP _0x4B
                 ; 0000 013E         result = KEYPAD_NUM5;
000222 e015      	LDI  R17,LOW(5)
                 ; 0000 013F     else if (KEYPAD_C3)
000223 c006      	RJMP _0x4C
                 _0x4B:
000224 9b86      	SBIS 0x10,6
000225 c002      	RJMP _0x4D
                 ; 0000 0140         result = KEYPAD_NUM6;
000226 e016      	LDI  R17,LOW(6)
                 ; 0000 0141     else if (KEYPAD_C4)
000227 c002      	RJMP _0x4E
                 _0x4D:
000228 9987      	SBIC 0x10,7
                 ; 0000 0142         result = KEYPAD_MUL;
000229 e01b      	LDI  R17,LOW(11)
                 ; 0000 0143 
                 ; 0000 0144     ////////////////////////  ROW3 ////////////////////////
                 ; 0000 0145     KEYPAD_R1 = 0; KEYPAD_R2 = 0;  KEYPAD_R3 = 1;  KEYPAD_R4 = 0; //set Row3 for Keypad
                 _0x4E:
                 _0x4C:
                 _0x4A:
00022a 9890      	CBI  0x12,0
00022b 9891      	CBI  0x12,1
00022c 9a92      	SBI  0x12,2
00022d 9893      	CBI  0x12,3
                 ; 0000 0146     delay_ms(5);
00022e e0a5      	LDI  R26,LOW(5)
00022f e0b0      	LDI  R27,0
000230 940e 0333 	CALL _delay_ms
                 ; 0000 0147     if (KEYPAD_C1)
000232 9b84      	SBIS 0x10,4
000233 c002      	RJMP _0x58
                 ; 0000 0148         result = KEYPAD_NUM1;
000234 e011      	LDI  R17,LOW(1)
                 ; 0000 0149     else if (KEYPAD_C2)
000235 c00a      	RJMP _0x59
                 _0x58:
000236 9b85      	SBIS 0x10,5
000237 c002      	RJMP _0x5A
                 ; 0000 014A         result = KEYPAD_NUM2;
000238 e012      	LDI  R17,LOW(2)
                 ; 0000 014B     else if (KEYPAD_C3)
000239 c006      	RJMP _0x5B
                 _0x5A:
00023a 9b86      	SBIS 0x10,6
00023b c002      	RJMP _0x5C
                 ; 0000 014C         result = KEYPAD_NUM3;
00023c e013      	LDI  R17,LOW(3)
                 ; 0000 014D     else if (KEYPAD_C4)
00023d c002      	RJMP _0x5D
                 _0x5C:
00023e 9987      	SBIC 0x10,7
                 ; 0000 014E         result = KEYPAD_MNS;
00023f e01d      	LDI  R17,LOW(13)
                 ; 0000 014F 
                 ; 0000 0150     ////////////////////////  ROW4 ////////////////////////
                 ; 0000 0151     KEYPAD_R1 = 0; KEYPAD_R2 = 0;  KEYPAD_R3 = 0;  KEYPAD_R4 = 1; //set Row4 for Keypad
                 _0x5D:
                 _0x5B:
                 _0x59:
000240 9890      	CBI  0x12,0
000241 9891      	CBI  0x12,1
000242 9892      	CBI  0x12,2
000243 9a93      	SBI  0x12,3
                 ; 0000 0152     delay_ms(5);
000244 e0a5      	LDI  R26,LOW(5)
000245 e0b0      	LDI  R27,0
000246 940e 0333 	CALL _delay_ms
                 ; 0000 0153     if (KEYPAD_C1)
000248 9b84      	SBIS 0x10,4
000249 c002      	RJMP _0x67
                 ; 0000 0154         result = KEYPAD_ON;
00024a e01f      	LDI  R17,LOW(15)
                 ; 0000 0155     else if (KEYPAD_C2)
00024b c00a      	RJMP _0x68
                 _0x67:
00024c 9b85      	SBIS 0x10,5
00024d c002      	RJMP _0x69
                 ; 0000 0156         result = KEYPAD_NUM0;
00024e e010      	LDI  R17,LOW(0)
                 ; 0000 0157     else if (KEYPAD_C3)
00024f c006      	RJMP _0x6A
                 _0x69:
000250 9b86      	SBIS 0x10,6
000251 c002      	RJMP _0x6B
                 ; 0000 0158         result = KEYPAD_EQU;
000252 e01e      	LDI  R17,LOW(14)
                 ; 0000 0159     else if (KEYPAD_C4)
000253 c002      	RJMP _0x6C
                 _0x6B:
000254 9987      	SBIC 0x10,7
                 ; 0000 015A         result = KEYPAD_PLS;
000255 e01c      	LDI  R17,LOW(12)
                 ; 0000 015B 
                 ; 0000 015C     return result;
                 _0x6C:
                 _0x6A:
                 _0x68:
000256 2fe1      	MOV  R30,R17
000257 9119      	LD   R17,Y+
000258 9508      	RET
                 ; 0000 015D }
                 ; .FEND
                 	#ifndef __SLEEP_DEFINED__
                 	#endif
                 
                 	.DSEG
                 
                 	.CSEG
                 __lcd_write_nibble_G100:
                 ; .FSTART __lcd_write_nibble_G100
000259 93aa      	ST   -Y,R26
00025a b3e5      	IN   R30,0x15
00025b 70ef      	ANDI R30,LOW(0xF)
00025c 2fae      	MOV  R26,R30
00025d 81e8      	LD   R30,Y
00025e 7fe0      	ANDI R30,LOW(0xF0)
00025f 2bea      	OR   R30,R26
000260 bbe5      	OUT  0x15,R30
                +
000261 e08d     +LDI R24 , LOW ( 13 )
                +__DELAY_USB_LOOP :
000262 958a     +DEC R24
000263 f7f1     +BRNE __DELAY_USB_LOOP
                 	__DELAY_USB 13
000264 9aaa      	SBI  0x15,2
                +
000265 e08d     +LDI R24 , LOW ( 13 )
                +__DELAY_USB_LOOP :
000266 958a     +DEC R24
000267 f7f1     +BRNE __DELAY_USB_LOOP
                 	__DELAY_USB 13
000268 98aa      	CBI  0x15,2
                +
000269 e08d     +LDI R24 , LOW ( 13 )
                +__DELAY_USB_LOOP :
00026a 958a     +DEC R24
00026b f7f1     +BRNE __DELAY_USB_LOOP
                 	__DELAY_USB 13
00026c c089      	RJMP _0x20A0001
                 ; .FEND
                 __lcd_write_data:
                 ; .FSTART __lcd_write_data
00026d 93aa      	ST   -Y,R26
00026e 81a8      	LD   R26,Y
00026f dfe9      	RCALL __lcd_write_nibble_G100
000270 81e8          ld    r30,y
000271 95e2          swap  r30
000272 83e8          st    y,r30
000273 81a8      	LD   R26,Y
000274 dfe4      	RCALL __lcd_write_nibble_G100
                +
000275 e885     +LDI R24 , LOW ( 133 )
                +__DELAY_USB_LOOP :
000276 958a     +DEC R24
000277 f7f1     +BRNE __DELAY_USB_LOOP
                 	__DELAY_USB 133
000278 c07d      	RJMP _0x20A0001
                 ; .FEND
                 _lcd_gotoxy:
                 ; .FSTART _lcd_gotoxy
000279 93aa      	ST   -Y,R26
00027a 81e8      	LD   R30,Y
00027b e0f0      	LDI  R31,0
00027c 54ec      	SUBI R30,LOW(-__base_y_G100)
00027d 4ffd      	SBCI R31,HIGH(-__base_y_G100)
00027e 81e0      	LD   R30,Z
00027f 81a9      	LDD  R26,Y+1
000280 0fae      	ADD  R26,R30
000281 dfeb      	RCALL __lcd_write_data
000282 81e9      	LDD  R30,Y+1
000283 93e0 02b8 	STS  __lcd_x,R30
000285 81e8      	LD   R30,Y
000286 93e0 02b9 	STS  __lcd_y,R30
000288 9622      	ADIW R28,2
000289 9508      	RET
                 ; .FEND
                 _lcd_clear:
                 ; .FSTART _lcd_clear
00028a e0a2      	LDI  R26,LOW(2)
00028b 940e 0325 	CALL SUBOPT_0x6
00028d e0ac      	LDI  R26,LOW(12)
00028e dfde      	RCALL __lcd_write_data
00028f e0a1      	LDI  R26,LOW(1)
000290 940e 0325 	CALL SUBOPT_0x6
000292 e0e0      	LDI  R30,LOW(0)
000293 93e0 02b9 	STS  __lcd_y,R30
000295 93e0 02b8 	STS  __lcd_x,R30
000297 9508      	RET
                 ; .FEND
                 _lcd_putchar:
                 ; .FSTART _lcd_putchar
000298 93aa      	ST   -Y,R26
000299 81a8      	LD   R26,Y
00029a 30aa      	CPI  R26,LOW(0xA)
00029b f031      	BREQ _0x2000005
00029c 91e0 02ba 	LDS  R30,__lcd_maxx
00029e 91a0 02b8 	LDS  R26,__lcd_x
0002a0 17ae      	CP   R26,R30
0002a1 f060      	BRLO _0x2000004
                 _0x2000005:
0002a2 e0e0      	LDI  R30,LOW(0)
0002a3 93ea      	ST   -Y,R30
0002a4 91a0 02b9 	LDS  R26,__lcd_y
0002a6 5faf      	SUBI R26,-LOW(1)
0002a7 93a0 02b9 	STS  __lcd_y,R26
0002a9 dfcf      	RCALL _lcd_gotoxy
0002aa 81a8      	LD   R26,Y
0002ab 30aa      	CPI  R26,LOW(0xA)
0002ac f409      	BRNE _0x2000007
0002ad c048      	RJMP _0x20A0001
                 _0x2000007:
                 _0x2000004:
0002ae 91e0 02b8 	LDS  R30,__lcd_x
0002b0 5fef      	SUBI R30,-LOW(1)
0002b1 93e0 02b8 	STS  __lcd_x,R30
0002b3 9aa8      	SBI  0x15,0
0002b4 81a8      	LD   R26,Y
0002b5 dfb7      	RCALL __lcd_write_data
0002b6 98a8      	CBI  0x15,0
0002b7 c03e      	RJMP _0x20A0001
                 ; .FEND
                 _lcd_puts:
                 ; .FSTART _lcd_puts
0002b8 93ba      	ST   -Y,R27
0002b9 93aa      	ST   -Y,R26
0002ba 931a      	ST   -Y,R17
                 _0x2000008:
0002bb 81a9      	LDD  R26,Y+1
0002bc 81ba      	LDD  R27,Y+1+1
0002bd 91ed      	LD   R30,X+
0002be 83a9      	STD  Y+1,R26
0002bf 83ba      	STD  Y+1+1,R27
0002c0 2f1e      	MOV  R17,R30
0002c1 30e0      	CPI  R30,0
0002c2 f019      	BREQ _0x200000A
0002c3 2fa1      	MOV  R26,R17
0002c4 dfd3      	RCALL _lcd_putchar
0002c5 cff5      	RJMP _0x2000008
                 _0x200000A:
0002c6 8118      	LDD  R17,Y+0
0002c7 9623      	ADIW R28,3
0002c8 9508      	RET
                 ; .FEND
                 _lcd_init:
                 ; .FSTART _lcd_init
0002c9 93aa      	ST   -Y,R26
0002ca b3e4      	IN   R30,0x14
0002cb 6fe0      	ORI  R30,LOW(0xF0)
0002cc bbe4      	OUT  0x14,R30
0002cd 9aa2      	SBI  0x14,2
0002ce 9aa0      	SBI  0x14,0
0002cf 9aa1      	SBI  0x14,1
0002d0 98aa      	CBI  0x15,2
0002d1 98a8      	CBI  0x15,0
0002d2 98a9      	CBI  0x15,1
0002d3 81e8      	LD   R30,Y
0002d4 93e0 02ba 	STS  __lcd_maxx,R30
0002d6 58e0      	SUBI R30,-LOW(128)
                +
0002d7 93e0 02b6+STS __base_y_G100 + ( 2 ) , R30
                 	__PUTB1MN __base_y_G100,2
0002d9 81e8      	LD   R30,Y
0002da 54e0      	SUBI R30,-LOW(192)
                +
0002db 93e0 02b7+STS __base_y_G100 + ( 3 ) , R30
                 	__PUTB1MN __base_y_G100,3
0002dd e1a4      	LDI  R26,LOW(20)
0002de e0b0      	LDI  R27,0
0002df 940e 0333 	CALL _delay_ms
0002e1 940e 032b 	CALL SUBOPT_0x7
0002e3 940e 032b 	CALL SUBOPT_0x7
0002e5 940e 032b 	CALL SUBOPT_0x7
0002e7 e2a0      	LDI  R26,LOW(32)
0002e8 df70      	RCALL __lcd_write_nibble_G100
                +
0002e9 ec88     +LDI R24 , LOW ( 200 )
0002ea e090     +LDI R25 , HIGH ( 200 )
                +__DELAY_USW_LOOP :
0002eb 9701     +SBIW R24 , 1
0002ec f7f1     +BRNE __DELAY_USW_LOOP
                 	__DELAY_USW 200
0002ed e2a8      	LDI  R26,LOW(40)
0002ee df7e      	RCALL __lcd_write_data
0002ef e0a4      	LDI  R26,LOW(4)
0002f0 df7c      	RCALL __lcd_write_data
0002f1 e8a5      	LDI  R26,LOW(133)
0002f2 df7a      	RCALL __lcd_write_data
0002f3 e0a6      	LDI  R26,LOW(6)
0002f4 df78      	RCALL __lcd_write_data
0002f5 df94      	RCALL _lcd_clear
                 _0x20A0001:
0002f6 9621      	ADIW R28,1
0002f7 9508      	RET
                 ; .FEND
                 
                 	.CSEG
                 
                 	.CSEG
                 
                 	.CSEG
                 
                 	.DSEG
                 
                 	.CSEG
                 
                 	.CSEG
                 
                 	.DSEG
                 _flag3:
000277           	.BYTE 0x2
                 _flag4:
000279           	.BYTE 0x2
                 _result:
00027b           	.BYTE 0x14
                 _num:
00028f           	.BYTE 0x14
                 _i:
0002a3           	.BYTE 0x2
                 _digits:
0002a5           	.BYTE 0x2
                 _res:
0002a7           	.BYTE 0x2
                 _output:
0002a9           	.BYTE 0xB
                 __base_y_G100:
0002b4           	.BYTE 0x4
                 __lcd_x:
0002b8           	.BYTE 0x1
                 __lcd_y:
0002b9           	.BYTE 0x1
                 __lcd_maxx:
0002ba           	.BYTE 0x1
                 __seed_G103:
0002bb           	.BYTE 0x4
                 
                 	.CSEG
                 ;OPTIMIZER ADDED SUBROUTINE, CALLED 4 TIMES, CODE SIZE REDUCTION:6 WORDS
                 SUBOPT_0x0:
0002f8 940e 0298 	CALL _lcd_putchar
0002fa e0e1      	LDI  R30,LOW(1)
0002fb e0f0      	LDI  R31,HIGH(1)
0002fc 015f      	MOVW R10,R30
0002fd 9508      	RET
                 
                 ;OPTIMIZER ADDED SUBROUTINE, CALLED 2 TIMES, CODE SIZE REDUCTION:3 WORDS
                 SUBOPT_0x1:
0002fe 91e0 02a3 	LDS  R30,_i
000300 91f0 02a4 	LDS  R31,_i+1
000302 e7ab      	LDI  R26,LOW(_result)
000303 e0b2      	LDI  R27,HIGH(_result)
000304 0fee      	LSL  R30
000305 1fff      	ROL  R31
000306 9508      	RET
                 
                 ;OPTIMIZER ADDED SUBROUTINE, CALLED 2 TIMES, CODE SIZE REDUCTION:1 WORDS
                 SUBOPT_0x2:
000307 91a0 02a7 	LDS  R26,_res
000309 91b0 02a8 	LDS  R27,_res+1
00030b e0ea      	LDI  R30,LOW(10)
00030c e0f0      	LDI  R31,HIGH(10)
00030d 9508      	RET
                 
                 ;OPTIMIZER ADDED SUBROUTINE, CALLED 3 TIMES, CODE SIZE REDUCTION:1 WORDS
                 SUBOPT_0x3:
00030e 0fae      	ADD  R26,R30
00030f 1fbf      	ADC  R27,R31
000310 940e 0382 	CALL __GETW1P
000312 9508      	RET
                 
                 ;OPTIMIZER ADDED SUBROUTINE, CALLED 2 TIMES, CODE SIZE REDUCTION:8 WORDS
                 SUBOPT_0x4:
000313 e0aa      	LDI  R26,LOW(10)
000314 e0b0      	LDI  R27,HIGH(10)
000315 940e 0349 	CALL __MULW12
000317 010f      	MOVW R0,R30
000318 81e8      	LD   R30,Y
000319 e8af      	LDI  R26,LOW(_num)
00031a e0b2      	LDI  R27,HIGH(_num)
00031b e0f0      	LDI  R31,0
00031c 0fee      	LSL  R30
00031d 1fff      	ROL  R31
00031e cfef      	RJMP SUBOPT_0x3
                 
                 ;OPTIMIZER ADDED SUBROUTINE, CALLED 2 TIMES, CODE SIZE REDUCTION:1 WORDS
                 SUBOPT_0x5:
00031f 9892      	CBI  0x12,2
000320 9893      	CBI  0x12,3
000321 e0a5      	LDI  R26,LOW(5)
000322 e0b0      	LDI  R27,0
000323 940c 0333 	JMP  _delay_ms
                 
                 ;OPTIMIZER ADDED SUBROUTINE, CALLED 2 TIMES, CODE SIZE REDUCTION:1 WORDS
                 SUBOPT_0x6:
000325 940e 026d 	CALL __lcd_write_data
000327 e0a3      	LDI  R26,LOW(3)
000328 e0b0      	LDI  R27,0
000329 940c 0333 	JMP  _delay_ms
                 
                 ;OPTIMIZER ADDED SUBROUTINE, CALLED 3 TIMES, CODE SIZE REDUCTION:7 WORDS
                 SUBOPT_0x7:
00032b e3a0      	LDI  R26,LOW(48)
00032c 940e 0259 	CALL __lcd_write_nibble_G100
                +
00032e ec88     +LDI R24 , LOW ( 200 )
00032f e090     +LDI R25 , HIGH ( 200 )
                +__DELAY_USW_LOOP :
000330 9701     +SBIW R24 , 1
000331 f7f1     +BRNE __DELAY_USW_LOOP
                 	__DELAY_USW 200
000332 9508      	RET
                 
                 
                 	.CSEG
                 _delay_ms:
000333 9610      	adiw r26,0
000334 f039      	breq __delay_ms1
                 __delay_ms0:
                +
000335 ed80     +LDI R24 , LOW ( 0x7D0 )
000336 e097     +LDI R25 , HIGH ( 0x7D0 )
                +__DELAY_USW_LOOP :
000337 9701     +SBIW R24 , 1
000338 f7f1     +BRNE __DELAY_USW_LOOP
                 	__DELAY_USW 0x7D0
000339 95a8      	wdr
00033a 9711      	sbiw r26,1
00033b f7c9      	brne __delay_ms0
                 __delay_ms1:
00033c 9508      	ret
                 
                 __ANEGW1:
00033d 95f1      	NEG  R31
00033e 95e1      	NEG  R30
00033f 40f0      	SBCI R31,0
000340 9508      	RET
                 
                 __MULW12U:
000341 9ffa      	MUL  R31,R26
000342 2df0      	MOV  R31,R0
000343 9feb      	MUL  R30,R27
000344 0df0      	ADD  R31,R0
000345 9fea      	MUL  R30,R26
000346 2de0      	MOV  R30,R0
000347 0df1      	ADD  R31,R1
000348 9508      	RET
                 
                 __MULW12:
000349 d02a      	RCALL __CHKSIGNW
00034a dff6      	RCALL __MULW12U
00034b f40e      	BRTC __MULW121
00034c dff0      	RCALL __ANEGW1
                 __MULW121:
00034d 9508      	RET
                 
                 __DIVW21U:
00034e 2400      	CLR  R0
00034f 2411      	CLR  R1
000350 e190      	LDI  R25,16
                 __DIVW21U1:
000351 0faa      	LSL  R26
000352 1fbb      	ROL  R27
000353 1c00      	ROL  R0
000354 1c11      	ROL  R1
000355 1a0e      	SUB  R0,R30
000356 0a1f      	SBC  R1,R31
000357 f418      	BRCC __DIVW21U2
000358 0e0e      	ADD  R0,R30
000359 1e1f      	ADC  R1,R31
00035a c001      	RJMP __DIVW21U3
                 __DIVW21U2:
00035b 60a1      	SBR  R26,1
                 __DIVW21U3:
00035c 959a      	DEC  R25
00035d f799      	BRNE __DIVW21U1
00035e 01fd      	MOVW R30,R26
00035f 01d0      	MOVW R26,R0
000360 9508      	RET
                 
                 __DIVW21:
000361 d012      	RCALL __CHKSIGNW
000362 dfeb      	RCALL __DIVW21U
000363 f40e      	BRTC __DIVW211
000364 dfd8      	RCALL __ANEGW1
                 __DIVW211:
000365 9508      	RET
                 
                 __MODW21:
000366 94e8      	CLT
000367 ffb7      	SBRS R27,7
000368 c004      	RJMP __MODW211
000369 95a0      	COM  R26
00036a 95b0      	COM  R27
00036b 9611      	ADIW R26,1
00036c 9468      	SET
                 __MODW211:
00036d fdf7      	SBRC R31,7
00036e dfce      	RCALL __ANEGW1
00036f dfde      	RCALL __DIVW21U
000370 01fd      	MOVW R30,R26
000371 f40e      	BRTC __MODW212
000372 dfca      	RCALL __ANEGW1
                 __MODW212:
000373 9508      	RET
                 
                 __CHKSIGNW:
000374 94e8      	CLT
000375 fff7      	SBRS R31,7
000376 c002      	RJMP __CHKSW1
000377 dfc5      	RCALL __ANEGW1
000378 9468      	SET
                 __CHKSW1:
000379 ffb7      	SBRS R27,7
00037a c006      	RJMP __CHKSW2
00037b 95a0      	COM  R26
00037c 95b0      	COM  R27
00037d 9611      	ADIW R26,1
00037e f800      	BLD  R0,0
00037f 9403      	INC  R0
000380 fa00      	BST  R0,0
                 __CHKSW2:
000381 9508      	RET
                 
                 __GETW1P:
000382 91ed      	LD   R30,X+
000383 91fc      	LD   R31,X
000384 9711      	SBIW R26,1
000385 9508      	RET
                 
                 ;END OF CODE MARKER
                 __END_OF_CODE:


RESOURCE USE INFORMATION
------------------------

Notice:
The register and instruction counts are symbol table hit counts,
and hence implicitly used resources are not counted, eg, the
'lpm' instruction without operands implicitly uses r0 and z,
none of which are counted.

x,y,z are separate entities in the symbol table and are
counted separately from r26..r31 here.

.dseg memory usage only counts static data declared with .byte

ATmega32 register use summary:
r0 :  20 r1 :   8 r2 :   0 r3 :   0 r4 :   9 r5 :   2 r6 :  12 r7 :   4 
r8 :  11 r9 :   3 r10:   4 r11:   3 r12:   3 r13:   2 r14:   0 r15:   0 
r16:   0 r17:  24 r18:   0 r19:   0 r20:   0 r21:   0 r22:   4 r23:   0 
r24:  21 r25:   7 r26: 113 r27:  34 r28:   4 r29:   1 r30: 204 r31:  53 
x  :  20 y  :  43 z  :   9 
Registers used: 25 out of 35 (71.4%)

ATmega32 instruction use summary:
.lds  :   0 .lds.l:   0 .sts  :   0 .sts.l:   0 adc   :   6 add   :   9 
adiw  :   8 and   :   0 andi  :   2 asr   :   0 bclr  :   0 bld   :   1 
brbc  :   0 brbs  :   0 brcc  :   1 brcs  :   0 break :   0 breq  :   8 
brge  :   1 brhc  :   0 brhs  :   0 brid  :   0 brie  :   0 brlo  :   1 
brlt  :   0 brmi  :   1 brne  :  30 brpl  :   1 brsh  :   0 brtc  :   3 
brts  :   0 brvc  :   0 brvs  :   0 bset  :   0 bst   :   1 call  :  39 
cbi   :  15 cbr   :   0 clc   :   0 clh   :   0 cli   :   1 cln   :   0 
clr   :  13 cls   :   0 clt   :   2 clv   :   0 clz   :   0 com   :   4 
cp    :  10 cpc   :   5 cpi   :  11 cpse  :   0 dec   :   6 des   :   0 
eor   :   0 fmul  :   0 fmuls :   0 fmulsu:   0 icall :   0 ijmp  :   0 
in    :   2 inc   :   1 jmp   :  24 ld    :  32 ldd   :   5 ldi   : 134 
lds   :  20 lpm   :   7 lsl   :   3 lsr   :   0 mov   :  13 movw  :  27 
mul   :   3 muls  :   0 mulsu :   0 neg   :   2 nop   :   0 or    :   2 
ori   :   1 out   :  42 pop   :   0 push  :   0 rcall :  35 ret   :  19 
reti  :   0 rjmp  :  53 rol   :   5 ror   :   0 sbc   :   2 sbci  :   3 
sbi   :   9 sbic  :   4 sbis  :  12 sbiw  :  13 sbr   :   1 sbrc  :   1 
sbrs  :   3 sec   :   0 seh   :   0 sei   :   0 sen   :   0 ser   :   0 
ses   :   0 set   :   2 sev   :   0 sez   :   0 sleep :   0 spm   :   0 
st    :  26 std   :   2 sts   :  29 sub   :   2 subi  :   7 swap  :   1 
tst   :   2 wdr   :   1 
Instructions used: 62 out of 116 (53.4%)

ATmega32 memory use summary [bytes]:
Segment   Begin    End      Code   Data   Used    Size   Use%
---------------------------------------------------------------
[.cseg] 0x000000 0x00070c   1682    122   1804   32768   5.5%
[.dseg] 0x000060 0x0002bf      0     95     95    2048   4.6%
[.eseg] 0x000000 0x000000      0      0      0    1024   0.0%

Assembly complete, 0 errors, 14 warnings
