Active-HDL 13.0.375.8320 2025-05-02 00:21:49

Elaboration top modules:
Architecture                  Behavioral(axf_register_tb)


----------------------------------------------------------------------------------------------------------
Entity          | Architecture | Library         | Info | Compiler Version          | Compilation Options
----------------------------------------------------------------------------------------------------------
axf_register_tb | Behavioral   | Register_Design |      | 13.0.375.8320 (Windows64) | -O3
axf_register    | Behavioral   | Register_Design |      | 13.0.375.8320 (Windows64) | -O3
----------------------------------------------------------------------------------------------------------

----------------------------------------------------------------------------------------------------------
VHDL Package                   | Library         | Info | Compiler Version          | Compilation Options
----------------------------------------------------------------------------------------------------------
standard                       | std             |      |                           | <unavailable>
TEXTIO                         | std             |      | 13.0.375.8320 (Windows64) |  -2019
std_logic_1164                 | ieee            |      | 13.0.375.8320 (Windows64) |  -2008
NUMERIC_STD                    | ieee            |      | 13.0.375.8320 (Windows64) |  -2008
----------------------------------------------------------------------------------------------------------

----------------------------------------------------------------------------------------------------------
Library                        | Comment
----------------------------------------------------------------------------------------------------------
ieee                           | Standard IEEE packages library
Register_Design                | None
std                            | Standard VHDL library
----------------------------------------------------------------------------------------------------------


Simulation Options: asim -O5 +access +r +m+axf_register_tb axf_register_tb Behavioral

