Active-HDL 13.0.375.8320 2025-05-02 01:51:23

Elaboration top modules:
Architecture                  Behavioral(tb_bit_processor)


--------------------------------------------------------------------------------------------------------------
Entity           | Architecture | Library            | Info | Compiler Version          | Compilation Options
--------------------------------------------------------------------------------------------------------------
tb_bit_processor | Behavioral   | BitProcessorDesign |      | 13.0.375.8320 (Windows64) | -O3
bit_processor    | Behavioral   | BitProcessorDesign |      | 13.0.375.8320 (Windows64) | -O3
--------------------------------------------------------------------------------------------------------------

--------------------------------------------------------------------------------------------------------------
VHDL Package                    | Library            | Info | Compiler Version          | Compilation Options
--------------------------------------------------------------------------------------------------------------
standard                        | std                |      |                           | <unavailable>
TEXTIO                          | std                |      | 13.0.375.8320 (Windows64) |  -2019
std_logic_1164                  | ieee               |      | 13.0.375.8320 (Windows64) |  -2008
ENV                             | std                |      | 13.0.375.8320 (Windows64) |  -2019
NUMERIC_STD                     | ieee               |      | 13.0.375.8320 (Windows64) |  -2008
--------------------------------------------------------------------------------------------------------------

--------------------------------------------------------------------------------------------------------------
Library                         | Comment
--------------------------------------------------------------------------------------------------------------
BitProcessorDesign              | None
ieee                            | Standard IEEE packages library
std                             | Standard VHDL library
--------------------------------------------------------------------------------------------------------------


Simulation Options: asim -O5 +access +r +m+tb_bit_processor tb_bit_processor Behavioral

