
AVRASM ver. 2.1.30  D:\University\Microprocessor lab\second\lab6\Debug\List\lab6.asm Fri Jul 10 12:37:14 2020

D:\University\Microprocessor lab\second\lab6\Debug\List\lab6.asm(1088): warning: Register r5 already defined by the .DEF directive
D:\University\Microprocessor lab\second\lab6\Debug\List\lab6.asm(1089): warning: Register r4 already defined by the .DEF directive
D:\University\Microprocessor lab\second\lab6\Debug\List\lab6.asm(1090): warning: Register r7 already defined by the .DEF directive
D:\University\Microprocessor lab\second\lab6\Debug\List\lab6.asm(1091): warning: Register r6 already defined by the .DEF directive
D:\University\Microprocessor lab\second\lab6\Debug\List\lab6.asm(1092): warning: Register r9 already defined by the .DEF directive
D:\University\Microprocessor lab\second\lab6\Debug\List\lab6.asm(1093): warning: Register r8 already defined by the .DEF directive
D:\University\Microprocessor lab\second\lab6\Debug\List\lab6.asm(1094): warning: Register r11 already defined by the .DEF directive
D:\University\Microprocessor lab\second\lab6\Debug\List\lab6.asm(1095): warning: Register r10 already defined by the .DEF directive
D:\University\Microprocessor lab\second\lab6\Debug\List\lab6.asm(1096): warning: Register r13 already defined by the .DEF directive
D:\University\Microprocessor lab\second\lab6\Debug\List\lab6.asm(1097): warning: Register r12 already defined by the .DEF directive
                 
                 
                 ;CodeVisionAVR C Compiler V3.12 Advanced
                 ;(C) Copyright 1998-2014 Pavel Haiduc, HP InfoTech s.r.l.
                 ;http://www.hpinfotech.com
                 
                 ;Build configuration    : Debug
                 ;Chip type              : ATmega32
                 ;Program type           : Application
                 ;Clock frequency        : 8.000000 MHz
                 ;Memory model           : Small
                 ;Optimize for           : Size
                 ;(s)printf features     : int, width
                 ;(s)scanf features      : int, width
                 ;External RAM size      : 0
                 ;Data Stack size        : 512 byte(s)
                 ;Heap size              : 0 byte(s)
                 ;Promote 'char' to 'int': Yes
                 ;'char' is unsigned     : Yes
                 ;8 bit enums            : Yes
                 ;Global 'const' stored in FLASH: Yes
                 ;Enhanced function parameter passing: Yes
                 ;Enhanced core instructions: On
                 ;Automatic register allocation for global variables: On
                 ;Smart register allocation: On
                 
                 	#define _MODEL_SMALL_
                 
                 	#pragma AVRPART ADMIN PART_NAME ATmega32
                 	#pragma AVRPART MEMORY PROG_FLASH 32768
                 	#pragma AVRPART MEMORY EEPROM 1024
                 	#pragma AVRPART MEMORY INT_SRAM SIZE 2048
                 	#pragma AVRPART MEMORY INT_SRAM START_ADDR 0x60
                 
                 	#define CALL_SUPPORTED 1
                 
                 	.LISTMAC
                 	.EQU UDRE=0x5
                 	.EQU RXC=0x7
                 	.EQU USR=0xB
                 	.EQU UDR=0xC
                 	.EQU SPSR=0xE
                 	.EQU SPDR=0xF
                 	.EQU EERE=0x0
                 	.EQU EEWE=0x1
                 	.EQU EEMWE=0x2
                 	.EQU EECR=0x1C
                 	.EQU EEDR=0x1D
                 	.EQU EEARL=0x1E
                 	.EQU EEARH=0x1F
                 	.EQU WDTCR=0x21
                 	.EQU MCUCR=0x35
                 	.EQU GICR=0x3B
                 	.EQU SPL=0x3D
                 	.EQU SPH=0x3E
                 	.EQU SREG=0x3F
                 
                 	.DEF R0X0=R0
                 	.DEF R0X1=R1
                 	.DEF R0X2=R2
                 	.DEF R0X3=R3
                 	.DEF R0X4=R4
                 	.DEF R0X5=R5
                 	.DEF R0X6=R6
                 	.DEF R0X7=R7
                 	.DEF R0X8=R8
                 	.DEF R0X9=R9
                 	.DEF R0XA=R10
                 	.DEF R0XB=R11
                 	.DEF R0XC=R12
                 	.DEF R0XD=R13
                 	.DEF R0XE=R14
                 	.DEF R0XF=R15
                 	.DEF R0X10=R16
                 	.DEF R0X11=R17
                 	.DEF R0X12=R18
                 	.DEF R0X13=R19
                 	.DEF R0X14=R20
                 	.DEF R0X15=R21
                 	.DEF R0X16=R22
                 	.DEF R0X17=R23
                 	.DEF R0X18=R24
                 	.DEF R0X19=R25
                 	.DEF R0X1A=R26
                 	.DEF R0X1B=R27
                 	.DEF R0X1C=R28
                 	.DEF R0X1D=R29
                 	.DEF R0X1E=R30
                 	.DEF R0X1F=R31
                 
                 	.EQU __SRAM_START=0x0060
                 	.EQU __SRAM_END=0x085F
                 	.EQU __DSTACK_SIZE=0x0200
                 	.EQU __HEAP_SIZE=0x0000
                 	.EQU __CLEAR_SRAM_SIZE=__SRAM_END-__SRAM_START+1
                 
                 	.MACRO __CPD1N
                 	CPI  R30,LOW(@0)
                 	LDI  R26,HIGH(@0)
                 	CPC  R31,R26
                 	LDI  R26,BYTE3(@0)
                 	CPC  R22,R26
                 	LDI  R26,BYTE4(@0)
                 	CPC  R23,R26
                 	.ENDM
                 
                 	.MACRO __CPD2N
                 	CPI  R26,LOW(@0)
                 	LDI  R30,HIGH(@0)
                 	CPC  R27,R30
                 	LDI  R30,BYTE3(@0)
                 	CPC  R24,R30
                 	LDI  R30,BYTE4(@0)
                 	CPC  R25,R30
                 	.ENDM
                 
                 	.MACRO __CPWRR
                 	CP   R@0,R@2
                 	CPC  R@1,R@3
                 	.ENDM
                 
                 	.MACRO __CPWRN
                 	CPI  R@0,LOW(@2)
                 	LDI  R30,HIGH(@2)
                 	CPC  R@1,R30
                 	.ENDM
                 
                 	.MACRO __ADDB1MN
                 	SUBI R30,LOW(-@0-(@1))
                 	.ENDM
                 
                 	.MACRO __ADDB2MN
                 	SUBI R26,LOW(-@0-(@1))
                 	.ENDM
                 
                 	.MACRO __ADDW1MN
                 	SUBI R30,LOW(-@0-(@1))
                 	SBCI R31,HIGH(-@0-(@1))
                 	.ENDM
                 
                 	.MACRO __ADDW2MN
                 	SUBI R26,LOW(-@0-(@1))
                 	SBCI R27,HIGH(-@0-(@1))
                 	.ENDM
                 
                 	.MACRO __ADDW1FN
                 	SUBI R30,LOW(-2*@0-(@1))
                 	SBCI R31,HIGH(-2*@0-(@1))
                 	.ENDM
                 
                 	.MACRO __ADDD1FN
                 	SUBI R30,LOW(-2*@0-(@1))
                 	SBCI R31,HIGH(-2*@0-(@1))
                 	SBCI R22,BYTE3(-2*@0-(@1))
                 	.ENDM
                 
                 	.MACRO __ADDD1N
                 	SUBI R30,LOW(-@0)
                 	SBCI R31,HIGH(-@0)
                 	SBCI R22,BYTE3(-@0)
                 	SBCI R23,BYTE4(-@0)
                 	.ENDM
                 
                 	.MACRO __ADDD2N
                 	SUBI R26,LOW(-@0)
                 	SBCI R27,HIGH(-@0)
                 	SBCI R24,BYTE3(-@0)
                 	SBCI R25,BYTE4(-@0)
                 	.ENDM
                 
                 	.MACRO __SUBD1N
                 	SUBI R30,LOW(@0)
                 	SBCI R31,HIGH(@0)
                 	SBCI R22,BYTE3(@0)
                 	SBCI R23,BYTE4(@0)
                 	.ENDM
                 
                 	.MACRO __SUBD2N
                 	SUBI R26,LOW(@0)
                 	SBCI R27,HIGH(@0)
                 	SBCI R24,BYTE3(@0)
                 	SBCI R25,BYTE4(@0)
                 	.ENDM
                 
                 	.MACRO __ANDBMNN
                 	LDS  R30,@0+(@1)
                 	ANDI R30,LOW(@2)
                 	STS  @0+(@1),R30
                 	.ENDM
                 
                 	.MACRO __ANDWMNN
                 	LDS  R30,@0+(@1)
                 	ANDI R30,LOW(@2)
                 	STS  @0+(@1),R30
                 	LDS  R30,@0+(@1)+1
                 	ANDI R30,HIGH(@2)
                 	STS  @0+(@1)+1,R30
                 	.ENDM
                 
                 	.MACRO __ANDD1N
                 	ANDI R30,LOW(@0)
                 	ANDI R31,HIGH(@0)
                 	ANDI R22,BYTE3(@0)
                 	ANDI R23,BYTE4(@0)
                 	.ENDM
                 
                 	.MACRO __ANDD2N
                 	ANDI R26,LOW(@0)
                 	ANDI R27,HIGH(@0)
                 	ANDI R24,BYTE3(@0)
                 	ANDI R25,BYTE4(@0)
                 	.ENDM
                 
                 	.MACRO __ORBMNN
                 	LDS  R30,@0+(@1)
                 	ORI  R30,LOW(@2)
                 	STS  @0+(@1),R30
                 	.ENDM
                 
                 	.MACRO __ORWMNN
                 	LDS  R30,@0+(@1)
                 	ORI  R30,LOW(@2)
                 	STS  @0+(@1),R30
                 	LDS  R30,@0+(@1)+1
                 	ORI  R30,HIGH(@2)
                 	STS  @0+(@1)+1,R30
                 	.ENDM
                 
                 	.MACRO __ORD1N
                 	ORI  R30,LOW(@0)
                 	ORI  R31,HIGH(@0)
                 	ORI  R22,BYTE3(@0)
                 	ORI  R23,BYTE4(@0)
                 	.ENDM
                 
                 	.MACRO __ORD2N
                 	ORI  R26,LOW(@0)
                 	ORI  R27,HIGH(@0)
                 	ORI  R24,BYTE3(@0)
                 	ORI  R25,BYTE4(@0)
                 	.ENDM
                 
                 	.MACRO __DELAY_USB
                 	LDI  R24,LOW(@0)
                 __DELAY_USB_LOOP:
                 	DEC  R24
                 	BRNE __DELAY_USB_LOOP
                 	.ENDM
                 
                 	.MACRO __DELAY_USW
                 	LDI  R24,LOW(@0)
                 	LDI  R25,HIGH(@0)
                 __DELAY_USW_LOOP:
                 	SBIW R24,1
                 	BRNE __DELAY_USW_LOOP
                 	.ENDM
                 
                 	.MACRO __GETD1S
                 	LDD  R30,Y+@0
                 	LDD  R31,Y+@0+1
                 	LDD  R22,Y+@0+2
                 	LDD  R23,Y+@0+3
                 	.ENDM
                 
                 	.MACRO __GETD2S
                 	LDD  R26,Y+@0
                 	LDD  R27,Y+@0+1
                 	LDD  R24,Y+@0+2
                 	LDD  R25,Y+@0+3
                 	.ENDM
                 
                 	.MACRO __PUTD1S
                 	STD  Y+@0,R30
                 	STD  Y+@0+1,R31
                 	STD  Y+@0+2,R22
                 	STD  Y+@0+3,R23
                 	.ENDM
                 
                 	.MACRO __PUTD2S
                 	STD  Y+@0,R26
                 	STD  Y+@0+1,R27
                 	STD  Y+@0+2,R24
                 	STD  Y+@0+3,R25
                 	.ENDM
                 
                 	.MACRO __PUTDZ2
                 	STD  Z+@0,R26
                 	STD  Z+@0+1,R27
                 	STD  Z+@0+2,R24
                 	STD  Z+@0+3,R25
                 	.ENDM
                 
                 	.MACRO __CLRD1S
                 	STD  Y+@0,R30
                 	STD  Y+@0+1,R30
                 	STD  Y+@0+2,R30
                 	STD  Y+@0+3,R30
                 	.ENDM
                 
                 	.MACRO __POINTB1MN
                 	LDI  R30,LOW(@0+(@1))
                 	.ENDM
                 
                 	.MACRO __POINTW1MN
                 	LDI  R30,LOW(@0+(@1))
                 	LDI  R31,HIGH(@0+(@1))
                 	.ENDM
                 
                 	.MACRO __POINTD1M
                 	LDI  R30,LOW(@0)
                 	LDI  R31,HIGH(@0)
                 	LDI  R22,BYTE3(@0)
                 	LDI  R23,BYTE4(@0)
                 	.ENDM
                 
                 	.MACRO __POINTW1FN
                 	LDI  R30,LOW(2*@0+(@1))
                 	LDI  R31,HIGH(2*@0+(@1))
                 	.ENDM
                 
                 	.MACRO __POINTD1FN
                 	LDI  R30,LOW(2*@0+(@1))
                 	LDI  R31,HIGH(2*@0+(@1))
                 	LDI  R22,BYTE3(2*@0+(@1))
                 	LDI  R23,BYTE4(2*@0+(@1))
                 	.ENDM
                 
                 	.MACRO __POINTB2MN
                 	LDI  R26,LOW(@0+(@1))
                 	.ENDM
                 
                 	.MACRO __POINTW2MN
                 	LDI  R26,LOW(@0+(@1))
                 	LDI  R27,HIGH(@0+(@1))
                 	.ENDM
                 
                 	.MACRO __POINTW2FN
                 	LDI  R26,LOW(2*@0+(@1))
                 	LDI  R27,HIGH(2*@0+(@1))
                 	.ENDM
                 
                 	.MACRO __POINTD2FN
                 	LDI  R26,LOW(2*@0+(@1))
                 	LDI  R27,HIGH(2*@0+(@1))
                 	LDI  R24,BYTE3(2*@0+(@1))
                 	LDI  R25,BYTE4(2*@0+(@1))
                 	.ENDM
                 
                 	.MACRO __POINTBRM
                 	LDI  R@0,LOW(@1)
                 	.ENDM
                 
                 	.MACRO __POINTWRM
                 	LDI  R@0,LOW(@2)
                 	LDI  R@1,HIGH(@2)
                 	.ENDM
                 
                 	.MACRO __POINTBRMN
                 	LDI  R@0,LOW(@1+(@2))
                 	.ENDM
                 
                 	.MACRO __POINTWRMN
                 	LDI  R@0,LOW(@2+(@3))
                 	LDI  R@1,HIGH(@2+(@3))
                 	.ENDM
                 
                 	.MACRO __POINTWRFN
                 	LDI  R@0,LOW(@2*2+(@3))
                 	LDI  R@1,HIGH(@2*2+(@3))
                 	.ENDM
                 
                 	.MACRO __GETD1N
                 	LDI  R30,LOW(@0)
                 	LDI  R31,HIGH(@0)
                 	LDI  R22,BYTE3(@0)
                 	LDI  R23,BYTE4(@0)
                 	.ENDM
                 
                 	.MACRO __GETD2N
                 	LDI  R26,LOW(@0)
                 	LDI  R27,HIGH(@0)
                 	LDI  R24,BYTE3(@0)
                 	LDI  R25,BYTE4(@0)
                 	.ENDM
                 
                 	.MACRO __GETB1MN
                 	LDS  R30,@0+(@1)
                 	.ENDM
                 
                 	.MACRO __GETB1HMN
                 	LDS  R31,@0+(@1)
                 	.ENDM
                 
                 	.MACRO __GETW1MN
                 	LDS  R30,@0+(@1)
                 	LDS  R31,@0+(@1)+1
                 	.ENDM
                 
                 	.MACRO __GETD1MN
                 	LDS  R30,@0+(@1)
                 	LDS  R31,@0+(@1)+1
                 	LDS  R22,@0+(@1)+2
                 	LDS  R23,@0+(@1)+3
                 	.ENDM
                 
                 	.MACRO __GETBRMN
                 	LDS  R@0,@1+(@2)
                 	.ENDM
                 
                 	.MACRO __GETWRMN
                 	LDS  R@0,@2+(@3)
                 	LDS  R@1,@2+(@3)+1
                 	.ENDM
                 
                 	.MACRO __GETWRZ
                 	LDD  R@0,Z+@2
                 	LDD  R@1,Z+@2+1
                 	.ENDM
                 
                 	.MACRO __GETD2Z
                 	LDD  R26,Z+@0
                 	LDD  R27,Z+@0+1
                 	LDD  R24,Z+@0+2
                 	LDD  R25,Z+@0+3
                 	.ENDM
                 
                 	.MACRO __GETB2MN
                 	LDS  R26,@0+(@1)
                 	.ENDM
                 
                 	.MACRO __GETW2MN
                 	LDS  R26,@0+(@1)
                 	LDS  R27,@0+(@1)+1
                 	.ENDM
                 
                 	.MACRO __GETD2MN
                 	LDS  R26,@0+(@1)
                 	LDS  R27,@0+(@1)+1
                 	LDS  R24,@0+(@1)+2
                 	LDS  R25,@0+(@1)+3
                 	.ENDM
                 
                 	.MACRO __PUTB1MN
                 	STS  @0+(@1),R30
                 	.ENDM
                 
                 	.MACRO __PUTW1MN
                 	STS  @0+(@1),R30
                 	STS  @0+(@1)+1,R31
                 	.ENDM
                 
                 	.MACRO __PUTD1MN
                 	STS  @0+(@1),R30
                 	STS  @0+(@1)+1,R31
                 	STS  @0+(@1)+2,R22
                 	STS  @0+(@1)+3,R23
                 	.ENDM
                 
                 	.MACRO __PUTB1EN
                 	LDI  R26,LOW(@0+(@1))
                 	LDI  R27,HIGH(@0+(@1))
                 	CALL __EEPROMWRB
                 	.ENDM
                 
                 	.MACRO __PUTW1EN
                 	LDI  R26,LOW(@0+(@1))
                 	LDI  R27,HIGH(@0+(@1))
                 	CALL __EEPROMWRW
                 	.ENDM
                 
                 	.MACRO __PUTD1EN
                 	LDI  R26,LOW(@0+(@1))
                 	LDI  R27,HIGH(@0+(@1))
                 	CALL __EEPROMWRD
                 	.ENDM
                 
                 	.MACRO __PUTBR0MN
                 	STS  @0+(@1),R0
                 	.ENDM
                 
                 	.MACRO __PUTBMRN
                 	STS  @0+(@1),R@2
                 	.ENDM
                 
                 	.MACRO __PUTWMRN
                 	STS  @0+(@1),R@2
                 	STS  @0+(@1)+1,R@3
                 	.ENDM
                 
                 	.MACRO __PUTBZR
                 	STD  Z+@1,R@0
                 	.ENDM
                 
                 	.MACRO __PUTWZR
                 	STD  Z+@2,R@0
                 	STD  Z+@2+1,R@1
                 	.ENDM
                 
                 	.MACRO __GETW1R
                 	MOV  R30,R@0
                 	MOV  R31,R@1
                 	.ENDM
                 
                 	.MACRO __GETW2R
                 	MOV  R26,R@0
                 	MOV  R27,R@1
                 	.ENDM
                 
                 	.MACRO __GETWRN
                 	LDI  R@0,LOW(@2)
                 	LDI  R@1,HIGH(@2)
                 	.ENDM
                 
                 	.MACRO __PUTW1R
                 	MOV  R@0,R30
                 	MOV  R@1,R31
                 	.ENDM
                 
                 	.MACRO __PUTW2R
                 	MOV  R@0,R26
                 	MOV  R@1,R27
                 	.ENDM
                 
                 	.MACRO __ADDWRN
                 	SUBI R@0,LOW(-@2)
                 	SBCI R@1,HIGH(-@2)
                 	.ENDM
                 
                 	.MACRO __ADDWRR
                 	ADD  R@0,R@2
                 	ADC  R@1,R@3
                 	.ENDM
                 
                 	.MACRO __SUBWRN
                 	SUBI R@0,LOW(@2)
                 	SBCI R@1,HIGH(@2)
                 	.ENDM
                 
                 	.MACRO __SUBWRR
                 	SUB  R@0,R@2
                 	SBC  R@1,R@3
                 	.ENDM
                 
                 	.MACRO __ANDWRN
                 	ANDI R@0,LOW(@2)
                 	ANDI R@1,HIGH(@2)
                 	.ENDM
                 
                 	.MACRO __ANDWRR
                 	AND  R@0,R@2
                 	AND  R@1,R@3
                 	.ENDM
                 
                 	.MACRO __ORWRN
                 	ORI  R@0,LOW(@2)
                 	ORI  R@1,HIGH(@2)
                 	.ENDM
                 
                 	.MACRO __ORWRR
                 	OR   R@0,R@2
                 	OR   R@1,R@3
                 	.ENDM
                 
                 	.MACRO __EORWRR
                 	EOR  R@0,R@2
                 	EOR  R@1,R@3
                 	.ENDM
                 
                 	.MACRO __GETWRS
                 	LDD  R@0,Y+@2
                 	LDD  R@1,Y+@2+1
                 	.ENDM
                 
                 	.MACRO __PUTBSR
                 	STD  Y+@1,R@0
                 	.ENDM
                 
                 	.MACRO __PUTWSR
                 	STD  Y+@2,R@0
                 	STD  Y+@2+1,R@1
                 	.ENDM
                 
                 	.MACRO __MOVEWRR
                 	MOV  R@0,R@2
                 	MOV  R@1,R@3
                 	.ENDM
                 
                 	.MACRO __INWR
                 	IN   R@0,@2
                 	IN   R@1,@2+1
                 	.ENDM
                 
                 	.MACRO __OUTWR
                 	OUT  @2+1,R@1
                 	OUT  @2,R@0
                 	.ENDM
                 
                 	.MACRO __CALL1MN
                 	LDS  R30,@0+(@1)
                 	LDS  R31,@0+(@1)+1
                 	ICALL
                 	.ENDM
                 
                 	.MACRO __CALL1FN
                 	LDI  R30,LOW(2*@0+(@1))
                 	LDI  R31,HIGH(2*@0+(@1))
                 	CALL __GETW1PF
                 	ICALL
                 	.ENDM
                 
                 	.MACRO __CALL2EN
                 	PUSH R26
                 	PUSH R27
                 	LDI  R26,LOW(@0+(@1))
                 	LDI  R27,HIGH(@0+(@1))
                 	CALL __EEPROMRDW
                 	POP  R27
                 	POP  R26
                 	ICALL
                 	.ENDM
                 
                 	.MACRO __CALL2EX
                 	SUBI R26,LOW(-@0)
                 	SBCI R27,HIGH(-@0)
                 	CALL __EEPROMRDD
                 	ICALL
                 	.ENDM
                 
                 	.MACRO __GETW1STACK
                 	IN   R30,SPL
                 	IN   R31,SPH
                 	ADIW R30,@0+1
                 	LD   R0,Z+
                 	LD   R31,Z
                 	MOV  R30,R0
                 	.ENDM
                 
                 	.MACRO __GETD1STACK
                 	IN   R30,SPL
                 	IN   R31,SPH
                 	ADIW R30,@0+1
                 	LD   R0,Z+
                 	LD   R1,Z+
                 	LD   R22,Z
                 	MOVW R30,R0
                 	.ENDM
                 
                 	.MACRO __NBST
                 	BST  R@0,@1
                 	IN   R30,SREG
                 	LDI  R31,0x40
                 	EOR  R30,R31
                 	OUT  SREG,R30
                 	.ENDM
                 
                 
                 	.MACRO __PUTB1SN
                 	LDD  R26,Y+@0
                 	LDD  R27,Y+@0+1
                 	SUBI R26,LOW(-@1)
                 	SBCI R27,HIGH(-@1)
                 	ST   X,R30
                 	.ENDM
                 
                 	.MACRO __PUTW1SN
                 	LDD  R26,Y+@0
                 	LDD  R27,Y+@0+1
                 	SUBI R26,LOW(-@1)
                 	SBCI R27,HIGH(-@1)
                 	ST   X+,R30
                 	ST   X,R31
                 	.ENDM
                 
                 	.MACRO __PUTD1SN
                 	LDD  R26,Y+@0
                 	LDD  R27,Y+@0+1
                 	SUBI R26,LOW(-@1)
                 	SBCI R27,HIGH(-@1)
                 	CALL __PUTDP1
                 	.ENDM
                 
                 	.MACRO __PUTB1SNS
                 	LDD  R26,Y+@0
                 	LDD  R27,Y+@0+1
                 	ADIW R26,@1
                 	ST   X,R30
                 	.ENDM
                 
                 	.MACRO __PUTW1SNS
                 	LDD  R26,Y+@0
                 	LDD  R27,Y+@0+1
                 	ADIW R26,@1
                 	ST   X+,R30
                 	ST   X,R31
                 	.ENDM
                 
                 	.MACRO __PUTD1SNS
                 	LDD  R26,Y+@0
                 	LDD  R27,Y+@0+1
                 	ADIW R26,@1
                 	CALL __PUTDP1
                 	.ENDM
                 
                 	.MACRO __PUTB1PMN
                 	LDS  R26,@0
                 	LDS  R27,@0+1
                 	SUBI R26,LOW(-@1)
                 	SBCI R27,HIGH(-@1)
                 	ST   X,R30
                 	.ENDM
                 
                 	.MACRO __PUTW1PMN
                 	LDS  R26,@0
                 	LDS  R27,@0+1
                 	SUBI R26,LOW(-@1)
                 	SBCI R27,HIGH(-@1)
                 	ST   X+,R30
                 	ST   X,R31
                 	.ENDM
                 
                 	.MACRO __PUTD1PMN
                 	LDS  R26,@0
                 	LDS  R27,@0+1
                 	SUBI R26,LOW(-@1)
                 	SBCI R27,HIGH(-@1)
                 	CALL __PUTDP1
                 	.ENDM
                 
                 	.MACRO __PUTB1PMNS
                 	LDS  R26,@0
                 	LDS  R27,@0+1
                 	ADIW R26,@1
                 	ST   X,R30
                 	.ENDM
                 
                 	.MACRO __PUTW1PMNS
                 	LDS  R26,@0
                 	LDS  R27,@0+1
                 	ADIW R26,@1
                 	ST   X+,R30
                 	ST   X,R31
                 	.ENDM
                 
                 	.MACRO __PUTD1PMNS
                 	LDS  R26,@0
                 	LDS  R27,@0+1
                 	ADIW R26,@1
                 	CALL __PUTDP1
                 	.ENDM
                 
                 	.MACRO __PUTB1RN
                 	MOVW R26,R@0
                 	SUBI R26,LOW(-@1)
                 	SBCI R27,HIGH(-@1)
                 	ST   X,R30
                 	.ENDM
                 
                 	.MACRO __PUTW1RN
                 	MOVW R26,R@0
                 	SUBI R26,LOW(-@1)
                 	SBCI R27,HIGH(-@1)
                 	ST   X+,R30
                 	ST   X,R31
                 	.ENDM
                 
                 	.MACRO __PUTD1RN
                 	MOVW R26,R@0
                 	SUBI R26,LOW(-@1)
                 	SBCI R27,HIGH(-@1)
                 	CALL __PUTDP1
                 	.ENDM
                 
                 	.MACRO __PUTB1RNS
                 	MOVW R26,R@0
                 	ADIW R26,@1
                 	ST   X,R30
                 	.ENDM
                 
                 	.MACRO __PUTW1RNS
                 	MOVW R26,R@0
                 	ADIW R26,@1
                 	ST   X+,R30
                 	ST   X,R31
                 	.ENDM
                 
                 	.MACRO __PUTD1RNS
                 	MOVW R26,R@0
                 	ADIW R26,@1
                 	CALL __PUTDP1
                 	.ENDM
                 
                 	.MACRO __PUTB1RON
                 	MOV  R26,R@0
                 	MOV  R27,R@1
                 	SUBI R26,LOW(-@2)
                 	SBCI R27,HIGH(-@2)
                 	ST   X,R30
                 	.ENDM
                 
                 	.MACRO __PUTW1RON
                 	MOV  R26,R@0
                 	MOV  R27,R@1
                 	SUBI R26,LOW(-@2)
                 	SBCI R27,HIGH(-@2)
                 	ST   X+,R30
                 	ST   X,R31
                 	.ENDM
                 
                 	.MACRO __PUTD1RON
                 	MOV  R26,R@0
                 	MOV  R27,R@1
                 	SUBI R26,LOW(-@2)
                 	SBCI R27,HIGH(-@2)
                 	CALL __PUTDP1
                 	.ENDM
                 
                 	.MACRO __PUTB1RONS
                 	MOV  R26,R@0
                 	MOV  R27,R@1
                 	ADIW R26,@2
                 	ST   X,R30
                 	.ENDM
                 
                 	.MACRO __PUTW1RONS
                 	MOV  R26,R@0
                 	MOV  R27,R@1
                 	ADIW R26,@2
                 	ST   X+,R30
                 	ST   X,R31
                 	.ENDM
                 
                 	.MACRO __PUTD1RONS
                 	MOV  R26,R@0
                 	MOV  R27,R@1
                 	ADIW R26,@2
                 	CALL __PUTDP1
                 	.ENDM
                 
                 
                 	.MACRO __GETB1SX
                 	MOVW R30,R28
                 	SUBI R30,LOW(-@0)
                 	SBCI R31,HIGH(-@0)
                 	LD   R30,Z
                 	.ENDM
                 
                 	.MACRO __GETB1HSX
                 	MOVW R30,R28
                 	SUBI R30,LOW(-@0)
                 	SBCI R31,HIGH(-@0)
                 	LD   R31,Z
                 	.ENDM
                 
                 	.MACRO __GETW1SX
                 	MOVW R30,R28
                 	SUBI R30,LOW(-@0)
                 	SBCI R31,HIGH(-@0)
                 	LD   R0,Z+
                 	LD   R31,Z
                 	MOV  R30,R0
                 	.ENDM
                 
                 	.MACRO __GETD1SX
                 	MOVW R30,R28
                 	SUBI R30,LOW(-@0)
                 	SBCI R31,HIGH(-@0)
                 	LD   R0,Z+
                 	LD   R1,Z+
                 	LD   R22,Z+
                 	LD   R23,Z
                 	MOVW R30,R0
                 	.ENDM
                 
                 	.MACRO __GETB2SX
                 	MOVW R26,R28
                 	SUBI R26,LOW(-@0)
                 	SBCI R27,HIGH(-@0)
                 	LD   R26,X
                 	.ENDM
                 
                 	.MACRO __GETW2SX
                 	MOVW R26,R28
                 	SUBI R26,LOW(-@0)
                 	SBCI R27,HIGH(-@0)
                 	LD   R0,X+
                 	LD   R27,X
                 	MOV  R26,R0
                 	.ENDM
                 
                 	.MACRO __GETD2SX
                 	MOVW R26,R28
                 	SUBI R26,LOW(-@0)
                 	SBCI R27,HIGH(-@0)
                 	LD   R0,X+
                 	LD   R1,X+
                 	LD   R24,X+
                 	LD   R25,X
                 	MOVW R26,R0
                 	.ENDM
                 
                 	.MACRO __GETBRSX
                 	MOVW R30,R28
                 	SUBI R30,LOW(-@1)
                 	SBCI R31,HIGH(-@1)
                 	LD   R@0,Z
                 	.ENDM
                 
                 	.MACRO __GETWRSX
                 	MOVW R30,R28
                 	SUBI R30,LOW(-@2)
                 	SBCI R31,HIGH(-@2)
                 	LD   R@0,Z+
                 	LD   R@1,Z
                 	.ENDM
                 
                 	.MACRO __GETBRSX2
                 	MOVW R26,R28
                 	SUBI R26,LOW(-@1)
                 	SBCI R27,HIGH(-@1)
                 	LD   R@0,X
                 	.ENDM
                 
                 	.MACRO __GETWRSX2
                 	MOVW R26,R28
                 	SUBI R26,LOW(-@2)
                 	SBCI R27,HIGH(-@2)
                 	LD   R@0,X+
                 	LD   R@1,X
                 	.ENDM
                 
                 	.MACRO __LSLW8SX
                 	MOVW R30,R28
                 	SUBI R30,LOW(-@0)
                 	SBCI R31,HIGH(-@0)
                 	LD   R31,Z
                 	CLR  R30
                 	.ENDM
                 
                 	.MACRO __PUTB1SX
                 	MOVW R26,R28
                 	SUBI R26,LOW(-@0)
                 	SBCI R27,HIGH(-@0)
                 	ST   X,R30
                 	.ENDM
                 
                 	.MACRO __PUTW1SX
                 	MOVW R26,R28
                 	SUBI R26,LOW(-@0)
                 	SBCI R27,HIGH(-@0)
                 	ST   X+,R30
                 	ST   X,R31
                 	.ENDM
                 
                 	.MACRO __PUTD1SX
                 	MOVW R26,R28
                 	SUBI R26,LOW(-@0)
                 	SBCI R27,HIGH(-@0)
                 	ST   X+,R30
                 	ST   X+,R31
                 	ST   X+,R22
                 	ST   X,R23
                 	.ENDM
                 
                 	.MACRO __CLRW1SX
                 	MOVW R26,R28
                 	SUBI R26,LOW(-@0)
                 	SBCI R27,HIGH(-@0)
                 	ST   X+,R30
                 	ST   X,R30
                 	.ENDM
                 
                 	.MACRO __CLRD1SX
                 	MOVW R26,R28
                 	SUBI R26,LOW(-@0)
                 	SBCI R27,HIGH(-@0)
                 	ST   X+,R30
                 	ST   X+,R30
                 	ST   X+,R30
                 	ST   X,R30
                 	.ENDM
                 
                 	.MACRO __PUTB2SX
                 	MOVW R30,R28
                 	SUBI R30,LOW(-@0)
                 	SBCI R31,HIGH(-@0)
                 	ST   Z,R26
                 	.ENDM
                 
                 	.MACRO __PUTW2SX
                 	MOVW R30,R28
                 	SUBI R30,LOW(-@0)
                 	SBCI R31,HIGH(-@0)
                 	ST   Z+,R26
                 	ST   Z,R27
                 	.ENDM
                 
                 	.MACRO __PUTD2SX
                 	MOVW R30,R28
                 	SUBI R30,LOW(-@0)
                 	SBCI R31,HIGH(-@0)
                 	ST   Z+,R26
                 	ST   Z+,R27
                 	ST   Z+,R24
                 	ST   Z,R25
                 	.ENDM
                 
                 	.MACRO __PUTBSRX
                 	MOVW R30,R28
                 	SUBI R30,LOW(-@1)
                 	SBCI R31,HIGH(-@1)
                 	ST   Z,R@0
                 	.ENDM
                 
                 	.MACRO __PUTWSRX
                 	MOVW R30,R28
                 	SUBI R30,LOW(-@2)
                 	SBCI R31,HIGH(-@2)
                 	ST   Z+,R@0
                 	ST   Z,R@1
                 	.ENDM
                 
                 	.MACRO __PUTB1SNX
                 	MOVW R26,R28
                 	SUBI R26,LOW(-@0)
                 	SBCI R27,HIGH(-@0)
                 	LD   R0,X+
                 	LD   R27,X
                 	MOV  R26,R0
                 	SUBI R26,LOW(-@1)
                 	SBCI R27,HIGH(-@1)
                 	ST   X,R30
                 	.ENDM
                 
                 	.MACRO __PUTW1SNX
                 	MOVW R26,R28
                 	SUBI R26,LOW(-@0)
                 	SBCI R27,HIGH(-@0)
                 	LD   R0,X+
                 	LD   R27,X
                 	MOV  R26,R0
                 	SUBI R26,LOW(-@1)
                 	SBCI R27,HIGH(-@1)
                 	ST   X+,R30
                 	ST   X,R31
                 	.ENDM
                 
                 	.MACRO __PUTD1SNX
                 	MOVW R26,R28
                 	SUBI R26,LOW(-@0)
                 	SBCI R27,HIGH(-@0)
                 	LD   R0,X+
                 	LD   R27,X
                 	MOV  R26,R0
                 	SUBI R26,LOW(-@1)
                 	SBCI R27,HIGH(-@1)
                 	ST   X+,R30
                 	ST   X+,R31
                 	ST   X+,R22
                 	ST   X,R23
                 	.ENDM
                 
                 	.MACRO __MULBRR
                 	MULS R@0,R@1
                 	MOVW R30,R0
                 	.ENDM
                 
                 	.MACRO __MULBRRU
                 	MUL  R@0,R@1
                 	MOVW R30,R0
                 	.ENDM
                 
                 	.MACRO __MULBRR0
                 	MULS R@0,R@1
                 	.ENDM
                 
                 	.MACRO __MULBRRU0
                 	MUL  R@0,R@1
                 	.ENDM
                 
                 	.MACRO __MULBNWRU
                 	LDI  R26,@2
                 	MUL  R26,R@0
                 	MOVW R30,R0
                 	MUL  R26,R@1
                 	ADD  R31,R0
                 	.ENDM
                 
                 ;NAME DEFINITIONS FOR GLOBAL VARIABLES ALLOCATED TO REGISTERS
                 	.DEF _TensHour=R5
                 	.DEF _OnesHour=R4
                 	.DEF _TensMin=R7
                 	.DEF _OnesMin=R6
                 	.DEF _TensSec=R9
                 	.DEF _OnesSec=R8
                 	.DEF _decSec=R11
                 	.DEF __lcd_x=R10
                 	.DEF __lcd_y=R13
                 	.DEF __lcd_maxx=R12
                 
                 	.CSEG
                 	.ORG 0x00
                 
                 ;START OF CODE MARKER
                 __START_OF_CODE:
                 
                 ;INTERRUPT VECTORS
000000 940c 0051 	JMP  __RESET
000002 940c 0000 	JMP  0x00
000004 940c 0000 	JMP  0x00
000006 940c 0000 	JMP  0x00
000008 940c 0000 	JMP  0x00
00000a 940c 0000 	JMP  0x00
00000c 940c 0000 	JMP  0x00
00000e 940c 0097 	JMP  _timer1_compa_isr
000010 940c 0000 	JMP  0x00
000012 940c 0000 	JMP  0x00
000014 940c 0000 	JMP  0x00
000016 940c 0000 	JMP  0x00
000018 940c 0000 	JMP  0x00
00001a 940c 0000 	JMP  0x00
00001c 940c 0000 	JMP  0x00
00001e 940c 0000 	JMP  0x00
000020 940c 0000 	JMP  0x00
000022 940c 0000 	JMP  0x00
000024 940c 0000 	JMP  0x00
000026 940c 0000 	JMP  0x00
000028 940c 0000 	JMP  0x00
                 
                 ;GLOBAL REGISTER VARIABLES INITIALIZATION
                 __REG_VARS:
00002a 3233
00002b 3538      	.DB  0x33,0x32,0x38,0x35
00002c 3030
00002d 3000      	.DB  0x30,0x30,0x0,0x30
                 
                 _0x0:
00002e 434c
00002f 2044
000030 6c43
000031 636f      	.DB  0x4C,0x43,0x44,0x20,0x43,0x6C,0x6F,0x63
000032 006b
000033 003a      	.DB  0x6B,0x0,0x3A,0x0
                 _0x2000060:
D:\University\Microprocessor lab\second\lab6\Debug\List\lab6.asm(1137): warning: .cseg .db misalignment - padding zero byte
000034 0001      	.DB  0x1
                 _0x2000000:
000035 4e2d
000036 4e41
000037 4900
000038 464e      	.DB  0x2D,0x4E,0x41,0x4E,0x0,0x49,0x4E,0x46
D:\University\Microprocessor lab\second\lab6\Debug\List\lab6.asm(1140): warning: .cseg .db misalignment - padding zero byte
000039 0000      	.DB  0x0
                 _0x2020003:
00003a c080      	.DB  0x80,0xC0
                 
                 __GLOBAL_INI_TBL:
00003b 0008      	.DW  0x08
00003c 0004      	.DW  0x04
00003d 0054      	.DW  __REG_VARS*2
                 
00003e 000a      	.DW  0x0A
00003f 0260      	.DW  _0x11
000040 005c      	.DW  _0x0*2
                 
000041 0002      	.DW  0x02
000042 026a      	.DW  _0x11+10
000043 0066      	.DW  _0x0*2+10
                 
000044 0002      	.DW  0x02
000045 026c      	.DW  _0x11+12
000046 0066      	.DW  _0x0*2+10
                 
000047 0002      	.DW  0x02
000048 026e      	.DW  _0x11+14
000049 0066      	.DW  _0x0*2+10
                 
00004a 0001      	.DW  0x01
00004b 0270      	.DW  __seed_G100
00004c 0068      	.DW  _0x2000060*2
                 
00004d 0002      	.DW  0x02
00004e 0274      	.DW  __base_y_G101
00004f 0074      	.DW  _0x2020003*2
                 
                 _0xFFFFFFFF:
000050 0000      	.DW  0
                 
                 #define __GLOBAL_INI_TBL_PRESENT 1
                 
                 __RESET:
000051 94f8      	CLI
000052 27ee      	CLR  R30
000053 bbec      	OUT  EECR,R30
                 
                 ;INTERRUPT VECTORS ARE PLACED
                 ;AT THE START OF FLASH
000054 e0f1      	LDI  R31,1
000055 bffb      	OUT  GICR,R31
000056 bfeb      	OUT  GICR,R30
000057 bfe5      	OUT  MCUCR,R30
                 
                 ;CLEAR R2-R14
000058 e08d      	LDI  R24,(14-2)+1
000059 e0a2      	LDI  R26,2
00005a 27bb      	CLR  R27
                 __CLEAR_REG:
00005b 93ed      	ST   X+,R30
00005c 958a      	DEC  R24
00005d f7e9      	BRNE __CLEAR_REG
                 
                 ;CLEAR SRAM
00005e e080      	LDI  R24,LOW(__CLEAR_SRAM_SIZE)
00005f e098      	LDI  R25,HIGH(__CLEAR_SRAM_SIZE)
000060 e6a0      	LDI  R26,__SRAM_START
                 __CLEAR_SRAM:
000061 93ed      	ST   X+,R30
000062 9701      	SBIW R24,1
000063 f7e9      	BRNE __CLEAR_SRAM
                 
                 ;GLOBAL VARIABLES INITIALIZATION
000064 e7e6      	LDI  R30,LOW(__GLOBAL_INI_TBL*2)
000065 e0f0      	LDI  R31,HIGH(__GLOBAL_INI_TBL*2)
                 __GLOBAL_INI_NEXT:
000066 9185      	LPM  R24,Z+
000067 9195      	LPM  R25,Z+
000068 9700      	SBIW R24,0
000069 f061      	BREQ __GLOBAL_INI_END
00006a 91a5      	LPM  R26,Z+
00006b 91b5      	LPM  R27,Z+
00006c 9005      	LPM  R0,Z+
00006d 9015      	LPM  R1,Z+
00006e 01bf      	MOVW R22,R30
00006f 01f0      	MOVW R30,R0
                 __GLOBAL_INI_LOOP:
000070 9005      	LPM  R0,Z+
000071 920d      	ST   X+,R0
000072 9701      	SBIW R24,1
000073 f7e1      	BRNE __GLOBAL_INI_LOOP
000074 01fb      	MOVW R30,R22
000075 cff0      	RJMP __GLOBAL_INI_NEXT
                 __GLOBAL_INI_END:
                 
                 ;HARDWARE STACK POINTER INITIALIZATION
000076 e5ef      	LDI  R30,LOW(__SRAM_END-__HEAP_SIZE)
000077 bfed      	OUT  SPL,R30
000078 e0e8      	LDI  R30,HIGH(__SRAM_END-__HEAP_SIZE)
000079 bfee      	OUT  SPH,R30
                 
                 ;DATA STACK POINTER INITIALIZATION
00007a e6c0      	LDI  R28,LOW(__SRAM_START+__DSTACK_SIZE)
00007b e0d2      	LDI  R29,HIGH(__SRAM_START+__DSTACK_SIZE)
                 
00007c 940c 00d2 	JMP  _main
                 
                 	.ESEG
                 	.ORG 0
                 
                 	.DSEG
                 	.ORG 0x260
                 
                 	.CSEG
                 ;/*******************************************************
                 ;This program was created by the
                 ;CodeWizardAVR V3.12 Advanced
                 ;Automatic Program Generator
                 ;© Copyright 1998-2014 Pavel Haiduc, HP InfoTech s.r.l.
                 ;http://www.hpinfotech.com
                 ;
                 ;Project :
                 ;Version :
                 ;Date    :
                 ;Author  : Zahra Hosseini 96531226
                 ;Company :
                 ;Comments:
                 ;
                 ;
                 ;Chip type               : ATmega32
                 ;Program type            : Application
                 ;AVR Core Clock frequency: 8.000000 MHz
                 ;Memory model            : Small
                 ;External RAM size       : 0
                 ;Data Stack size         : 512
                 ;*******************************************************/
                 ;
                 ;#include <mega32.h>
                 	#ifndef __SLEEP_DEFINED__
                 	#define __SLEEP_DEFINED__
                 	.EQU __se_bit=0x80
                 	.EQU __sm_mask=0x70
                 	.EQU __sm_powerdown=0x20
                 	.EQU __sm_powersave=0x30
                 	.EQU __sm_standby=0x60
                 	.EQU __sm_ext_standby=0x70
                 	.EQU __sm_adc_noise_red=0x10
                 	.SET power_ctrl_reg=mcucr
                 	#endif
                 ;#include <stdlib.h>
                 ;#include <delay.h>
                 ;#include <alcd.h>
                 ;// Alphanumeric LCD functions
                 ;
                 ;
                 ;
                 ;unsigned char TensHour = 50;
                 ;unsigned char OnesHour = 51;
                 ;unsigned char TensMin = 53;
                 ;unsigned char OnesMin = 56;
                 ;unsigned char TensSec = 48;
                 ;unsigned char OnesSec = 48;
                 ;unsigned char decSec = 48;
                 ;// Declare your global variables here
                 ;
                 ;void DigitalClock(int x, int y, int z)
                 ; 0000 002A {
                 
                 	.CSEG
                 _DigitalClock:
                 ; .FSTART _DigitalClock
                 ; 0000 002B     if (x == 48)
00007e 93ba      	ST   -Y,R27
00007f 93aa      	ST   -Y,R26
                 ;	x -> Y+4
                 ;	y -> Y+2
                 ;	z -> Y+0
000080 81ac      	LDD  R26,Y+4
000081 81bd      	LDD  R27,Y+4+1
000082 97d0      	SBIW R26,48
000083 f441      	BRNE _0x3
                 ; 0000 002C     {
                 ; 0000 002D         lcd_gotoxy(z,1);
000084 81e8      	LD   R30,Y
000085 940e 01da 	CALL SUBOPT_0x0
                 ; 0000 002E         lcd_putchar(y);
000087 81aa      	LDD  R26,Y+2
000088 940e 01de 	CALL SUBOPT_0x1
                 ; 0000 002F         lcd_gotoxy(z + 1,1);
                 ; 0000 0030         lcd_putchar(' ');
00008a e2a0      	LDI  R26,LOW(32)
00008b c007      	RJMP _0x13
                 ; 0000 0031     }
                 ; 0000 0032     else
                 _0x3:
                 ; 0000 0033     {
                 ; 0000 0034         lcd_gotoxy(z,1);
00008c 81e8      	LD   R30,Y
00008d 940e 01da 	CALL SUBOPT_0x0
                 ; 0000 0035         lcd_putchar(x);
00008f 81ac      	LDD  R26,Y+4
000090 940e 01de 	CALL SUBOPT_0x1
                 ; 0000 0036         lcd_gotoxy(z + 1,1);
                 ; 0000 0037         lcd_putchar(y);
000092 81aa      	LDD  R26,Y+2
                 _0x13:
000093 940e 0186 	CALL _lcd_putchar
                 ; 0000 0038     }
                 ; 0000 0039 }
000095 9626      	ADIW R28,6
000096 9508      	RET
                 ; .FEND
                 ;
                 ;
                 ;
                 ;// Timer1 output compare A interrupt service routine
                 ;interrupt [TIM1_COMPA] void timer1_compa_isr(void)
                 ; 0000 003F {
                 _timer1_compa_isr:
                 ; .FSTART _timer1_compa_isr
000097 93ea      	ST   -Y,R30
000098 b7ef      	IN   R30,SREG
000099 93ea      	ST   -Y,R30
                 ; 0000 0040 // Place your code here
                 ; 0000 0041     decSec++;
00009a 94b3      	INC  R11
                 ; 0000 0042 
                 ; 0000 0043     if (decSec == 58)
00009b e3ea      	LDI  R30,LOW(58)
00009c 15eb      	CP   R30,R11
00009d f581      	BRNE _0x5
                 ; 0000 0044     {
                 ; 0000 0045         decSec = 48;
00009e e3e0      	LDI  R30,LOW(48)
00009f 2ebe      	MOV  R11,R30
                 ; 0000 0046         OnesSec++;
0000a0 9483      	INC  R8
                 ; 0000 0047 
                 ; 0000 0048         if (OnesSec == 58)
0000a1 e3ea      	LDI  R30,LOW(58)
0000a2 15e8      	CP   R30,R8
0000a3 f551      	BRNE _0x6
                 ; 0000 0049         {
                 ; 0000 004A             OnesSec = 48;
0000a4 e3e0      	LDI  R30,LOW(48)
0000a5 2e8e      	MOV  R8,R30
                 ; 0000 004B             TensSec++;
0000a6 9493      	INC  R9
                 ; 0000 004C 
                 ; 0000 004D             if (TensSec == 54)
0000a7 e3e6      	LDI  R30,LOW(54)
0000a8 15e9      	CP   R30,R9
0000a9 f521      	BRNE _0x7
                 ; 0000 004E             {
                 ; 0000 004F                 TensSec = 48;
0000aa e3e0      	LDI  R30,LOW(48)
0000ab 2e9e      	MOV  R9,R30
                 ; 0000 0050                 OnesMin++;
0000ac 9463      	INC  R6
                 ; 0000 0051 
                 ; 0000 0052                 if (OnesMin == 58)
0000ad e3ea      	LDI  R30,LOW(58)
0000ae 15e6      	CP   R30,R6
0000af f4f1      	BRNE _0x8
                 ; 0000 0053                 {
                 ; 0000 0054                     OnesMin = 48;
0000b0 e3e0      	LDI  R30,LOW(48)
0000b1 2e6e      	MOV  R6,R30
                 ; 0000 0055                     TensMin++;
0000b2 9473      	INC  R7
                 ; 0000 0056 
                 ; 0000 0057                     if (TensMin == 54)
0000b3 e3e6      	LDI  R30,LOW(54)
0000b4 15e7      	CP   R30,R7
0000b5 f4c1      	BRNE _0x9
                 ; 0000 0058                     {
                 ; 0000 0059                         TensMin = 48;
0000b6 e3e0      	LDI  R30,LOW(48)
0000b7 2e7e      	MOV  R7,R30
                 ; 0000 005A                         OnesHour++;
0000b8 9443      	INC  R4
                 ; 0000 005B 
                 ; 0000 005C                         if ((TensHour == 50) && (OnesHour == 52))
0000b9 e3e2      	LDI  R30,LOW(50)
0000ba 15e5      	CP   R30,R5
0000bb f419      	BRNE _0xB
0000bc e3e4      	LDI  R30,LOW(52)
0000bd 15e4      	CP   R30,R4
0000be f009      	BREQ _0xC
                 _0xB:
0000bf c008      	RJMP _0xA
                 _0xC:
                 ; 0000 005D                         {
                 ; 0000 005E                             TensHour = 48;
0000c0 e3e0      	LDI  R30,LOW(48)
0000c1 2e5e      	MOV  R5,R30
                 ; 0000 005F                             OnesHour = 48;
0000c2 2e4e      	MOV  R4,R30
                 ; 0000 0060                             TensMin = 48;
0000c3 2e7e      	MOV  R7,R30
                 ; 0000 0061                             OnesMin = 48;
0000c4 2e6e      	MOV  R6,R30
                 ; 0000 0062                             TensSec = 48;
0000c5 2e9e      	MOV  R9,R30
                 ; 0000 0063                             OnesSec = 48;
0000c6 2e8e      	MOV  R8,R30
                 ; 0000 0064                             return;
0000c7 c006      	RJMP _0x14
                 ; 0000 0065                         }
                 ; 0000 0066                         if (OnesHour == 58)
                 _0xA:
0000c8 e3ea      	LDI  R30,LOW(58)
0000c9 15e4      	CP   R30,R4
0000ca f419      	BRNE _0xD
                 ; 0000 0067                         {
                 ; 0000 0068                             OnesHour = 48;
0000cb e3e0      	LDI  R30,LOW(48)
0000cc 2e4e      	MOV  R4,R30
                 ; 0000 0069                             TensHour++;
0000cd 9453      	INC  R5
                 ; 0000 006A                         }
                 ; 0000 006B                     }
                 _0xD:
                 ; 0000 006C                 }
                 _0x9:
                 ; 0000 006D             }
                 _0x8:
                 ; 0000 006E         }
                 _0x7:
                 ; 0000 006F     }
                 _0x6:
                 ; 0000 0070 }
                 _0x5:
                 _0x14:
0000ce 91e9      	LD   R30,Y+
0000cf bfef      	OUT  SREG,R30
0000d0 91e9      	LD   R30,Y+
0000d1 9518      	RETI
                 ; .FEND
                 ;
                 ;void main(void)
                 ; 0000 0073 {
                 _main:
                 ; .FSTART _main
                 ; 0000 0074 // Declare your local variables here
                 ; 0000 0075 
                 ; 0000 0076 // Input/Output Ports initialization
                 ; 0000 0077 // Port A initialization
                 ; 0000 0078 // Function: Bit7=In Bit6=In Bit5=In Bit4=In Bit3=In Bit2=In Bit1=In Bit0=In
                 ; 0000 0079 DDRA=(0<<DDA7) | (0<<DDA6) | (0<<DDA5) | (0<<DDA4) | (0<<DDA3) | (0<<DDA2) | (0<<DDA1) | (0<<DDA0);
0000d2 e0e0      	LDI  R30,LOW(0)
0000d3 bbea      	OUT  0x1A,R30
                 ; 0000 007A // State: Bit7=T Bit6=T Bit5=T Bit4=T Bit3=T Bit2=T Bit1=T Bit0=T
                 ; 0000 007B PORTA=(0<<PORTA7) | (0<<PORTA6) | (0<<PORTA5) | (0<<PORTA4) | (0<<PORTA3) | (0<<PORTA2) | (0<<PORTA1) | (0<<PORTA0);
0000d4 bbeb      	OUT  0x1B,R30
                 ; 0000 007C 
                 ; 0000 007D // Port B initialization
                 ; 0000 007E // Function: Bit7=In Bit6=In Bit5=In Bit4=In Bit3=In Bit2=In Bit1=In Bit0=In
                 ; 0000 007F DDRB=(0<<DDB7) | (0<<DDB6) | (0<<DDB5) | (0<<DDB4) | (0<<DDB3) | (0<<DDB2) | (0<<DDB1) | (0<<DDB0);
0000d5 bbe7      	OUT  0x17,R30
                 ; 0000 0080 // State: Bit7=T Bit6=T Bit5=T Bit4=T Bit3=T Bit2=T Bit1=T Bit0=T
                 ; 0000 0081 PORTB=(0<<PORTB7) | (0<<PORTB6) | (0<<PORTB5) | (0<<PORTB4) | (0<<PORTB3) | (0<<PORTB2) | (0<<PORTB1) | (0<<PORTB0);
0000d6 bbe8      	OUT  0x18,R30
                 ; 0000 0082 
                 ; 0000 0083 // Port C initialization
                 ; 0000 0084 // Function: Bit7=In Bit6=In Bit5=In Bit4=In Bit3=In Bit2=In Bit1=In Bit0=In
                 ; 0000 0085 DDRC=(0<<DDC7) | (0<<DDC6) | (0<<DDC5) | (0<<DDC4) | (0<<DDC3) | (0<<DDC2) | (0<<DDC1) | (0<<DDC0);
0000d7 bbe4      	OUT  0x14,R30
                 ; 0000 0086 // State: Bit7=T Bit6=T Bit5=T Bit4=T Bit3=T Bit2=T Bit1=T Bit0=T
                 ; 0000 0087 PORTC=(0<<PORTC7) | (0<<PORTC6) | (0<<PORTC5) | (0<<PORTC4) | (0<<PORTC3) | (0<<PORTC2) | (0<<PORTC1) | (0<<PORTC0);
0000d8 bbe5      	OUT  0x15,R30
                 ; 0000 0088 
                 ; 0000 0089 // Port D initialization
                 ; 0000 008A // Function: Bit7=In Bit6=In Bit5=In Bit4=In Bit3=In Bit2=In Bit1=In Bit0=In
                 ; 0000 008B DDRD=(0<<DDD7) | (0<<DDD6) | (0<<DDD5) | (0<<DDD4) | (0<<DDD3) | (0<<DDD2) | (0<<DDD1) | (0<<DDD0);
0000d9 bbe1      	OUT  0x11,R30
                 ; 0000 008C // State: Bit7=T Bit6=T Bit5=T Bit4=T Bit3=T Bit2=T Bit1=T Bit0=T
                 ; 0000 008D PORTD=(0<<PORTD7) | (0<<PORTD6) | (0<<PORTD5) | (0<<PORTD4) | (0<<PORTD3) | (0<<PORTD2) | (0<<PORTD1) | (0<<PORTD0);
0000da bbe2      	OUT  0x12,R30
                 ; 0000 008E 
                 ; 0000 008F // Timer/Counter 0 initialization
                 ; 0000 0090 // Clock source: System Clock
                 ; 0000 0091 // Clock value: Timer 0 Stopped
                 ; 0000 0092 // Mode: Normal top=0xFF
                 ; 0000 0093 // OC0 output: Disconnected
                 ; 0000 0094 TCCR0=(0<<WGM00) | (0<<COM01) | (0<<COM00) | (0<<WGM01) | (0<<CS02) | (0<<CS01) | (0<<CS00);
0000db bfe3      	OUT  0x33,R30
                 ; 0000 0095 TCNT0=0x00;
0000dc bfe2      	OUT  0x32,R30
                 ; 0000 0096 OCR0=0x00;
0000dd bfec      	OUT  0x3C,R30
                 ; 0000 0097 
                 ; 0000 0098 // Timer/Counter 1 initialization
                 ; 0000 0099 // Clock source: System Clock
                 ; 0000 009A // Clock value: 31.250 kHz
                 ; 0000 009B // Mode: CTC top=OCR1A
                 ; 0000 009C // OC1A output: Disconnected
                 ; 0000 009D // OC1B output: Disconnected
                 ; 0000 009E // Noise Canceler: Off
                 ; 0000 009F // Input Capture on Falling Edge
                 ; 0000 00A0 // Timer Period: 0.10003 s
                 ; 0000 00A1 // Timer1 Overflow Interrupt: Off
                 ; 0000 00A2 // Input Capture Interrupt: Off
                 ; 0000 00A3 // Compare A Match Interrupt: On
                 ; 0000 00A4 // Compare B Match Interrupt: Off
                 ; 0000 00A5 TCCR1A=(0<<COM1A1) | (0<<COM1A0) | (0<<COM1B1) | (0<<COM1B0) | (0<<WGM11) | (0<<WGM10);
0000de bdef      	OUT  0x2F,R30
                 ; 0000 00A6 TCCR1B=(0<<ICNC1) | (0<<ICES1) | (0<<WGM13) | (1<<WGM12) | (1<<CS12) | (0<<CS11) | (0<<CS10);
0000df e0ec      	LDI  R30,LOW(12)
0000e0 bdee      	OUT  0x2E,R30
                 ; 0000 00A7 TCNT1H=0x00;
0000e1 e0e0      	LDI  R30,LOW(0)
0000e2 bded      	OUT  0x2D,R30
                 ; 0000 00A8 TCNT1L=0x00;
0000e3 bdec      	OUT  0x2C,R30
                 ; 0000 00A9 ICR1H=0x00;
0000e4 bde7      	OUT  0x27,R30
                 ; 0000 00AA ICR1L=0x00;
0000e5 bde6      	OUT  0x26,R30
                 ; 0000 00AB OCR1AH=0x0C;
0000e6 e0ec      	LDI  R30,LOW(12)
0000e7 bdeb      	OUT  0x2B,R30
                 ; 0000 00AC OCR1AL=0x35;
0000e8 e3e5      	LDI  R30,LOW(53)
0000e9 bdea      	OUT  0x2A,R30
                 ; 0000 00AD OCR1BH=0x00;
0000ea e0e0      	LDI  R30,LOW(0)
0000eb bde9      	OUT  0x29,R30
                 ; 0000 00AE OCR1BL=0x00;
0000ec bde8      	OUT  0x28,R30
                 ; 0000 00AF 
                 ; 0000 00B0 // Timer/Counter 2 initialization
                 ; 0000 00B1 // Clock source: System Clock
                 ; 0000 00B2 // Clock value: Timer2 Stopped
                 ; 0000 00B3 // Mode: Normal top=0xFF
                 ; 0000 00B4 // OC2 output: Disconnected
                 ; 0000 00B5 ASSR=0<<AS2;
0000ed bde2      	OUT  0x22,R30
                 ; 0000 00B6 TCCR2=(0<<PWM2) | (0<<COM21) | (0<<COM20) | (0<<CTC2) | (0<<CS22) | (0<<CS21) | (0<<CS20);
0000ee bde5      	OUT  0x25,R30
                 ; 0000 00B7 TCNT2=0x00;
0000ef bde4      	OUT  0x24,R30
                 ; 0000 00B8 OCR2=0x00;
0000f0 bde3      	OUT  0x23,R30
                 ; 0000 00B9 
                 ; 0000 00BA // Timer(s)/Counter(s) Interrupt(s) initialization
                 ; 0000 00BB TIMSK=(0<<OCIE2) | (0<<TOIE2) | (0<<TICIE1) | (1<<OCIE1A) | (0<<OCIE1B) | (0<<TOIE1) | (0<<OCIE0) | (0<<TOIE0);
0000f1 e1e0      	LDI  R30,LOW(16)
0000f2 bfe9      	OUT  0x39,R30
                 ; 0000 00BC 
                 ; 0000 00BD // External Interrupt(s) initialization
                 ; 0000 00BE // INT0: Off
                 ; 0000 00BF // INT1: Off
                 ; 0000 00C0 // INT2: Off
                 ; 0000 00C1 MCUCR=(0<<ISC11) | (0<<ISC10) | (0<<ISC01) | (0<<ISC00);
0000f3 e0e0      	LDI  R30,LOW(0)
0000f4 bfe5      	OUT  0x35,R30
                 ; 0000 00C2 MCUCSR=(0<<ISC2);
0000f5 bfe4      	OUT  0x34,R30
                 ; 0000 00C3 
                 ; 0000 00C4 // USART initialization
                 ; 0000 00C5 // USART disabled
                 ; 0000 00C6 UCSRB=(0<<RXCIE) | (0<<TXCIE) | (0<<UDRIE) | (0<<RXEN) | (0<<TXEN) | (0<<UCSZ2) | (0<<RXB8) | (0<<TXB8);
0000f6 b9ea      	OUT  0xA,R30
                 ; 0000 00C7 
                 ; 0000 00C8 // Analog Comparator initialization
                 ; 0000 00C9 // Analog Comparator: Off
                 ; 0000 00CA // The Analog Comparator's positive input is
                 ; 0000 00CB // connected to the AIN0 pin
                 ; 0000 00CC // The Analog Comparator's negative input is
                 ; 0000 00CD // connected to the AIN1 pin
                 ; 0000 00CE ACSR=(1<<ACD) | (0<<ACBG) | (0<<ACO) | (0<<ACI) | (0<<ACIE) | (0<<ACIC) | (0<<ACIS1) | (0<<ACIS0);
0000f7 e8e0      	LDI  R30,LOW(128)
0000f8 b9e8      	OUT  0x8,R30
                 ; 0000 00CF SFIOR=(0<<ACME);
0000f9 e0e0      	LDI  R30,LOW(0)
0000fa bfe0      	OUT  0x30,R30
                 ; 0000 00D0 
                 ; 0000 00D1 // ADC initialization
                 ; 0000 00D2 // ADC disabled
                 ; 0000 00D3 ADCSRA=(0<<ADEN) | (0<<ADSC) | (0<<ADATE) | (0<<ADIF) | (0<<ADIE) | (0<<ADPS2) | (0<<ADPS1) | (0<<ADPS0);
0000fb b9e6      	OUT  0x6,R30
                 ; 0000 00D4 
                 ; 0000 00D5 // SPI initialization
                 ; 0000 00D6 // SPI disabled
                 ; 0000 00D7 SPCR=(0<<SPIE) | (0<<SPE) | (0<<DORD) | (0<<MSTR) | (0<<CPOL) | (0<<CPHA) | (0<<SPR1) | (0<<SPR0);
0000fc b9ed      	OUT  0xD,R30
                 ; 0000 00D8 
                 ; 0000 00D9 // TWI initialization
                 ; 0000 00DA // TWI disabled
                 ; 0000 00DB TWCR=(0<<TWEA) | (0<<TWSTA) | (0<<TWSTO) | (0<<TWEN) | (0<<TWIE);
0000fd bfe6      	OUT  0x36,R30
                 ; 0000 00DC 
                 ; 0000 00DD // Alphanumeric LCD initialization
                 ; 0000 00DE // Connections are specified in the
                 ; 0000 00DF // Project|Configure|C Compiler|Libraries|Alphanumeric LCD menu:
                 ; 0000 00E0 // RS - PORTC Bit 0
                 ; 0000 00E1 // RD - PORTC Bit 1
                 ; 0000 00E2 // EN - PORTC Bit 2
                 ; 0000 00E3 // D4 - PORTC Bit 4
                 ; 0000 00E4 // D5 - PORTC Bit 5
                 ; 0000 00E5 // D6 - PORTC Bit 6
                 ; 0000 00E6 // D7 - PORTC Bit 7
                 ; 0000 00E7 // Characters/line: 16
                 ; 0000 00E8 lcd_init(16);
0000fe e1a0      	LDI  R26,LOW(16)
0000ff 940e 01ac 	CALL _lcd_init
                 ; 0000 00E9 
                 ; 0000 00EA 
                 ; 0000 00EB // Global enable interrupts
                 ; 0000 00EC #asm("sei")
000101 9478      	sei
                 ; 0000 00ED 
                 ; 0000 00EE while (1)
                 _0xE:
                 ; 0000 00EF       {
                 ; 0000 00F0 
                 ; 0000 00F1          lcd_gotoxy(4,0);
000102 e0e4      	LDI  R30,LOW(4)
000103 93ea      	ST   -Y,R30
000104 e0a0      	LDI  R26,LOW(0)
000105 940e 016d 	CALL _lcd_gotoxy
                 ; 0000 00F2       lcd_puts("LCD Clock");
                +
000107 e6a0     +LDI R26 , LOW ( _0x11 + ( 0 ) )
000108 e0b2     +LDI R27 , HIGH ( _0x11 + ( 0 ) )
                 	__POINTW2MN _0x11,0
000109 940e 019b 	CALL _lcd_puts
                 ; 0000 00F3 
                 ; 0000 00F4       DigitalClock(TensHour, OnesHour, 3);
00010b 2de5      	MOV  R30,R5
00010c e0f0      	LDI  R31,0
00010d 93fa      	ST   -Y,R31
00010e 93ea      	ST   -Y,R30
00010f 2de4      	MOV  R30,R4
000110 e0f0      	LDI  R31,0
000111 93fa      	ST   -Y,R31
000112 93ea      	ST   -Y,R30
000113 e0a3      	LDI  R26,LOW(3)
000114 e0b0      	LDI  R27,0
000115 df68      	RCALL _DigitalClock
                 ; 0000 00F5     lcd_gotoxy(5,1);
000116 e0e5      	LDI  R30,LOW(5)
000117 940e 01da 	CALL SUBOPT_0x0
                 ; 0000 00F6     lcd_puts(":");
                +
000119 e6aa     +LDI R26 , LOW ( _0x11 + ( 10 ) )
00011a e0b2     +LDI R27 , HIGH ( _0x11 + ( 10 ) )
                 	__POINTW2MN _0x11,10
00011b 940e 019b 	CALL _lcd_puts
                 ; 0000 00F7 
                 ; 0000 00F8     DigitalClock(TensMin, OnesMin, 6);
00011d 2de7      	MOV  R30,R7
00011e e0f0      	LDI  R31,0
00011f 93fa      	ST   -Y,R31
000120 93ea      	ST   -Y,R30
000121 2de6      	MOV  R30,R6
000122 e0f0      	LDI  R31,0
000123 93fa      	ST   -Y,R31
000124 93ea      	ST   -Y,R30
000125 e0a6      	LDI  R26,LOW(6)
000126 e0b0      	LDI  R27,0
000127 df56      	RCALL _DigitalClock
                 ; 0000 00F9     lcd_gotoxy(8,1);
000128 e0e8      	LDI  R30,LOW(8)
000129 940e 01da 	CALL SUBOPT_0x0
                 ; 0000 00FA     lcd_puts(":");
                +
00012b e6ac     +LDI R26 , LOW ( _0x11 + ( 12 ) )
00012c e0b2     +LDI R27 , HIGH ( _0x11 + ( 12 ) )
                 	__POINTW2MN _0x11,12
00012d 940e 019b 	CALL _lcd_puts
                 ; 0000 00FB 
                 ; 0000 00FC     DigitalClock(TensSec, OnesSec, 9);
00012f 2de9      	MOV  R30,R9
000130 e0f0      	LDI  R31,0
000131 93fa      	ST   -Y,R31
000132 93ea      	ST   -Y,R30
000133 2de8      	MOV  R30,R8
000134 e0f0      	LDI  R31,0
000135 93fa      	ST   -Y,R31
000136 93ea      	ST   -Y,R30
000137 e0a9      	LDI  R26,LOW(9)
000138 e0b0      	LDI  R27,0
000139 df44      	RCALL _DigitalClock
                 ; 0000 00FD     lcd_gotoxy(11,1);
00013a e0eb      	LDI  R30,LOW(11)
00013b 940e 01da 	CALL SUBOPT_0x0
                 ; 0000 00FE     lcd_puts(":");
                +
00013d e6ae     +LDI R26 , LOW ( _0x11 + ( 14 ) )
00013e e0b2     +LDI R27 , HIGH ( _0x11 + ( 14 ) )
                 	__POINTW2MN _0x11,14
00013f 940e 019b 	CALL _lcd_puts
                 ; 0000 00FF 
                 ; 0000 0100     lcd_gotoxy(12,1);
000141 e0ec      	LDI  R30,LOW(12)
000142 940e 01da 	CALL SUBOPT_0x0
                 ; 0000 0101     lcd_putchar(decSec);
000144 2dab      	MOV  R26,R11
000145 940e 0186 	CALL _lcd_putchar
                 ; 0000 0102 
                 ; 0000 0103     delay_ms(50);
000147 e3a2      	LDI  R26,LOW(50)
000148 e0b0      	LDI  R27,0
000149 940e 01f1 	CALL _delay_ms
                 ; 0000 0104       }
00014b cfb6      	RJMP _0xE
                 ; 0000 0105 }
                 _0x12:
00014c cfff      	RJMP _0x12
                 ; .FEND
                 
                 	.DSEG
                 _0x11:
000260           	.BYTE 0x10
                 
                 	.CSEG
                 
                 	.DSEG
                 
                 	.CSEG
                 	#ifndef __SLEEP_DEFINED__
                 	#endif
                 
                 	.DSEG
                 
                 	.CSEG
                 __lcd_write_nibble_G101:
                 ; .FSTART __lcd_write_nibble_G101
00014d 93aa      	ST   -Y,R26
00014e b3e5      	IN   R30,0x15
00014f 70ef      	ANDI R30,LOW(0xF)
000150 2fae      	MOV  R26,R30
000151 81e8      	LD   R30,Y
000152 7fe0      	ANDI R30,LOW(0xF0)
000153 2bea      	OR   R30,R26
000154 bbe5      	OUT  0x15,R30
                +
000155 e08d     +LDI R24 , LOW ( 13 )
                +__DELAY_USB_LOOP :
000156 958a     +DEC R24
000157 f7f1     +BRNE __DELAY_USB_LOOP
                 	__DELAY_USB 13
000158 9aaa      	SBI  0x15,2
                +
000159 e08d     +LDI R24 , LOW ( 13 )
                +__DELAY_USB_LOOP :
00015a 958a     +DEC R24
00015b f7f1     +BRNE __DELAY_USB_LOOP
                 	__DELAY_USB 13
00015c 98aa      	CBI  0x15,2
                +
00015d e08d     +LDI R24 , LOW ( 13 )
                +__DELAY_USB_LOOP :
00015e 958a     +DEC R24
00015f f7f1     +BRNE __DELAY_USB_LOOP
                 	__DELAY_USB 13
000160 c077      	RJMP _0x20A0001
                 ; .FEND
                 __lcd_write_data:
                 ; .FSTART __lcd_write_data
000161 93aa      	ST   -Y,R26
000162 81a8      	LD   R26,Y
000163 dfe9      	RCALL __lcd_write_nibble_G101
000164 81e8          ld    r30,y
000165 95e2          swap  r30
000166 83e8          st    y,r30
000167 81a8      	LD   R26,Y
000168 dfe4      	RCALL __lcd_write_nibble_G101
                +
000169 e885     +LDI R24 , LOW ( 133 )
                +__DELAY_USB_LOOP :
00016a 958a     +DEC R24
00016b f7f1     +BRNE __DELAY_USB_LOOP
                 	__DELAY_USB 133
00016c c06b      	RJMP _0x20A0001
                 ; .FEND
                 _lcd_gotoxy:
                 ; .FSTART _lcd_gotoxy
00016d 93aa      	ST   -Y,R26
00016e 81e8      	LD   R30,Y
00016f e0f0      	LDI  R31,0
000170 58ec      	SUBI R30,LOW(-__base_y_G101)
000171 4ffd      	SBCI R31,HIGH(-__base_y_G101)
000172 81e0      	LD   R30,Z
000173 81a9      	LDD  R26,Y+1
000174 0fae      	ADD  R26,R30
000175 dfeb      	RCALL __lcd_write_data
000176 80a9      	LDD  R10,Y+1
000177 80d8      	LDD  R13,Y+0
000178 9622      	ADIW R28,2
000179 9508      	RET
                 ; .FEND
                 _lcd_clear:
                 ; .FSTART _lcd_clear
00017a e0a2      	LDI  R26,LOW(2)
00017b 940e 01e3 	CALL SUBOPT_0x2
00017d e0ac      	LDI  R26,LOW(12)
00017e dfe2      	RCALL __lcd_write_data
00017f e0a1      	LDI  R26,LOW(1)
000180 940e 01e3 	CALL SUBOPT_0x2
000182 e0e0      	LDI  R30,LOW(0)
000183 2ede      	MOV  R13,R30
000184 2eae      	MOV  R10,R30
000185 9508      	RET
                 ; .FEND
                 _lcd_putchar:
                 ; .FSTART _lcd_putchar
000186 93aa      	ST   -Y,R26
000187 81a8      	LD   R26,Y
000188 30aa      	CPI  R26,LOW(0xA)
000189 f011      	BREQ _0x2020005
00018a 14ac      	CP   R10,R12
00018b f048      	BRLO _0x2020004
                 _0x2020005:
00018c e0e0      	LDI  R30,LOW(0)
00018d 93ea      	ST   -Y,R30
00018e 94d3      	INC  R13
00018f 2dad      	MOV  R26,R13
000190 dfdc      	RCALL _lcd_gotoxy
000191 81a8      	LD   R26,Y
000192 30aa      	CPI  R26,LOW(0xA)
000193 f409      	BRNE _0x2020007
000194 c043      	RJMP _0x20A0001
                 _0x2020007:
                 _0x2020004:
000195 94a3      	INC  R10
000196 9aa8      	SBI  0x15,0
000197 81a8      	LD   R26,Y
000198 dfc8      	RCALL __lcd_write_data
000199 98a8      	CBI  0x15,0
00019a c03d      	RJMP _0x20A0001
                 ; .FEND
                 _lcd_puts:
                 ; .FSTART _lcd_puts
00019b 93ba      	ST   -Y,R27
00019c 93aa      	ST   -Y,R26
00019d 931a      	ST   -Y,R17
                 _0x2020008:
00019e 81a9      	LDD  R26,Y+1
00019f 81ba      	LDD  R27,Y+1+1
0001a0 91ed      	LD   R30,X+
0001a1 83a9      	STD  Y+1,R26
0001a2 83ba      	STD  Y+1+1,R27
0001a3 2f1e      	MOV  R17,R30
0001a4 30e0      	CPI  R30,0
0001a5 f019      	BREQ _0x202000A
0001a6 2fa1      	MOV  R26,R17
0001a7 dfde      	RCALL _lcd_putchar
0001a8 cff5      	RJMP _0x2020008
                 _0x202000A:
0001a9 8118      	LDD  R17,Y+0
0001aa 9623      	ADIW R28,3
0001ab 9508      	RET
                 ; .FEND
                 _lcd_init:
                 ; .FSTART _lcd_init
0001ac 93aa      	ST   -Y,R26
0001ad b3e4      	IN   R30,0x14
0001ae 6fe0      	ORI  R30,LOW(0xF0)
0001af bbe4      	OUT  0x14,R30
0001b0 9aa2      	SBI  0x14,2
0001b1 9aa0      	SBI  0x14,0
0001b2 9aa1      	SBI  0x14,1
0001b3 98aa      	CBI  0x15,2
0001b4 98a8      	CBI  0x15,0
0001b5 98a9      	CBI  0x15,1
0001b6 80c8      	LDD  R12,Y+0
0001b7 81e8      	LD   R30,Y
0001b8 58e0      	SUBI R30,-LOW(128)
                +
0001b9 93e0 0276+STS __base_y_G101 + ( 2 ) , R30
                 	__PUTB1MN __base_y_G101,2
0001bb 81e8      	LD   R30,Y
0001bc 54e0      	SUBI R30,-LOW(192)
                +
0001bd 93e0 0277+STS __base_y_G101 + ( 3 ) , R30
                 	__PUTB1MN __base_y_G101,3
0001bf e1a4      	LDI  R26,LOW(20)
0001c0 e0b0      	LDI  R27,0
0001c1 940e 01f1 	CALL _delay_ms
0001c3 940e 01e9 	CALL SUBOPT_0x3
0001c5 940e 01e9 	CALL SUBOPT_0x3
0001c7 940e 01e9 	CALL SUBOPT_0x3
0001c9 e2a0      	LDI  R26,LOW(32)
0001ca df82      	RCALL __lcd_write_nibble_G101
                +
0001cb ec88     +LDI R24 , LOW ( 200 )
0001cc e090     +LDI R25 , HIGH ( 200 )
                +__DELAY_USW_LOOP :
0001cd 9701     +SBIW R24 , 1
0001ce f7f1     +BRNE __DELAY_USW_LOOP
                 	__DELAY_USW 200
0001cf e2a8      	LDI  R26,LOW(40)
0001d0 df90      	RCALL __lcd_write_data
0001d1 e0a4      	LDI  R26,LOW(4)
0001d2 df8e      	RCALL __lcd_write_data
0001d3 e8a5      	LDI  R26,LOW(133)
0001d4 df8c      	RCALL __lcd_write_data
0001d5 e0a6      	LDI  R26,LOW(6)
0001d6 df8a      	RCALL __lcd_write_data
0001d7 dfa2      	RCALL _lcd_clear
                 _0x20A0001:
0001d8 9621      	ADIW R28,1
0001d9 9508      	RET
                 ; .FEND
                 
                 	.CSEG
                 
                 	.CSEG
                 
                 	.CSEG
                 
                 	.DSEG
                 __seed_G100:
000270           	.BYTE 0x4
                 __base_y_G101:
000274           	.BYTE 0x4
                 
                 	.CSEG
                 ;OPTIMIZER ADDED SUBROUTINE, CALLED 8 TIMES, CODE SIZE REDUCTION:11 WORDS
                 SUBOPT_0x0:
0001da 93ea      	ST   -Y,R30
0001db e0a1      	LDI  R26,LOW(1)
0001dc 940c 016d 	JMP  _lcd_gotoxy
                 
                 ;OPTIMIZER ADDED SUBROUTINE, CALLED 2 TIMES, CODE SIZE REDUCTION:1 WORDS
                 SUBOPT_0x1:
0001de 940e 0186 	CALL _lcd_putchar
0001e0 81e8      	LD   R30,Y
0001e1 5fef      	SUBI R30,-LOW(1)
0001e2 cff7      	RJMP SUBOPT_0x0
                 
                 ;OPTIMIZER ADDED SUBROUTINE, CALLED 2 TIMES, CODE SIZE REDUCTION:1 WORDS
                 SUBOPT_0x2:
0001e3 940e 0161 	CALL __lcd_write_data
0001e5 e0a3      	LDI  R26,LOW(3)
0001e6 e0b0      	LDI  R27,0
0001e7 940c 01f1 	JMP  _delay_ms
                 
                 ;OPTIMIZER ADDED SUBROUTINE, CALLED 3 TIMES, CODE SIZE REDUCTION:7 WORDS
                 SUBOPT_0x3:
0001e9 e3a0      	LDI  R26,LOW(48)
0001ea 940e 014d 	CALL __lcd_write_nibble_G101
                +
0001ec ec88     +LDI R24 , LOW ( 200 )
0001ed e090     +LDI R25 , HIGH ( 200 )
                +__DELAY_USW_LOOP :
0001ee 9701     +SBIW R24 , 1
0001ef f7f1     +BRNE __DELAY_USW_LOOP
                 	__DELAY_USW 200
0001f0 9508      	RET
                 
                 
                 	.CSEG
                 _delay_ms:
0001f1 9610      	adiw r26,0
0001f2 f039      	breq __delay_ms1
                 __delay_ms0:
                +
0001f3 ed80     +LDI R24 , LOW ( 0x7D0 )
0001f4 e097     +LDI R25 , HIGH ( 0x7D0 )
                +__DELAY_USW_LOOP :
0001f5 9701     +SBIW R24 , 1
0001f6 f7f1     +BRNE __DELAY_USW_LOOP
                 	__DELAY_USW 0x7D0
0001f7 95a8      	wdr
0001f8 9711      	sbiw r26,1
0001f9 f7c9      	brne __delay_ms0
                 __delay_ms1:
0001fa 9508      	ret
                 
                 ;END OF CODE MARKER
                 __END_OF_CODE:


RESOURCE USE INFORMATION
------------------------

Notice:
The register and instruction counts are symbol table hit counts,
and hence implicitly used resources are not counted, eg, the
'lpm' instruction without operands implicitly uses r0 and z,
none of which are counted.

x,y,z are separate entities in the symbol table and are
counted separately from r26..r31 here.

.dseg memory usage only counts static data declared with .byte

ATmega32 register use summary:
r0 :   4 r1 :   1 r2 :   0 r3 :   0 r4 :   6 r5 :   4 r6 :   5 r7 :   5 
r8 :   5 r9 :   5 r10:   4 r11:   4 r12:   2 r13:   4 r14:   0 r15:   0 
r16:   0 r17:   4 r18:   0 r19:   0 r20:   0 r21:   0 r22:   2 r23:   0 
r24:  21 r25:   5 r26:  56 r27:  17 r28:   5 r29:   1 r30: 153 r31:  17 
x  :   4 y  :  57 z  :   8 
Registers used: 25 out of 35 (71.4%)

ATmega32 instruction use summary:
.lds  :   0 .lds.l:   0 .sts  :   0 .sts.l:   0 adc   :   0 add   :   1 
adiw  :   5 and   :   0 andi  :   2 asr   :   0 bclr  :   0 bld   :   0 
brbc  :   0 brbs  :   0 brcc  :   0 brcs  :   0 break :   0 breq  :   5 
brge  :   0 brhc  :   0 brhs  :   0 brid  :   0 brie  :   0 brlo  :   1 
brlt  :   0 brmi  :   0 brne  :  20 brpl  :   0 brsh  :   0 brtc  :   0 
brts  :   0 brvc  :   0 brvs  :   0 bset  :   0 bst   :   0 call  :  26 
cbi   :   5 cbr   :   0 clc   :   0 clh   :   0 cli   :   1 cln   :   0 
clr   :   2 cls   :   0 clt   :   0 clv   :   0 clz   :   0 com   :   0 
cp    :   9 cpc   :   0 cpi   :   3 cpse  :   0 dec   :   5 des   :   0 
eor   :   0 fmul  :   0 fmuls :   0 fmulsu:   0 icall :   0 ijmp  :   0 
in    :   3 inc   :   9 jmp   :  24 ld    :  17 ldd   :  12 ldi   :  94 
lds   :   0 lpm   :   7 lsl   :   0 lsr   :   0 mov   :  25 movw  :   3 
mul   :   0 muls  :   0 mulsu :   0 neg   :   0 nop   :   0 or    :   1 
ori   :   1 out   :  43 pop   :   0 push  :   0 rcall :  16 ret   :   7 
reti  :   1 rjmp  :  12 rol   :   0 ror   :   0 sbc   :   0 sbci  :   1 
sbi   :   5 sbic  :   0 sbis  :   0 sbiw  :   8 sbr   :   0 sbrc  :   0 
sbrs  :   0 sec   :   0 seh   :   0 sei   :   1 sen   :   0 ser   :   0 
ses   :   0 set   :   0 sev   :   0 sez   :   0 sleep :   0 spm   :   0 
st    :  31 std   :   2 sts   :   2 sub   :   0 subi  :   4 swap  :   1 
tst   :   0 wdr   :   1 
Instructions used: 39 out of 116 (33.6%)

ATmega32 memory use summary [bytes]:
Segment   Begin    End      Code   Data   Used    Size   Use%
---------------------------------------------------------------
[.cseg] 0x000000 0x0003f6    936     78   1014   32768   3.1%
[.dseg] 0x000060 0x000278      0     24     24    2048   1.2%
[.eseg] 0x000000 0x000000      0      0      0    1024   0.0%

Assembly complete, 0 errors, 12 warnings
