Active-HDL 13.0.375.8320 2025-05-02 19:23:12

Elaboration top modules:
Architecture                  Behavioral(timer_tb)


-------------------------------------------------------------------------------------------------------------
Entity        | Architecture | Library              | Info | Compiler Version          | Compilation Options
-------------------------------------------------------------------------------------------------------------
timer_tb      | Behavioral   | digital_timer_design |      | 13.0.375.8320 (Windows64) | -O3
digital_timer | Behavioral   | digital_timer_design |      | 13.0.375.8320 (Windows64) | -O3
-------------------------------------------------------------------------------------------------------------

-------------------------------------------------------------------------------------------------------------
VHDL Package                 | Library              | Info | Compiler Version          | Compilation Options
-------------------------------------------------------------------------------------------------------------
standard                     | std                  |      |                           | <unavailable>
TEXTIO                       | std                  |      | 13.0.375.8320 (Windows64) |  -2019
std_logic_1164               | ieee                 |      | 13.0.375.8320 (Windows64) |  -2008
NUMERIC_STD                  | ieee                 |      | 13.0.375.8320 (Windows64) |  -2008
-------------------------------------------------------------------------------------------------------------

-------------------------------------------------------------------------------------------------------------
Library                      | Comment
-------------------------------------------------------------------------------------------------------------
digital_timer_design         | None
ieee                         | Standard IEEE packages library
std                          | Standard VHDL library
-------------------------------------------------------------------------------------------------------------
